[0.022s] Invoking command in '/home/yixin/ros2_ws/build/cpp_pubsub': CMAKE_PREFIX_PATH=${CMAKE_PREFIX_PATH}:/opt/ros/jazzy DEBUGINFOD_URLS=https://debuginfod.ubuntu.com /usr/bin/cmake /home/yixin/ros2_ws/src/cpp_pubsub -DCMAKE_INSTALL_PREFIX=/home/yixin/ros2_ws/install/cpp_pubsub
[0.168s] -- The C compiler identification is GNU 13.3.0
[0.324s] -- The CXX compiler identification is GNU 13.3.0
[0.369s] -- Detecting C compiler ABI info
[0.607s] -- Detecting C compiler ABI info - done
[0.632s] -- Check for working C compiler: /usr/bin/cc - skipped
[0.633s] -- Detecting C compile features
[0.634s] -- Detecting C compile features - done
[0.659s] -- Detecting CXX compiler ABI info
[0.927s] -- Detecting CXX compiler ABI info - done
[0.954s] -- Check for working CXX compiler: /usr/bin/c++ - skipped
[0.955s] -- Detecting CXX compile features
[0.956s] -- Detecting CXX compile features - done
[0.965s] -- Found ament_cmake: 2.5.5 (/opt/ros/jazzy/share/ament_cmake/cmake)
[1.341s] -- Found Python3: /usr/bin/python3 (found version "3.12.3") found components: Interpreter 
[1.630s] -- Found rclcpp: 28.1.16 (/opt/ros/jazzy/share/rclcpp/cmake)
[1.758s] -- Found rosidl_generator_c: 4.6.7 (/opt/ros/jazzy/share/rosidl_generator_c/cmake)
[1.802s] -- Found rosidl_generator_cpp: 4.6.7 (/opt/ros/jazzy/share/rosidl_generator_cpp/cmake)
[1.852s] -- Using all available rosidl_typesupport_c: rosidl_typesupport_fastrtps_c;rosidl_typesupport_introspection_c
[1.907s] -- Using all available rosidl_typesupport_cpp: rosidl_typesupport_fastrtps_cpp;rosidl_typesupport_introspection_cpp
[2.143s] -- Found rmw_implementation_cmake: 7.3.3 (/opt/ros/jazzy/share/rmw_implementation_cmake/cmake)
[2.153s] -- Found rmw_fastrtps_cpp: 8.4.3 (/opt/ros/jazzy/share/rmw_fastrtps_cpp/cmake)
[2.398s] -- Found OpenSSL: /usr/lib/x86_64-linux-gnu/libcrypto.so (found version "3.0.13")  
[2.456s] -- Found FastRTPS: /opt/ros/jazzy/include (Required is at least version "2.13") 
[2.522s] -- Using RMW implementation 'rmw_fastrtps_cpp' as default
[2.746s] -- Found std_msgs: 5.3.6 (/opt/ros/jazzy/share/std_msgs/cmake)
[2.794s] -- Found ament_lint_auto: 0.17.4 (/opt/ros/jazzy/share/ament_lint_auto/cmake)
[3.085s] -- Added test 'cppcheck' to perform static code analysis on C / C++ code
[3.085s] -- Configured cppcheck include dirs: 
[3.085s] -- Configured cppcheck exclude dirs and/or files: 
[3.087s] -- Added test 'lint_cmake' to check CMake code style
[3.091s] -- Added test 'uncrustify' to check C / C++ code style
[3.091s] -- Configured uncrustify additional arguments: 
[3.092s] -- Added test 'xmllint' to check XML markup files
[3.097s] -- Configuring done (3.1s)
[3.136s] -- Generating done (0.0s)
[3.150s] -- Build files have been written to: /home/yixin/ros2_ws/build/cpp_pubsub
[3.176s] Invoked command in '/home/yixin/ros2_ws/build/cpp_pubsub' returned '0': CMAKE_PREFIX_PATH=${CMAKE_PREFIX_PATH}:/opt/ros/jazzy DEBUGINFOD_URLS=https://debuginfod.ubuntu.com /usr/bin/cmake /home/yixin/ros2_ws/src/cpp_pubsub -DCMAKE_INSTALL_PREFIX=/home/yixin/ros2_ws/install/cpp_pubsub
[3.179s] Invoking command in '/home/yixin/ros2_ws/build/cpp_pubsub': CMAKE_PREFIX_PATH=${CMAKE_PREFIX_PATH}:/opt/ros/jazzy DEBUGINFOD_URLS=https://debuginfod.ubuntu.com /usr/bin/cmake --build /home/yixin/ros2_ws/build/cpp_pubsub -- -j8 -l8
[3.322s] [ 50%] [32mBuilding CXX object CMakeFiles/talker.dir/src/publisher_lambda_function.cpp.o[0m
[3.323s] [ 50%] [32mBuilding CXX object CMakeFiles/listener.dir/src/subscriber_lambda_function.cpp.o[0m
[11.445s] [ 75%] [32m[1mLinking CXX executable talker[0m
[11.675s] [ 75%] Built target talker
[14.433s] [100%] [32m[1mLinking CXX executable listener[0m
[14.748s] [100%] Built target listener
[14.763s] Invoked command in '/home/yixin/ros2_ws/build/cpp_pubsub' returned '0': CMAKE_PREFIX_PATH=${CMAKE_PREFIX_PATH}:/opt/ros/jazzy DEBUGINFOD_URLS=https://debuginfod.ubuntu.com /usr/bin/cmake --build /home/yixin/ros2_ws/build/cpp_pubsub -- -j8 -l8
[14.775s] Invoking command in '/home/yixin/ros2_ws/build/cpp_pubsub': CMAKE_PREFIX_PATH=${CMAKE_PREFIX_PATH}:/opt/ros/jazzy DEBUGINFOD_URLS=https://debuginfod.ubuntu.com /usr/bin/cmake --install /home/yixin/ros2_ws/build/cpp_pubsub
[14.784s] -- Install configuration: ""
[14.784s] -- Installing: /home/yixin/ros2_ws/install/cpp_pubsub/lib/cpp_pubsub/talker
[14.785s] -- Set non-toolchain portion of runtime path of "/home/yixin/ros2_ws/install/cpp_pubsub/lib/cpp_pubsub/talker" to ""
[14.786s] -- Installing: /home/yixin/ros2_ws/install/cpp_pubsub/lib/cpp_pubsub/listener
[14.790s] -- Set non-toolchain portion of runtime path of "/home/yixin/ros2_ws/install/cpp_pubsub/lib/cpp_pubsub/listener" to ""
[14.791s] -- Installing: /home/yixin/ros2_ws/install/cpp_pubsub/share/ament_index/resource_index/package_run_dependencies/cpp_pubsub
[14.791s] -- Installing: /home/yixin/ros2_ws/install/cpp_pubsub/share/ament_index/resource_index/parent_prefix_path/cpp_pubsub
[14.791s] -- Installing: /home/yixin/ros2_ws/install/cpp_pubsub/share/cpp_pubsub/environment/ament_prefix_path.sh
[14.791s] -- Installing: /home/yixin/ros2_ws/install/cpp_pubsub/share/cpp_pubsub/environment/ament_prefix_path.dsv
[14.791s] -- Installing: /home/yixin/ros2_ws/install/cpp_pubsub/share/cpp_pubsub/environment/path.sh
[14.791s] -- Installing: /home/yixin/ros2_ws/install/cpp_pubsub/share/cpp_pubsub/environment/path.dsv
[14.791s] -- Installing: /home/yixin/ros2_ws/install/cpp_pubsub/share/cpp_pubsub/local_setup.bash
[14.791s] -- Installing: /home/yixin/ros2_ws/install/cpp_pubsub/share/cpp_pubsub/local_setup.sh
[14.792s] -- Installing: /home/yixin/ros2_ws/install/cpp_pubsub/share/cpp_pubsub/local_setup.zsh
[14.792s] -- Installing: /home/yixin/ros2_ws/install/cpp_pubsub/share/cpp_pubsub/local_setup.dsv
[14.792s] -- Installing: /home/yixin/ros2_ws/install/cpp_pubsub/share/cpp_pubsub/package.dsv
[14.792s] -- Installing: /home/yixin/ros2_ws/install/cpp_pubsub/share/ament_index/resource_index/packages/cpp_pubsub
[14.792s] -- Installing: /home/yixin/ros2_ws/install/cpp_pubsub/share/cpp_pubsub/cmake/cpp_pubsubConfig.cmake
[14.792s] -- Installing: /home/yixin/ros2_ws/install/cpp_pubsub/share/cpp_pubsub/cmake/cpp_pubsubConfig-version.cmake
[14.792s] -- Installing: /home/yixin/ros2_ws/install/cpp_pubsub/share/cpp_pubsub/package.xml
[14.796s] Invoked command in '/home/yixin/ros2_ws/build/cpp_pubsub' returned '0': CMAKE_PREFIX_PATH=${CMAKE_PREFIX_PATH}:/opt/ros/jazzy DEBUGINFOD_URLS=https://debuginfod.ubuntu.com /usr/bin/cmake --install /home/yixin/ros2_ws/build/cpp_pubsub
