[5.260s] Invoking command in '/home/yixin/ros2_ws/src/examples/rclpy/actions/minimal_action_client': DEBUGINFOD_URLS=https://debuginfod.ubuntu.com PYTHONPATH=/home/yixin/ros2_ws/build/examples_rclpy_minimal_action_client/prefix_override:/usr/lib/python3/dist-packages/colcon_core/task/python/colcon_distutils_commands:/home/yixin/ros2_ws/install/examples_rclpy_minimal_action_client/lib/python3.12/site-packages:${PYTHONPATH} /usr/bin/python3 -W ignore:setup.py install is deprecated -W ignore:easy_install command is deprecated setup.py egg_info --egg-base ../../../../../build/examples_rclpy_minimal_action_client build --build-base /home/yixin/ros2_ws/build/examples_rclpy_minimal_action_client/build install --record /home/yixin/ros2_ws/build/examples_rclpy_minimal_action_client/install.log --single-version-externally-managed install_data
[6.365s] running egg_info
[6.448s] writing ../../../../../build/examples_rclpy_minimal_action_client/examples_rclpy_minimal_action_client.egg-info/PKG-INFO
[6.450s] writing dependency_links to ../../../../../build/examples_rclpy_minimal_action_client/examples_rclpy_minimal_action_client.egg-info/dependency_links.txt
[6.451s] writing entry points to ../../../../../build/examples_rclpy_minimal_action_client/examples_rclpy_minimal_action_client.egg-info/entry_points.txt
[6.451s] writing requirements to ../../../../../build/examples_rclpy_minimal_action_client/examples_rclpy_minimal_action_client.egg-info/requires.txt
[6.455s] writing top-level names to ../../../../../build/examples_rclpy_minimal_action_client/examples_rclpy_minimal_action_client.egg-info/top_level.txt
[6.634s] reading manifest file '../../../../../build/examples_rclpy_minimal_action_client/examples_rclpy_minimal_action_client.egg-info/SOURCES.txt'
[6.634s] writing manifest file '../../../../../build/examples_rclpy_minimal_action_client/examples_rclpy_minimal_action_client.egg-info/SOURCES.txt'
[6.634s] running build
[6.635s] running build_py
[6.636s] running install
[6.665s] running install_lib
[6.752s] running install_data
[6.752s] running install_egg_info
[6.841s] removing '/home/yixin/ros2_ws/install/examples_rclpy_minimal_action_client/lib/python3.12/site-packages/examples_rclpy_minimal_action_client-0.19.7-py3.12.egg-info' (and everything under it)
[6.842s] Copying ../../../../../build/examples_rclpy_minimal_action_client/examples_rclpy_minimal_action_client.egg-info to /home/yixin/ros2_ws/install/examples_rclpy_minimal_action_client/lib/python3.12/site-packages/examples_rclpy_minimal_action_client-0.19.7-py3.12.egg-info
[6.844s] running install_scripts
[7.337s] Installing client script to /home/yixin/ros2_ws/install/examples_rclpy_minimal_action_client/lib/examples_rclpy_minimal_action_client
[7.339s] Installing client_asyncio script to /home/yixin/ros2_ws/install/examples_rclpy_minimal_action_client/lib/examples_rclpy_minimal_action_client
[7.340s] Installing client_cancel script to /home/yixin/ros2_ws/install/examples_rclpy_minimal_action_client/lib/examples_rclpy_minimal_action_client
[7.343s] Installing client_not_composable script to /home/yixin/ros2_ws/install/examples_rclpy_minimal_action_client/lib/examples_rclpy_minimal_action_client
[7.344s] writing list of installed files to '/home/yixin/ros2_ws/build/examples_rclpy_minimal_action_client/install.log'
[7.493s] Invoked command in '/home/yixin/ros2_ws/src/examples/rclpy/actions/minimal_action_client' returned '0': DEBUGINFOD_URLS=https://debuginfod.ubuntu.com PYTHONPATH=/home/yixin/ros2_ws/build/examples_rclpy_minimal_action_client/prefix_override:/usr/lib/python3/dist-packages/colcon_core/task/python/colcon_distutils_commands:/home/yixin/ros2_ws/install/examples_rclpy_minimal_action_client/lib/python3.12/site-packages:${PYTHONPATH} /usr/bin/python3 -W ignore:setup.py install is deprecated -W ignore:easy_install command is deprecated setup.py egg_info --egg-base ../../../../../build/examples_rclpy_minimal_action_client build --build-base /home/yixin/ros2_ws/build/examples_rclpy_minimal_action_client/build install --record /home/yixin/ros2_ws/build/examples_rclpy_minimal_action_client/install.log --single-version-externally-managed install_data
