[0.011s] Invoking command in '/home/yixin/ros2_ws/build/polygon_plugins': AMENT_PREFIX_PATH=/home/yixin/ros2_ws/install/polygon_base:${AMENT_PREFIX_PATH} CMAKE_PREFIX_PATH=/home/yixin/ros2_ws/install/polygon_base:/home/yixin/ros2_ws/install/more_interfaces:/home/yixin/ros2_ws/install/cpp_parameters:/home/yixin/ros2_ws/install/tutorial_interfaces:/home/yixin/ros2_ws/install/turtlesim:/home/yixin/ros2_ws/install/my_package:/home/yixin/ros2_ws/install/examples_rclcpp_wait_set:/home/yixin/ros2_ws/install/examples_rclcpp_multithreaded_executor:/home/yixin/ros2_ws/install/examples_rclcpp_minimal_timer:/home/yixin/ros2_ws/install/examples_rclcpp_minimal_subscriber:/home/yixin/ros2_ws/install/examples_rclcpp_minimal_service:/home/yixin/ros2_ws/install/examples_rclcpp_minimal_publisher:/home/yixin/ros2_ws/install/examples_rclcpp_minimal_composition:/home/yixin/ros2_ws/install/examples_rclcpp_minimal_client:/home/yixin/ros2_ws/install/examples_rclcpp_minimal_action_server:/home/yixin/ros2_ws/install/examples_rclcpp_minimal_action_client:/home/yixin/ros2_ws/install/examples_rclcpp_cbg_executor:/home/yixin/ros2_ws/install/examples_rclcpp_async_client:/home/yixin/ros2_ws/install/cpp_srvcli:/home/yixin/ros2_ws/install/cpp_pubsub:/opt/ros/jazzy/opt/sdformat_vendor:/opt/ros/jazzy/opt/gz_math_vendor:/opt/ros/jazzy/opt/gz_utils_vendor:/opt/ros/jazzy/opt/gz_tools_vendor:/opt/ros/jazzy/opt/gz_cmake_vendor:/home/yixin/ros2_ws/install/python_parameters:/home/yixin/ros2_ws/install/py_srvcli:/home/yixin/ros2_ws/install/py_pubsub:/home/yixin/ros2_ws/install/my_python_package:/home/yixin/ros2_ws/install/launch_testing_examples:/home/yixin/ros2_ws/install/examples_rclpy_pointcloud_publisher:/home/yixin/ros2_ws/install/examples_rclpy_minimal_subscriber:/home/yixin/ros2_ws/install/examples_rclpy_minimal_service:/home/yixin/ros2_ws/install/examples_rclpy_minimal_publisher:/home/yixin/ros2_ws/install/examples_rclpy_minimal_client:/home/yixin/ros2_ws/install/examples_rclpy_minimal_action_server:/home/yixin/ros2_ws/install/examples_rclpy_minimal_action_client:/home/yixin/ros2_ws/install/examples_rclpy_guard_conditions:/home/yixin/ros2_ws/install/examples_rclpy_executors:/opt/ros/jazzy DEBUGINFOD_URLS=https://debuginfod.ubuntu.com /usr/bin/cmake /home/yixin/ros2_ws/src/polygon_plugins -DCMAKE_INSTALL_PREFIX=/home/yixin/ros2_ws/install/polygon_plugins
[0.083s] -- The C compiler identification is GNU 13.3.0
[0.146s] -- The CXX compiler identification is GNU 13.3.0
[0.169s] -- Detecting C compiler ABI info
[0.282s] -- Detecting C compiler ABI info - done
[0.291s] -- Check for working C compiler: /usr/bin/cc - skipped
[0.291s] -- Detecting C compile features
[0.291s] -- Detecting C compile features - done
[0.308s] -- Detecting CXX compiler ABI info
[0.476s] -- Detecting CXX compiler ABI info - done
[0.486s] -- Check for working CXX compiler: /usr/bin/c++ - skipped
[0.486s] -- Detecting CXX compile features
[0.487s] -- Detecting CXX compile features - done
[0.495s] -- Found ament_cmake: 2.5.5 (/opt/ros/jazzy/share/ament_cmake/cmake)
[0.712s] -- Found Python3: /usr/bin/python3 (found version "3.12.3") found components: Interpreter 
[0.905s] -- Found ament_cmake_ros: 0.12.0 (/opt/ros/jazzy/share/ament_cmake_ros/cmake)
[0.928s] -- Found polygon_base: 0.0.0 (/home/yixin/ros2_ws/install/polygon_base/share/polygon_base/cmake)
[0.936s] -- Found pluginlib: 5.4.4 (/opt/ros/jazzy/share/pluginlib/cmake)
[1.006s] -- Found TinyXML2 via Config file: /usr/lib/x86_64-linux-gnu/cmake/tinyxml2
[1.014s] -- Found ament_lint_auto: 0.17.4 (/opt/ros/jazzy/share/ament_lint_auto/cmake)
[1.179s] -- Added test 'cppcheck' to perform static code analysis on C / C++ code
[1.179s] -- Configured cppcheck include dirs: $<BUILD_INTERFACE:/home/yixin/ros2_ws/src/polygon_plugins/include>
[1.179s] -- Configured cppcheck exclude dirs and/or files: 
[1.181s] -- Added test 'lint_cmake' to check CMake code style
[1.184s] -- Added test 'uncrustify' to check C / C++ code style
[1.184s] -- Configured uncrustify additional arguments: 
[1.185s] -- Added test 'xmllint' to check XML markup files
[1.190s] -- Configuring done (1.2s)
[1.196s] -- Generating done (0.0s)
[1.199s] -- Build files have been written to: /home/yixin/ros2_ws/build/polygon_plugins
[1.206s] Invoked command in '/home/yixin/ros2_ws/build/polygon_plugins' returned '0': AMENT_PREFIX_PATH=/home/yixin/ros2_ws/install/polygon_base:${AMENT_PREFIX_PATH} CMAKE_PREFIX_PATH=/home/yixin/ros2_ws/install/polygon_base:/home/yixin/ros2_ws/install/more_interfaces:/home/yixin/ros2_ws/install/cpp_parameters:/home/yixin/ros2_ws/install/tutorial_interfaces:/home/yixin/ros2_ws/install/turtlesim:/home/yixin/ros2_ws/install/my_package:/home/yixin/ros2_ws/install/examples_rclcpp_wait_set:/home/yixin/ros2_ws/install/examples_rclcpp_multithreaded_executor:/home/yixin/ros2_ws/install/examples_rclcpp_minimal_timer:/home/yixin/ros2_ws/install/examples_rclcpp_minimal_subscriber:/home/yixin/ros2_ws/install/examples_rclcpp_minimal_service:/home/yixin/ros2_ws/install/examples_rclcpp_minimal_publisher:/home/yixin/ros2_ws/install/examples_rclcpp_minimal_composition:/home/yixin/ros2_ws/install/examples_rclcpp_minimal_client:/home/yixin/ros2_ws/install/examples_rclcpp_minimal_action_server:/home/yixin/ros2_ws/install/examples_rclcpp_minimal_action_client:/home/yixin/ros2_ws/install/examples_rclcpp_cbg_executor:/home/yixin/ros2_ws/install/examples_rclcpp_async_client:/home/yixin/ros2_ws/install/cpp_srvcli:/home/yixin/ros2_ws/install/cpp_pubsub:/opt/ros/jazzy/opt/sdformat_vendor:/opt/ros/jazzy/opt/gz_math_vendor:/opt/ros/jazzy/opt/gz_utils_vendor:/opt/ros/jazzy/opt/gz_tools_vendor:/opt/ros/jazzy/opt/gz_cmake_vendor:/home/yixin/ros2_ws/install/python_parameters:/home/yixin/ros2_ws/install/py_srvcli:/home/yixin/ros2_ws/install/py_pubsub:/home/yixin/ros2_ws/install/my_python_package:/home/yixin/ros2_ws/install/launch_testing_examples:/home/yixin/ros2_ws/install/examples_rclpy_pointcloud_publisher:/home/yixin/ros2_ws/install/examples_rclpy_minimal_subscriber:/home/yixin/ros2_ws/install/examples_rclpy_minimal_service:/home/yixin/ros2_ws/install/examples_rclpy_minimal_publisher:/home/yixin/ros2_ws/install/examples_rclpy_minimal_client:/home/yixin/ros2_ws/install/examples_rclpy_minimal_action_server:/home/yixin/ros2_ws/install/examples_rclpy_minimal_action_client:/home/yixin/ros2_ws/install/examples_rclpy_guard_conditions:/home/yixin/ros2_ws/install/examples_rclpy_executors:/opt/ros/jazzy DEBUGINFOD_URLS=https://debuginfod.ubuntu.com /usr/bin/cmake /home/yixin/ros2_ws/src/polygon_plugins -DCMAKE_INSTALL_PREFIX=/home/yixin/ros2_ws/install/polygon_plugins
[1.207s] Invoking command in '/home/yixin/ros2_ws/build/polygon_plugins': AMENT_PREFIX_PATH=/home/yixin/ros2_ws/install/polygon_base:${AMENT_PREFIX_PATH} CMAKE_PREFIX_PATH=/home/yixin/ros2_ws/install/polygon_base:/home/yixin/ros2_ws/install/more_interfaces:/home/yixin/ros2_ws/install/cpp_parameters:/home/yixin/ros2_ws/install/tutorial_interfaces:/home/yixin/ros2_ws/install/turtlesim:/home/yixin/ros2_ws/install/my_package:/home/yixin/ros2_ws/install/examples_rclcpp_wait_set:/home/yixin/ros2_ws/install/examples_rclcpp_multithreaded_executor:/home/yixin/ros2_ws/install/examples_rclcpp_minimal_timer:/home/yixin/ros2_ws/install/examples_rclcpp_minimal_subscriber:/home/yixin/ros2_ws/install/examples_rclcpp_minimal_service:/home/yixin/ros2_ws/install/examples_rclcpp_minimal_publisher:/home/yixin/ros2_ws/install/examples_rclcpp_minimal_composition:/home/yixin/ros2_ws/install/examples_rclcpp_minimal_client:/home/yixin/ros2_ws/install/examples_rclcpp_minimal_action_server:/home/yixin/ros2_ws/install/examples_rclcpp_minimal_action_client:/home/yixin/ros2_ws/install/examples_rclcpp_cbg_executor:/home/yixin/ros2_ws/install/examples_rclcpp_async_client:/home/yixin/ros2_ws/install/cpp_srvcli:/home/yixin/ros2_ws/install/cpp_pubsub:/opt/ros/jazzy/opt/sdformat_vendor:/opt/ros/jazzy/opt/gz_math_vendor:/opt/ros/jazzy/opt/gz_utils_vendor:/opt/ros/jazzy/opt/gz_tools_vendor:/opt/ros/jazzy/opt/gz_cmake_vendor:/home/yixin/ros2_ws/install/python_parameters:/home/yixin/ros2_ws/install/py_srvcli:/home/yixin/ros2_ws/install/py_pubsub:/home/yixin/ros2_ws/install/my_python_package:/home/yixin/ros2_ws/install/launch_testing_examples:/home/yixin/ros2_ws/install/examples_rclpy_pointcloud_publisher:/home/yixin/ros2_ws/install/examples_rclpy_minimal_subscriber:/home/yixin/ros2_ws/install/examples_rclpy_minimal_service:/home/yixin/ros2_ws/install/examples_rclpy_minimal_publisher:/home/yixin/ros2_ws/install/examples_rclpy_minimal_client:/home/yixin/ros2_ws/install/examples_rclpy_minimal_action_server:/home/yixin/ros2_ws/install/examples_rclpy_minimal_action_client:/home/yixin/ros2_ws/install/examples_rclpy_guard_conditions:/home/yixin/ros2_ws/install/examples_rclpy_executors:/opt/ros/jazzy DEBUGINFOD_URLS=https://debuginfod.ubuntu.com /usr/bin/cmake --build /home/yixin/ros2_ws/build/polygon_plugins -- -j8 -l8
[1.275s] [ 50%] [32mBuilding CXX object CMakeFiles/polygon_plugins.dir/src/polygon_plugins.cpp.o[0m
[1.974s] [100%] [32m[1mLinking CXX shared library libpolygon_plugins.so[0m
[2.104s] [100%] Built target polygon_plugins
[2.120s] Invoked command in '/home/yixin/ros2_ws/build/polygon_plugins' returned '0': AMENT_PREFIX_PATH=/home/yixin/ros2_ws/install/polygon_base:${AMENT_PREFIX_PATH} CMAKE_PREFIX_PATH=/home/yixin/ros2_ws/install/polygon_base:/home/yixin/ros2_ws/install/more_interfaces:/home/yixin/ros2_ws/install/cpp_parameters:/home/yixin/ros2_ws/install/tutorial_interfaces:/home/yixin/ros2_ws/install/turtlesim:/home/yixin/ros2_ws/install/my_package:/home/yixin/ros2_ws/install/examples_rclcpp_wait_set:/home/yixin/ros2_ws/install/examples_rclcpp_multithreaded_executor:/home/yixin/ros2_ws/install/examples_rclcpp_minimal_timer:/home/yixin/ros2_ws/install/examples_rclcpp_minimal_subscriber:/home/yixin/ros2_ws/install/examples_rclcpp_minimal_service:/home/yixin/ros2_ws/install/examples_rclcpp_minimal_publisher:/home/yixin/ros2_ws/install/examples_rclcpp_minimal_composition:/home/yixin/ros2_ws/install/examples_rclcpp_minimal_client:/home/yixin/ros2_ws/install/examples_rclcpp_minimal_action_server:/home/yixin/ros2_ws/install/examples_rclcpp_minimal_action_client:/home/yixin/ros2_ws/install/examples_rclcpp_cbg_executor:/home/yixin/ros2_ws/install/examples_rclcpp_async_client:/home/yixin/ros2_ws/install/cpp_srvcli:/home/yixin/ros2_ws/install/cpp_pubsub:/opt/ros/jazzy/opt/sdformat_vendor:/opt/ros/jazzy/opt/gz_math_vendor:/opt/ros/jazzy/opt/gz_utils_vendor:/opt/ros/jazzy/opt/gz_tools_vendor:/opt/ros/jazzy/opt/gz_cmake_vendor:/home/yixin/ros2_ws/install/python_parameters:/home/yixin/ros2_ws/install/py_srvcli:/home/yixin/ros2_ws/install/py_pubsub:/home/yixin/ros2_ws/install/my_python_package:/home/yixin/ros2_ws/install/launch_testing_examples:/home/yixin/ros2_ws/install/examples_rclpy_pointcloud_publisher:/home/yixin/ros2_ws/install/examples_rclpy_minimal_subscriber:/home/yixin/ros2_ws/install/examples_rclpy_minimal_service:/home/yixin/ros2_ws/install/examples_rclpy_minimal_publisher:/home/yixin/ros2_ws/install/examples_rclpy_minimal_client:/home/yixin/ros2_ws/install/examples_rclpy_minimal_action_server:/home/yixin/ros2_ws/install/examples_rclpy_minimal_action_client:/home/yixin/ros2_ws/install/examples_rclpy_guard_conditions:/home/yixin/ros2_ws/install/examples_rclpy_executors:/opt/ros/jazzy DEBUGINFOD_URLS=https://debuginfod.ubuntu.com /usr/bin/cmake --build /home/yixin/ros2_ws/build/polygon_plugins -- -j8 -l8
[2.121s] Invoking command in '/home/yixin/ros2_ws/build/polygon_plugins': AMENT_PREFIX_PATH=/home/yixin/ros2_ws/install/polygon_base:${AMENT_PREFIX_PATH} CMAKE_PREFIX_PATH=/home/yixin/ros2_ws/install/polygon_base:/home/yixin/ros2_ws/install/more_interfaces:/home/yixin/ros2_ws/install/cpp_parameters:/home/yixin/ros2_ws/install/tutorial_interfaces:/home/yixin/ros2_ws/install/turtlesim:/home/yixin/ros2_ws/install/my_package:/home/yixin/ros2_ws/install/examples_rclcpp_wait_set:/home/yixin/ros2_ws/install/examples_rclcpp_multithreaded_executor:/home/yixin/ros2_ws/install/examples_rclcpp_minimal_timer:/home/yixin/ros2_ws/install/examples_rclcpp_minimal_subscriber:/home/yixin/ros2_ws/install/examples_rclcpp_minimal_service:/home/yixin/ros2_ws/install/examples_rclcpp_minimal_publisher:/home/yixin/ros2_ws/install/examples_rclcpp_minimal_composition:/home/yixin/ros2_ws/install/examples_rclcpp_minimal_client:/home/yixin/ros2_ws/install/examples_rclcpp_minimal_action_server:/home/yixin/ros2_ws/install/examples_rclcpp_minimal_action_client:/home/yixin/ros2_ws/install/examples_rclcpp_cbg_executor:/home/yixin/ros2_ws/install/examples_rclcpp_async_client:/home/yixin/ros2_ws/install/cpp_srvcli:/home/yixin/ros2_ws/install/cpp_pubsub:/opt/ros/jazzy/opt/sdformat_vendor:/opt/ros/jazzy/opt/gz_math_vendor:/opt/ros/jazzy/opt/gz_utils_vendor:/opt/ros/jazzy/opt/gz_tools_vendor:/opt/ros/jazzy/opt/gz_cmake_vendor:/home/yixin/ros2_ws/install/python_parameters:/home/yixin/ros2_ws/install/py_srvcli:/home/yixin/ros2_ws/install/py_pubsub:/home/yixin/ros2_ws/install/my_python_package:/home/yixin/ros2_ws/install/launch_testing_examples:/home/yixin/ros2_ws/install/examples_rclpy_pointcloud_publisher:/home/yixin/ros2_ws/install/examples_rclpy_minimal_subscriber:/home/yixin/ros2_ws/install/examples_rclpy_minimal_service:/home/yixin/ros2_ws/install/examples_rclpy_minimal_publisher:/home/yixin/ros2_ws/install/examples_rclpy_minimal_client:/home/yixin/ros2_ws/install/examples_rclpy_minimal_action_server:/home/yixin/ros2_ws/install/examples_rclpy_minimal_action_client:/home/yixin/ros2_ws/install/examples_rclpy_guard_conditions:/home/yixin/ros2_ws/install/examples_rclpy_executors:/opt/ros/jazzy DEBUGINFOD_URLS=https://debuginfod.ubuntu.com /usr/bin/cmake --install /home/yixin/ros2_ws/build/polygon_plugins
[2.131s] -- Install configuration: ""
[2.131s] -- Installing: /home/yixin/ros2_ws/install/polygon_plugins/share/polygon_plugins/plugins.xml
[2.131s] -- Installing: /home/yixin/ros2_ws/install/polygon_plugins/include/polygon_plugins
[2.131s] -- Installing: /home/yixin/ros2_ws/install/polygon_plugins/include/polygon_plugins/polygon_plugins
[2.131s] -- Installing: /home/yixin/ros2_ws/install/polygon_plugins/include/polygon_plugins/polygon_plugins/polygon_plugins.hpp
[2.131s] -- Installing: /home/yixin/ros2_ws/install/polygon_plugins/include/polygon_plugins/polygon_plugins/visibility_control.h
[2.132s] -- Installing: /home/yixin/ros2_ws/install/polygon_plugins/lib/libpolygon_plugins.so
[2.132s] -- Set non-toolchain portion of runtime path of "/home/yixin/ros2_ws/install/polygon_plugins/lib/libpolygon_plugins.so" to ""
[2.132s] -- Installing: /home/yixin/ros2_ws/install/polygon_plugins/share/polygon_plugins/environment/library_path.sh
[2.132s] -- Installing: /home/yixin/ros2_ws/install/polygon_plugins/share/polygon_plugins/environment/library_path.dsv
[2.133s] -- Installing: /home/yixin/ros2_ws/install/polygon_plugins/share/ament_index/resource_index/package_run_dependencies/polygon_plugins
[2.133s] -- Installing: /home/yixin/ros2_ws/install/polygon_plugins/share/ament_index/resource_index/parent_prefix_path/polygon_plugins
[2.133s] -- Installing: /home/yixin/ros2_ws/install/polygon_plugins/share/polygon_plugins/environment/ament_prefix_path.sh
[2.133s] -- Installing: /home/yixin/ros2_ws/install/polygon_plugins/share/polygon_plugins/environment/ament_prefix_path.dsv
[2.134s] -- Installing: /home/yixin/ros2_ws/install/polygon_plugins/share/polygon_plugins/environment/path.sh
[2.134s] -- Installing: /home/yixin/ros2_ws/install/polygon_plugins/share/polygon_plugins/environment/path.dsv
[2.134s] -- Installing: /home/yixin/ros2_ws/install/polygon_plugins/share/polygon_plugins/local_setup.bash
[2.134s] -- Installing: /home/yixin/ros2_ws/install/polygon_plugins/share/polygon_plugins/local_setup.sh
[2.134s] -- Installing: /home/yixin/ros2_ws/install/polygon_plugins/share/polygon_plugins/local_setup.zsh
[2.134s] -- Installing: /home/yixin/ros2_ws/install/polygon_plugins/share/polygon_plugins/local_setup.dsv
[2.134s] -- Installing: /home/yixin/ros2_ws/install/polygon_plugins/share/polygon_plugins/package.dsv
[2.135s] -- Installing: /home/yixin/ros2_ws/install/polygon_plugins/share/ament_index/resource_index/packages/polygon_plugins
[2.135s] -- Installing: /home/yixin/ros2_ws/install/polygon_plugins/share/ament_index/resource_index/polygon_base__pluginlib__plugin/polygon_plugins
[2.135s] -- Installing: /home/yixin/ros2_ws/install/polygon_plugins/share/polygon_plugins/cmake/export_polygon_pluginsExport.cmake
[2.135s] -- Installing: /home/yixin/ros2_ws/install/polygon_plugins/share/polygon_plugins/cmake/export_polygon_pluginsExport-noconfig.cmake
[2.136s] -- Installing: /home/yixin/ros2_ws/install/polygon_plugins/share/polygon_plugins/cmake/ament_cmake_export_include_directories-extras.cmake
[2.136s] -- Installing: /home/yixin/ros2_ws/install/polygon_plugins/share/polygon_plugins/cmake/ament_cmake_export_libraries-extras.cmake
[2.136s] -- Installing: /home/yixin/ros2_ws/install/polygon_plugins/share/polygon_plugins/cmake/ament_cmake_export_targets-extras.cmake
[2.136s] -- Installing: /home/yixin/ros2_ws/install/polygon_plugins/share/polygon_plugins/cmake/polygon_pluginsConfig.cmake
[2.137s] -- Installing: /home/yixin/ros2_ws/install/polygon_plugins/share/polygon_plugins/cmake/polygon_pluginsConfig-version.cmake
[2.137s] -- Installing: /home/yixin/ros2_ws/install/polygon_plugins/share/polygon_plugins/package.xml
[2.140s] Invoked command in '/home/yixin/ros2_ws/build/polygon_plugins' returned '0': AMENT_PREFIX_PATH=/home/yixin/ros2_ws/install/polygon_base:${AMENT_PREFIX_PATH} CMAKE_PREFIX_PATH=/home/yixin/ros2_ws/install/polygon_base:/home/yixin/ros2_ws/install/more_interfaces:/home/yixin/ros2_ws/install/cpp_parameters:/home/yixin/ros2_ws/install/tutorial_interfaces:/home/yixin/ros2_ws/install/turtlesim:/home/yixin/ros2_ws/install/my_package:/home/yixin/ros2_ws/install/examples_rclcpp_wait_set:/home/yixin/ros2_ws/install/examples_rclcpp_multithreaded_executor:/home/yixin/ros2_ws/install/examples_rclcpp_minimal_timer:/home/yixin/ros2_ws/install/examples_rclcpp_minimal_subscriber:/home/yixin/ros2_ws/install/examples_rclcpp_minimal_service:/home/yixin/ros2_ws/install/examples_rclcpp_minimal_publisher:/home/yixin/ros2_ws/install/examples_rclcpp_minimal_composition:/home/yixin/ros2_ws/install/examples_rclcpp_minimal_client:/home/yixin/ros2_ws/install/examples_rclcpp_minimal_action_server:/home/yixin/ros2_ws/install/examples_rclcpp_minimal_action_client:/home/yixin/ros2_ws/install/examples_rclcpp_cbg_executor:/home/yixin/ros2_ws/install/examples_rclcpp_async_client:/home/yixin/ros2_ws/install/cpp_srvcli:/home/yixin/ros2_ws/install/cpp_pubsub:/opt/ros/jazzy/opt/sdformat_vendor:/opt/ros/jazzy/opt/gz_math_vendor:/opt/ros/jazzy/opt/gz_utils_vendor:/opt/ros/jazzy/opt/gz_tools_vendor:/opt/ros/jazzy/opt/gz_cmake_vendor:/home/yixin/ros2_ws/install/python_parameters:/home/yixin/ros2_ws/install/py_srvcli:/home/yixin/ros2_ws/install/py_pubsub:/home/yixin/ros2_ws/install/my_python_package:/home/yixin/ros2_ws/install/launch_testing_examples:/home/yixin/ros2_ws/install/examples_rclpy_pointcloud_publisher:/home/yixin/ros2_ws/install/examples_rclpy_minimal_subscriber:/home/yixin/ros2_ws/install/examples_rclpy_minimal_service:/home/yixin/ros2_ws/install/examples_rclpy_minimal_publisher:/home/yixin/ros2_ws/install/examples_rclpy_minimal_client:/home/yixin/ros2_ws/install/examples_rclpy_minimal_action_server:/home/yixin/ros2_ws/install/examples_rclpy_minimal_action_client:/home/yixin/ros2_ws/install/examples_rclpy_guard_conditions:/home/yixin/ros2_ws/install/examples_rclpy_executors:/opt/ros/jazzy DEBUGINFOD_URLS=https://debuginfod.ubuntu.com /usr/bin/cmake --install /home/yixin/ros2_ws/build/polygon_plugins
