[0.067s] Invoking command in '/home/yixin/ros2_ws/build/examples_rclcpp_minimal_client': CMAKE_PREFIX_PATH=${CMAKE_PREFIX_PATH}:/opt/ros/jazzy DEBUGINFOD_URLS=https://debuginfod.ubuntu.com /usr/bin/cmake /home/yixin/ros2_ws/src/examples/rclcpp/services/minimal_client -DCMAKE_INSTALL_PREFIX=/home/yixin/ros2_ws/install/examples_rclcpp_minimal_client
[0.119s] -- Found ament_cmake: 2.5.5 (/opt/ros/jazzy/share/ament_cmake/cmake)
[0.929s] -- Override CMake install command with custom implementation using symlinks instead of copying resources
[0.957s] -- Found example_interfaces: 0.12.0 (/opt/ros/jazzy/share/example_interfaces/cmake)
[1.066s] -- Found rosidl_generator_c: 4.6.7 (/opt/ros/jazzy/share/rosidl_generator_c/cmake)
[1.103s] -- Found rosidl_generator_cpp: 4.6.7 (/opt/ros/jazzy/share/rosidl_generator_cpp/cmake)
[1.154s] -- Using all available rosidl_typesupport_c: rosidl_typesupport_fastrtps_c;rosidl_typesupport_introspection_c
[1.211s] -- Using all available rosidl_typesupport_cpp: rosidl_typesupport_fastrtps_cpp;rosidl_typesupport_introspection_cpp
[1.553s] -- Found rclcpp: 28.1.16 (/opt/ros/jazzy/share/rclcpp/cmake)
[1.706s] -- Found rmw_implementation_cmake: 7.3.3 (/opt/ros/jazzy/share/rmw_implementation_cmake/cmake)
[1.708s] -- Found rmw_fastrtps_cpp: 8.4.3 (/opt/ros/jazzy/share/rmw_fastrtps_cpp/cmake)
[1.972s] -- Using RMW implementation 'rmw_fastrtps_cpp' as default
[2.249s] -- Found ament_lint_auto: 0.17.4 (/opt/ros/jazzy/share/ament_lint_auto/cmake)
[2.642s] -- Added test 'copyright' to check source files copyright and LICENSE
[2.648s] -- Added test 'cppcheck' to perform static code analysis on C / C++ code
[2.651s] -- Configured cppcheck include dirs: 
[2.651s] -- Configured cppcheck exclude dirs and/or files: 
[2.652s] -- Added test 'cpplint' to check C / C++ code against the Google style
[2.652s] -- Configured cpplint exclude dirs and/or files: 
[2.658s] -- Added test 'lint_cmake' to check CMake code style
[2.659s] -- Added test 'uncrustify' to check C / C++ code style
[2.660s] -- Configured uncrustify additional arguments: 
[2.663s] -- Added test 'xmllint' to check XML markup files
[2.669s] -- Configuring done (2.6s)
[2.745s] -- Generating done (0.0s)
[2.774s] -- Build files have been written to: /home/yixin/ros2_ws/build/examples_rclcpp_minimal_client
[2.802s] Invoked command in '/home/yixin/ros2_ws/build/examples_rclcpp_minimal_client' returned '0': CMAKE_PREFIX_PATH=${CMAKE_PREFIX_PATH}:/opt/ros/jazzy DEBUGINFOD_URLS=https://debuginfod.ubuntu.com /usr/bin/cmake /home/yixin/ros2_ws/src/examples/rclcpp/services/minimal_client -DCMAKE_INSTALL_PREFIX=/home/yixin/ros2_ws/install/examples_rclcpp_minimal_client
[2.803s] Invoking command in '/home/yixin/ros2_ws/build/examples_rclcpp_minimal_client': CMAKE_PREFIX_PATH=${CMAKE_PREFIX_PATH}:/opt/ros/jazzy DEBUGINFOD_URLS=https://debuginfod.ubuntu.com /usr/bin/cmake --build /home/yixin/ros2_ws/build/examples_rclcpp_minimal_client -- -j8 -l8
[3.106s] [100%] Built target client_main
[3.172s] Invoked command in '/home/yixin/ros2_ws/build/examples_rclcpp_minimal_client' returned '0': CMAKE_PREFIX_PATH=${CMAKE_PREFIX_PATH}:/opt/ros/jazzy DEBUGINFOD_URLS=https://debuginfod.ubuntu.com /usr/bin/cmake --build /home/yixin/ros2_ws/build/examples_rclcpp_minimal_client -- -j8 -l8
[3.173s] Invoking command in '/home/yixin/ros2_ws/build/examples_rclcpp_minimal_client': CMAKE_PREFIX_PATH=${CMAKE_PREFIX_PATH}:/opt/ros/jazzy DEBUGINFOD_URLS=https://debuginfod.ubuntu.com /usr/bin/cmake --install /home/yixin/ros2_ws/build/examples_rclcpp_minimal_client
[3.260s] -- Install configuration: "Debug"
[3.260s] -- Execute custom install script
[3.261s] -- Up-to-date symlink: /home/yixin/ros2_ws/install/examples_rclcpp_minimal_client/lib/examples_rclcpp_minimal_client/client_main
[3.261s] -- Up-to-date symlink: /home/yixin/ros2_ws/install/examples_rclcpp_minimal_client/share/ament_index/resource_index/package_run_dependencies/examples_rclcpp_minimal_client
[3.261s] -- Up-to-date symlink: /home/yixin/ros2_ws/install/examples_rclcpp_minimal_client/share/ament_index/resource_index/parent_prefix_path/examples_rclcpp_minimal_client
[3.261s] -- Up-to-date symlink: /home/yixin/ros2_ws/install/examples_rclcpp_minimal_client/share/examples_rclcpp_minimal_client/environment/ament_prefix_path.sh
[3.262s] -- Up-to-date symlink: /home/yixin/ros2_ws/install/examples_rclcpp_minimal_client/share/examples_rclcpp_minimal_client/environment/ament_prefix_path.dsv
[3.262s] -- Up-to-date symlink: /home/yixin/ros2_ws/install/examples_rclcpp_minimal_client/share/examples_rclcpp_minimal_client/environment/path.sh
[3.262s] -- Up-to-date symlink: /home/yixin/ros2_ws/install/examples_rclcpp_minimal_client/share/examples_rclcpp_minimal_client/environment/path.dsv
[3.262s] -- Up-to-date symlink: /home/yixin/ros2_ws/install/examples_rclcpp_minimal_client/share/examples_rclcpp_minimal_client/local_setup.bash
[3.263s] -- Up-to-date symlink: /home/yixin/ros2_ws/install/examples_rclcpp_minimal_client/share/examples_rclcpp_minimal_client/local_setup.sh
[3.268s] -- Up-to-date symlink: /home/yixin/ros2_ws/install/examples_rclcpp_minimal_client/share/examples_rclcpp_minimal_client/local_setup.zsh
[3.268s] -- Up-to-date symlink: /home/yixin/ros2_ws/install/examples_rclcpp_minimal_client/share/examples_rclcpp_minimal_client/local_setup.dsv
[3.268s] -- Symlinking: /home/yixin/ros2_ws/install/examples_rclcpp_minimal_client/share/examples_rclcpp_minimal_client/package.dsv
[3.286s] -- Up-to-date symlink: /home/yixin/ros2_ws/install/examples_rclcpp_minimal_client/share/ament_index/resource_index/packages/examples_rclcpp_minimal_client
[3.299s] -- Up-to-date symlink: /home/yixin/ros2_ws/install/examples_rclcpp_minimal_client/share/examples_rclcpp_minimal_client/cmake/examples_rclcpp_minimal_clientConfig.cmake
[3.300s] -- Up-to-date symlink: /home/yixin/ros2_ws/install/examples_rclcpp_minimal_client/share/examples_rclcpp_minimal_client/cmake/examples_rclcpp_minimal_clientConfig-version.cmake
[3.300s] -- Up-to-date symlink: /home/yixin/ros2_ws/install/examples_rclcpp_minimal_client/share/examples_rclcpp_minimal_client/package.xml
[3.409s] Invoked command in '/home/yixin/ros2_ws/build/examples_rclcpp_minimal_client' returned '0': CMAKE_PREFIX_PATH=${CMAKE_PREFIX_PATH}:/opt/ros/jazzy DEBUGINFOD_URLS=https://debuginfod.ubuntu.com /usr/bin/cmake --install /home/yixin/ros2_ws/build/examples_rclcpp_minimal_client
