[0.074s] Invoking command in '/home/yixin/ros2_ws/build/examples_rclcpp_cbg_executor': CMAKE_PREFIX_PATH=${CMAKE_PREFIX_PATH}:/opt/ros/jazzy DEBUGINFOD_URLS=https://debuginfod.ubuntu.com /usr/bin/cmake /home/yixin/ros2_ws/src/examples/rclcpp/executors/cbg_executor -DCMAKE_INSTALL_PREFIX=/home/yixin/ros2_ws/install/examples_rclcpp_cbg_executor
[0.123s] -- Found ament_cmake: 2.5.5 (/opt/ros/jazzy/share/ament_cmake/cmake)
[0.959s] -- Override CMake install command with custom implementation using symlinks instead of copying resources
[0.987s] -- Found rclcpp: 28.1.16 (/opt/ros/jazzy/share/rclcpp/cmake)
[1.105s] -- Found rosidl_generator_c: 4.6.7 (/opt/ros/jazzy/share/rosidl_generator_c/cmake)
[1.145s] -- Found rosidl_generator_cpp: 4.6.7 (/opt/ros/jazzy/share/rosidl_generator_cpp/cmake)
[1.195s] -- Using all available rosidl_typesupport_c: rosidl_typesupport_fastrtps_c;rosidl_typesupport_introspection_c
[1.254s] -- Using all available rosidl_typesupport_cpp: rosidl_typesupport_fastrtps_cpp;rosidl_typesupport_introspection_cpp
[1.524s] -- Found rmw_implementation_cmake: 7.3.3 (/opt/ros/jazzy/share/rmw_implementation_cmake/cmake)
[1.532s] -- Found rmw_fastrtps_cpp: 8.4.3 (/opt/ros/jazzy/share/rmw_fastrtps_cpp/cmake)
[1.812s] -- Using RMW implementation 'rmw_fastrtps_cpp' as default
[2.094s] -- Found std_msgs: 5.3.6 (/opt/ros/jazzy/share/std_msgs/cmake)
[2.160s] -- Found ament_lint_auto: 0.17.4 (/opt/ros/jazzy/share/ament_lint_auto/cmake)
[2.555s] -- Added test 'copyright' to check source files copyright and LICENSE
[2.563s] -- Added test 'cppcheck' to perform static code analysis on C / C++ code
[2.567s] -- Configured cppcheck include dirs: /home/yixin/ros2_ws/src/examples/rclcpp/executors/cbg_executor/include
[2.567s] -- Configured cppcheck exclude dirs and/or files: 
[2.572s] -- Added test 'cpplint' to check C / C++ code against the Google style
[2.573s] -- Configured cpplint exclude dirs and/or files: 
[2.577s] -- Added test 'lint_cmake' to check CMake code style
[2.584s] -- Added test 'uncrustify' to check C / C++ code style
[2.585s] -- Configured uncrustify additional arguments: 
[2.589s] -- Added test 'xmllint' to check XML markup files
[2.595s] -- Configuring done (2.5s)
[2.688s] -- Generating done (0.1s)
[2.719s] -- Build files have been written to: /home/yixin/ros2_ws/build/examples_rclcpp_cbg_executor
[2.768s] Invoked command in '/home/yixin/ros2_ws/build/examples_rclcpp_cbg_executor' returned '0': CMAKE_PREFIX_PATH=${CMAKE_PREFIX_PATH}:/opt/ros/jazzy DEBUGINFOD_URLS=https://debuginfod.ubuntu.com /usr/bin/cmake /home/yixin/ros2_ws/src/examples/rclcpp/executors/cbg_executor -DCMAKE_INSTALL_PREFIX=/home/yixin/ros2_ws/install/examples_rclcpp_cbg_executor
[2.769s] Invoking command in '/home/yixin/ros2_ws/build/examples_rclcpp_cbg_executor': CMAKE_PREFIX_PATH=${CMAKE_PREFIX_PATH}:/opt/ros/jazzy DEBUGINFOD_URLS=https://debuginfod.ubuntu.com /usr/bin/cmake --build /home/yixin/ros2_ws/build/examples_rclcpp_cbg_executor -- -j8 -l8
[3.067s] [ 30%] Built target pong
[3.086s] [ 70%] Built target ping_pong
[3.120s] [100%] Built target ping
[3.186s] Invoked command in '/home/yixin/ros2_ws/build/examples_rclcpp_cbg_executor' returned '0': CMAKE_PREFIX_PATH=${CMAKE_PREFIX_PATH}:/opt/ros/jazzy DEBUGINFOD_URLS=https://debuginfod.ubuntu.com /usr/bin/cmake --build /home/yixin/ros2_ws/build/examples_rclcpp_cbg_executor -- -j8 -l8
[3.189s] Invoking command in '/home/yixin/ros2_ws/build/examples_rclcpp_cbg_executor': CMAKE_PREFIX_PATH=${CMAKE_PREFIX_PATH}:/opt/ros/jazzy DEBUGINFOD_URLS=https://debuginfod.ubuntu.com /usr/bin/cmake --install /home/yixin/ros2_ws/build/examples_rclcpp_cbg_executor
[3.248s] -- Install configuration: "Debug"
[3.255s] -- Execute custom install script
[3.255s] -- Up-to-date symlink: /home/yixin/ros2_ws/install/examples_rclcpp_cbg_executor/lib/examples_rclcpp_cbg_executor/ping
[3.256s] -- Up-to-date symlink: /home/yixin/ros2_ws/install/examples_rclcpp_cbg_executor/lib/examples_rclcpp_cbg_executor/pong
[3.257s] -- Up-to-date symlink: /home/yixin/ros2_ws/install/examples_rclcpp_cbg_executor/lib/examples_rclcpp_cbg_executor/ping_pong
[3.261s] -- Up-to-date symlink: /home/yixin/ros2_ws/install/examples_rclcpp_cbg_executor/include/examples_rclcpp_cbg_executor/ping_node.hpp
[3.261s] -- Up-to-date symlink: /home/yixin/ros2_ws/install/examples_rclcpp_cbg_executor/include/examples_rclcpp_cbg_executor/pong_node.hpp
[3.261s] -- Up-to-date symlink: /home/yixin/ros2_ws/install/examples_rclcpp_cbg_executor/share/ament_index/resource_index/package_run_dependencies/examples_rclcpp_cbg_executor
[3.263s] -- Up-to-date symlink: /home/yixin/ros2_ws/install/examples_rclcpp_cbg_executor/share/ament_index/resource_index/parent_prefix_path/examples_rclcpp_cbg_executor
[3.265s] -- Up-to-date symlink: /home/yixin/ros2_ws/install/examples_rclcpp_cbg_executor/share/examples_rclcpp_cbg_executor/environment/ament_prefix_path.sh
[3.266s] -- Up-to-date symlink: /home/yixin/ros2_ws/install/examples_rclcpp_cbg_executor/share/examples_rclcpp_cbg_executor/environment/ament_prefix_path.dsv
[3.269s] -- Up-to-date symlink: /home/yixin/ros2_ws/install/examples_rclcpp_cbg_executor/share/examples_rclcpp_cbg_executor/environment/path.sh
[3.269s] -- Up-to-date symlink: /home/yixin/ros2_ws/install/examples_rclcpp_cbg_executor/share/examples_rclcpp_cbg_executor/environment/path.dsv
[3.271s] -- Up-to-date symlink: /home/yixin/ros2_ws/install/examples_rclcpp_cbg_executor/share/examples_rclcpp_cbg_executor/local_setup.bash
[3.273s] -- Up-to-date symlink: /home/yixin/ros2_ws/install/examples_rclcpp_cbg_executor/share/examples_rclcpp_cbg_executor/local_setup.sh
[3.274s] -- Up-to-date symlink: /home/yixin/ros2_ws/install/examples_rclcpp_cbg_executor/share/examples_rclcpp_cbg_executor/local_setup.zsh
[3.282s] -- Up-to-date symlink: /home/yixin/ros2_ws/install/examples_rclcpp_cbg_executor/share/examples_rclcpp_cbg_executor/local_setup.dsv
[3.282s] -- Symlinking: /home/yixin/ros2_ws/install/examples_rclcpp_cbg_executor/share/examples_rclcpp_cbg_executor/package.dsv
[3.311s] -- Up-to-date symlink: /home/yixin/ros2_ws/install/examples_rclcpp_cbg_executor/share/ament_index/resource_index/packages/examples_rclcpp_cbg_executor
[3.311s] -- Up-to-date symlink: /home/yixin/ros2_ws/install/examples_rclcpp_cbg_executor/share/examples_rclcpp_cbg_executor/cmake/ament_cmake_export_dependencies-extras.cmake
[3.312s] -- Up-to-date symlink: /home/yixin/ros2_ws/install/examples_rclcpp_cbg_executor/share/examples_rclcpp_cbg_executor/cmake/examples_rclcpp_cbg_executorConfig.cmake
[3.313s] -- Up-to-date symlink: /home/yixin/ros2_ws/install/examples_rclcpp_cbg_executor/share/examples_rclcpp_cbg_executor/cmake/examples_rclcpp_cbg_executorConfig-version.cmake
[3.313s] -- Up-to-date symlink: /home/yixin/ros2_ws/install/examples_rclcpp_cbg_executor/share/examples_rclcpp_cbg_executor/package.xml
[3.400s] Invoked command in '/home/yixin/ros2_ws/build/examples_rclcpp_cbg_executor' returned '0': CMAKE_PREFIX_PATH=${CMAKE_PREFIX_PATH}:/opt/ros/jazzy DEBUGINFOD_URLS=https://debuginfod.ubuntu.com /usr/bin/cmake --install /home/yixin/ros2_ws/build/examples_rclcpp_cbg_executor
