[5.598s] Invoking command in '/home/yixin/ros2_ws/src/examples/rclpy/services/minimal_service': DEBUGINFOD_URLS=https://debuginfod.ubuntu.com PYTHONPATH=/home/yixin/ros2_ws/build/examples_rclpy_minimal_service/prefix_override:/usr/lib/python3/dist-packages/colcon_core/task/python/colcon_distutils_commands:/home/yixin/ros2_ws/install/examples_rclpy_minimal_service/lib/python3.12/site-packages:${PYTHONPATH} /usr/bin/python3 -W ignore:setup.py install is deprecated -W ignore:easy_install command is deprecated setup.py egg_info --egg-base ../../../../../build/examples_rclpy_minimal_service build --build-base /home/yixin/ros2_ws/build/examples_rclpy_minimal_service/build install --record /home/yixin/ros2_ws/build/examples_rclpy_minimal_service/install.log --single-version-externally-managed install_data
[6.086s] running egg_info
[6.119s] writing ../../../../../build/examples_rclpy_minimal_service/examples_rclpy_minimal_service.egg-info/PKG-INFO
[6.119s] writing dependency_links to ../../../../../build/examples_rclpy_minimal_service/examples_rclpy_minimal_service.egg-info/dependency_links.txt
[6.119s] writing entry points to ../../../../../build/examples_rclpy_minimal_service/examples_rclpy_minimal_service.egg-info/entry_points.txt
[6.120s] writing requirements to ../../../../../build/examples_rclpy_minimal_service/examples_rclpy_minimal_service.egg-info/requires.txt
[6.120s] writing top-level names to ../../../../../build/examples_rclpy_minimal_service/examples_rclpy_minimal_service.egg-info/top_level.txt
[6.185s] reading manifest file '../../../../../build/examples_rclpy_minimal_service/examples_rclpy_minimal_service.egg-info/SOURCES.txt'
[6.187s] writing manifest file '../../../../../build/examples_rclpy_minimal_service/examples_rclpy_minimal_service.egg-info/SOURCES.txt'
[6.187s] running build
[6.187s] running build_py
[6.187s] running install
[6.198s] running install_lib
[6.231s] running install_data
[6.232s] running install_egg_info
[6.265s] removing '/home/yixin/ros2_ws/install/examples_rclpy_minimal_service/lib/python3.12/site-packages/examples_rclpy_minimal_service-0.19.7-py3.12.egg-info' (and everything under it)
[6.266s] Copying ../../../../../build/examples_rclpy_minimal_service/examples_rclpy_minimal_service.egg-info to /home/yixin/ros2_ws/install/examples_rclpy_minimal_service/lib/python3.12/site-packages/examples_rclpy_minimal_service-0.19.7-py3.12.egg-info
[6.267s] running install_scripts
[6.451s] Installing service script to /home/yixin/ros2_ws/install/examples_rclpy_minimal_service/lib/examples_rclpy_minimal_service
[6.452s] Installing service_member_function script to /home/yixin/ros2_ws/install/examples_rclpy_minimal_service/lib/examples_rclpy_minimal_service
[6.452s] writing list of installed files to '/home/yixin/ros2_ws/build/examples_rclpy_minimal_service/install.log'
[6.535s] Invoked command in '/home/yixin/ros2_ws/src/examples/rclpy/services/minimal_service' returned '0': DEBUGINFOD_URLS=https://debuginfod.ubuntu.com PYTHONPATH=/home/yixin/ros2_ws/build/examples_rclpy_minimal_service/prefix_override:/usr/lib/python3/dist-packages/colcon_core/task/python/colcon_distutils_commands:/home/yixin/ros2_ws/install/examples_rclpy_minimal_service/lib/python3.12/site-packages:${PYTHONPATH} /usr/bin/python3 -W ignore:setup.py install is deprecated -W ignore:easy_install command is deprecated setup.py egg_info --egg-base ../../../../../build/examples_rclpy_minimal_service build --build-base /home/yixin/ros2_ws/build/examples_rclpy_minimal_service/build install --record /home/yixin/ros2_ws/build/examples_rclpy_minimal_service/install.log --single-version-externally-managed install_data
