[0.625s] Invoking command in '/home/yixin/ros2_ws/build/turtlesim': CMAKE_PREFIX_PATH=${CMAKE_PREFIX_PATH}:/home/yixin/ros2_ws/install/py_srvcli:/home/yixin/ros2_ws/install/py_pubsub:/home/yixin/ros2_ws/install/python_parameters:/home/yixin/ros2_ws/install/my_python_package:/home/yixin/ros2_ws/install/launch_testing_examples:/home/yixin/ros2_ws/install/examples_rclpy_pointcloud_publisher:/home/yixin/ros2_ws/install/examples_rclpy_minimal_subscriber:/home/yixin/ros2_ws/install/examples_rclpy_minimal_service:/home/yixin/ros2_ws/install/examples_rclpy_minimal_publisher:/home/yixin/ros2_ws/install/examples_rclpy_minimal_client:/home/yixin/ros2_ws/install/examples_rclpy_minimal_action_server:/home/yixin/ros2_ws/install/examples_rclpy_minimal_action_client:/home/yixin/ros2_ws/install/examples_rclpy_guard_conditions:/home/yixin/ros2_ws/install/examples_rclpy_executors:/opt/ros/jazzy DEBUGINFOD_URLS=https://debuginfod.ubuntu.com /usr/bin/cmake --build /home/yixin/ros2_ws/build/turtlesim -- -j8 -l8
[0.811s] [  0%] Built target turtlesim__rosidl_generator_type_description
[0.858s] [  0%] Built target ament_cmake_python_copy_turtlesim
[0.932s] [ 24%] Built target turtlesim__rosidl_generator_c
[0.935s] [ 24%] Built target turtlesim__cpp
[1.047s] [ 33%] Built target turtlesim__rosidl_typesupport_c
[1.054s] [ 42%] Built target turtlesim__rosidl_typesupport_introspection_c
[1.079s] [ 50%] Built target turtlesim__rosidl_typesupport_fastrtps_c
[1.097s] [ 58%] Built target turtlesim__rosidl_typesupport_introspection_cpp
[1.135s] [ 67%] Built target turtlesim__rosidl_typesupport_cpp
[1.177s] [ 76%] Built target turtlesim__rosidl_typesupport_fastrtps_cpp
[1.239s] [ 78%] Built target mimic
[1.244s] [ 79%] Built target draw_square
[1.269s] [ 81%] Built target turtle_teleop_key
[1.269s] [ 81%] Built target turtlesim
[1.291s] [ 86%] Built target turtlesim_node
[1.333s] [ 86%] Built target turtlesim__py
[1.448s] [ 94%] Built target turtlesim__rosidl_generator_py
[1.534s] [ 96%] Built target turtlesim_s__rosidl_typesupport_fastrtps_c
[1.541s] running egg_info
[1.554s] [ 98%] Built target turtlesim_s__rosidl_typesupport_introspection_c
[1.571s] [100%] Built target turtlesim_s__rosidl_typesupport_c
[1.581s] writing turtlesim.egg-info/PKG-INFO
[1.582s] writing dependency_links to turtlesim.egg-info/dependency_links.txt
[1.582s] writing top-level names to turtlesim.egg-info/top_level.txt
[1.703s] reading manifest file 'turtlesim.egg-info/SOURCES.txt'
[1.704s] writing manifest file 'turtlesim.egg-info/SOURCES.txt'
[1.831s] [100%] Built target ament_cmake_python_build_turtlesim_egg
[2.469s] Invoked command in '/home/yixin/ros2_ws/build/turtlesim' returned '0': CMAKE_PREFIX_PATH=${CMAKE_PREFIX_PATH}:/home/yixin/ros2_ws/install/py_srvcli:/home/yixin/ros2_ws/install/py_pubsub:/home/yixin/ros2_ws/install/python_parameters:/home/yixin/ros2_ws/install/my_python_package:/home/yixin/ros2_ws/install/launch_testing_examples:/home/yixin/ros2_ws/install/examples_rclpy_pointcloud_publisher:/home/yixin/ros2_ws/install/examples_rclpy_minimal_subscriber:/home/yixin/ros2_ws/install/examples_rclpy_minimal_service:/home/yixin/ros2_ws/install/examples_rclpy_minimal_publisher:/home/yixin/ros2_ws/install/examples_rclpy_minimal_client:/home/yixin/ros2_ws/install/examples_rclpy_minimal_action_server:/home/yixin/ros2_ws/install/examples_rclpy_minimal_action_client:/home/yixin/ros2_ws/install/examples_rclpy_guard_conditions:/home/yixin/ros2_ws/install/examples_rclpy_executors:/opt/ros/jazzy DEBUGINFOD_URLS=https://debuginfod.ubuntu.com /usr/bin/cmake --build /home/yixin/ros2_ws/build/turtlesim -- -j8 -l8
[2.471s] Invoking command in '/home/yixin/ros2_ws/build/turtlesim': CMAKE_PREFIX_PATH=${CMAKE_PREFIX_PATH}:/home/yixin/ros2_ws/install/py_srvcli:/home/yixin/ros2_ws/install/py_pubsub:/home/yixin/ros2_ws/install/python_parameters:/home/yixin/ros2_ws/install/my_python_package:/home/yixin/ros2_ws/install/launch_testing_examples:/home/yixin/ros2_ws/install/examples_rclpy_pointcloud_publisher:/home/yixin/ros2_ws/install/examples_rclpy_minimal_subscriber:/home/yixin/ros2_ws/install/examples_rclpy_minimal_service:/home/yixin/ros2_ws/install/examples_rclpy_minimal_publisher:/home/yixin/ros2_ws/install/examples_rclpy_minimal_client:/home/yixin/ros2_ws/install/examples_rclpy_minimal_action_server:/home/yixin/ros2_ws/install/examples_rclpy_minimal_action_client:/home/yixin/ros2_ws/install/examples_rclpy_guard_conditions:/home/yixin/ros2_ws/install/examples_rclpy_executors:/opt/ros/jazzy DEBUGINFOD_URLS=https://debuginfod.ubuntu.com /usr/bin/cmake --install /home/yixin/ros2_ws/build/turtlesim
[2.494s] -- Install configuration: ""
[2.494s] -- Up-to-date: /home/yixin/ros2_ws/install/turtlesim/share/ament_index/resource_index/rosidl_interfaces/turtlesim
[2.494s] -- Up-to-date: /home/yixin/ros2_ws/install/turtlesim/share/turtlesim/action/RotateAbsolute.json
[2.494s] -- Up-to-date: /home/yixin/ros2_ws/install/turtlesim/share/turtlesim/msg/Color.json
[2.494s] -- Up-to-date: /home/yixin/ros2_ws/install/turtlesim/share/turtlesim/msg/Pose.json
[2.494s] -- Up-to-date: /home/yixin/ros2_ws/install/turtlesim/share/turtlesim/srv/Kill.json
[2.495s] -- Up-to-date: /home/yixin/ros2_ws/install/turtlesim/share/turtlesim/srv/SetPen.json
[2.495s] -- Up-to-date: /home/yixin/ros2_ws/install/turtlesim/share/turtlesim/srv/Spawn.json
[2.495s] -- Up-to-date: /home/yixin/ros2_ws/install/turtlesim/share/turtlesim/srv/TeleportAbsolute.json
[2.495s] -- Up-to-date: /home/yixin/ros2_ws/install/turtlesim/share/turtlesim/srv/TeleportRelative.json
[2.495s] -- Up-to-date: /home/yixin/ros2_ws/install/turtlesim/include/turtlesim/turtlesim
[2.495s] -- Up-to-date: /home/yixin/ros2_ws/install/turtlesim/include/turtlesim/turtlesim/action
[2.495s] -- Up-to-date: /home/yixin/ros2_ws/install/turtlesim/include/turtlesim/turtlesim/action/detail
[2.495s] -- Up-to-date: /home/yixin/ros2_ws/install/turtlesim/include/turtlesim/turtlesim/action/detail/rotate_absolute__description.c
[2.495s] -- Up-to-date: /home/yixin/ros2_ws/install/turtlesim/include/turtlesim/turtlesim/action/detail/rotate_absolute__struct.h
[2.495s] -- Up-to-date: /home/yixin/ros2_ws/install/turtlesim/include/turtlesim/turtlesim/action/detail/rotate_absolute__type_support.h
[2.495s] -- Up-to-date: /home/yixin/ros2_ws/install/turtlesim/include/turtlesim/turtlesim/action/detail/rotate_absolute__functions.h
[2.495s] -- Up-to-date: /home/yixin/ros2_ws/install/turtlesim/include/turtlesim/turtlesim/action/detail/rotate_absolute__type_support.c
[2.496s] -- Up-to-date: /home/yixin/ros2_ws/install/turtlesim/include/turtlesim/turtlesim/action/detail/rotate_absolute__functions.c
[2.496s] -- Up-to-date: /home/yixin/ros2_ws/install/turtlesim/include/turtlesim/turtlesim/action/rotate_absolute.h
[2.496s] -- Up-to-date: /home/yixin/ros2_ws/install/turtlesim/include/turtlesim/turtlesim/msg
[2.496s] -- Up-to-date: /home/yixin/ros2_ws/install/turtlesim/include/turtlesim/turtlesim/msg/color.h
[2.496s] -- Up-to-date: /home/yixin/ros2_ws/install/turtlesim/include/turtlesim/turtlesim/msg/pose.h
[2.496s] -- Up-to-date: /home/yixin/ros2_ws/install/turtlesim/include/turtlesim/turtlesim/msg/rosidl_generator_c__visibility_control.h
[2.496s] -- Up-to-date: /home/yixin/ros2_ws/install/turtlesim/include/turtlesim/turtlesim/msg/detail
[2.496s] -- Up-to-date: /home/yixin/ros2_ws/install/turtlesim/include/turtlesim/turtlesim/msg/detail/pose__functions.h
[2.496s] -- Up-to-date: /home/yixin/ros2_ws/install/turtlesim/include/turtlesim/turtlesim/msg/detail/pose__struct.h
[2.501s] -- Up-to-date: /home/yixin/ros2_ws/install/turtlesim/include/turtlesim/turtlesim/msg/detail/color__type_support.c
[2.501s] -- Up-to-date: /home/yixin/ros2_ws/install/turtlesim/include/turtlesim/turtlesim/msg/detail/pose__type_support.c
[2.502s] -- Up-to-date: /home/yixin/ros2_ws/install/turtlesim/include/turtlesim/turtlesim/msg/detail/pose__description.c
[2.502s] -- Up-to-date: /home/yixin/ros2_ws/install/turtlesim/include/turtlesim/turtlesim/msg/detail/color__functions.h
[2.502s] -- Up-to-date: /home/yixin/ros2_ws/install/turtlesim/include/turtlesim/turtlesim/msg/detail/pose__functions.c
[2.502s] -- Up-to-date: /home/yixin/ros2_ws/install/turtlesim/include/turtlesim/turtlesim/msg/detail/color__type_support.h
[2.502s] -- Up-to-date: /home/yixin/ros2_ws/install/turtlesim/include/turtlesim/turtlesim/msg/detail/color__struct.h
[2.502s] -- Up-to-date: /home/yixin/ros2_ws/install/turtlesim/include/turtlesim/turtlesim/msg/detail/pose__type_support.h
[2.502s] -- Up-to-date: /home/yixin/ros2_ws/install/turtlesim/include/turtlesim/turtlesim/msg/detail/color__description.c
[2.502s] -- Up-to-date: /home/yixin/ros2_ws/install/turtlesim/include/turtlesim/turtlesim/msg/detail/color__functions.c
[2.502s] -- Up-to-date: /home/yixin/ros2_ws/install/turtlesim/include/turtlesim/turtlesim/srv
[2.502s] -- Up-to-date: /home/yixin/ros2_ws/install/turtlesim/include/turtlesim/turtlesim/srv/teleport_relative.h
[2.502s] -- Up-to-date: /home/yixin/ros2_ws/install/turtlesim/include/turtlesim/turtlesim/srv/detail
[2.502s] -- Up-to-date: /home/yixin/ros2_ws/install/turtlesim/include/turtlesim/turtlesim/srv/detail/set_pen__functions.h
[2.503s] -- Up-to-date: /home/yixin/ros2_ws/install/turtlesim/include/turtlesim/turtlesim/srv/detail/set_pen__description.c
[2.503s] -- Up-to-date: /home/yixin/ros2_ws/install/turtlesim/include/turtlesim/turtlesim/srv/detail/teleport_relative__type_support.h
[2.503s] -- Up-to-date: /home/yixin/ros2_ws/install/turtlesim/include/turtlesim/turtlesim/srv/detail/spawn__type_support.h
[2.503s] -- Up-to-date: /home/yixin/ros2_ws/install/turtlesim/include/turtlesim/turtlesim/srv/detail/set_pen__struct.h
[2.503s] -- Installing: /home/yixin/ros2_ws/install/turtlesim/include/turtlesim/turtlesim/srv/detail/set_pen__type_support.c
[2.503s] -- Up-to-date: /home/yixin/ros2_ws/install/turtlesim/include/turtlesim/turtlesim/srv/detail/kill__struct.h
[2.503s] -- Up-to-date: /home/yixin/ros2_ws/install/turtlesim/include/turtlesim/turtlesim/srv/detail/kill__type_support.c
[2.503s] -- Up-to-date: /home/yixin/ros2_ws/install/turtlesim/include/turtlesim/turtlesim/srv/detail/spawn__functions.h
[2.503s] -- Installing: /home/yixin/ros2_ws/install/turtlesim/include/turtlesim/turtlesim/srv/detail/teleport_absolute__type_support.c
[2.503s] -- Up-to-date: /home/yixin/ros2_ws/install/turtlesim/include/turtlesim/turtlesim/srv/detail/teleport_relative__type_support.c
[2.503s] -- Up-to-date: /home/yixin/ros2_ws/install/turtlesim/include/turtlesim/turtlesim/srv/detail/kill__type_support.h
[2.503s] -- Up-to-date: /home/yixin/ros2_ws/install/turtlesim/include/turtlesim/turtlesim/srv/detail/spawn__struct.h
[2.516s] -- Up-to-date: /home/yixin/ros2_ws/install/turtlesim/include/turtlesim/turtlesim/srv/detail/teleport_absolute__description.c
[2.516s] -- Up-to-date: /home/yixin/ros2_ws/install/turtlesim/include/turtlesim/turtlesim/srv/detail/teleport_relative__struct.h
[2.517s] -- Installing: /home/yixin/ros2_ws/install/turtlesim/include/turtlesim/turtlesim/srv/detail/spawn__type_support.c
[2.517s] -- Up-to-date: /home/yixin/ros2_ws/install/turtlesim/include/turtlesim/turtlesim/srv/detail/kill__functions.c
[2.517s] -- Up-to-date: /home/yixin/ros2_ws/install/turtlesim/include/turtlesim/turtlesim/srv/detail/kill__description.c
[2.517s] -- Up-to-date: /home/yixin/ros2_ws/install/turtlesim/include/turtlesim/turtlesim/srv/detail/teleport_relative__functions.c
[2.517s] -- Up-to-date: /home/yixin/ros2_ws/install/turtlesim/include/turtlesim/turtlesim/srv/detail/teleport_absolute__struct.h
[2.517s] -- Up-to-date: /home/yixin/ros2_ws/install/turtlesim/include/turtlesim/turtlesim/srv/detail/teleport_absolute__functions.h
[2.517s] -- Up-to-date: /home/yixin/ros2_ws/install/turtlesim/include/turtlesim/turtlesim/srv/detail/set_pen__type_support.h
[2.517s] -- Up-to-date: /home/yixin/ros2_ws/install/turtlesim/include/turtlesim/turtlesim/srv/detail/set_pen__functions.c
[2.517s] -- Up-to-date: /home/yixin/ros2_ws/install/turtlesim/include/turtlesim/turtlesim/srv/detail/spawn__description.c
[2.517s] -- Up-to-date: /home/yixin/ros2_ws/install/turtlesim/include/turtlesim/turtlesim/srv/detail/spawn__functions.c
[2.517s] -- Up-to-date: /home/yixin/ros2_ws/install/turtlesim/include/turtlesim/turtlesim/srv/detail/teleport_relative__functions.h
[2.520s] -- Up-to-date: /home/yixin/ros2_ws/install/turtlesim/include/turtlesim/turtlesim/srv/detail/kill__functions.h
[2.520s] -- Up-to-date: /home/yixin/ros2_ws/install/turtlesim/include/turtlesim/turtlesim/srv/detail/teleport_relative__description.c
[2.520s] -- Up-to-date: /home/yixin/ros2_ws/install/turtlesim/include/turtlesim/turtlesim/srv/detail/teleport_absolute__functions.c
[2.521s] -- Up-to-date: /home/yixin/ros2_ws/install/turtlesim/include/turtlesim/turtlesim/srv/detail/teleport_absolute__type_support.h
[2.521s] -- Up-to-date: /home/yixin/ros2_ws/install/turtlesim/include/turtlesim/turtlesim/srv/kill.h
[2.521s] -- Up-to-date: /home/yixin/ros2_ws/install/turtlesim/include/turtlesim/turtlesim/srv/teleport_absolute.h
[2.521s] -- Up-to-date: /home/yixin/ros2_ws/install/turtlesim/include/turtlesim/turtlesim/srv/spawn.h
[2.524s] -- Up-to-date: /home/yixin/ros2_ws/install/turtlesim/include/turtlesim/turtlesim/srv/set_pen.h
[2.525s] -- Up-to-date: /home/yixin/ros2_ws/install/turtlesim/share/turtlesim/environment/library_path.sh
[2.525s] -- Up-to-date: /home/yixin/ros2_ws/install/turtlesim/share/turtlesim/environment/library_path.dsv
[2.525s] -- Up-to-date: /home/yixin/ros2_ws/install/turtlesim/lib/libturtlesim__rosidl_generator_c.so
[2.525s] -- Up-to-date: /home/yixin/ros2_ws/install/turtlesim/include/turtlesim/turtlesim
[2.525s] -- Up-to-date: /home/yixin/ros2_ws/install/turtlesim/include/turtlesim/turtlesim/action
[2.525s] -- Up-to-date: /home/yixin/ros2_ws/install/turtlesim/include/turtlesim/turtlesim/action/detail
[2.525s] -- Up-to-date: /home/yixin/ros2_ws/install/turtlesim/include/turtlesim/turtlesim/action/detail/rotate_absolute__rosidl_typesupport_fastrtps_c.h
[2.525s] -- Up-to-date: /home/yixin/ros2_ws/install/turtlesim/include/turtlesim/turtlesim/msg
[2.525s] -- Up-to-date: /home/yixin/ros2_ws/install/turtlesim/include/turtlesim/turtlesim/msg/detail
[2.526s] -- Up-to-date: /home/yixin/ros2_ws/install/turtlesim/include/turtlesim/turtlesim/msg/detail/pose__rosidl_typesupport_fastrtps_c.h
[2.526s] -- Up-to-date: /home/yixin/ros2_ws/install/turtlesim/include/turtlesim/turtlesim/msg/detail/color__rosidl_typesupport_fastrtps_c.h
[2.526s] -- Up-to-date: /home/yixin/ros2_ws/install/turtlesim/include/turtlesim/turtlesim/msg/rosidl_typesupport_fastrtps_c__visibility_control.h
[2.526s] -- Up-to-date: /home/yixin/ros2_ws/install/turtlesim/include/turtlesim/turtlesim/srv
[2.526s] -- Up-to-date: /home/yixin/ros2_ws/install/turtlesim/include/turtlesim/turtlesim/srv/detail
[2.526s] -- Up-to-date: /home/yixin/ros2_ws/install/turtlesim/include/turtlesim/turtlesim/srv/detail/kill__rosidl_typesupport_fastrtps_c.h
[2.526s] -- Up-to-date: /home/yixin/ros2_ws/install/turtlesim/include/turtlesim/turtlesim/srv/detail/set_pen__rosidl_typesupport_fastrtps_c.h
[2.526s] -- Up-to-date: /home/yixin/ros2_ws/install/turtlesim/include/turtlesim/turtlesim/srv/detail/teleport_relative__rosidl_typesupport_fastrtps_c.h
[2.526s] -- Up-to-date: /home/yixin/ros2_ws/install/turtlesim/include/turtlesim/turtlesim/srv/detail/spawn__rosidl_typesupport_fastrtps_c.h
[2.526s] -- Up-to-date: /home/yixin/ros2_ws/install/turtlesim/include/turtlesim/turtlesim/srv/detail/teleport_absolute__rosidl_typesupport_fastrtps_c.h
[2.526s] -- Up-to-date: /home/yixin/ros2_ws/install/turtlesim/lib/libturtlesim__rosidl_typesupport_fastrtps_c.so
[2.526s] -- Up-to-date: /home/yixin/ros2_ws/install/turtlesim/include/turtlesim/turtlesim
[2.527s] -- Up-to-date: /home/yixin/ros2_ws/install/turtlesim/include/turtlesim/turtlesim/action
[2.527s] -- Up-to-date: /home/yixin/ros2_ws/install/turtlesim/include/turtlesim/turtlesim/action/detail
[2.527s] -- Up-to-date: /home/yixin/ros2_ws/install/turtlesim/include/turtlesim/turtlesim/action/detail/rotate_absolute__builder.hpp
[2.527s] -- Up-to-date: /home/yixin/ros2_ws/install/turtlesim/include/turtlesim/turtlesim/action/detail/rotate_absolute__type_support.hpp
[2.527s] -- Up-to-date: /home/yixin/ros2_ws/install/turtlesim/include/turtlesim/turtlesim/action/detail/rotate_absolute__traits.hpp
[2.527s] -- Up-to-date: /home/yixin/ros2_ws/install/turtlesim/include/turtlesim/turtlesim/action/detail/rotate_absolute__struct.hpp
[2.527s] -- Up-to-date: /home/yixin/ros2_ws/install/turtlesim/include/turtlesim/turtlesim/action/rotate_absolute.hpp
[2.527s] -- Up-to-date: /home/yixin/ros2_ws/install/turtlesim/include/turtlesim/turtlesim/msg
[2.527s] -- Up-to-date: /home/yixin/ros2_ws/install/turtlesim/include/turtlesim/turtlesim/msg/pose.hpp
[2.527s] -- Up-to-date: /home/yixin/ros2_ws/install/turtlesim/include/turtlesim/turtlesim/msg/detail
[2.527s] -- Up-to-date: /home/yixin/ros2_ws/install/turtlesim/include/turtlesim/turtlesim/msg/detail/pose__type_support.hpp
[2.527s] -- Up-to-date: /home/yixin/ros2_ws/install/turtlesim/include/turtlesim/turtlesim/msg/detail/pose__builder.hpp
[2.528s] -- Up-to-date: /home/yixin/ros2_ws/install/turtlesim/include/turtlesim/turtlesim/msg/detail/color__struct.hpp
[2.528s] -- Up-to-date: /home/yixin/ros2_ws/install/turtlesim/include/turtlesim/turtlesim/msg/detail/pose__struct.hpp
[2.528s] -- Up-to-date: /home/yixin/ros2_ws/install/turtlesim/include/turtlesim/turtlesim/msg/detail/color__builder.hpp
[2.528s] -- Up-to-date: /home/yixin/ros2_ws/install/turtlesim/include/turtlesim/turtlesim/msg/detail/color__traits.hpp
[2.528s] -- Up-to-date: /home/yixin/ros2_ws/install/turtlesim/include/turtlesim/turtlesim/msg/detail/pose__traits.hpp
[2.528s] -- Up-to-date: /home/yixin/ros2_ws/install/turtlesim/include/turtlesim/turtlesim/msg/detail/color__type_support.hpp
[2.528s] -- Up-to-date: /home/yixin/ros2_ws/install/turtlesim/include/turtlesim/turtlesim/msg/rosidl_generator_cpp__visibility_control.hpp
[2.533s] -- Up-to-date: /home/yixin/ros2_ws/install/turtlesim/include/turtlesim/turtlesim/msg/color.hpp
[2.533s] -- Up-to-date: /home/yixin/ros2_ws/install/turtlesim/include/turtlesim/turtlesim/srv
[2.534s] -- Up-to-date: /home/yixin/ros2_ws/install/turtlesim/include/turtlesim/turtlesim/srv/detail
[2.534s] -- Up-to-date: /home/yixin/ros2_ws/install/turtlesim/include/turtlesim/turtlesim/srv/detail/set_pen__type_support.hpp
[2.534s] -- Up-to-date: /home/yixin/ros2_ws/install/turtlesim/include/turtlesim/turtlesim/srv/detail/spawn__struct.hpp
[2.534s] -- Up-to-date: /home/yixin/ros2_ws/install/turtlesim/include/turtlesim/turtlesim/srv/detail/spawn__traits.hpp
[2.534s] -- Up-to-date: /home/yixin/ros2_ws/install/turtlesim/include/turtlesim/turtlesim/srv/detail/kill__traits.hpp
[2.534s] -- Up-to-date: /home/yixin/ros2_ws/install/turtlesim/include/turtlesim/turtlesim/srv/detail/spawn__type_support.hpp
[2.534s] -- Up-to-date: /home/yixin/ros2_ws/install/turtlesim/include/turtlesim/turtlesim/srv/detail/set_pen__builder.hpp
[2.534s] -- Up-to-date: /home/yixin/ros2_ws/install/turtlesim/include/turtlesim/turtlesim/srv/detail/teleport_relative__traits.hpp
[2.534s] -- Up-to-date: /home/yixin/ros2_ws/install/turtlesim/include/turtlesim/turtlesim/srv/detail/teleport_absolute__type_support.hpp
[2.534s] -- Up-to-date: /home/yixin/ros2_ws/install/turtlesim/include/turtlesim/turtlesim/srv/detail/teleport_relative__struct.hpp
[2.534s] -- Up-to-date: /home/yixin/ros2_ws/install/turtlesim/include/turtlesim/turtlesim/srv/detail/set_pen__struct.hpp
[2.534s] -- Up-to-date: /home/yixin/ros2_ws/install/turtlesim/include/turtlesim/turtlesim/srv/detail/teleport_absolute__struct.hpp
[2.535s] -- Up-to-date: /home/yixin/ros2_ws/install/turtlesim/include/turtlesim/turtlesim/srv/detail/kill__struct.hpp
[2.535s] -- Up-to-date: /home/yixin/ros2_ws/install/turtlesim/include/turtlesim/turtlesim/srv/detail/teleport_absolute__traits.hpp
[2.535s] -- Up-to-date: /home/yixin/ros2_ws/install/turtlesim/include/turtlesim/turtlesim/srv/detail/set_pen__traits.hpp
[2.535s] -- Up-to-date: /home/yixin/ros2_ws/install/turtlesim/include/turtlesim/turtlesim/srv/detail/spawn__builder.hpp
[2.535s] -- Up-to-date: /home/yixin/ros2_ws/install/turtlesim/include/turtlesim/turtlesim/srv/detail/teleport_relative__builder.hpp
[2.535s] -- Up-to-date: /home/yixin/ros2_ws/install/turtlesim/include/turtlesim/turtlesim/srv/detail/kill__builder.hpp
[2.535s] -- Up-to-date: /home/yixin/ros2_ws/install/turtlesim/include/turtlesim/turtlesim/srv/detail/teleport_absolute__builder.hpp
[2.535s] -- Up-to-date: /home/yixin/ros2_ws/install/turtlesim/include/turtlesim/turtlesim/srv/detail/kill__type_support.hpp
[2.535s] -- Up-to-date: /home/yixin/ros2_ws/install/turtlesim/include/turtlesim/turtlesim/srv/detail/teleport_relative__type_support.hpp
[2.535s] -- Up-to-date: /home/yixin/ros2_ws/install/turtlesim/include/turtlesim/turtlesim/srv/kill.hpp
[2.536s] -- Up-to-date: /home/yixin/ros2_ws/install/turtlesim/include/turtlesim/turtlesim/srv/set_pen.hpp
[2.536s] -- Up-to-date: /home/yixin/ros2_ws/install/turtlesim/include/turtlesim/turtlesim/srv/teleport_absolute.hpp
[2.536s] -- Up-to-date: /home/yixin/ros2_ws/install/turtlesim/include/turtlesim/turtlesim/srv/spawn.hpp
[2.536s] -- Up-to-date: /home/yixin/ros2_ws/install/turtlesim/include/turtlesim/turtlesim/srv/teleport_relative.hpp
[2.536s] -- Up-to-date: /home/yixin/ros2_ws/install/turtlesim/include/turtlesim/turtlesim
[2.536s] -- Up-to-date: /home/yixin/ros2_ws/install/turtlesim/include/turtlesim/turtlesim/action
[2.536s] -- Up-to-date: /home/yixin/ros2_ws/install/turtlesim/include/turtlesim/turtlesim/action/detail
[2.536s] -- Up-to-date: /home/yixin/ros2_ws/install/turtlesim/include/turtlesim/turtlesim/action/detail/dds_fastrtps
[2.542s] -- Up-to-date: /home/yixin/ros2_ws/install/turtlesim/include/turtlesim/turtlesim/action/detail/rotate_absolute__rosidl_typesupport_fastrtps_cpp.hpp
[2.542s] -- Up-to-date: /home/yixin/ros2_ws/install/turtlesim/include/turtlesim/turtlesim/msg
[2.542s] -- Up-to-date: /home/yixin/ros2_ws/install/turtlesim/include/turtlesim/turtlesim/msg/detail
[2.542s] -- Up-to-date: /home/yixin/ros2_ws/install/turtlesim/include/turtlesim/turtlesim/msg/detail/pose__rosidl_typesupport_fastrtps_cpp.hpp
[2.542s] -- Up-to-date: /home/yixin/ros2_ws/install/turtlesim/include/turtlesim/turtlesim/msg/detail/dds_fastrtps
[2.542s] -- Up-to-date: /home/yixin/ros2_ws/install/turtlesim/include/turtlesim/turtlesim/msg/detail/color__rosidl_typesupport_fastrtps_cpp.hpp
[2.542s] -- Up-to-date: /home/yixin/ros2_ws/install/turtlesim/include/turtlesim/turtlesim/msg/rosidl_typesupport_fastrtps_cpp__visibility_control.h
[2.542s] -- Up-to-date: /home/yixin/ros2_ws/install/turtlesim/include/turtlesim/turtlesim/srv
[2.543s] -- Up-to-date: /home/yixin/ros2_ws/install/turtlesim/include/turtlesim/turtlesim/srv/detail
[2.543s] -- Up-to-date: /home/yixin/ros2_ws/install/turtlesim/include/turtlesim/turtlesim/srv/detail/set_pen__rosidl_typesupport_fastrtps_cpp.hpp
[2.543s] -- Up-to-date: /home/yixin/ros2_ws/install/turtlesim/include/turtlesim/turtlesim/srv/detail/teleport_absolute__rosidl_typesupport_fastrtps_cpp.hpp
[2.543s] -- Up-to-date: /home/yixin/ros2_ws/install/turtlesim/include/turtlesim/turtlesim/srv/detail/spawn__rosidl_typesupport_fastrtps_cpp.hpp
[2.543s] -- Up-to-date: /home/yixin/ros2_ws/install/turtlesim/include/turtlesim/turtlesim/srv/detail/dds_fastrtps
[2.543s] -- Up-to-date: /home/yixin/ros2_ws/install/turtlesim/include/turtlesim/turtlesim/srv/detail/teleport_relative__rosidl_typesupport_fastrtps_cpp.hpp
[2.543s] -- Up-to-date: /home/yixin/ros2_ws/install/turtlesim/include/turtlesim/turtlesim/srv/detail/kill__rosidl_typesupport_fastrtps_cpp.hpp
[2.543s] -- Up-to-date: /home/yixin/ros2_ws/install/turtlesim/lib/libturtlesim__rosidl_typesupport_fastrtps_cpp.so
[2.543s] -- Up-to-date: /home/yixin/ros2_ws/install/turtlesim/include/turtlesim/turtlesim
[2.543s] -- Up-to-date: /home/yixin/ros2_ws/install/turtlesim/include/turtlesim/turtlesim/action
[2.543s] -- Up-to-date: /home/yixin/ros2_ws/install/turtlesim/include/turtlesim/turtlesim/action/detail
[2.543s] -- Up-to-date: /home/yixin/ros2_ws/install/turtlesim/include/turtlesim/turtlesim/action/detail/rotate_absolute__rosidl_typesupport_introspection_c.h
[2.544s] -- Up-to-date: /home/yixin/ros2_ws/install/turtlesim/include/turtlesim/turtlesim/action/detail/rotate_absolute__type_support.c
[2.544s] -- Up-to-date: /home/yixin/ros2_ws/install/turtlesim/include/turtlesim/turtlesim/msg
[2.544s] -- Up-to-date: /home/yixin/ros2_ws/install/turtlesim/include/turtlesim/turtlesim/msg/detail
[2.544s] -- Up-to-date: /home/yixin/ros2_ws/install/turtlesim/include/turtlesim/turtlesim/msg/detail/color__type_support.c
[2.544s] -- Up-to-date: /home/yixin/ros2_ws/install/turtlesim/include/turtlesim/turtlesim/msg/detail/pose__type_support.c
[2.544s] -- Up-to-date: /home/yixin/ros2_ws/install/turtlesim/include/turtlesim/turtlesim/msg/detail/pose__rosidl_typesupport_introspection_c.h
[2.544s] -- Up-to-date: /home/yixin/ros2_ws/install/turtlesim/include/turtlesim/turtlesim/msg/detail/color__rosidl_typesupport_introspection_c.h
[2.544s] -- Up-to-date: /home/yixin/ros2_ws/install/turtlesim/include/turtlesim/turtlesim/msg/rosidl_typesupport_introspection_c__visibility_control.h
[2.544s] -- Up-to-date: /home/yixin/ros2_ws/install/turtlesim/include/turtlesim/turtlesim/srv
[2.544s] -- Up-to-date: /home/yixin/ros2_ws/install/turtlesim/include/turtlesim/turtlesim/srv/detail
[2.544s] -- Installing: /home/yixin/ros2_ws/install/turtlesim/include/turtlesim/turtlesim/srv/detail/set_pen__type_support.c
[2.545s] -- Up-to-date: /home/yixin/ros2_ws/install/turtlesim/include/turtlesim/turtlesim/srv/detail/kill__type_support.c
[2.545s] -- Installing: /home/yixin/ros2_ws/install/turtlesim/include/turtlesim/turtlesim/srv/detail/teleport_absolute__type_support.c
[2.545s] -- Up-to-date: /home/yixin/ros2_ws/install/turtlesim/include/turtlesim/turtlesim/srv/detail/set_pen__rosidl_typesupport_introspection_c.h
[2.545s] -- Up-to-date: /home/yixin/ros2_ws/install/turtlesim/include/turtlesim/turtlesim/srv/detail/teleport_relative__type_support.c
[2.545s] -- Installing: /home/yixin/ros2_ws/install/turtlesim/include/turtlesim/turtlesim/srv/detail/spawn__type_support.c
[2.545s] -- Up-to-date: /home/yixin/ros2_ws/install/turtlesim/include/turtlesim/turtlesim/srv/detail/teleport_relative__rosidl_typesupport_introspection_c.h
[2.545s] -- Up-to-date: /home/yixin/ros2_ws/install/turtlesim/include/turtlesim/turtlesim/srv/detail/teleport_absolute__rosidl_typesupport_introspection_c.h
[2.545s] -- Up-to-date: /home/yixin/ros2_ws/install/turtlesim/include/turtlesim/turtlesim/srv/detail/spawn__rosidl_typesupport_introspection_c.h
[2.551s] -- Up-to-date: /home/yixin/ros2_ws/install/turtlesim/include/turtlesim/turtlesim/srv/detail/kill__rosidl_typesupport_introspection_c.h
[2.552s] -- Up-to-date: /home/yixin/ros2_ws/install/turtlesim/lib/libturtlesim__rosidl_typesupport_introspection_c.so
[2.552s] -- Up-to-date: /home/yixin/ros2_ws/install/turtlesim/lib/libturtlesim__rosidl_typesupport_c.so
[2.552s] -- Up-to-date: /home/yixin/ros2_ws/install/turtlesim/include/turtlesim/turtlesim
[2.552s] -- Up-to-date: /home/yixin/ros2_ws/install/turtlesim/include/turtlesim/turtlesim/action
[2.552s] -- Up-to-date: /home/yixin/ros2_ws/install/turtlesim/include/turtlesim/turtlesim/action/detail
[2.552s] -- Up-to-date: /home/yixin/ros2_ws/install/turtlesim/include/turtlesim/turtlesim/action/detail/rotate_absolute__type_support.cpp
[2.552s] -- Up-to-date: /home/yixin/ros2_ws/install/turtlesim/include/turtlesim/turtlesim/action/detail/rotate_absolute__rosidl_typesupport_introspection_cpp.hpp
[2.552s] -- Up-to-date: /home/yixin/ros2_ws/install/turtlesim/include/turtlesim/turtlesim/msg
[2.552s] -- Up-to-date: /home/yixin/ros2_ws/install/turtlesim/include/turtlesim/turtlesim/msg/detail
[2.552s] -- Up-to-date: /home/yixin/ros2_ws/install/turtlesim/include/turtlesim/turtlesim/msg/detail/color__rosidl_typesupport_introspection_cpp.hpp
[2.553s] -- Up-to-date: /home/yixin/ros2_ws/install/turtlesim/include/turtlesim/turtlesim/msg/detail/color__type_support.cpp
[2.553s] -- Up-to-date: /home/yixin/ros2_ws/install/turtlesim/include/turtlesim/turtlesim/msg/detail/pose__rosidl_typesupport_introspection_cpp.hpp
[2.553s] -- Up-to-date: /home/yixin/ros2_ws/install/turtlesim/include/turtlesim/turtlesim/msg/detail/pose__type_support.cpp
[2.553s] -- Up-to-date: /home/yixin/ros2_ws/install/turtlesim/include/turtlesim/turtlesim/srv
[2.553s] -- Up-to-date: /home/yixin/ros2_ws/install/turtlesim/include/turtlesim/turtlesim/srv/detail
[2.553s] -- Up-to-date: /home/yixin/ros2_ws/install/turtlesim/include/turtlesim/turtlesim/srv/detail/set_pen__rosidl_typesupport_introspection_cpp.hpp
[2.553s] -- Up-to-date: /home/yixin/ros2_ws/install/turtlesim/include/turtlesim/turtlesim/srv/detail/teleport_absolute__rosidl_typesupport_introspection_cpp.hpp
[2.553s] -- Up-to-date: /home/yixin/ros2_ws/install/turtlesim/include/turtlesim/turtlesim/srv/detail/spawn__rosidl_typesupport_introspection_cpp.hpp
[2.553s] -- Up-to-date: /home/yixin/ros2_ws/install/turtlesim/include/turtlesim/turtlesim/srv/detail/set_pen__type_support.cpp
[2.553s] -- Up-to-date: /home/yixin/ros2_ws/install/turtlesim/include/turtlesim/turtlesim/srv/detail/kill__rosidl_typesupport_introspection_cpp.hpp
[2.553s] -- Up-to-date: /home/yixin/ros2_ws/install/turtlesim/include/turtlesim/turtlesim/srv/detail/spawn__type_support.cpp
[2.554s] -- Up-to-date: /home/yixin/ros2_ws/install/turtlesim/include/turtlesim/turtlesim/srv/detail/teleport_relative__rosidl_typesupport_introspection_cpp.hpp
[2.554s] -- Up-to-date: /home/yixin/ros2_ws/install/turtlesim/include/turtlesim/turtlesim/srv/detail/kill__type_support.cpp
[2.554s] -- Up-to-date: /home/yixin/ros2_ws/install/turtlesim/include/turtlesim/turtlesim/srv/detail/teleport_absolute__type_support.cpp
[2.554s] -- Up-to-date: /home/yixin/ros2_ws/install/turtlesim/include/turtlesim/turtlesim/srv/detail/teleport_relative__type_support.cpp
[2.554s] -- Up-to-date: /home/yixin/ros2_ws/install/turtlesim/lib/libturtlesim__rosidl_typesupport_introspection_cpp.so
[2.554s] -- Up-to-date: /home/yixin/ros2_ws/install/turtlesim/lib/libturtlesim__rosidl_typesupport_cpp.so
[2.554s] -- Up-to-date: /home/yixin/ros2_ws/install/turtlesim/share/turtlesim/environment/pythonpath.sh
[2.554s] -- Up-to-date: /home/yixin/ros2_ws/install/turtlesim/share/turtlesim/environment/pythonpath.dsv
[2.557s] -- Up-to-date: /home/yixin/ros2_ws/install/turtlesim/lib/python3.12/site-packages/turtlesim-1.8.3-py3.12.egg-info
[2.558s] -- Installing: /home/yixin/ros2_ws/install/turtlesim/lib/python3.12/site-packages/turtlesim-1.8.3-py3.12.egg-info/top_level.txt
[2.558s] -- Installing: /home/yixin/ros2_ws/install/turtlesim/lib/python3.12/site-packages/turtlesim-1.8.3-py3.12.egg-info/dependency_links.txt
[2.558s] -- Installing: /home/yixin/ros2_ws/install/turtlesim/lib/python3.12/site-packages/turtlesim-1.8.3-py3.12.egg-info/PKG-INFO
[2.558s] -- Installing: /home/yixin/ros2_ws/install/turtlesim/lib/python3.12/site-packages/turtlesim-1.8.3-py3.12.egg-info/SOURCES.txt
[2.559s] -- Up-to-date: /home/yixin/ros2_ws/install/turtlesim/lib/python3.12/site-packages/turtlesim
[2.559s] -- Up-to-date: /home/yixin/ros2_ws/install/turtlesim/lib/python3.12/site-packages/turtlesim/_turtlesim_s.ep.rosidl_typesupport_c.c
[2.559s] -- Up-to-date: /home/yixin/ros2_ws/install/turtlesim/lib/python3.12/site-packages/turtlesim/__init__.py
[2.560s] -- Up-to-date: /home/yixin/ros2_ws/install/turtlesim/lib/python3.12/site-packages/turtlesim/turtlesim_s__rosidl_typesupport_c.so
[2.560s] -- Up-to-date: /home/yixin/ros2_ws/install/turtlesim/lib/python3.12/site-packages/turtlesim/_turtlesim_s.ep.rosidl_typesupport_fastrtps_c.c
[2.560s] -- Up-to-date: /home/yixin/ros2_ws/install/turtlesim/lib/python3.12/site-packages/turtlesim/action
[2.560s] -- Up-to-date: /home/yixin/ros2_ws/install/turtlesim/lib/python3.12/site-packages/turtlesim/action/_rotate_absolute.py
[2.560s] -- Up-to-date: /home/yixin/ros2_ws/install/turtlesim/lib/python3.12/site-packages/turtlesim/action/__init__.py
[2.560s] -- Up-to-date: /home/yixin/ros2_ws/install/turtlesim/lib/python3.12/site-packages/turtlesim/action/_rotate_absolute_s.c
[2.560s] -- Up-to-date: /home/yixin/ros2_ws/install/turtlesim/lib/python3.12/site-packages/turtlesim/msg
[2.560s] -- Up-to-date: /home/yixin/ros2_ws/install/turtlesim/lib/python3.12/site-packages/turtlesim/msg/_pose.py
[2.561s] -- Up-to-date: /home/yixin/ros2_ws/install/turtlesim/lib/python3.12/site-packages/turtlesim/msg/_pose_s.c
[2.561s] -- Up-to-date: /home/yixin/ros2_ws/install/turtlesim/lib/python3.12/site-packages/turtlesim/msg/__init__.py
[2.562s] -- Up-to-date: /home/yixin/ros2_ws/install/turtlesim/lib/python3.12/site-packages/turtlesim/msg/_color_s.c
[2.562s] -- Up-to-date: /home/yixin/ros2_ws/install/turtlesim/lib/python3.12/site-packages/turtlesim/msg/_color.py
[2.562s] -- Up-to-date: /home/yixin/ros2_ws/install/turtlesim/lib/python3.12/site-packages/turtlesim/turtlesim_s__rosidl_typesupport_fastrtps_c.so
[2.562s] -- Up-to-date: /home/yixin/ros2_ws/install/turtlesim/lib/python3.12/site-packages/turtlesim/_turtlesim_s.ep.rosidl_typesupport_introspection_c.c
[2.562s] -- Up-to-date: /home/yixin/ros2_ws/install/turtlesim/lib/python3.12/site-packages/turtlesim/turtlesim_s__rosidl_typesupport_introspection_c.so
[2.562s] -- Up-to-date: /home/yixin/ros2_ws/install/turtlesim/lib/python3.12/site-packages/turtlesim/srv
[2.562s] -- Up-to-date: /home/yixin/ros2_ws/install/turtlesim/lib/python3.12/site-packages/turtlesim/srv/_kill.py
[2.562s] -- Up-to-date: /home/yixin/ros2_ws/install/turtlesim/lib/python3.12/site-packages/turtlesim/srv/_spawn.py
[2.564s] -- Up-to-date: /home/yixin/ros2_ws/install/turtlesim/lib/python3.12/site-packages/turtlesim/srv/_teleport_absolute.py
[2.564s] -- Up-to-date: /home/yixin/ros2_ws/install/turtlesim/lib/python3.12/site-packages/turtlesim/srv/_kill_s.c
[2.564s] -- Up-to-date: /home/yixin/ros2_ws/install/turtlesim/lib/python3.12/site-packages/turtlesim/srv/_teleport_absolute_s.c
[2.564s] -- Up-to-date: /home/yixin/ros2_ws/install/turtlesim/lib/python3.12/site-packages/turtlesim/srv/_set_pen.py
[2.564s] -- Up-to-date: /home/yixin/ros2_ws/install/turtlesim/lib/python3.12/site-packages/turtlesim/srv/_spawn_s.c
[2.564s] -- Up-to-date: /home/yixin/ros2_ws/install/turtlesim/lib/python3.12/site-packages/turtlesim/srv/__init__.py
[2.565s] -- Up-to-date: /home/yixin/ros2_ws/install/turtlesim/lib/python3.12/site-packages/turtlesim/srv/_set_pen_s.c
[2.565s] -- Up-to-date: /home/yixin/ros2_ws/install/turtlesim/lib/python3.12/site-packages/turtlesim/srv/_teleport_relative_s.c
[2.565s] -- Up-to-date: /home/yixin/ros2_ws/install/turtlesim/lib/python3.12/site-packages/turtlesim/srv/_teleport_relative.py
[2.630s] Listing '/home/yixin/ros2_ws/install/turtlesim/lib/python3.12/site-packages/turtlesim'...
[2.630s] Listing '/home/yixin/ros2_ws/install/turtlesim/lib/python3.12/site-packages/turtlesim/action'...
[2.631s] Listing '/home/yixin/ros2_ws/install/turtlesim/lib/python3.12/site-packages/turtlesim/msg'...
[2.631s] Listing '/home/yixin/ros2_ws/install/turtlesim/lib/python3.12/site-packages/turtlesim/srv'...
[2.662s] -- Up-to-date: /home/yixin/ros2_ws/install/turtlesim/lib/python3.12/site-packages/turtlesim/turtlesim_s__rosidl_typesupport_fastrtps_c.so
[2.663s] -- Up-to-date: /home/yixin/ros2_ws/install/turtlesim/lib/python3.12/site-packages/turtlesim/turtlesim_s__rosidl_typesupport_introspection_c.so
[2.663s] -- Up-to-date: /home/yixin/ros2_ws/install/turtlesim/lib/python3.12/site-packages/turtlesim/turtlesim_s__rosidl_typesupport_c.so
[2.663s] -- Up-to-date: /home/yixin/ros2_ws/install/turtlesim/lib/libturtlesim__rosidl_generator_py.so
[2.663s] -- Up-to-date: /home/yixin/ros2_ws/install/turtlesim/share/turtlesim/action/RotateAbsolute.idl
[2.663s] -- Up-to-date: /home/yixin/ros2_ws/install/turtlesim/share/turtlesim/msg/Color.idl
[2.663s] -- Up-to-date: /home/yixin/ros2_ws/install/turtlesim/share/turtlesim/msg/Pose.idl
[2.663s] -- Up-to-date: /home/yixin/ros2_ws/install/turtlesim/share/turtlesim/srv/Kill.idl
[2.663s] -- Up-to-date: /home/yixin/ros2_ws/install/turtlesim/share/turtlesim/srv/SetPen.idl
[2.664s] -- Up-to-date: /home/yixin/ros2_ws/install/turtlesim/share/turtlesim/srv/Spawn.idl
[2.665s] -- Up-to-date: /home/yixin/ros2_ws/install/turtlesim/share/turtlesim/srv/TeleportAbsolute.idl
[2.665s] -- Up-to-date: /home/yixin/ros2_ws/install/turtlesim/share/turtlesim/srv/TeleportRelative.idl
[2.665s] -- Up-to-date: /home/yixin/ros2_ws/install/turtlesim/share/turtlesim/action/RotateAbsolute.action
[2.666s] -- Up-to-date: /home/yixin/ros2_ws/install/turtlesim/share/turtlesim/msg/Color.msg
[2.666s] -- Up-to-date: /home/yixin/ros2_ws/install/turtlesim/share/turtlesim/msg/Pose.msg
[2.666s] -- Up-to-date: /home/yixin/ros2_ws/install/turtlesim/share/turtlesim/srv/Kill.srv
[2.666s] -- Up-to-date: /home/yixin/ros2_ws/install/turtlesim/share/turtlesim/srv/SetPen.srv
[2.666s] -- Up-to-date: /home/yixin/ros2_ws/install/turtlesim/share/turtlesim/srv/Spawn.srv
[2.666s] -- Up-to-date: /home/yixin/ros2_ws/install/turtlesim/share/turtlesim/srv/TeleportAbsolute.srv
[2.666s] -- Up-to-date: /home/yixin/ros2_ws/install/turtlesim/share/turtlesim/srv/TeleportRelative.srv
[2.667s] -- Up-to-date: /home/yixin/ros2_ws/install/turtlesim/lib/turtlesim/turtlesim_node
[2.668s] -- Up-to-date: /home/yixin/ros2_ws/install/turtlesim/lib/turtlesim/turtle_teleop_key
[2.669s] -- Up-to-date: /home/yixin/ros2_ws/install/turtlesim/lib/turtlesim/draw_square
[2.669s] -- Up-to-date: /home/yixin/ros2_ws/install/turtlesim/lib/turtlesim/mimic
[2.670s] -- Up-to-date: /home/yixin/ros2_ws/install/turtlesim/share/turtlesim/images
[2.670s] -- Up-to-date: /home/yixin/ros2_ws/install/turtlesim/share/turtlesim/images/dashing.png
[2.671s] -- Up-to-date: /home/yixin/ros2_ws/install/turtlesim/share/turtlesim/images/ardent.png
[2.671s] -- Up-to-date: /home/yixin/ros2_ws/install/turtlesim/share/turtlesim/images/crystal.png
[2.675s] -- Up-to-date: /home/yixin/ros2_ws/install/turtlesim/share/turtlesim/images/eloquent.png
[2.676s] -- Up-to-date: /home/yixin/ros2_ws/install/turtlesim/share/turtlesim/images/bouncy.png
[2.676s] -- Up-to-date: /home/yixin/ros2_ws/install/turtlesim/share/turtlesim/images/galactic.png
[2.676s] -- Up-to-date: /home/yixin/ros2_ws/install/turtlesim/share/turtlesim/images/rolling.png
[2.676s] -- Up-to-date: /home/yixin/ros2_ws/install/turtlesim/share/turtlesim/images/humble.png
[2.676s] -- Up-to-date: /home/yixin/ros2_ws/install/turtlesim/share/turtlesim/images/foxy.png
[2.676s] -- Up-to-date: /home/yixin/ros2_ws/install/turtlesim/share/turtlesim/images/jazzy.png
[2.676s] -- Up-to-date: /home/yixin/ros2_ws/install/turtlesim/share/turtlesim/images/iron.png
[2.676s] -- Up-to-date: /home/yixin/ros2_ws/install/turtlesim/share/turtlesim/launch
[2.676s] -- Up-to-date: /home/yixin/ros2_ws/install/turtlesim/share/turtlesim/launch/multisim.launch.py
[2.676s] -- Up-to-date: /home/yixin/ros2_ws/install/turtlesim/share/ament_index/resource_index/package_run_dependencies/turtlesim
[2.676s] -- Up-to-date: /home/yixin/ros2_ws/install/turtlesim/share/ament_index/resource_index/parent_prefix_path/turtlesim
[2.676s] -- Up-to-date: /home/yixin/ros2_ws/install/turtlesim/share/turtlesim/environment/ament_prefix_path.sh
[2.677s] -- Up-to-date: /home/yixin/ros2_ws/install/turtlesim/share/turtlesim/environment/ament_prefix_path.dsv
[2.677s] -- Up-to-date: /home/yixin/ros2_ws/install/turtlesim/share/turtlesim/environment/path.sh
[2.677s] -- Up-to-date: /home/yixin/ros2_ws/install/turtlesim/share/turtlesim/environment/path.dsv
[2.677s] -- Up-to-date: /home/yixin/ros2_ws/install/turtlesim/share/turtlesim/local_setup.bash
[2.677s] -- Up-to-date: /home/yixin/ros2_ws/install/turtlesim/share/turtlesim/local_setup.sh
[2.677s] -- Up-to-date: /home/yixin/ros2_ws/install/turtlesim/share/turtlesim/local_setup.zsh
[2.677s] -- Up-to-date: /home/yixin/ros2_ws/install/turtlesim/share/turtlesim/local_setup.dsv
[2.677s] -- Up-to-date: /home/yixin/ros2_ws/install/turtlesim/share/turtlesim/package.dsv
[2.677s] -- Up-to-date: /home/yixin/ros2_ws/install/turtlesim/share/ament_index/resource_index/packages/turtlesim
[2.677s] -- Up-to-date: /home/yixin/ros2_ws/install/turtlesim/share/turtlesim/cmake/export_turtlesim__rosidl_generator_cExport.cmake
[2.677s] -- Up-to-date: /home/yixin/ros2_ws/install/turtlesim/share/turtlesim/cmake/export_turtlesim__rosidl_generator_cExport-noconfig.cmake
[2.677s] -- Up-to-date: /home/yixin/ros2_ws/install/turtlesim/share/turtlesim/cmake/export_turtlesim__rosidl_typesupport_fastrtps_cExport.cmake
[2.678s] -- Up-to-date: /home/yixin/ros2_ws/install/turtlesim/share/turtlesim/cmake/export_turtlesim__rosidl_typesupport_fastrtps_cExport-noconfig.cmake
[2.678s] -- Up-to-date: /home/yixin/ros2_ws/install/turtlesim/share/turtlesim/cmake/export_turtlesim__rosidl_generator_cppExport.cmake
[2.678s] -- Up-to-date: /home/yixin/ros2_ws/install/turtlesim/share/turtlesim/cmake/export_turtlesim__rosidl_typesupport_fastrtps_cppExport.cmake
[2.678s] -- Up-to-date: /home/yixin/ros2_ws/install/turtlesim/share/turtlesim/cmake/export_turtlesim__rosidl_typesupport_fastrtps_cppExport-noconfig.cmake
[2.678s] -- Up-to-date: /home/yixin/ros2_ws/install/turtlesim/share/turtlesim/cmake/turtlesim__rosidl_typesupport_introspection_cExport.cmake
[2.680s] -- Up-to-date: /home/yixin/ros2_ws/install/turtlesim/share/turtlesim/cmake/turtlesim__rosidl_typesupport_introspection_cExport-noconfig.cmake
[2.680s] -- Up-to-date: /home/yixin/ros2_ws/install/turtlesim/share/turtlesim/cmake/turtlesim__rosidl_typesupport_cExport.cmake
[2.680s] -- Up-to-date: /home/yixin/ros2_ws/install/turtlesim/share/turtlesim/cmake/turtlesim__rosidl_typesupport_cExport-noconfig.cmake
[2.680s] -- Up-to-date: /home/yixin/ros2_ws/install/turtlesim/share/turtlesim/cmake/turtlesim__rosidl_typesupport_introspection_cppExport.cmake
[2.680s] -- Up-to-date: /home/yixin/ros2_ws/install/turtlesim/share/turtlesim/cmake/turtlesim__rosidl_typesupport_introspection_cppExport-noconfig.cmake
[2.680s] -- Up-to-date: /home/yixin/ros2_ws/install/turtlesim/share/turtlesim/cmake/turtlesim__rosidl_typesupport_cppExport.cmake
[2.680s] -- Up-to-date: /home/yixin/ros2_ws/install/turtlesim/share/turtlesim/cmake/turtlesim__rosidl_typesupport_cppExport-noconfig.cmake
[2.680s] -- Up-to-date: /home/yixin/ros2_ws/install/turtlesim/share/turtlesim/cmake/export_turtlesim__rosidl_generator_pyExport.cmake
[2.680s] -- Up-to-date: /home/yixin/ros2_ws/install/turtlesim/share/turtlesim/cmake/export_turtlesim__rosidl_generator_pyExport-noconfig.cmake
[2.680s] -- Up-to-date: /home/yixin/ros2_ws/install/turtlesim/share/turtlesim/cmake/rosidl_cmake-extras.cmake
[2.681s] -- Up-to-date: /home/yixin/ros2_ws/install/turtlesim/share/turtlesim/cmake/ament_cmake_export_dependencies-extras.cmake
[2.681s] -- Up-to-date: /home/yixin/ros2_ws/install/turtlesim/share/turtlesim/cmake/ament_cmake_export_include_directories-extras.cmake
[2.681s] -- Up-to-date: /home/yixin/ros2_ws/install/turtlesim/share/turtlesim/cmake/ament_cmake_export_libraries-extras.cmake
[2.681s] -- Up-to-date: /home/yixin/ros2_ws/install/turtlesim/share/turtlesim/cmake/ament_cmake_export_targets-extras.cmake
[2.681s] -- Up-to-date: /home/yixin/ros2_ws/install/turtlesim/share/turtlesim/cmake/rosidl_cmake_export_typesupport_targets-extras.cmake
[2.681s] -- Up-to-date: /home/yixin/ros2_ws/install/turtlesim/share/turtlesim/cmake/rosidl_cmake_export_typesupport_libraries-extras.cmake
[2.681s] -- Up-to-date: /home/yixin/ros2_ws/install/turtlesim/share/turtlesim/cmake/turtlesimConfig.cmake
[2.681s] -- Up-to-date: /home/yixin/ros2_ws/install/turtlesim/share/turtlesim/cmake/turtlesimConfig-version.cmake
[2.681s] -- Up-to-date: /home/yixin/ros2_ws/install/turtlesim/share/turtlesim/package.xml
[2.693s] Invoked command in '/home/yixin/ros2_ws/build/turtlesim' returned '0': CMAKE_PREFIX_PATH=${CMAKE_PREFIX_PATH}:/home/yixin/ros2_ws/install/py_srvcli:/home/yixin/ros2_ws/install/py_pubsub:/home/yixin/ros2_ws/install/python_parameters:/home/yixin/ros2_ws/install/my_python_package:/home/yixin/ros2_ws/install/launch_testing_examples:/home/yixin/ros2_ws/install/examples_rclpy_pointcloud_publisher:/home/yixin/ros2_ws/install/examples_rclpy_minimal_subscriber:/home/yixin/ros2_ws/install/examples_rclpy_minimal_service:/home/yixin/ros2_ws/install/examples_rclpy_minimal_publisher:/home/yixin/ros2_ws/install/examples_rclpy_minimal_client:/home/yixin/ros2_ws/install/examples_rclpy_minimal_action_server:/home/yixin/ros2_ws/install/examples_rclpy_minimal_action_client:/home/yixin/ros2_ws/install/examples_rclpy_guard_conditions:/home/yixin/ros2_ws/install/examples_rclpy_executors:/opt/ros/jazzy DEBUGINFOD_URLS=https://debuginfod.ubuntu.com /usr/bin/cmake --install /home/yixin/ros2_ws/build/turtlesim
