[0.083s] Invoking command in '/home/yixin/ros2_ws/build/examples_rclcpp_async_client': CMAKE_PREFIX_PATH=${CMAKE_PREFIX_PATH}:/opt/ros/jazzy DEBUGINFOD_URLS=https://debuginfod.ubuntu.com /usr/bin/cmake /home/yixin/ros2_ws/src/examples/rclcpp/services/async_client -DAMENT_CMAKE_SYMLINK_INSTALL=1 -DCMAKE_INSTALL_PREFIX=/home/yixin/ros2_ws/install/examples_rclcpp_async_client
[0.302s] -- The C compiler identification is GNU 13.3.0
[0.537s] -- The CXX compiler identification is GNU 13.3.0
[0.601s] -- Detecting C compiler ABI info
[0.955s] -- Detecting C compiler ABI info - done
[1.002s] -- Check for working C compiler: /usr/bin/cc - skipped
[1.003s] -- Detecting C compile features
[1.004s] -- Detecting C compile features - done
[1.040s] -- Detecting CXX compiler ABI info
[1.434s] -- Detecting CXX compiler ABI info - done
[1.475s] -- Check for working CXX compiler: /usr/bin/c++ - skipped
[1.476s] -- Detecting CXX compile features
[1.480s] -- Detecting CXX compile features - done
[1.490s] -- Found ament_cmake: 2.5.5 (/opt/ros/jazzy/share/ament_cmake/cmake)
[2.052s] -- Found Python3: /usr/bin/python3 (found version "3.12.3") found components: Interpreter 
[2.353s] -- Override CMake install command with custom implementation using symlinks instead of copying resources
[2.485s] -- Found example_interfaces: 0.12.0 (/opt/ros/jazzy/share/example_interfaces/cmake)
[2.659s] -- Found rosidl_generator_c: 4.6.7 (/opt/ros/jazzy/share/rosidl_generator_c/cmake)
[2.719s] -- Found rosidl_generator_cpp: 4.6.7 (/opt/ros/jazzy/share/rosidl_generator_cpp/cmake)
[2.792s] -- Using all available rosidl_typesupport_c: rosidl_typesupport_fastrtps_c;rosidl_typesupport_introspection_c
[2.873s] -- Using all available rosidl_typesupport_cpp: rosidl_typesupport_fastrtps_cpp;rosidl_typesupport_introspection_cpp
[3.256s] -- Found rclcpp: 28.1.16 (/opt/ros/jazzy/share/rclcpp/cmake)
[3.461s] -- Found rmw_implementation_cmake: 7.3.3 (/opt/ros/jazzy/share/rmw_implementation_cmake/cmake)
[3.474s] -- Found rmw_fastrtps_cpp: 8.4.3 (/opt/ros/jazzy/share/rmw_fastrtps_cpp/cmake)
[3.821s] -- Found OpenSSL: /usr/lib/x86_64-linux-gnu/libcrypto.so (found version "3.0.13")  
[3.902s] -- Found FastRTPS: /opt/ros/jazzy/include (Required is at least version "2.13") 
[3.998s] -- Using RMW implementation 'rmw_fastrtps_cpp' as default
[4.317s] -- Found ament_lint_auto: 0.17.4 (/opt/ros/jazzy/share/ament_lint_auto/cmake)
[4.772s] -- Added test 'copyright' to check source files copyright and LICENSE
[4.776s] -- Added test 'cppcheck' to perform static code analysis on C / C++ code
[4.780s] -- Configured cppcheck include dirs: 
[4.780s] -- Configured cppcheck exclude dirs and/or files: 
[4.780s] -- Added test 'cpplint' to check C / C++ code against the Google style
[4.781s] -- Configured cpplint exclude dirs and/or files: 
[4.782s] -- Added test 'lint_cmake' to check CMake code style
[4.786s] -- Added test 'uncrustify' to check C / C++ code style
[4.786s] -- Configured uncrustify additional arguments: 
[4.790s] -- Added test 'xmllint' to check XML markup files
[4.795s] -- Configuring done (4.7s)
[4.844s] -- Generating done (0.0s)
[4.859s] -- Build files have been written to: /home/yixin/ros2_ws/build/examples_rclcpp_async_client
[4.949s] Invoked command in '/home/yixin/ros2_ws/build/examples_rclcpp_async_client' returned '0': CMAKE_PREFIX_PATH=${CMAKE_PREFIX_PATH}:/opt/ros/jazzy DEBUGINFOD_URLS=https://debuginfod.ubuntu.com /usr/bin/cmake /home/yixin/ros2_ws/src/examples/rclcpp/services/async_client -DAMENT_CMAKE_SYMLINK_INSTALL=1 -DCMAKE_INSTALL_PREFIX=/home/yixin/ros2_ws/install/examples_rclcpp_async_client
[4.951s] Invoking command in '/home/yixin/ros2_ws/build/examples_rclcpp_async_client': CMAKE_PREFIX_PATH=${CMAKE_PREFIX_PATH}:/opt/ros/jazzy DEBUGINFOD_URLS=https://debuginfod.ubuntu.com /usr/bin/cmake --build /home/yixin/ros2_ws/build/examples_rclcpp_async_client -- -j8 -l8
[5.160s] [ 50%] [32mBuilding CXX object CMakeFiles/client_main.dir/main.cpp.o[0m
[27.426s] [100%] [32m[1mLinking CXX executable client_main[0m
[29.004s] [100%] Built target client_main
[29.081s] Invoked command in '/home/yixin/ros2_ws/build/examples_rclcpp_async_client' returned '0': CMAKE_PREFIX_PATH=${CMAKE_PREFIX_PATH}:/opt/ros/jazzy DEBUGINFOD_URLS=https://debuginfod.ubuntu.com /usr/bin/cmake --build /home/yixin/ros2_ws/build/examples_rclcpp_async_client -- -j8 -l8
[29.141s] Invoking command in '/home/yixin/ros2_ws/build/examples_rclcpp_async_client': CMAKE_PREFIX_PATH=${CMAKE_PREFIX_PATH}:/opt/ros/jazzy DEBUGINFOD_URLS=https://debuginfod.ubuntu.com /usr/bin/cmake --install /home/yixin/ros2_ws/build/examples_rclcpp_async_client
[31.128s] -- Install configuration: ""
[31.138s] -- Execute custom install script
[31.139s] -- Symlinking: /home/yixin/ros2_ws/install/examples_rclcpp_async_client/lib/examples_rclcpp_async_client/client_main
[31.139s] -- Symlinking: /home/yixin/ros2_ws/install/examples_rclcpp_async_client/share/ament_index/resource_index/package_run_dependencies/examples_rclcpp_async_client
[31.139s] -- Symlinking: /home/yixin/ros2_ws/install/examples_rclcpp_async_client/share/ament_index/resource_index/parent_prefix_path/examples_rclcpp_async_client
[31.139s] -- Symlinking: /home/yixin/ros2_ws/install/examples_rclcpp_async_client/share/examples_rclcpp_async_client/environment/ament_prefix_path.sh
[31.139s] -- Symlinking: /home/yixin/ros2_ws/install/examples_rclcpp_async_client/share/examples_rclcpp_async_client/environment/ament_prefix_path.dsv
[31.139s] -- Symlinking: /home/yixin/ros2_ws/install/examples_rclcpp_async_client/share/examples_rclcpp_async_client/environment/path.sh
[31.139s] -- Symlinking: /home/yixin/ros2_ws/install/examples_rclcpp_async_client/share/examples_rclcpp_async_client/environment/path.dsv
[31.139s] -- Symlinking: /home/yixin/ros2_ws/install/examples_rclcpp_async_client/share/examples_rclcpp_async_client/local_setup.bash
[31.140s] -- Symlinking: /home/yixin/ros2_ws/install/examples_rclcpp_async_client/share/examples_rclcpp_async_client/local_setup.sh
[31.140s] -- Symlinking: /home/yixin/ros2_ws/install/examples_rclcpp_async_client/share/examples_rclcpp_async_client/local_setup.zsh
[31.140s] -- Symlinking: /home/yixin/ros2_ws/install/examples_rclcpp_async_client/share/examples_rclcpp_async_client/local_setup.dsv
[31.140s] -- Symlinking: /home/yixin/ros2_ws/install/examples_rclcpp_async_client/share/examples_rclcpp_async_client/package.dsv
[31.140s] -- Symlinking: /home/yixin/ros2_ws/install/examples_rclcpp_async_client/share/ament_index/resource_index/packages/examples_rclcpp_async_client
[31.140s] -- Symlinking: /home/yixin/ros2_ws/install/examples_rclcpp_async_client/share/examples_rclcpp_async_client/cmake/examples_rclcpp_async_clientConfig.cmake
[31.140s] -- Symlinking: /home/yixin/ros2_ws/install/examples_rclcpp_async_client/share/examples_rclcpp_async_client/cmake/examples_rclcpp_async_clientConfig-version.cmake
[31.140s] -- Symlinking: /home/yixin/ros2_ws/install/examples_rclcpp_async_client/share/examples_rclcpp_async_client/package.xml
[31.299s] Invoked command in '/home/yixin/ros2_ws/build/examples_rclcpp_async_client' returned '0': CMAKE_PREFIX_PATH=${CMAKE_PREFIX_PATH}:/opt/ros/jazzy DEBUGINFOD_URLS=https://debuginfod.ubuntu.com /usr/bin/cmake --install /home/yixin/ros2_ws/build/examples_rclcpp_async_client
