[0.246s] Invoking command in '/home/yixin/ros2_ws/build/custom_action_interfaces': CMAKE_PREFIX_PATH=${CMAKE_PREFIX_PATH}:/home/yixin/ros2_ws/install/py_srvcli:/home/yixin/ros2_ws/install/py_pubsub:/home/yixin/ros2_ws/install/python_parameters:/home/yixin/ros2_ws/install/my_python_package:/home/yixin/ros2_ws/install/launch_testing_examples:/home/yixin/ros2_ws/install/examples_rclpy_pointcloud_publisher:/home/yixin/ros2_ws/install/examples_rclpy_minimal_subscriber:/home/yixin/ros2_ws/install/examples_rclpy_minimal_service:/home/yixin/ros2_ws/install/examples_rclpy_minimal_publisher:/home/yixin/ros2_ws/install/examples_rclpy_minimal_client:/home/yixin/ros2_ws/install/examples_rclpy_minimal_action_server:/home/yixin/ros2_ws/install/examples_rclpy_minimal_action_client:/home/yixin/ros2_ws/install/examples_rclpy_guard_conditions:/home/yixin/ros2_ws/install/examples_rclpy_executors:/opt/ros/jazzy DEBUGINFOD_URLS=https://debuginfod.ubuntu.com /usr/bin/cmake --build /home/yixin/ros2_ws/build/custom_action_interfaces -- -j8 -l8
[0.638s] [  2%] Built target custom_action_interfaces__rosidl_generator_type_description
[0.796s] [  2%] Built target ament_cmake_python_copy_custom_action_interfaces
[0.884s] [  5%] Built target custom_action_interfaces__cpp
[0.903s] [ 20%] Built target custom_action_interfaces__rosidl_generator_c
[1.170s] [ 29%] Built target custom_action_interfaces__rosidl_typesupport_introspection_cpp
[1.170s] [ 38%] Built target custom_action_interfaces__rosidl_typesupport_fastrtps_cpp
[1.198s] [ 47%] Built target custom_action_interfaces__rosidl_typesupport_fastrtps_c
[1.198s] [ 55%] Built target custom_action_interfaces__rosidl_typesupport_introspection_c
[1.200s] [ 64%] Built target custom_action_interfaces__rosidl_typesupport_cpp
[1.219s] [ 73%] Built target custom_action_interfaces__rosidl_typesupport_c
[1.321s] [ 73%] Built target custom_action_interfaces
[1.430s] [ 76%] Built target custom_action_interfaces__py
[1.624s] [ 82%] Built target custom_action_interfaces__rosidl_generator_py
[1.778s] [ 88%] Built target custom_action_interfaces_s__rosidl_typesupport_fastrtps_c
[1.829s] [ 97%] Built target custom_action_interfaces_s__rosidl_typesupport_c
[1.829s] [100%] Built target custom_action_interfaces_s__rosidl_typesupport_introspection_c
[2.144s] running egg_info
[2.300s] writing custom_action_interfaces.egg-info/PKG-INFO
[2.302s] writing dependency_links to custom_action_interfaces.egg-info/dependency_links.txt
[2.305s] writing top-level names to custom_action_interfaces.egg-info/top_level.txt
[2.837s] reading manifest file 'custom_action_interfaces.egg-info/SOURCES.txt'
[2.858s] writing manifest file 'custom_action_interfaces.egg-info/SOURCES.txt'
[2.971s] [100%] Built target ament_cmake_python_build_custom_action_interfaces_egg
[4.088s] Invoked command in '/home/yixin/ros2_ws/build/custom_action_interfaces' returned '0': CMAKE_PREFIX_PATH=${CMAKE_PREFIX_PATH}:/home/yixin/ros2_ws/install/py_srvcli:/home/yixin/ros2_ws/install/py_pubsub:/home/yixin/ros2_ws/install/python_parameters:/home/yixin/ros2_ws/install/my_python_package:/home/yixin/ros2_ws/install/launch_testing_examples:/home/yixin/ros2_ws/install/examples_rclpy_pointcloud_publisher:/home/yixin/ros2_ws/install/examples_rclpy_minimal_subscriber:/home/yixin/ros2_ws/install/examples_rclpy_minimal_service:/home/yixin/ros2_ws/install/examples_rclpy_minimal_publisher:/home/yixin/ros2_ws/install/examples_rclpy_minimal_client:/home/yixin/ros2_ws/install/examples_rclpy_minimal_action_server:/home/yixin/ros2_ws/install/examples_rclpy_minimal_action_client:/home/yixin/ros2_ws/install/examples_rclpy_guard_conditions:/home/yixin/ros2_ws/install/examples_rclpy_executors:/opt/ros/jazzy DEBUGINFOD_URLS=https://debuginfod.ubuntu.com /usr/bin/cmake --build /home/yixin/ros2_ws/build/custom_action_interfaces -- -j8 -l8
[4.091s] Invoking command in '/home/yixin/ros2_ws/build/custom_action_interfaces': CMAKE_PREFIX_PATH=${CMAKE_PREFIX_PATH}:/home/yixin/ros2_ws/install/py_srvcli:/home/yixin/ros2_ws/install/py_pubsub:/home/yixin/ros2_ws/install/python_parameters:/home/yixin/ros2_ws/install/my_python_package:/home/yixin/ros2_ws/install/launch_testing_examples:/home/yixin/ros2_ws/install/examples_rclpy_pointcloud_publisher:/home/yixin/ros2_ws/install/examples_rclpy_minimal_subscriber:/home/yixin/ros2_ws/install/examples_rclpy_minimal_service:/home/yixin/ros2_ws/install/examples_rclpy_minimal_publisher:/home/yixin/ros2_ws/install/examples_rclpy_minimal_client:/home/yixin/ros2_ws/install/examples_rclpy_minimal_action_server:/home/yixin/ros2_ws/install/examples_rclpy_minimal_action_client:/home/yixin/ros2_ws/install/examples_rclpy_guard_conditions:/home/yixin/ros2_ws/install/examples_rclpy_executors:/opt/ros/jazzy DEBUGINFOD_URLS=https://debuginfod.ubuntu.com /usr/bin/cmake --install /home/yixin/ros2_ws/build/custom_action_interfaces
[4.127s] -- Install configuration: ""
[4.129s] -- Up-to-date: /home/yixin/ros2_ws/install/custom_action_interfaces/share/ament_index/resource_index/rosidl_interfaces/custom_action_interfaces
[4.129s] -- Up-to-date: /home/yixin/ros2_ws/install/custom_action_interfaces/share/custom_action_interfaces/action/Fibonacci.json
[4.130s] -- Up-to-date: /home/yixin/ros2_ws/install/custom_action_interfaces/include/custom_action_interfaces/custom_action_interfaces
[4.137s] -- Up-to-date: /home/yixin/ros2_ws/install/custom_action_interfaces/include/custom_action_interfaces/custom_action_interfaces/action
[4.141s] -- Up-to-date: /home/yixin/ros2_ws/install/custom_action_interfaces/include/custom_action_interfaces/custom_action_interfaces/action/detail
[4.147s] -- Up-to-date: /home/yixin/ros2_ws/install/custom_action_interfaces/include/custom_action_interfaces/custom_action_interfaces/action/detail/fibonacci__functions.c
[4.147s] -- Up-to-date: /home/yixin/ros2_ws/install/custom_action_interfaces/include/custom_action_interfaces/custom_action_interfaces/action/detail/fibonacci__type_support.h
[4.147s] -- Up-to-date: /home/yixin/ros2_ws/install/custom_action_interfaces/include/custom_action_interfaces/custom_action_interfaces/action/detail/fibonacci__struct.h
[4.148s] -- Up-to-date: /home/yixin/ros2_ws/install/custom_action_interfaces/include/custom_action_interfaces/custom_action_interfaces/action/detail/fibonacci__type_support.c
[4.148s] -- Up-to-date: /home/yixin/ros2_ws/install/custom_action_interfaces/include/custom_action_interfaces/custom_action_interfaces/action/detail/fibonacci__description.c
[4.148s] -- Up-to-date: /home/yixin/ros2_ws/install/custom_action_interfaces/include/custom_action_interfaces/custom_action_interfaces/action/detail/fibonacci__functions.h
[4.148s] -- Up-to-date: /home/yixin/ros2_ws/install/custom_action_interfaces/include/custom_action_interfaces/custom_action_interfaces/action/fibonacci.h
[4.149s] -- Up-to-date: /home/yixin/ros2_ws/install/custom_action_interfaces/include/custom_action_interfaces/custom_action_interfaces/msg
[4.149s] -- Up-to-date: /home/yixin/ros2_ws/install/custom_action_interfaces/include/custom_action_interfaces/custom_action_interfaces/msg/rosidl_generator_c__visibility_control.h
[4.149s] -- Up-to-date: /home/yixin/ros2_ws/install/custom_action_interfaces/share/custom_action_interfaces/environment/library_path.sh
[4.149s] -- Up-to-date: /home/yixin/ros2_ws/install/custom_action_interfaces/share/custom_action_interfaces/environment/library_path.dsv
[4.154s] -- Up-to-date: /home/yixin/ros2_ws/install/custom_action_interfaces/lib/libcustom_action_interfaces__rosidl_generator_c.so
[4.155s] -- Up-to-date: /home/yixin/ros2_ws/install/custom_action_interfaces/include/custom_action_interfaces/custom_action_interfaces
[4.155s] -- Up-to-date: /home/yixin/ros2_ws/install/custom_action_interfaces/include/custom_action_interfaces/custom_action_interfaces/action
[4.155s] -- Up-to-date: /home/yixin/ros2_ws/install/custom_action_interfaces/include/custom_action_interfaces/custom_action_interfaces/action/detail
[4.156s] -- Up-to-date: /home/yixin/ros2_ws/install/custom_action_interfaces/include/custom_action_interfaces/custom_action_interfaces/action/detail/fibonacci__rosidl_typesupport_fastrtps_c.h
[4.156s] -- Up-to-date: /home/yixin/ros2_ws/install/custom_action_interfaces/include/custom_action_interfaces/custom_action_interfaces/msg
[4.156s] -- Up-to-date: /home/yixin/ros2_ws/install/custom_action_interfaces/include/custom_action_interfaces/custom_action_interfaces/msg/rosidl_typesupport_fastrtps_c__visibility_control.h
[4.161s] -- Up-to-date: /home/yixin/ros2_ws/install/custom_action_interfaces/lib/libcustom_action_interfaces__rosidl_typesupport_fastrtps_c.so
[4.169s] -- Up-to-date: /home/yixin/ros2_ws/install/custom_action_interfaces/include/custom_action_interfaces/custom_action_interfaces
[4.169s] -- Up-to-date: /home/yixin/ros2_ws/install/custom_action_interfaces/include/custom_action_interfaces/custom_action_interfaces/action
[4.170s] -- Up-to-date: /home/yixin/ros2_ws/install/custom_action_interfaces/include/custom_action_interfaces/custom_action_interfaces/action/detail
[4.171s] -- Up-to-date: /home/yixin/ros2_ws/install/custom_action_interfaces/include/custom_action_interfaces/custom_action_interfaces/action/detail/fibonacci__rosidl_typesupport_introspection_c.h
[4.171s] -- Up-to-date: /home/yixin/ros2_ws/install/custom_action_interfaces/include/custom_action_interfaces/custom_action_interfaces/action/detail/fibonacci__type_support.c
[4.172s] -- Up-to-date: /home/yixin/ros2_ws/install/custom_action_interfaces/include/custom_action_interfaces/custom_action_interfaces/msg
[4.179s] -- Up-to-date: /home/yixin/ros2_ws/install/custom_action_interfaces/include/custom_action_interfaces/custom_action_interfaces/msg/rosidl_typesupport_introspection_c__visibility_control.h
[4.179s] -- Up-to-date: /home/yixin/ros2_ws/install/custom_action_interfaces/lib/libcustom_action_interfaces__rosidl_typesupport_introspection_c.so
[4.188s] -- Up-to-date: /home/yixin/ros2_ws/install/custom_action_interfaces/lib/libcustom_action_interfaces__rosidl_typesupport_c.so
[4.189s] -- Up-to-date: /home/yixin/ros2_ws/install/custom_action_interfaces/include/custom_action_interfaces/custom_action_interfaces
[4.189s] -- Up-to-date: /home/yixin/ros2_ws/install/custom_action_interfaces/include/custom_action_interfaces/custom_action_interfaces/action
[4.189s] -- Up-to-date: /home/yixin/ros2_ws/install/custom_action_interfaces/include/custom_action_interfaces/custom_action_interfaces/action/detail
[4.189s] -- Up-to-date: /home/yixin/ros2_ws/install/custom_action_interfaces/include/custom_action_interfaces/custom_action_interfaces/action/detail/fibonacci__traits.hpp
[4.191s] -- Up-to-date: /home/yixin/ros2_ws/install/custom_action_interfaces/include/custom_action_interfaces/custom_action_interfaces/action/detail/fibonacci__builder.hpp
[4.192s] -- Up-to-date: /home/yixin/ros2_ws/install/custom_action_interfaces/include/custom_action_interfaces/custom_action_interfaces/action/detail/fibonacci__struct.hpp
[4.192s] -- Up-to-date: /home/yixin/ros2_ws/install/custom_action_interfaces/include/custom_action_interfaces/custom_action_interfaces/action/detail/fibonacci__type_support.hpp
[4.192s] -- Up-to-date: /home/yixin/ros2_ws/install/custom_action_interfaces/include/custom_action_interfaces/custom_action_interfaces/action/fibonacci.hpp
[4.193s] -- Up-to-date: /home/yixin/ros2_ws/install/custom_action_interfaces/include/custom_action_interfaces/custom_action_interfaces/msg
[4.193s] -- Up-to-date: /home/yixin/ros2_ws/install/custom_action_interfaces/include/custom_action_interfaces/custom_action_interfaces/msg/rosidl_generator_cpp__visibility_control.hpp
[4.193s] -- Up-to-date: /home/yixin/ros2_ws/install/custom_action_interfaces/include/custom_action_interfaces/custom_action_interfaces
[4.194s] -- Up-to-date: /home/yixin/ros2_ws/install/custom_action_interfaces/include/custom_action_interfaces/custom_action_interfaces/action
[4.194s] -- Up-to-date: /home/yixin/ros2_ws/install/custom_action_interfaces/include/custom_action_interfaces/custom_action_interfaces/action/detail
[4.194s] -- Up-to-date: /home/yixin/ros2_ws/install/custom_action_interfaces/include/custom_action_interfaces/custom_action_interfaces/action/detail/fibonacci__rosidl_typesupport_fastrtps_cpp.hpp
[4.218s] -- Up-to-date: /home/yixin/ros2_ws/install/custom_action_interfaces/include/custom_action_interfaces/custom_action_interfaces/action/detail/dds_fastrtps
[4.219s] -- Up-to-date: /home/yixin/ros2_ws/install/custom_action_interfaces/include/custom_action_interfaces/custom_action_interfaces/msg
[4.219s] -- Up-to-date: /home/yixin/ros2_ws/install/custom_action_interfaces/include/custom_action_interfaces/custom_action_interfaces/msg/rosidl_typesupport_fastrtps_cpp__visibility_control.h
[4.237s] -- Up-to-date: /home/yixin/ros2_ws/install/custom_action_interfaces/lib/libcustom_action_interfaces__rosidl_typesupport_fastrtps_cpp.so
[4.237s] -- Up-to-date: /home/yixin/ros2_ws/install/custom_action_interfaces/include/custom_action_interfaces/custom_action_interfaces
[4.237s] -- Up-to-date: /home/yixin/ros2_ws/install/custom_action_interfaces/include/custom_action_interfaces/custom_action_interfaces/action
[4.237s] -- Up-to-date: /home/yixin/ros2_ws/install/custom_action_interfaces/include/custom_action_interfaces/custom_action_interfaces/action/detail
[4.238s] -- Up-to-date: /home/yixin/ros2_ws/install/custom_action_interfaces/include/custom_action_interfaces/custom_action_interfaces/action/detail/fibonacci__type_support.cpp
[4.238s] -- Up-to-date: /home/yixin/ros2_ws/install/custom_action_interfaces/include/custom_action_interfaces/custom_action_interfaces/action/detail/fibonacci__rosidl_typesupport_introspection_cpp.hpp
[4.238s] -- Up-to-date: /home/yixin/ros2_ws/install/custom_action_interfaces/lib/libcustom_action_interfaces__rosidl_typesupport_introspection_cpp.so
[4.238s] -- Up-to-date: /home/yixin/ros2_ws/install/custom_action_interfaces/lib/libcustom_action_interfaces__rosidl_typesupport_cpp.so
[4.239s] -- Up-to-date: /home/yixin/ros2_ws/install/custom_action_interfaces/share/custom_action_interfaces/environment/pythonpath.sh
[4.239s] -- Up-to-date: /home/yixin/ros2_ws/install/custom_action_interfaces/share/custom_action_interfaces/environment/pythonpath.dsv
[4.239s] -- Up-to-date: /home/yixin/ros2_ws/install/custom_action_interfaces/lib/python3.12/site-packages/custom_action_interfaces-0.0.0-py3.12.egg-info
[4.240s] -- Installing: /home/yixin/ros2_ws/install/custom_action_interfaces/lib/python3.12/site-packages/custom_action_interfaces-0.0.0-py3.12.egg-info/top_level.txt
[4.240s] -- Installing: /home/yixin/ros2_ws/install/custom_action_interfaces/lib/python3.12/site-packages/custom_action_interfaces-0.0.0-py3.12.egg-info/dependency_links.txt
[4.240s] -- Installing: /home/yixin/ros2_ws/install/custom_action_interfaces/lib/python3.12/site-packages/custom_action_interfaces-0.0.0-py3.12.egg-info/PKG-INFO
[4.240s] -- Installing: /home/yixin/ros2_ws/install/custom_action_interfaces/lib/python3.12/site-packages/custom_action_interfaces-0.0.0-py3.12.egg-info/SOURCES.txt
[4.248s] -- Up-to-date: /home/yixin/ros2_ws/install/custom_action_interfaces/lib/python3.12/site-packages/custom_action_interfaces
[4.248s] -- Up-to-date: /home/yixin/ros2_ws/install/custom_action_interfaces/lib/python3.12/site-packages/custom_action_interfaces/custom_action_interfaces_s__rosidl_typesupport_c.so
[4.248s] -- Up-to-date: /home/yixin/ros2_ws/install/custom_action_interfaces/lib/python3.12/site-packages/custom_action_interfaces/__init__.py
[4.248s] -- Up-to-date: /home/yixin/ros2_ws/install/custom_action_interfaces/lib/python3.12/site-packages/custom_action_interfaces/_custom_action_interfaces_s.ep.rosidl_typesupport_introspection_c.c
[4.249s] -- Up-to-date: /home/yixin/ros2_ws/install/custom_action_interfaces/lib/python3.12/site-packages/custom_action_interfaces/action
[4.249s] -- Up-to-date: /home/yixin/ros2_ws/install/custom_action_interfaces/lib/python3.12/site-packages/custom_action_interfaces/action/_fibonacci.py
[4.249s] -- Up-to-date: /home/yixin/ros2_ws/install/custom_action_interfaces/lib/python3.12/site-packages/custom_action_interfaces/action/__init__.py
[4.250s] -- Up-to-date: /home/yixin/ros2_ws/install/custom_action_interfaces/lib/python3.12/site-packages/custom_action_interfaces/action/_fibonacci_s.c
[4.250s] -- Up-to-date: /home/yixin/ros2_ws/install/custom_action_interfaces/lib/python3.12/site-packages/custom_action_interfaces/custom_action_interfaces_s__rosidl_typesupport_introspection_c.so
[4.250s] -- Up-to-date: /home/yixin/ros2_ws/install/custom_action_interfaces/lib/python3.12/site-packages/custom_action_interfaces/_custom_action_interfaces_s.ep.rosidl_typesupport_c.c
[4.251s] -- Up-to-date: /home/yixin/ros2_ws/install/custom_action_interfaces/lib/python3.12/site-packages/custom_action_interfaces/_custom_action_interfaces_s.ep.rosidl_typesupport_fastrtps_c.c
[4.251s] -- Up-to-date: /home/yixin/ros2_ws/install/custom_action_interfaces/lib/python3.12/site-packages/custom_action_interfaces/custom_action_interfaces_s__rosidl_typesupport_fastrtps_c.so
[4.317s] Listing '/home/yixin/ros2_ws/install/custom_action_interfaces/lib/python3.12/site-packages/custom_action_interfaces'...
[4.317s] Listing '/home/yixin/ros2_ws/install/custom_action_interfaces/lib/python3.12/site-packages/custom_action_interfaces/action'...
[4.344s] -- Up-to-date: /home/yixin/ros2_ws/install/custom_action_interfaces/lib/python3.12/site-packages/custom_action_interfaces/custom_action_interfaces_s__rosidl_typesupport_fastrtps_c.so
[4.346s] -- Up-to-date: /home/yixin/ros2_ws/install/custom_action_interfaces/lib/python3.12/site-packages/custom_action_interfaces/custom_action_interfaces_s__rosidl_typesupport_introspection_c.so
[4.347s] -- Up-to-date: /home/yixin/ros2_ws/install/custom_action_interfaces/lib/python3.12/site-packages/custom_action_interfaces/custom_action_interfaces_s__rosidl_typesupport_c.so
[4.349s] -- Up-to-date: /home/yixin/ros2_ws/install/custom_action_interfaces/lib/libcustom_action_interfaces__rosidl_generator_py.so
[4.350s] -- Up-to-date: /home/yixin/ros2_ws/install/custom_action_interfaces/share/custom_action_interfaces/action/Fibonacci.idl
[4.350s] -- Up-to-date: /home/yixin/ros2_ws/install/custom_action_interfaces/share/custom_action_interfaces/action/Fibonacci.action
[4.350s] -- Up-to-date: /home/yixin/ros2_ws/install/custom_action_interfaces/share/ament_index/resource_index/package_run_dependencies/custom_action_interfaces
[4.353s] -- Up-to-date: /home/yixin/ros2_ws/install/custom_action_interfaces/share/ament_index/resource_index/parent_prefix_path/custom_action_interfaces
[4.353s] -- Up-to-date: /home/yixin/ros2_ws/install/custom_action_interfaces/share/custom_action_interfaces/environment/ament_prefix_path.sh
[4.353s] -- Up-to-date: /home/yixin/ros2_ws/install/custom_action_interfaces/share/custom_action_interfaces/environment/ament_prefix_path.dsv
[4.354s] -- Up-to-date: /home/yixin/ros2_ws/install/custom_action_interfaces/share/custom_action_interfaces/environment/path.sh
[4.354s] -- Up-to-date: /home/yixin/ros2_ws/install/custom_action_interfaces/share/custom_action_interfaces/environment/path.dsv
[4.354s] -- Up-to-date: /home/yixin/ros2_ws/install/custom_action_interfaces/share/custom_action_interfaces/local_setup.bash
[4.354s] -- Up-to-date: /home/yixin/ros2_ws/install/custom_action_interfaces/share/custom_action_interfaces/local_setup.sh
[4.355s] -- Up-to-date: /home/yixin/ros2_ws/install/custom_action_interfaces/share/custom_action_interfaces/local_setup.zsh
[4.355s] -- Up-to-date: /home/yixin/ros2_ws/install/custom_action_interfaces/share/custom_action_interfaces/local_setup.dsv
[4.355s] -- Installing: /home/yixin/ros2_ws/install/custom_action_interfaces/share/custom_action_interfaces/package.dsv
[4.359s] -- Up-to-date: /home/yixin/ros2_ws/install/custom_action_interfaces/share/ament_index/resource_index/packages/custom_action_interfaces
[4.361s] -- Up-to-date: /home/yixin/ros2_ws/install/custom_action_interfaces/share/custom_action_interfaces/cmake/export_custom_action_interfaces__rosidl_generator_cExport.cmake
[4.365s] -- Up-to-date: /home/yixin/ros2_ws/install/custom_action_interfaces/share/custom_action_interfaces/cmake/export_custom_action_interfaces__rosidl_generator_cExport-noconfig.cmake
[4.366s] -- Up-to-date: /home/yixin/ros2_ws/install/custom_action_interfaces/share/custom_action_interfaces/cmake/export_custom_action_interfaces__rosidl_typesupport_fastrtps_cExport.cmake
[4.366s] -- Up-to-date: /home/yixin/ros2_ws/install/custom_action_interfaces/share/custom_action_interfaces/cmake/export_custom_action_interfaces__rosidl_typesupport_fastrtps_cExport-noconfig.cmake
[4.366s] -- Up-to-date: /home/yixin/ros2_ws/install/custom_action_interfaces/share/custom_action_interfaces/cmake/custom_action_interfaces__rosidl_typesupport_introspection_cExport.cmake
[4.367s] -- Up-to-date: /home/yixin/ros2_ws/install/custom_action_interfaces/share/custom_action_interfaces/cmake/custom_action_interfaces__rosidl_typesupport_introspection_cExport-noconfig.cmake
[4.373s] -- Up-to-date: /home/yixin/ros2_ws/install/custom_action_interfaces/share/custom_action_interfaces/cmake/custom_action_interfaces__rosidl_typesupport_cExport.cmake
[4.373s] -- Up-to-date: /home/yixin/ros2_ws/install/custom_action_interfaces/share/custom_action_interfaces/cmake/custom_action_interfaces__rosidl_typesupport_cExport-noconfig.cmake
[4.373s] -- Up-to-date: /home/yixin/ros2_ws/install/custom_action_interfaces/share/custom_action_interfaces/cmake/export_custom_action_interfaces__rosidl_generator_cppExport.cmake
[4.374s] -- Up-to-date: /home/yixin/ros2_ws/install/custom_action_interfaces/share/custom_action_interfaces/cmake/export_custom_action_interfaces__rosidl_typesupport_fastrtps_cppExport.cmake
[4.381s] -- Up-to-date: /home/yixin/ros2_ws/install/custom_action_interfaces/share/custom_action_interfaces/cmake/export_custom_action_interfaces__rosidl_typesupport_fastrtps_cppExport-noconfig.cmake
[4.383s] -- Up-to-date: /home/yixin/ros2_ws/install/custom_action_interfaces/share/custom_action_interfaces/cmake/custom_action_interfaces__rosidl_typesupport_introspection_cppExport.cmake
[4.386s] -- Up-to-date: /home/yixin/ros2_ws/install/custom_action_interfaces/share/custom_action_interfaces/cmake/custom_action_interfaces__rosidl_typesupport_introspection_cppExport-noconfig.cmake
[4.386s] -- Up-to-date: /home/yixin/ros2_ws/install/custom_action_interfaces/share/custom_action_interfaces/cmake/custom_action_interfaces__rosidl_typesupport_cppExport.cmake
[4.390s] -- Up-to-date: /home/yixin/ros2_ws/install/custom_action_interfaces/share/custom_action_interfaces/cmake/custom_action_interfaces__rosidl_typesupport_cppExport-noconfig.cmake
[4.390s] -- Up-to-date: /home/yixin/ros2_ws/install/custom_action_interfaces/share/custom_action_interfaces/cmake/export_custom_action_interfaces__rosidl_generator_pyExport.cmake
[4.391s] -- Up-to-date: /home/yixin/ros2_ws/install/custom_action_interfaces/share/custom_action_interfaces/cmake/export_custom_action_interfaces__rosidl_generator_pyExport-noconfig.cmake
[4.391s] -- Up-to-date: /home/yixin/ros2_ws/install/custom_action_interfaces/share/custom_action_interfaces/cmake/rosidl_cmake-extras.cmake
[4.396s] -- Up-to-date: /home/yixin/ros2_ws/install/custom_action_interfaces/share/custom_action_interfaces/cmake/ament_cmake_export_dependencies-extras.cmake
[4.397s] -- Up-to-date: /home/yixin/ros2_ws/install/custom_action_interfaces/share/custom_action_interfaces/cmake/ament_cmake_export_include_directories-extras.cmake
[4.397s] -- Up-to-date: /home/yixin/ros2_ws/install/custom_action_interfaces/share/custom_action_interfaces/cmake/ament_cmake_export_libraries-extras.cmake
[4.397s] -- Up-to-date: /home/yixin/ros2_ws/install/custom_action_interfaces/share/custom_action_interfaces/cmake/ament_cmake_export_targets-extras.cmake
[4.398s] -- Up-to-date: /home/yixin/ros2_ws/install/custom_action_interfaces/share/custom_action_interfaces/cmake/rosidl_cmake_export_typesupport_targets-extras.cmake
[4.399s] -- Up-to-date: /home/yixin/ros2_ws/install/custom_action_interfaces/share/custom_action_interfaces/cmake/rosidl_cmake_export_typesupport_libraries-extras.cmake
[4.400s] -- Up-to-date: /home/yixin/ros2_ws/install/custom_action_interfaces/share/custom_action_interfaces/cmake/custom_action_interfacesConfig.cmake
[4.400s] -- Up-to-date: /home/yixin/ros2_ws/install/custom_action_interfaces/share/custom_action_interfaces/cmake/custom_action_interfacesConfig-version.cmake
[4.401s] -- Up-to-date: /home/yixin/ros2_ws/install/custom_action_interfaces/share/custom_action_interfaces/package.xml
[5.410s] Invoked command in '/home/yixin/ros2_ws/build/custom_action_interfaces' returned '0': CMAKE_PREFIX_PATH=${CMAKE_PREFIX_PATH}:/home/yixin/ros2_ws/install/py_srvcli:/home/yixin/ros2_ws/install/py_pubsub:/home/yixin/ros2_ws/install/python_parameters:/home/yixin/ros2_ws/install/my_python_package:/home/yixin/ros2_ws/install/launch_testing_examples:/home/yixin/ros2_ws/install/examples_rclpy_pointcloud_publisher:/home/yixin/ros2_ws/install/examples_rclpy_minimal_subscriber:/home/yixin/ros2_ws/install/examples_rclpy_minimal_service:/home/yixin/ros2_ws/install/examples_rclpy_minimal_publisher:/home/yixin/ros2_ws/install/examples_rclpy_minimal_client:/home/yixin/ros2_ws/install/examples_rclpy_minimal_action_server:/home/yixin/ros2_ws/install/examples_rclpy_minimal_action_client:/home/yixin/ros2_ws/install/examples_rclpy_guard_conditions:/home/yixin/ros2_ws/install/examples_rclpy_executors:/opt/ros/jazzy DEBUGINFOD_URLS=https://debuginfod.ubuntu.com /usr/bin/cmake --install /home/yixin/ros2_ws/build/custom_action_interfaces
