[0.233s] Invoking command in '/home/yixin/ros2_ws/build/custom_action_interfaces': CMAKE_PREFIX_PATH=${CMAKE_PREFIX_PATH}:/home/yixin/ros2_ws/install/py_srvcli:/home/yixin/ros2_ws/install/py_pubsub:/home/yixin/ros2_ws/install/python_parameters:/home/yixin/ros2_ws/install/my_python_package:/home/yixin/ros2_ws/install/launch_testing_examples:/home/yixin/ros2_ws/install/examples_rclpy_pointcloud_publisher:/home/yixin/ros2_ws/install/examples_rclpy_minimal_subscriber:/home/yixin/ros2_ws/install/examples_rclpy_minimal_service:/home/yixin/ros2_ws/install/examples_rclpy_minimal_publisher:/home/yixin/ros2_ws/install/examples_rclpy_minimal_client:/home/yixin/ros2_ws/install/examples_rclpy_minimal_action_server:/home/yixin/ros2_ws/install/examples_rclpy_minimal_action_client:/home/yixin/ros2_ws/install/examples_rclpy_guard_conditions:/home/yixin/ros2_ws/install/examples_rclpy_executors:/opt/ros/jazzy DEBUGINFOD_URLS=https://debuginfod.ubuntu.com /usr/bin/cmake --build /home/yixin/ros2_ws/build/custom_action_interfaces -- -j8 -l8
[0.644s] [  2%] Built target custom_action_interfaces__rosidl_generator_type_description
[0.831s] [  2%] Built target ament_cmake_python_copy_custom_action_interfaces
[0.877s] [ 17%] Built target custom_action_interfaces__rosidl_generator_c
[0.936s] [ 20%] Built target custom_action_interfaces__cpp
[1.055s] [ 29%] Built target custom_action_interfaces__rosidl_typesupport_introspection_c
[1.092s] [ 38%] Built target custom_action_interfaces__rosidl_typesupport_fastrtps_c
[1.153s] [ 47%] Built target custom_action_interfaces__rosidl_typesupport_c
[1.208s] [ 55%] Built target custom_action_interfaces__rosidl_typesupport_cpp
[1.227s] [ 64%] Built target custom_action_interfaces__rosidl_typesupport_fastrtps_cpp
[1.262s] [ 73%] Built target custom_action_interfaces__rosidl_typesupport_introspection_cpp
[1.443s] [ 73%] Built target custom_action_interfaces
[1.653s] [ 76%] Built target custom_action_interfaces__py
[1.825s] [ 82%] Built target custom_action_interfaces__rosidl_generator_py
[2.007s] [ 88%] Built target custom_action_interfaces_s__rosidl_typesupport_fastrtps_c
[2.090s] [ 94%] Built target custom_action_interfaces_s__rosidl_typesupport_introspection_c
[2.097s] [100%] Built target custom_action_interfaces_s__rosidl_typesupport_c
[2.184s] running egg_info
[2.346s] writing custom_action_interfaces.egg-info/PKG-INFO
[2.347s] writing dependency_links to custom_action_interfaces.egg-info/dependency_links.txt
[2.347s] writing top-level names to custom_action_interfaces.egg-info/top_level.txt
[2.946s] reading manifest file 'custom_action_interfaces.egg-info/SOURCES.txt'
[2.949s] writing manifest file 'custom_action_interfaces.egg-info/SOURCES.txt'
[3.093s] [100%] Built target ament_cmake_python_build_custom_action_interfaces_egg
[3.252s] Invoked command in '/home/yixin/ros2_ws/build/custom_action_interfaces' returned '0': CMAKE_PREFIX_PATH=${CMAKE_PREFIX_PATH}:/home/yixin/ros2_ws/install/py_srvcli:/home/yixin/ros2_ws/install/py_pubsub:/home/yixin/ros2_ws/install/python_parameters:/home/yixin/ros2_ws/install/my_python_package:/home/yixin/ros2_ws/install/launch_testing_examples:/home/yixin/ros2_ws/install/examples_rclpy_pointcloud_publisher:/home/yixin/ros2_ws/install/examples_rclpy_minimal_subscriber:/home/yixin/ros2_ws/install/examples_rclpy_minimal_service:/home/yixin/ros2_ws/install/examples_rclpy_minimal_publisher:/home/yixin/ros2_ws/install/examples_rclpy_minimal_client:/home/yixin/ros2_ws/install/examples_rclpy_minimal_action_server:/home/yixin/ros2_ws/install/examples_rclpy_minimal_action_client:/home/yixin/ros2_ws/install/examples_rclpy_guard_conditions:/home/yixin/ros2_ws/install/examples_rclpy_executors:/opt/ros/jazzy DEBUGINFOD_URLS=https://debuginfod.ubuntu.com /usr/bin/cmake --build /home/yixin/ros2_ws/build/custom_action_interfaces -- -j8 -l8
[3.254s] Invoking command in '/home/yixin/ros2_ws/build/custom_action_interfaces': CMAKE_PREFIX_PATH=${CMAKE_PREFIX_PATH}:/home/yixin/ros2_ws/install/py_srvcli:/home/yixin/ros2_ws/install/py_pubsub:/home/yixin/ros2_ws/install/python_parameters:/home/yixin/ros2_ws/install/my_python_package:/home/yixin/ros2_ws/install/launch_testing_examples:/home/yixin/ros2_ws/install/examples_rclpy_pointcloud_publisher:/home/yixin/ros2_ws/install/examples_rclpy_minimal_subscriber:/home/yixin/ros2_ws/install/examples_rclpy_minimal_service:/home/yixin/ros2_ws/install/examples_rclpy_minimal_publisher:/home/yixin/ros2_ws/install/examples_rclpy_minimal_client:/home/yixin/ros2_ws/install/examples_rclpy_minimal_action_server:/home/yixin/ros2_ws/install/examples_rclpy_minimal_action_client:/home/yixin/ros2_ws/install/examples_rclpy_guard_conditions:/home/yixin/ros2_ws/install/examples_rclpy_executors:/opt/ros/jazzy DEBUGINFOD_URLS=https://debuginfod.ubuntu.com /usr/bin/cmake --install /home/yixin/ros2_ws/build/custom_action_interfaces
[3.444s] -- Install configuration: ""
[3.445s] -- Up-to-date: /home/yixin/ros2_ws/install/custom_action_interfaces/share/ament_index/resource_index/rosidl_interfaces/custom_action_interfaces
[3.445s] -- Up-to-date: /home/yixin/ros2_ws/install/custom_action_interfaces/share/custom_action_interfaces/action/Fibonacci.json
[3.445s] -- Up-to-date: /home/yixin/ros2_ws/install/custom_action_interfaces/include/custom_action_interfaces/custom_action_interfaces
[3.445s] -- Up-to-date: /home/yixin/ros2_ws/install/custom_action_interfaces/include/custom_action_interfaces/custom_action_interfaces/action
[3.446s] -- Up-to-date: /home/yixin/ros2_ws/install/custom_action_interfaces/include/custom_action_interfaces/custom_action_interfaces/action/detail
[3.446s] -- Up-to-date: /home/yixin/ros2_ws/install/custom_action_interfaces/include/custom_action_interfaces/custom_action_interfaces/action/detail/fibonacci__functions.c
[3.446s] -- Up-to-date: /home/yixin/ros2_ws/install/custom_action_interfaces/include/custom_action_interfaces/custom_action_interfaces/action/detail/fibonacci__type_support.h
[3.446s] -- Up-to-date: /home/yixin/ros2_ws/install/custom_action_interfaces/include/custom_action_interfaces/custom_action_interfaces/action/detail/fibonacci__struct.h
[3.447s] -- Up-to-date: /home/yixin/ros2_ws/install/custom_action_interfaces/include/custom_action_interfaces/custom_action_interfaces/action/detail/fibonacci__type_support.c
[3.447s] -- Up-to-date: /home/yixin/ros2_ws/install/custom_action_interfaces/include/custom_action_interfaces/custom_action_interfaces/action/detail/fibonacci__description.c
[3.453s] -- Up-to-date: /home/yixin/ros2_ws/install/custom_action_interfaces/include/custom_action_interfaces/custom_action_interfaces/action/detail/fibonacci__functions.h
[3.468s] -- Up-to-date: /home/yixin/ros2_ws/install/custom_action_interfaces/include/custom_action_interfaces/custom_action_interfaces/action/fibonacci.h
[3.468s] -- Up-to-date: /home/yixin/ros2_ws/install/custom_action_interfaces/include/custom_action_interfaces/custom_action_interfaces/msg
[3.468s] -- Up-to-date: /home/yixin/ros2_ws/install/custom_action_interfaces/include/custom_action_interfaces/custom_action_interfaces/msg/rosidl_generator_c__visibility_control.h
[3.468s] -- Up-to-date: /home/yixin/ros2_ws/install/custom_action_interfaces/share/custom_action_interfaces/environment/library_path.sh
[3.469s] -- Up-to-date: /home/yixin/ros2_ws/install/custom_action_interfaces/share/custom_action_interfaces/environment/library_path.dsv
[3.469s] -- Up-to-date: /home/yixin/ros2_ws/install/custom_action_interfaces/lib/libcustom_action_interfaces__rosidl_generator_c.so
[3.469s] -- Up-to-date: /home/yixin/ros2_ws/install/custom_action_interfaces/include/custom_action_interfaces/custom_action_interfaces
[3.470s] -- Up-to-date: /home/yixin/ros2_ws/install/custom_action_interfaces/include/custom_action_interfaces/custom_action_interfaces/action
[3.470s] -- Up-to-date: /home/yixin/ros2_ws/install/custom_action_interfaces/include/custom_action_interfaces/custom_action_interfaces/action/detail
[3.470s] -- Up-to-date: /home/yixin/ros2_ws/install/custom_action_interfaces/include/custom_action_interfaces/custom_action_interfaces/action/detail/fibonacci__rosidl_typesupport_fastrtps_c.h
[3.470s] -- Up-to-date: /home/yixin/ros2_ws/install/custom_action_interfaces/include/custom_action_interfaces/custom_action_interfaces/msg
[3.471s] -- Up-to-date: /home/yixin/ros2_ws/install/custom_action_interfaces/include/custom_action_interfaces/custom_action_interfaces/msg/rosidl_typesupport_fastrtps_c__visibility_control.h
[3.471s] -- Up-to-date: /home/yixin/ros2_ws/install/custom_action_interfaces/lib/libcustom_action_interfaces__rosidl_typesupport_fastrtps_c.so
[3.479s] -- Up-to-date: /home/yixin/ros2_ws/install/custom_action_interfaces/include/custom_action_interfaces/custom_action_interfaces
[3.480s] -- Up-to-date: /home/yixin/ros2_ws/install/custom_action_interfaces/include/custom_action_interfaces/custom_action_interfaces/action
[3.480s] -- Up-to-date: /home/yixin/ros2_ws/install/custom_action_interfaces/include/custom_action_interfaces/custom_action_interfaces/action/detail
[3.480s] -- Up-to-date: /home/yixin/ros2_ws/install/custom_action_interfaces/include/custom_action_interfaces/custom_action_interfaces/action/detail/fibonacci__rosidl_typesupport_introspection_c.h
[3.481s] -- Up-to-date: /home/yixin/ros2_ws/install/custom_action_interfaces/include/custom_action_interfaces/custom_action_interfaces/action/detail/fibonacci__type_support.c
[3.481s] -- Up-to-date: /home/yixin/ros2_ws/install/custom_action_interfaces/include/custom_action_interfaces/custom_action_interfaces/msg
[3.481s] -- Up-to-date: /home/yixin/ros2_ws/install/custom_action_interfaces/include/custom_action_interfaces/custom_action_interfaces/msg/rosidl_typesupport_introspection_c__visibility_control.h
[3.481s] -- Up-to-date: /home/yixin/ros2_ws/install/custom_action_interfaces/lib/libcustom_action_interfaces__rosidl_typesupport_introspection_c.so
[3.482s] -- Up-to-date: /home/yixin/ros2_ws/install/custom_action_interfaces/lib/libcustom_action_interfaces__rosidl_typesupport_c.so
[3.482s] -- Up-to-date: /home/yixin/ros2_ws/install/custom_action_interfaces/include/custom_action_interfaces/custom_action_interfaces
[3.493s] -- Up-to-date: /home/yixin/ros2_ws/install/custom_action_interfaces/include/custom_action_interfaces/custom_action_interfaces/action
[3.494s] -- Up-to-date: /home/yixin/ros2_ws/install/custom_action_interfaces/include/custom_action_interfaces/custom_action_interfaces/action/detail
[3.494s] -- Up-to-date: /home/yixin/ros2_ws/install/custom_action_interfaces/include/custom_action_interfaces/custom_action_interfaces/action/detail/fibonacci__traits.hpp
[3.494s] -- Up-to-date: /home/yixin/ros2_ws/install/custom_action_interfaces/include/custom_action_interfaces/custom_action_interfaces/action/detail/fibonacci__builder.hpp
[3.495s] -- Up-to-date: /home/yixin/ros2_ws/install/custom_action_interfaces/include/custom_action_interfaces/custom_action_interfaces/action/detail/fibonacci__struct.hpp
[3.495s] -- Up-to-date: /home/yixin/ros2_ws/install/custom_action_interfaces/include/custom_action_interfaces/custom_action_interfaces/action/detail/fibonacci__type_support.hpp
[3.495s] -- Up-to-date: /home/yixin/ros2_ws/install/custom_action_interfaces/include/custom_action_interfaces/custom_action_interfaces/action/fibonacci.hpp
[3.495s] -- Up-to-date: /home/yixin/ros2_ws/install/custom_action_interfaces/include/custom_action_interfaces/custom_action_interfaces/msg
[3.496s] -- Up-to-date: /home/yixin/ros2_ws/install/custom_action_interfaces/include/custom_action_interfaces/custom_action_interfaces/msg/rosidl_generator_cpp__visibility_control.hpp
[3.496s] -- Up-to-date: /home/yixin/ros2_ws/install/custom_action_interfaces/include/custom_action_interfaces/custom_action_interfaces
[3.504s] -- Up-to-date: /home/yixin/ros2_ws/install/custom_action_interfaces/include/custom_action_interfaces/custom_action_interfaces/action
[3.505s] -- Up-to-date: /home/yixin/ros2_ws/install/custom_action_interfaces/include/custom_action_interfaces/custom_action_interfaces/action/detail
[3.505s] -- Up-to-date: /home/yixin/ros2_ws/install/custom_action_interfaces/include/custom_action_interfaces/custom_action_interfaces/action/detail/fibonacci__rosidl_typesupport_fastrtps_cpp.hpp
[3.505s] -- Up-to-date: /home/yixin/ros2_ws/install/custom_action_interfaces/include/custom_action_interfaces/custom_action_interfaces/action/detail/dds_fastrtps
[3.506s] -- Up-to-date: /home/yixin/ros2_ws/install/custom_action_interfaces/include/custom_action_interfaces/custom_action_interfaces/msg
[3.506s] -- Up-to-date: /home/yixin/ros2_ws/install/custom_action_interfaces/include/custom_action_interfaces/custom_action_interfaces/msg/rosidl_typesupport_fastrtps_cpp__visibility_control.h
[3.506s] -- Up-to-date: /home/yixin/ros2_ws/install/custom_action_interfaces/lib/libcustom_action_interfaces__rosidl_typesupport_fastrtps_cpp.so
[3.506s] -- Up-to-date: /home/yixin/ros2_ws/install/custom_action_interfaces/include/custom_action_interfaces/custom_action_interfaces
[3.507s] -- Up-to-date: /home/yixin/ros2_ws/install/custom_action_interfaces/include/custom_action_interfaces/custom_action_interfaces/action
[3.507s] -- Up-to-date: /home/yixin/ros2_ws/install/custom_action_interfaces/include/custom_action_interfaces/custom_action_interfaces/action/detail
[3.516s] -- Up-to-date: /home/yixin/ros2_ws/install/custom_action_interfaces/include/custom_action_interfaces/custom_action_interfaces/action/detail/fibonacci__type_support.cpp
[3.517s] -- Up-to-date: /home/yixin/ros2_ws/install/custom_action_interfaces/include/custom_action_interfaces/custom_action_interfaces/action/detail/fibonacci__rosidl_typesupport_introspection_cpp.hpp
[3.517s] -- Up-to-date: /home/yixin/ros2_ws/install/custom_action_interfaces/lib/libcustom_action_interfaces__rosidl_typesupport_introspection_cpp.so
[3.517s] -- Up-to-date: /home/yixin/ros2_ws/install/custom_action_interfaces/lib/libcustom_action_interfaces__rosidl_typesupport_cpp.so
[3.517s] -- Up-to-date: /home/yixin/ros2_ws/install/custom_action_interfaces/share/custom_action_interfaces/environment/pythonpath.sh
[3.518s] -- Up-to-date: /home/yixin/ros2_ws/install/custom_action_interfaces/share/custom_action_interfaces/environment/pythonpath.dsv
[3.518s] -- Up-to-date: /home/yixin/ros2_ws/install/custom_action_interfaces/lib/python3.12/site-packages/custom_action_interfaces-0.0.0-py3.12.egg-info
[3.518s] -- Installing: /home/yixin/ros2_ws/install/custom_action_interfaces/lib/python3.12/site-packages/custom_action_interfaces-0.0.0-py3.12.egg-info/top_level.txt
[3.519s] -- Installing: /home/yixin/ros2_ws/install/custom_action_interfaces/lib/python3.12/site-packages/custom_action_interfaces-0.0.0-py3.12.egg-info/dependency_links.txt
[3.527s] -- Installing: /home/yixin/ros2_ws/install/custom_action_interfaces/lib/python3.12/site-packages/custom_action_interfaces-0.0.0-py3.12.egg-info/PKG-INFO
[3.527s] -- Installing: /home/yixin/ros2_ws/install/custom_action_interfaces/lib/python3.12/site-packages/custom_action_interfaces-0.0.0-py3.12.egg-info/SOURCES.txt
[3.528s] -- Up-to-date: /home/yixin/ros2_ws/install/custom_action_interfaces/lib/python3.12/site-packages/custom_action_interfaces
[3.528s] -- Up-to-date: /home/yixin/ros2_ws/install/custom_action_interfaces/lib/python3.12/site-packages/custom_action_interfaces/custom_action_interfaces_s__rosidl_typesupport_c.so
[3.528s] -- Up-to-date: /home/yixin/ros2_ws/install/custom_action_interfaces/lib/python3.12/site-packages/custom_action_interfaces/__init__.py
[3.528s] -- Up-to-date: /home/yixin/ros2_ws/install/custom_action_interfaces/lib/python3.12/site-packages/custom_action_interfaces/_custom_action_interfaces_s.ep.rosidl_typesupport_introspection_c.c
[3.529s] -- Up-to-date: /home/yixin/ros2_ws/install/custom_action_interfaces/lib/python3.12/site-packages/custom_action_interfaces/action
[3.529s] -- Up-to-date: /home/yixin/ros2_ws/install/custom_action_interfaces/lib/python3.12/site-packages/custom_action_interfaces/action/_fibonacci.py
[3.529s] -- Up-to-date: /home/yixin/ros2_ws/install/custom_action_interfaces/lib/python3.12/site-packages/custom_action_interfaces/action/__init__.py
[3.530s] -- Up-to-date: /home/yixin/ros2_ws/install/custom_action_interfaces/lib/python3.12/site-packages/custom_action_interfaces/action/_fibonacci_s.c
[3.530s] -- Up-to-date: /home/yixin/ros2_ws/install/custom_action_interfaces/lib/python3.12/site-packages/custom_action_interfaces/custom_action_interfaces_s__rosidl_typesupport_introspection_c.so
[3.535s] -- Up-to-date: /home/yixin/ros2_ws/install/custom_action_interfaces/lib/python3.12/site-packages/custom_action_interfaces/_custom_action_interfaces_s.ep.rosidl_typesupport_c.c
[3.536s] -- Up-to-date: /home/yixin/ros2_ws/install/custom_action_interfaces/lib/python3.12/site-packages/custom_action_interfaces/_custom_action_interfaces_s.ep.rosidl_typesupport_fastrtps_c.c
[3.537s] -- Up-to-date: /home/yixin/ros2_ws/install/custom_action_interfaces/lib/python3.12/site-packages/custom_action_interfaces/custom_action_interfaces_s__rosidl_typesupport_fastrtps_c.so
[3.601s] Listing '/home/yixin/ros2_ws/install/custom_action_interfaces/lib/python3.12/site-packages/custom_action_interfaces'...
[3.601s] Listing '/home/yixin/ros2_ws/install/custom_action_interfaces/lib/python3.12/site-packages/custom_action_interfaces/action'...
[3.631s] -- Up-to-date: /home/yixin/ros2_ws/install/custom_action_interfaces/lib/python3.12/site-packages/custom_action_interfaces/custom_action_interfaces_s__rosidl_typesupport_fastrtps_c.so
[3.631s] -- Up-to-date: /home/yixin/ros2_ws/install/custom_action_interfaces/lib/python3.12/site-packages/custom_action_interfaces/custom_action_interfaces_s__rosidl_typesupport_introspection_c.so
[3.632s] -- Up-to-date: /home/yixin/ros2_ws/install/custom_action_interfaces/lib/python3.12/site-packages/custom_action_interfaces/custom_action_interfaces_s__rosidl_typesupport_c.so
[3.632s] -- Up-to-date: /home/yixin/ros2_ws/install/custom_action_interfaces/lib/libcustom_action_interfaces__rosidl_generator_py.so
[3.633s] -- Up-to-date: /home/yixin/ros2_ws/install/custom_action_interfaces/share/custom_action_interfaces/action/Fibonacci.idl
[3.634s] -- Up-to-date: /home/yixin/ros2_ws/install/custom_action_interfaces/share/custom_action_interfaces/action/Fibonacci.action
[3.634s] -- Up-to-date: /home/yixin/ros2_ws/install/custom_action_interfaces/share/ament_index/resource_index/package_run_dependencies/custom_action_interfaces
[3.634s] -- Up-to-date: /home/yixin/ros2_ws/install/custom_action_interfaces/share/ament_index/resource_index/parent_prefix_path/custom_action_interfaces
[3.635s] -- Up-to-date: /home/yixin/ros2_ws/install/custom_action_interfaces/share/custom_action_interfaces/environment/ament_prefix_path.sh
[3.635s] -- Up-to-date: /home/yixin/ros2_ws/install/custom_action_interfaces/share/custom_action_interfaces/environment/ament_prefix_path.dsv
[3.641s] -- Up-to-date: /home/yixin/ros2_ws/install/custom_action_interfaces/share/custom_action_interfaces/environment/path.sh
[3.642s] -- Up-to-date: /home/yixin/ros2_ws/install/custom_action_interfaces/share/custom_action_interfaces/environment/path.dsv
[3.643s] -- Up-to-date: /home/yixin/ros2_ws/install/custom_action_interfaces/share/custom_action_interfaces/local_setup.bash
[3.643s] -- Up-to-date: /home/yixin/ros2_ws/install/custom_action_interfaces/share/custom_action_interfaces/local_setup.sh
[3.643s] -- Up-to-date: /home/yixin/ros2_ws/install/custom_action_interfaces/share/custom_action_interfaces/local_setup.zsh
[3.647s] -- Up-to-date: /home/yixin/ros2_ws/install/custom_action_interfaces/share/custom_action_interfaces/local_setup.dsv
[3.648s] -- Installing: /home/yixin/ros2_ws/install/custom_action_interfaces/share/custom_action_interfaces/package.dsv
[3.648s] -- Up-to-date: /home/yixin/ros2_ws/install/custom_action_interfaces/share/ament_index/resource_index/packages/custom_action_interfaces
[3.648s] -- Up-to-date: /home/yixin/ros2_ws/install/custom_action_interfaces/share/custom_action_interfaces/cmake/export_custom_action_interfaces__rosidl_generator_cExport.cmake
[3.649s] -- Up-to-date: /home/yixin/ros2_ws/install/custom_action_interfaces/share/custom_action_interfaces/cmake/export_custom_action_interfaces__rosidl_generator_cExport-noconfig.cmake
[3.649s] -- Up-to-date: /home/yixin/ros2_ws/install/custom_action_interfaces/share/custom_action_interfaces/cmake/export_custom_action_interfaces__rosidl_typesupport_fastrtps_cExport.cmake
[3.650s] -- Up-to-date: /home/yixin/ros2_ws/install/custom_action_interfaces/share/custom_action_interfaces/cmake/export_custom_action_interfaces__rosidl_typesupport_fastrtps_cExport-noconfig.cmake
[3.656s] -- Up-to-date: /home/yixin/ros2_ws/install/custom_action_interfaces/share/custom_action_interfaces/cmake/custom_action_interfaces__rosidl_typesupport_introspection_cExport.cmake
[3.657s] -- Up-to-date: /home/yixin/ros2_ws/install/custom_action_interfaces/share/custom_action_interfaces/cmake/custom_action_interfaces__rosidl_typesupport_introspection_cExport-noconfig.cmake
[3.657s] -- Up-to-date: /home/yixin/ros2_ws/install/custom_action_interfaces/share/custom_action_interfaces/cmake/custom_action_interfaces__rosidl_typesupport_cExport.cmake
[3.658s] -- Up-to-date: /home/yixin/ros2_ws/install/custom_action_interfaces/share/custom_action_interfaces/cmake/custom_action_interfaces__rosidl_typesupport_cExport-noconfig.cmake
[3.658s] -- Up-to-date: /home/yixin/ros2_ws/install/custom_action_interfaces/share/custom_action_interfaces/cmake/export_custom_action_interfaces__rosidl_generator_cppExport.cmake
[3.659s] -- Up-to-date: /home/yixin/ros2_ws/install/custom_action_interfaces/share/custom_action_interfaces/cmake/export_custom_action_interfaces__rosidl_typesupport_fastrtps_cppExport.cmake
[3.659s] -- Up-to-date: /home/yixin/ros2_ws/install/custom_action_interfaces/share/custom_action_interfaces/cmake/export_custom_action_interfaces__rosidl_typesupport_fastrtps_cppExport-noconfig.cmake
[3.660s] -- Up-to-date: /home/yixin/ros2_ws/install/custom_action_interfaces/share/custom_action_interfaces/cmake/custom_action_interfaces__rosidl_typesupport_introspection_cppExport.cmake
[3.660s] -- Up-to-date: /home/yixin/ros2_ws/install/custom_action_interfaces/share/custom_action_interfaces/cmake/custom_action_interfaces__rosidl_typesupport_introspection_cppExport-noconfig.cmake
[3.660s] -- Up-to-date: /home/yixin/ros2_ws/install/custom_action_interfaces/share/custom_action_interfaces/cmake/custom_action_interfaces__rosidl_typesupport_cppExport.cmake
[3.660s] -- Up-to-date: /home/yixin/ros2_ws/install/custom_action_interfaces/share/custom_action_interfaces/cmake/custom_action_interfaces__rosidl_typesupport_cppExport-noconfig.cmake
[3.661s] -- Up-to-date: /home/yixin/ros2_ws/install/custom_action_interfaces/share/custom_action_interfaces/cmake/export_custom_action_interfaces__rosidl_generator_pyExport.cmake
[3.661s] -- Up-to-date: /home/yixin/ros2_ws/install/custom_action_interfaces/share/custom_action_interfaces/cmake/export_custom_action_interfaces__rosidl_generator_pyExport-noconfig.cmake
[3.661s] -- Up-to-date: /home/yixin/ros2_ws/install/custom_action_interfaces/share/custom_action_interfaces/cmake/rosidl_cmake-extras.cmake
[3.661s] -- Up-to-date: /home/yixin/ros2_ws/install/custom_action_interfaces/share/custom_action_interfaces/cmake/ament_cmake_export_dependencies-extras.cmake
[3.662s] -- Up-to-date: /home/yixin/ros2_ws/install/custom_action_interfaces/share/custom_action_interfaces/cmake/ament_cmake_export_include_directories-extras.cmake
[3.662s] -- Up-to-date: /home/yixin/ros2_ws/install/custom_action_interfaces/share/custom_action_interfaces/cmake/ament_cmake_export_libraries-extras.cmake
[3.675s] -- Up-to-date: /home/yixin/ros2_ws/install/custom_action_interfaces/share/custom_action_interfaces/cmake/ament_cmake_export_targets-extras.cmake
[3.675s] -- Up-to-date: /home/yixin/ros2_ws/install/custom_action_interfaces/share/custom_action_interfaces/cmake/rosidl_cmake_export_typesupport_targets-extras.cmake
[3.675s] -- Up-to-date: /home/yixin/ros2_ws/install/custom_action_interfaces/share/custom_action_interfaces/cmake/rosidl_cmake_export_typesupport_libraries-extras.cmake
[3.680s] -- Up-to-date: /home/yixin/ros2_ws/install/custom_action_interfaces/share/custom_action_interfaces/cmake/custom_action_interfacesConfig.cmake
[3.681s] -- Up-to-date: /home/yixin/ros2_ws/install/custom_action_interfaces/share/custom_action_interfaces/cmake/custom_action_interfacesConfig-version.cmake
[3.681s] -- Up-to-date: /home/yixin/ros2_ws/install/custom_action_interfaces/share/custom_action_interfaces/package.xml
[4.749s] Invoked command in '/home/yixin/ros2_ws/build/custom_action_interfaces' returned '0': CMAKE_PREFIX_PATH=${CMAKE_PREFIX_PATH}:/home/yixin/ros2_ws/install/py_srvcli:/home/yixin/ros2_ws/install/py_pubsub:/home/yixin/ros2_ws/install/python_parameters:/home/yixin/ros2_ws/install/my_python_package:/home/yixin/ros2_ws/install/launch_testing_examples:/home/yixin/ros2_ws/install/examples_rclpy_pointcloud_publisher:/home/yixin/ros2_ws/install/examples_rclpy_minimal_subscriber:/home/yixin/ros2_ws/install/examples_rclpy_minimal_service:/home/yixin/ros2_ws/install/examples_rclpy_minimal_publisher:/home/yixin/ros2_ws/install/examples_rclpy_minimal_client:/home/yixin/ros2_ws/install/examples_rclpy_minimal_action_server:/home/yixin/ros2_ws/install/examples_rclpy_minimal_action_client:/home/yixin/ros2_ws/install/examples_rclpy_guard_conditions:/home/yixin/ros2_ws/install/examples_rclpy_executors:/opt/ros/jazzy DEBUGINFOD_URLS=https://debuginfod.ubuntu.com /usr/bin/cmake --install /home/yixin/ros2_ws/build/custom_action_interfaces
