[2.661s] Invoking command in '/home/yixin/ros2_ws/src/python_parameters': DEBUGINFOD_URLS=https://debuginfod.ubuntu.com PYTHONPATH=/home/yixin/ros2_ws/build/python_parameters/prefix_override:/usr/lib/python3/dist-packages/colcon_core/task/python/colcon_distutils_commands:/home/yixin/ros2_ws/install/python_parameters/lib/python3.12/site-packages:${PYTHONPATH} /usr/bin/python3 -W ignore:setup.py install is deprecated -W ignore:easy_install command is deprecated setup.py egg_info --egg-base ../../build/python_parameters build --build-base /home/yixin/ros2_ws/build/python_parameters/build install --record /home/yixin/ros2_ws/build/python_parameters/install.log --single-version-externally-managed install_data
[3.110s] running egg_info
[3.136s] writing ../../build/python_parameters/python_parameters.egg-info/PKG-INFO
[3.137s] writing dependency_links to ../../build/python_parameters/python_parameters.egg-info/dependency_links.txt
[3.139s] writing entry points to ../../build/python_parameters/python_parameters.egg-info/entry_points.txt
[3.140s] writing requirements to ../../build/python_parameters/python_parameters.egg-info/requires.txt
[3.140s] writing top-level names to ../../build/python_parameters/python_parameters.egg-info/top_level.txt
[3.195s] reading manifest file '../../build/python_parameters/python_parameters.egg-info/SOURCES.txt'
[3.196s] adding license file 'LICENSE'
[3.196s] writing manifest file '../../build/python_parameters/python_parameters.egg-info/SOURCES.txt'
[3.200s] running build
[3.200s] running build_py
[3.200s] running install
[3.206s] running install_lib
[3.233s] running install_data
[3.233s] running install_egg_info
[3.262s] removing '/home/yixin/ros2_ws/install/python_parameters/lib/python3.12/site-packages/python_parameters-0.0.0-py3.12.egg-info' (and everything under it)
[3.265s] Copying ../../build/python_parameters/python_parameters.egg-info to /home/yixin/ros2_ws/install/python_parameters/lib/python3.12/site-packages/python_parameters-0.0.0-py3.12.egg-info
[3.268s] running install_scripts
[3.503s] Installing minimal_param_node script to /home/yixin/ros2_ws/install/python_parameters/lib/python_parameters
[3.503s] writing list of installed files to '/home/yixin/ros2_ws/build/python_parameters/install.log'
[3.606s] Invoked command in '/home/yixin/ros2_ws/src/python_parameters' returned '0': DEBUGINFOD_URLS=https://debuginfod.ubuntu.com PYTHONPATH=/home/yixin/ros2_ws/build/python_parameters/prefix_override:/usr/lib/python3/dist-packages/colcon_core/task/python/colcon_distutils_commands:/home/yixin/ros2_ws/install/python_parameters/lib/python3.12/site-packages:${PYTHONPATH} /usr/bin/python3 -W ignore:setup.py install is deprecated -W ignore:easy_install command is deprecated setup.py egg_info --egg-base ../../build/python_parameters build --build-base /home/yixin/ros2_ws/build/python_parameters/build install --record /home/yixin/ros2_ws/build/python_parameters/install.log --single-version-externally-managed install_data
