[0.130s] Invoking command in '/home/yixin/ros2_ws/build/polygon_base': CMAKE_PREFIX_PATH=${CMAKE_PREFIX_PATH}:/opt/ros/jazzy DEBUGINFOD_URLS=https://debuginfod.ubuntu.com /usr/bin/cmake --build /home/yixin/ros2_ws/build/polygon_base -- -j8 -l8
[0.470s] [100%] Built target area_node
[0.561s] Invoked command in '/home/yixin/ros2_ws/build/polygon_base' returned '0': CMAKE_PREFIX_PATH=${CMAKE_PREFIX_PATH}:/opt/ros/jazzy DEBUGINFOD_URLS=https://debuginfod.ubuntu.com /usr/bin/cmake --build /home/yixin/ros2_ws/build/polygon_base -- -j8 -l8
[0.630s] Invoking command in '/home/yixin/ros2_ws/build/polygon_base': CMAKE_PREFIX_PATH=${CMAKE_PREFIX_PATH}:/opt/ros/jazzy DEBUGINFOD_URLS=https://debuginfod.ubuntu.com /usr/bin/cmake --install /home/yixin/ros2_ws/build/polygon_base
[0.702s] -- Install configuration: ""
[0.702s] -- Up-to-date: /home/yixin/ros2_ws/install/polygon_base/include/polygon_base
[0.702s] -- Up-to-date: /home/yixin/ros2_ws/install/polygon_base/include/polygon_base/polygon_base
[0.706s] -- Up-to-date: /home/yixin/ros2_ws/install/polygon_base/include/polygon_base/polygon_base/regular_polygon.hpp
[0.708s] -- Up-to-date: /home/yixin/ros2_ws/install/polygon_base/share/polygon_base/cmake/export_polygon_base.cmake
[0.717s] -- Up-to-date: /home/yixin/ros2_ws/install/polygon_base/lib/polygon_base/area_node
[0.732s] -- Up-to-date: /home/yixin/ros2_ws/install/polygon_base/share/ament_index/resource_index/package_run_dependencies/polygon_base
[0.732s] -- Up-to-date: /home/yixin/ros2_ws/install/polygon_base/share/ament_index/resource_index/parent_prefix_path/polygon_base
[0.733s] -- Up-to-date: /home/yixin/ros2_ws/install/polygon_base/share/polygon_base/environment/ament_prefix_path.sh
[0.733s] -- Up-to-date: /home/yixin/ros2_ws/install/polygon_base/share/polygon_base/environment/ament_prefix_path.dsv
[0.733s] -- Up-to-date: /home/yixin/ros2_ws/install/polygon_base/share/polygon_base/environment/path.sh
[0.733s] -- Up-to-date: /home/yixin/ros2_ws/install/polygon_base/share/polygon_base/environment/path.dsv
[0.734s] -- Up-to-date: /home/yixin/ros2_ws/install/polygon_base/share/polygon_base/local_setup.bash
[0.734s] -- Up-to-date: /home/yixin/ros2_ws/install/polygon_base/share/polygon_base/local_setup.sh
[0.734s] -- Up-to-date: /home/yixin/ros2_ws/install/polygon_base/share/polygon_base/local_setup.zsh
[0.734s] -- Up-to-date: /home/yixin/ros2_ws/install/polygon_base/share/polygon_base/local_setup.dsv
[0.740s] -- Installing: /home/yixin/ros2_ws/install/polygon_base/share/polygon_base/package.dsv
[0.740s] -- Up-to-date: /home/yixin/ros2_ws/install/polygon_base/share/ament_index/resource_index/packages/polygon_base
[0.740s] -- Up-to-date: /home/yixin/ros2_ws/install/polygon_base/share/polygon_base/cmake/export_polygon_baseExport.cmake
[0.741s] -- Up-to-date: /home/yixin/ros2_ws/install/polygon_base/share/polygon_base/cmake/ament_cmake_export_include_directories-extras.cmake
[0.741s] -- Up-to-date: /home/yixin/ros2_ws/install/polygon_base/share/polygon_base/cmake/ament_cmake_export_targets-extras.cmake
[0.741s] -- Up-to-date: /home/yixin/ros2_ws/install/polygon_base/share/polygon_base/cmake/polygon_baseConfig.cmake
[0.753s] -- Up-to-date: /home/yixin/ros2_ws/install/polygon_base/share/polygon_base/cmake/polygon_baseConfig-version.cmake
[0.753s] -- Up-to-date: /home/yixin/ros2_ws/install/polygon_base/share/polygon_base/package.xml
[0.968s] Invoked command in '/home/yixin/ros2_ws/build/polygon_base' returned '0': CMAKE_PREFIX_PATH=${CMAKE_PREFIX_PATH}:/opt/ros/jazzy DEBUGINFOD_URLS=https://debuginfod.ubuntu.com /usr/bin/cmake --install /home/yixin/ros2_ws/build/polygon_base
