[3.184s] Invoking command in '/home/yixin/ros2_ws/build/examples_rclpy_executors': DEBUGINFOD_URLS=https://debuginfod.ubuntu.com PYTHONPATH=/home/yixin/ros2_ws/build/examples_rclpy_executors/prefix_override:/usr/lib/python3/dist-packages/colcon_core/task/python/colcon_distutils_commands:/home/yixin/ros2_ws/install/examples_rclpy_executors/lib/python3.12/site-packages:${PYTHONPATH} /usr/bin/python3 -W ignore:setup.py install is deprecated -W ignore:easy_install command is deprecated setup.py develop --editable --build-directory /home/yixin/ros2_ws/build/examples_rclpy_executors/build --no-deps symlink_data
[4.127s] running develop
[4.645s] running egg_info
[4.646s] creating examples_rclpy_executors.egg-info
[4.679s] writing examples_rclpy_executors.egg-info/PKG-INFO
[4.679s] writing dependency_links to examples_rclpy_executors.egg-info/dependency_links.txt
[4.679s] writing entry points to examples_rclpy_executors.egg-info/entry_points.txt
[4.679s] writing requirements to examples_rclpy_executors.egg-info/requires.txt
[4.679s] writing top-level names to examples_rclpy_executors.egg-info/top_level.txt
[4.680s] writing manifest file 'examples_rclpy_executors.egg-info/SOURCES.txt'
[4.783s] reading manifest file 'examples_rclpy_executors.egg-info/SOURCES.txt'
[4.784s] writing manifest file 'examples_rclpy_executors.egg-info/SOURCES.txt'
[4.856s] running build_ext
[4.859s] Creating /home/yixin/ros2_ws/install/examples_rclpy_executors/lib/python3.12/site-packages/examples-rclpy-executors.egg-link (link to .)
[4.861s] Installing callback_group script to /home/yixin/ros2_ws/install/examples_rclpy_executors/lib/examples_rclpy_executors
[4.861s] Installing composed script to /home/yixin/ros2_ws/install/examples_rclpy_executors/lib/examples_rclpy_executors
[4.861s] Installing custom_callback_group script to /home/yixin/ros2_ws/install/examples_rclpy_executors/lib/examples_rclpy_executors
[4.862s] Installing custom_executor script to /home/yixin/ros2_ws/install/examples_rclpy_executors/lib/examples_rclpy_executors
[4.862s] Installing listener script to /home/yixin/ros2_ws/install/examples_rclpy_executors/lib/examples_rclpy_executors
[4.862s] Installing talker script to /home/yixin/ros2_ws/install/examples_rclpy_executors/lib/examples_rclpy_executors
[4.862s] 
[4.867s] Installed /home/yixin/ros2_ws/build/examples_rclpy_executors
[4.868s] running symlink_data
[4.868s] creating /home/yixin/ros2_ws/install/examples_rclpy_executors/share/ament_index
[4.868s] creating /home/yixin/ros2_ws/install/examples_rclpy_executors/share/ament_index/resource_index
[4.868s] creating /home/yixin/ros2_ws/install/examples_rclpy_executors/share/ament_index/resource_index/packages
[4.868s] symbolically linking /home/yixin/ros2_ws/build/examples_rclpy_executors/resource/examples_rclpy_executors -> /home/yixin/ros2_ws/install/examples_rclpy_executors/share/ament_index/resource_index/packages
[4.868s] symbolically linking /home/yixin/ros2_ws/build/examples_rclpy_executors/package.xml -> /home/yixin/ros2_ws/install/examples_rclpy_executors/share/examples_rclpy_executors
[5.082s] Invoked command in '/home/yixin/ros2_ws/build/examples_rclpy_executors' returned '0': DEBUGINFOD_URLS=https://debuginfod.ubuntu.com PYTHONPATH=/home/yixin/ros2_ws/build/examples_rclpy_executors/prefix_override:/usr/lib/python3/dist-packages/colcon_core/task/python/colcon_distutils_commands:/home/yixin/ros2_ws/install/examples_rclpy_executors/lib/python3.12/site-packages:${PYTHONPATH} /usr/bin/python3 -W ignore:setup.py install is deprecated -W ignore:easy_install command is deprecated setup.py develop --editable --build-directory /home/yixin/ros2_ws/build/examples_rclpy_executors/build --no-deps symlink_data
