[1.565s] Invoking command in '/home/yixin/ros2_ws/src/my_python_package': DEBUGINFOD_URLS=https://debuginfod.ubuntu.com PYTHONPATH=/home/yixin/ros2_ws/build/my_python_package/prefix_override:/usr/lib/python3/dist-packages/colcon_core/task/python/colcon_distutils_commands:/home/yixin/ros2_ws/install/my_python_package/lib/python3.12/site-packages:${PYTHONPATH} /usr/bin/python3 -W ignore:setup.py install is deprecated -W ignore:easy_install command is deprecated setup.py egg_info --egg-base ../../build/my_python_package build --build-base /home/yixin/ros2_ws/build/my_python_package/build install --record /home/yixin/ros2_ws/build/my_python_package/install.log --single-version-externally-managed install_data
[1.889s] running egg_info
[1.889s] creating ../../build/my_python_package/my_python_package.egg-info
[1.907s] writing ../../build/my_python_package/my_python_package.egg-info/PKG-INFO
[1.908s] writing dependency_links to ../../build/my_python_package/my_python_package.egg-info/dependency_links.txt
[1.908s] writing entry points to ../../build/my_python_package/my_python_package.egg-info/entry_points.txt
[1.908s] writing requirements to ../../build/my_python_package/my_python_package.egg-info/requires.txt
[1.908s] writing top-level names to ../../build/my_python_package/my_python_package.egg-info/top_level.txt
[1.908s] writing manifest file '../../build/my_python_package/my_python_package.egg-info/SOURCES.txt'
[1.946s] reading manifest file '../../build/my_python_package/my_python_package.egg-info/SOURCES.txt'
[1.946s] adding license file 'LICENSE'
[1.946s] writing manifest file '../../build/my_python_package/my_python_package.egg-info/SOURCES.txt'
[1.946s] running build
[1.946s] running build_py
[1.946s] creating /home/yixin/ros2_ws/build/my_python_package/build
[1.947s] creating /home/yixin/ros2_ws/build/my_python_package/build/lib
[1.947s] creating /home/yixin/ros2_ws/build/my_python_package/build/lib/my_python_package
[1.947s] copying my_python_package/my_node.py -> /home/yixin/ros2_ws/build/my_python_package/build/lib/my_python_package
[1.947s] copying my_python_package/__init__.py -> /home/yixin/ros2_ws/build/my_python_package/build/lib/my_python_package
[1.947s] running install
[1.953s] running install_lib
[1.971s] creating /home/yixin/ros2_ws/install/my_python_package/lib/python3.12/site-packages/my_python_package
[1.971s] copying /home/yixin/ros2_ws/build/my_python_package/build/lib/my_python_package/my_node.py -> /home/yixin/ros2_ws/install/my_python_package/lib/python3.12/site-packages/my_python_package
[1.972s] copying /home/yixin/ros2_ws/build/my_python_package/build/lib/my_python_package/__init__.py -> /home/yixin/ros2_ws/install/my_python_package/lib/python3.12/site-packages/my_python_package
[1.972s] byte-compiling /home/yixin/ros2_ws/install/my_python_package/lib/python3.12/site-packages/my_python_package/my_node.py to my_node.cpython-312.pyc
[1.972s] byte-compiling /home/yixin/ros2_ws/install/my_python_package/lib/python3.12/site-packages/my_python_package/__init__.py to __init__.cpython-312.pyc
[1.972s] running install_data
[1.972s] creating /home/yixin/ros2_ws/install/my_python_package/share/ament_index
[1.972s] creating /home/yixin/ros2_ws/install/my_python_package/share/ament_index/resource_index
[1.972s] creating /home/yixin/ros2_ws/install/my_python_package/share/ament_index/resource_index/packages
[1.972s] copying resource/my_python_package -> /home/yixin/ros2_ws/install/my_python_package/share/ament_index/resource_index/packages
[1.973s] copying package.xml -> /home/yixin/ros2_ws/install/my_python_package/share/my_python_package
[1.973s] running install_egg_info
[1.993s] Copying ../../build/my_python_package/my_python_package.egg-info to /home/yixin/ros2_ws/install/my_python_package/lib/python3.12/site-packages/my_python_package-0.0.0-py3.12.egg-info
[1.993s] running install_scripts
[2.111s] Installing my_node script to /home/yixin/ros2_ws/install/my_python_package/lib/my_python_package
[2.111s] writing list of installed files to '/home/yixin/ros2_ws/build/my_python_package/install.log'
[2.157s] Invoked command in '/home/yixin/ros2_ws/src/my_python_package' returned '0': DEBUGINFOD_URLS=https://debuginfod.ubuntu.com PYTHONPATH=/home/yixin/ros2_ws/build/my_python_package/prefix_override:/usr/lib/python3/dist-packages/colcon_core/task/python/colcon_distutils_commands:/home/yixin/ros2_ws/install/my_python_package/lib/python3.12/site-packages:${PYTHONPATH} /usr/bin/python3 -W ignore:setup.py install is deprecated -W ignore:easy_install command is deprecated setup.py egg_info --egg-base ../../build/my_python_package build --build-base /home/yixin/ros2_ws/build/my_python_package/build install --record /home/yixin/ros2_ws/build/my_python_package/install.log --single-version-externally-managed install_data
