[0.047s] Invoking command in '/home/yixin/ros2_ws/build/cpp_srvcli': CMAKE_PREFIX_PATH=${CMAKE_PREFIX_PATH}:/home/yixin/ros2_ws/install/py_srvcli:/home/yixin/ros2_ws/install/py_pubsub:/home/yixin/ros2_ws/install/my_python_package:/home/yixin/ros2_ws/install/launch_testing_examples:/home/yixin/ros2_ws/install/examples_rclpy_pointcloud_publisher:/home/yixin/ros2_ws/install/examples_rclpy_minimal_subscriber:/home/yixin/ros2_ws/install/examples_rclpy_minimal_service:/home/yixin/ros2_ws/install/examples_rclpy_minimal_publisher:/home/yixin/ros2_ws/install/examples_rclpy_minimal_client:/home/yixin/ros2_ws/install/examples_rclpy_minimal_action_server:/home/yixin/ros2_ws/install/examples_rclpy_minimal_action_client:/home/yixin/ros2_ws/install/examples_rclpy_guard_conditions:/home/yixin/ros2_ws/install/examples_rclpy_executors:/opt/ros/jazzy DEBUGINFOD_URLS=https://debuginfod.ubuntu.com /usr/bin/cmake --build /home/yixin/ros2_ws/build/cpp_srvcli -- -j8 -l8
[0.134s] -- Found ament_cmake: 2.5.5 (/opt/ros/jazzy/share/ament_cmake/cmake)
[0.843s] -- Found rclcpp: 28.1.16 (/opt/ros/jazzy/share/rclcpp/cmake)
[0.931s] -- Found rosidl_generator_c: 4.6.7 (/opt/ros/jazzy/share/rosidl_generator_c/cmake)
[0.958s] -- Found rosidl_generator_cpp: 4.6.7 (/opt/ros/jazzy/share/rosidl_generator_cpp/cmake)
[0.994s] -- Using all available rosidl_typesupport_c: rosidl_typesupport_fastrtps_c;rosidl_typesupport_introspection_c
[1.040s] -- Using all available rosidl_typesupport_cpp: rosidl_typesupport_fastrtps_cpp;rosidl_typesupport_introspection_cpp
[1.231s] -- Found rmw_implementation_cmake: 7.3.3 (/opt/ros/jazzy/share/rmw_implementation_cmake/cmake)
[1.238s] -- Found rmw_fastrtps_cpp: 8.4.3 (/opt/ros/jazzy/share/rmw_fastrtps_cpp/cmake)
[1.436s] -- Using RMW implementation 'rmw_fastrtps_cpp' as default
[1.636s] -- Found tutorial_interfaces: 0.0.0 (/home/yixin/ros2_ws/install/tutorial_interfaces/share/tutorial_interfaces/cmake)
[1.844s] -- Found ament_lint_auto: 0.17.4 (/opt/ros/jazzy/share/ament_lint_auto/cmake)
[2.122s] -- Added test 'cppcheck' to perform static code analysis on C / C++ code
[2.122s] -- Configured cppcheck include dirs: 
[2.122s] -- Configured cppcheck exclude dirs and/or files: 
[2.124s] -- Added test 'lint_cmake' to check CMake code style
[2.128s] -- Added test 'uncrustify' to check C / C++ code style
[2.129s] -- Configured uncrustify additional arguments: 
[2.129s] -- Added test 'xmllint' to check XML markup files
[2.132s] -- Configuring done (2.0s)
[2.180s] -- Generating done (0.0s)
[2.195s] -- Build files have been written to: /home/yixin/ros2_ws/build/cpp_srvcli
[2.348s] [ 50%] [32mBuilding CXX object CMakeFiles/client.dir/src/add_two_ints_client.cpp.o[0m
[2.349s] [ 50%] [32mBuilding CXX object CMakeFiles/server.dir/src/add_two_ints_server.cpp.o[0m
[9.964s] [ 75%] [32m[1mLinking CXX executable server[0m
[10.184s] [ 75%] Built target server
[10.191s] [100%] [32m[1mLinking CXX executable client[0m
[10.391s] [100%] Built target client
[10.406s] Invoked command in '/home/yixin/ros2_ws/build/cpp_srvcli' returned '0': CMAKE_PREFIX_PATH=${CMAKE_PREFIX_PATH}:/home/yixin/ros2_ws/install/py_srvcli:/home/yixin/ros2_ws/install/py_pubsub:/home/yixin/ros2_ws/install/my_python_package:/home/yixin/ros2_ws/install/launch_testing_examples:/home/yixin/ros2_ws/install/examples_rclpy_pointcloud_publisher:/home/yixin/ros2_ws/install/examples_rclpy_minimal_subscriber:/home/yixin/ros2_ws/install/examples_rclpy_minimal_service:/home/yixin/ros2_ws/install/examples_rclpy_minimal_publisher:/home/yixin/ros2_ws/install/examples_rclpy_minimal_client:/home/yixin/ros2_ws/install/examples_rclpy_minimal_action_server:/home/yixin/ros2_ws/install/examples_rclpy_minimal_action_client:/home/yixin/ros2_ws/install/examples_rclpy_guard_conditions:/home/yixin/ros2_ws/install/examples_rclpy_executors:/opt/ros/jazzy DEBUGINFOD_URLS=https://debuginfod.ubuntu.com /usr/bin/cmake --build /home/yixin/ros2_ws/build/cpp_srvcli -- -j8 -l8
[10.419s] Invoking command in '/home/yixin/ros2_ws/build/cpp_srvcli': CMAKE_PREFIX_PATH=${CMAKE_PREFIX_PATH}:/home/yixin/ros2_ws/install/py_srvcli:/home/yixin/ros2_ws/install/py_pubsub:/home/yixin/ros2_ws/install/my_python_package:/home/yixin/ros2_ws/install/launch_testing_examples:/home/yixin/ros2_ws/install/examples_rclpy_pointcloud_publisher:/home/yixin/ros2_ws/install/examples_rclpy_minimal_subscriber:/home/yixin/ros2_ws/install/examples_rclpy_minimal_service:/home/yixin/ros2_ws/install/examples_rclpy_minimal_publisher:/home/yixin/ros2_ws/install/examples_rclpy_minimal_client:/home/yixin/ros2_ws/install/examples_rclpy_minimal_action_server:/home/yixin/ros2_ws/install/examples_rclpy_minimal_action_client:/home/yixin/ros2_ws/install/examples_rclpy_guard_conditions:/home/yixin/ros2_ws/install/examples_rclpy_executors:/opt/ros/jazzy DEBUGINFOD_URLS=https://debuginfod.ubuntu.com /usr/bin/cmake --install /home/yixin/ros2_ws/build/cpp_srvcli
[10.428s] -- Install configuration: ""
[10.428s] -- Installing: /home/yixin/ros2_ws/install/cpp_srvcli/lib/cpp_srvcli/server
[10.429s] -- Set non-toolchain portion of runtime path of "/home/yixin/ros2_ws/install/cpp_srvcli/lib/cpp_srvcli/server" to ""
[10.430s] -- Installing: /home/yixin/ros2_ws/install/cpp_srvcli/lib/cpp_srvcli/client
[10.431s] -- Set non-toolchain portion of runtime path of "/home/yixin/ros2_ws/install/cpp_srvcli/lib/cpp_srvcli/client" to ""
[10.431s] -- Installing: /home/yixin/ros2_ws/install/cpp_srvcli/share/ament_index/resource_index/package_run_dependencies/cpp_srvcli
[10.431s] -- Installing: /home/yixin/ros2_ws/install/cpp_srvcli/share/ament_index/resource_index/parent_prefix_path/cpp_srvcli
[10.432s] -- Up-to-date: /home/yixin/ros2_ws/install/cpp_srvcli/share/cpp_srvcli/environment/ament_prefix_path.sh
[10.432s] -- Up-to-date: /home/yixin/ros2_ws/install/cpp_srvcli/share/cpp_srvcli/environment/ament_prefix_path.dsv
[10.432s] -- Up-to-date: /home/yixin/ros2_ws/install/cpp_srvcli/share/cpp_srvcli/environment/path.sh
[10.432s] -- Up-to-date: /home/yixin/ros2_ws/install/cpp_srvcli/share/cpp_srvcli/environment/path.dsv
[10.432s] -- Up-to-date: /home/yixin/ros2_ws/install/cpp_srvcli/share/cpp_srvcli/local_setup.bash
[10.432s] -- Up-to-date: /home/yixin/ros2_ws/install/cpp_srvcli/share/cpp_srvcli/local_setup.sh
[10.432s] -- Up-to-date: /home/yixin/ros2_ws/install/cpp_srvcli/share/cpp_srvcli/local_setup.zsh
[10.432s] -- Up-to-date: /home/yixin/ros2_ws/install/cpp_srvcli/share/cpp_srvcli/local_setup.dsv
[10.432s] -- Installing: /home/yixin/ros2_ws/install/cpp_srvcli/share/cpp_srvcli/package.dsv
[10.433s] -- Up-to-date: /home/yixin/ros2_ws/install/cpp_srvcli/share/ament_index/resource_index/packages/cpp_srvcli
[10.433s] -- Up-to-date: /home/yixin/ros2_ws/install/cpp_srvcli/share/cpp_srvcli/cmake/cpp_srvcliConfig.cmake
[10.433s] -- Up-to-date: /home/yixin/ros2_ws/install/cpp_srvcli/share/cpp_srvcli/cmake/cpp_srvcliConfig-version.cmake
[10.433s] -- Installing: /home/yixin/ros2_ws/install/cpp_srvcli/share/cpp_srvcli/package.xml
[10.436s] Invoked command in '/home/yixin/ros2_ws/build/cpp_srvcli' returned '0': CMAKE_PREFIX_PATH=${CMAKE_PREFIX_PATH}:/home/yixin/ros2_ws/install/py_srvcli:/home/yixin/ros2_ws/install/py_pubsub:/home/yixin/ros2_ws/install/my_python_package:/home/yixin/ros2_ws/install/launch_testing_examples:/home/yixin/ros2_ws/install/examples_rclpy_pointcloud_publisher:/home/yixin/ros2_ws/install/examples_rclpy_minimal_subscriber:/home/yixin/ros2_ws/install/examples_rclpy_minimal_service:/home/yixin/ros2_ws/install/examples_rclpy_minimal_publisher:/home/yixin/ros2_ws/install/examples_rclpy_minimal_client:/home/yixin/ros2_ws/install/examples_rclpy_minimal_action_server:/home/yixin/ros2_ws/install/examples_rclpy_minimal_action_client:/home/yixin/ros2_ws/install/examples_rclpy_guard_conditions:/home/yixin/ros2_ws/install/examples_rclpy_executors:/opt/ros/jazzy DEBUGINFOD_URLS=https://debuginfod.ubuntu.com /usr/bin/cmake --install /home/yixin/ros2_ws/build/cpp_srvcli
