[0.134s] Invoking command in '/home/yixin/ros2_ws/build/custom_action_interfaces': CMAKE_PREFIX_PATH=${CMAKE_PREFIX_PATH}:/opt/ros/jazzy DEBUGINFOD_URLS=https://debuginfod.ubuntu.com /usr/bin/cmake /home/yixin/ros2_ws/src/custom_action_interfaces -DCMAKE_INSTALL_PREFIX=/home/yixin/ros2_ws/install/custom_action_interfaces
[0.444s] -- The C compiler identification is GNU 13.3.0
[0.868s] -- The CXX compiler identification is GNU 13.3.0
[0.944s] -- Detecting C compiler ABI info
[1.342s] -- Detecting C compiler ABI info - done
[1.385s] -- Check for working C compiler: /usr/bin/cc - skipped
[1.387s] -- Detecting C compile features
[1.407s] -- Detecting C compile features - done
[1.451s] -- Detecting CXX compiler ABI info
[2.266s] -- Detecting CXX compiler ABI info - done
[2.325s] -- Check for working CXX compiler: /usr/bin/c++ - skipped
[2.328s] -- Detecting CXX compile features
[2.333s] -- Detecting CXX compile features - done
[2.360s] -- Found ament_cmake: 2.5.5 (/opt/ros/jazzy/share/ament_cmake/cmake)
[3.052s] -- Found Python3: /usr/bin/python3 (found version "3.12.3") found components: Interpreter 
[3.505s] -- Found ament_lint_auto: 0.17.4 (/opt/ros/jazzy/share/ament_lint_auto/cmake)
[3.946s] -- Found rosidl_default_generators: 1.6.0 (/opt/ros/jazzy/share/rosidl_default_generators/cmake)
[3.978s] -- Using all available rosidl_typesupport_c: rosidl_typesupport_fastrtps_c;rosidl_typesupport_introspection_c
[4.249s] -- Using all available rosidl_typesupport_cpp: rosidl_typesupport_fastrtps_cpp;rosidl_typesupport_introspection_cpp
[4.475s] -- Found rosidl_adapter: 4.6.7 (/opt/ros/jazzy/share/rosidl_adapter/cmake)
[6.680s] -- Found ament_cmake_ros: 0.12.0 (/opt/ros/jazzy/share/ament_cmake_ros/cmake)
[8.347s] -- Using all available rosidl_typesupport_c: rosidl_typesupport_fastrtps_c;rosidl_typesupport_introspection_c
[10.077s] -- Using all available rosidl_typesupport_cpp: rosidl_typesupport_fastrtps_cpp;rosidl_typesupport_introspection_cpp
[10.089s] -- Found python_cmake_module: 0.11.1 (/opt/ros/jazzy/share/python_cmake_module/cmake)
[10.430s] -- Found PythonExtra: /usr/bin/python3  
[11.485s] -- Found Python3: /usr/bin/python3 (found version "3.12.3") found components: Interpreter Development NumPy Development.Module Development.Embed 
[11.592s] -- Added test 'lint_cmake' to check CMake code style
[11.596s] -- Added test 'xmllint' to check XML markup files
[11.632s] -- Configuring done (11.5s)
[11.740s] -- Generating done (0.1s)
[11.763s] -- Build files have been written to: /home/yixin/ros2_ws/build/custom_action_interfaces
[12.675s] Invoked command in '/home/yixin/ros2_ws/build/custom_action_interfaces' returned '0': CMAKE_PREFIX_PATH=${CMAKE_PREFIX_PATH}:/opt/ros/jazzy DEBUGINFOD_URLS=https://debuginfod.ubuntu.com /usr/bin/cmake /home/yixin/ros2_ws/src/custom_action_interfaces -DCMAKE_INSTALL_PREFIX=/home/yixin/ros2_ws/install/custom_action_interfaces
[12.677s] Invoking command in '/home/yixin/ros2_ws/build/custom_action_interfaces': CMAKE_PREFIX_PATH=${CMAKE_PREFIX_PATH}:/opt/ros/jazzy DEBUGINFOD_URLS=https://debuginfod.ubuntu.com /usr/bin/cmake --build /home/yixin/ros2_ws/build/custom_action_interfaces -- -j8 -l8
[12.845s] [  2%] [34m[1mGenerating type hashes for ROS interfaces[0m
[12.903s] [  2%] Built target ament_cmake_python_copy_custom_action_interfaces
[13.347s] running egg_info
[13.347s] creating custom_action_interfaces.egg-info
[13.385s] writing custom_action_interfaces.egg-info/PKG-INFO
[13.385s] writing dependency_links to custom_action_interfaces.egg-info/dependency_links.txt
[13.386s] writing top-level names to custom_action_interfaces.egg-info/top_level.txt
[13.386s] writing manifest file 'custom_action_interfaces.egg-info/SOURCES.txt'
[13.543s] reading manifest file 'custom_action_interfaces.egg-info/SOURCES.txt'
[13.544s] writing manifest file 'custom_action_interfaces.egg-info/SOURCES.txt'
[13.605s] [  2%] Built target custom_action_interfaces__rosidl_generator_type_description
[13.662s] [  5%] [34m[1mGenerating C code for ROS interfaces[0m
[13.756s] [  5%] Built target ament_cmake_python_build_custom_action_interfaces_egg
[13.769s] [  8%] [34m[1mGenerating C++ code for ROS interfaces[0m
[14.741s] [  8%] Built target custom_action_interfaces__cpp
[14.755s] [ 11%] [32mBuilding C object CMakeFiles/custom_action_interfaces__rosidl_generator_c.dir/rosidl_generator_c/custom_action_interfaces/action/detail/fibonacci__functions.c.o[0m
[14.758s] [ 14%] [32mBuilding C object CMakeFiles/custom_action_interfaces__rosidl_generator_c.dir/rosidl_generator_c/custom_action_interfaces/action/detail/fibonacci__description.c.o[0m
[14.758s] [ 17%] [32mBuilding C object CMakeFiles/custom_action_interfaces__rosidl_generator_c.dir/rosidl_generator_c/custom_action_interfaces/action/detail/fibonacci__type_support.c.o[0m
[15.036s] [ 20%] [32m[1mLinking C shared library libcustom_action_interfaces__rosidl_generator_c.so[0m
[15.138s] [ 20%] Built target custom_action_interfaces__rosidl_generator_c
[15.158s] [ 23%] [34m[1mGenerating C type support dispatch for ROS interfaces[0m
[15.160s] [ 26%] [34m[1mGenerating C introspection for ROS interfaces[0m
[15.171s] [ 32%] [34m[1mGenerating C++ introspection for ROS interfaces[0m
[15.171s] [ 35%] [34m[1mGenerating C++ type support dispatch for ROS interfaces[0m
[15.173s] [ 38%] [34m[1mGenerating C type support for eProsima Fast-RTPS[0m
[15.177s] [ 32%] [34m[1mGenerating C++ type support for eProsima Fast-RTPS[0m
[15.956s] [ 41%] [32mBuilding CXX object CMakeFiles/custom_action_interfaces__rosidl_typesupport_cpp.dir/rosidl_typesupport_cpp/custom_action_interfaces/action/fibonacci__type_support.cpp.o[0m
[15.971s] [ 44%] [32mBuilding CXX object CMakeFiles/custom_action_interfaces__rosidl_typesupport_c.dir/rosidl_typesupport_c/custom_action_interfaces/action/fibonacci__type_support.cpp.o[0m
[16.056s] [ 47%] [32mBuilding CXX object CMakeFiles/custom_action_interfaces__rosidl_typesupport_introspection_cpp.dir/rosidl_typesupport_introspection_cpp/custom_action_interfaces/action/detail/fibonacci__type_support.cpp.o[0m
[16.080s] [ 50%] [32mBuilding C object CMakeFiles/custom_action_interfaces__rosidl_typesupport_introspection_c.dir/rosidl_typesupport_introspection_c/custom_action_interfaces/action/detail/fibonacci__type_support.c.o[0m
[16.166s] [ 52%] [32m[1mLinking CXX shared library libcustom_action_interfaces__rosidl_typesupport_c.so[0m
[16.278s] [ 52%] Built target custom_action_interfaces__rosidl_typesupport_c
[16.325s] [ 55%] [32m[1mLinking C shared library libcustom_action_interfaces__rosidl_typesupport_introspection_c.so[0m
[16.417s] [ 55%] Built target custom_action_interfaces__rosidl_typesupport_introspection_c
[16.453s] [ 58%] [32mBuilding CXX object CMakeFiles/custom_action_interfaces__rosidl_typesupport_fastrtps_c.dir/rosidl_typesupport_fastrtps_c/custom_action_interfaces/action/detail/fibonacci__type_support_c.cpp.o[0m
[16.478s] [ 61%] [32mBuilding CXX object CMakeFiles/custom_action_interfaces__rosidl_typesupport_fastrtps_cpp.dir/rosidl_typesupport_fastrtps_cpp/custom_action_interfaces/action/detail/dds_fastrtps/fibonacci__type_support.cpp.o[0m
[17.579s] [ 64%] [32m[1mLinking CXX shared library libcustom_action_interfaces__rosidl_typesupport_cpp.so[0m
[17.744s] [ 67%] [32m[1mLinking CXX shared library libcustom_action_interfaces__rosidl_typesupport_fastrtps_c.so[0m
[17.768s] [ 70%] [32m[1mLinking CXX shared library libcustom_action_interfaces__rosidl_typesupport_introspection_cpp.so[0m
[17.830s] [ 70%] Built target custom_action_interfaces__rosidl_typesupport_cpp
[17.881s] [ 70%] Built target custom_action_interfaces__rosidl_typesupport_fastrtps_c
[17.975s] [ 70%] Built target custom_action_interfaces__rosidl_typesupport_introspection_cpp
[18.312s] [ 73%] [32m[1mLinking CXX shared library libcustom_action_interfaces__rosidl_typesupport_fastrtps_cpp.so[0m
[18.447s] [ 73%] Built target custom_action_interfaces__rosidl_typesupport_fastrtps_cpp
[18.475s] [ 73%] Built target custom_action_interfaces
[18.503s] [ 76%] [34m[1mGenerating Python code for ROS interfaces[0m
[19.186s] [ 76%] Built target custom_action_interfaces__py
[19.216s] [ 79%] [32mBuilding C object CMakeFiles/custom_action_interfaces__rosidl_generator_py.dir/rosidl_generator_py/custom_action_interfaces/action/_fibonacci_s.c.o[0m
[19.483s] [ 82%] [32m[1mLinking C shared library libcustom_action_interfaces__rosidl_generator_py.so[0m
[19.552s] [ 82%] Built target custom_action_interfaces__rosidl_generator_py
[19.580s] [ 91%] [32mBuilding C object CMakeFiles/custom_action_interfaces_s__rosidl_typesupport_fastrtps_c.dir/rosidl_generator_py/custom_action_interfaces/_custom_action_interfaces_s.ep.rosidl_typesupport_fastrtps_c.c.o[0m
[19.580s] [ 91%] [32mBuilding C object CMakeFiles/custom_action_interfaces_s__rosidl_typesupport_c.dir/rosidl_generator_py/custom_action_interfaces/_custom_action_interfaces_s.ep.rosidl_typesupport_c.c.o[0m
[19.580s] [ 91%] [32mBuilding C object CMakeFiles/custom_action_interfaces_s__rosidl_typesupport_introspection_c.dir/rosidl_generator_py/custom_action_interfaces/_custom_action_interfaces_s.ep.rosidl_typesupport_introspection_c.c.o[0m
[19.739s] [ 94%] [32m[1mLinking C shared module rosidl_generator_py/custom_action_interfaces/custom_action_interfaces_s__rosidl_typesupport_c.so[0m
[19.747s] [ 97%] [32m[1mLinking C shared module rosidl_generator_py/custom_action_interfaces/custom_action_interfaces_s__rosidl_typesupport_introspection_c.so[0m
[19.748s] [100%] [32m[1mLinking C shared module rosidl_generator_py/custom_action_interfaces/custom_action_interfaces_s__rosidl_typesupport_fastrtps_c.so[0m
[19.787s] [100%] Built target custom_action_interfaces_s__rosidl_typesupport_c
[19.793s] [100%] Built target custom_action_interfaces_s__rosidl_typesupport_introspection_c
[19.793s] [100%] Built target custom_action_interfaces_s__rosidl_typesupport_fastrtps_c
[19.814s] Invoked command in '/home/yixin/ros2_ws/build/custom_action_interfaces' returned '0': CMAKE_PREFIX_PATH=${CMAKE_PREFIX_PATH}:/opt/ros/jazzy DEBUGINFOD_URLS=https://debuginfod.ubuntu.com /usr/bin/cmake --build /home/yixin/ros2_ws/build/custom_action_interfaces -- -j8 -l8
[19.814s] Invoking command in '/home/yixin/ros2_ws/build/custom_action_interfaces': CMAKE_PREFIX_PATH=${CMAKE_PREFIX_PATH}:/opt/ros/jazzy DEBUGINFOD_URLS=https://debuginfod.ubuntu.com /usr/bin/cmake --install /home/yixin/ros2_ws/build/custom_action_interfaces
[19.828s] -- Install configuration: ""
[19.829s] -- Installing: /home/yixin/ros2_ws/install/custom_action_interfaces/share/ament_index/resource_index/rosidl_interfaces/custom_action_interfaces
[19.829s] -- Installing: /home/yixin/ros2_ws/install/custom_action_interfaces/share/custom_action_interfaces/action/Fibonacci.json
[19.830s] -- Installing: /home/yixin/ros2_ws/install/custom_action_interfaces/include/custom_action_interfaces/custom_action_interfaces
[19.830s] -- Installing: /home/yixin/ros2_ws/install/custom_action_interfaces/include/custom_action_interfaces/custom_action_interfaces/action
[19.830s] -- Installing: /home/yixin/ros2_ws/install/custom_action_interfaces/include/custom_action_interfaces/custom_action_interfaces/action/detail
[19.830s] -- Installing: /home/yixin/ros2_ws/install/custom_action_interfaces/include/custom_action_interfaces/custom_action_interfaces/action/detail/fibonacci__functions.c
[19.830s] -- Installing: /home/yixin/ros2_ws/install/custom_action_interfaces/include/custom_action_interfaces/custom_action_interfaces/action/detail/fibonacci__type_support.h
[19.830s] -- Installing: /home/yixin/ros2_ws/install/custom_action_interfaces/include/custom_action_interfaces/custom_action_interfaces/action/detail/fibonacci__struct.h
[19.831s] -- Installing: /home/yixin/ros2_ws/install/custom_action_interfaces/include/custom_action_interfaces/custom_action_interfaces/action/detail/fibonacci__type_support.c
[19.831s] -- Installing: /home/yixin/ros2_ws/install/custom_action_interfaces/include/custom_action_interfaces/custom_action_interfaces/action/detail/fibonacci__description.c
[19.833s] -- Installing: /home/yixin/ros2_ws/install/custom_action_interfaces/include/custom_action_interfaces/custom_action_interfaces/action/detail/fibonacci__functions.h
[19.833s] -- Installing: /home/yixin/ros2_ws/install/custom_action_interfaces/include/custom_action_interfaces/custom_action_interfaces/action/fibonacci.h
[19.833s] -- Installing: /home/yixin/ros2_ws/install/custom_action_interfaces/include/custom_action_interfaces/custom_action_interfaces/msg
[19.833s] -- Installing: /home/yixin/ros2_ws/install/custom_action_interfaces/include/custom_action_interfaces/custom_action_interfaces/msg/rosidl_generator_c__visibility_control.h
[19.833s] -- Installing: /home/yixin/ros2_ws/install/custom_action_interfaces/share/custom_action_interfaces/environment/library_path.sh
[19.833s] -- Installing: /home/yixin/ros2_ws/install/custom_action_interfaces/share/custom_action_interfaces/environment/library_path.dsv
[19.833s] -- Installing: /home/yixin/ros2_ws/install/custom_action_interfaces/lib/libcustom_action_interfaces__rosidl_generator_c.so
[19.834s] -- Set non-toolchain portion of runtime path of "/home/yixin/ros2_ws/install/custom_action_interfaces/lib/libcustom_action_interfaces__rosidl_generator_c.so" to ""
[19.834s] -- Up-to-date: /home/yixin/ros2_ws/install/custom_action_interfaces/include/custom_action_interfaces/custom_action_interfaces
[19.834s] -- Up-to-date: /home/yixin/ros2_ws/install/custom_action_interfaces/include/custom_action_interfaces/custom_action_interfaces/action
[19.834s] -- Up-to-date: /home/yixin/ros2_ws/install/custom_action_interfaces/include/custom_action_interfaces/custom_action_interfaces/action/detail
[19.834s] -- Installing: /home/yixin/ros2_ws/install/custom_action_interfaces/include/custom_action_interfaces/custom_action_interfaces/action/detail/fibonacci__rosidl_typesupport_fastrtps_c.h
[19.834s] -- Up-to-date: /home/yixin/ros2_ws/install/custom_action_interfaces/include/custom_action_interfaces/custom_action_interfaces/msg
[19.835s] -- Installing: /home/yixin/ros2_ws/install/custom_action_interfaces/include/custom_action_interfaces/custom_action_interfaces/msg/rosidl_typesupport_fastrtps_c__visibility_control.h
[19.835s] -- Installing: /home/yixin/ros2_ws/install/custom_action_interfaces/lib/libcustom_action_interfaces__rosidl_typesupport_fastrtps_c.so
[19.836s] -- Set non-toolchain portion of runtime path of "/home/yixin/ros2_ws/install/custom_action_interfaces/lib/libcustom_action_interfaces__rosidl_typesupport_fastrtps_c.so" to ""
[19.836s] -- Up-to-date: /home/yixin/ros2_ws/install/custom_action_interfaces/include/custom_action_interfaces/custom_action_interfaces
[19.836s] -- Up-to-date: /home/yixin/ros2_ws/install/custom_action_interfaces/include/custom_action_interfaces/custom_action_interfaces/action
[19.836s] -- Up-to-date: /home/yixin/ros2_ws/install/custom_action_interfaces/include/custom_action_interfaces/custom_action_interfaces/action/detail
[19.836s] -- Installing: /home/yixin/ros2_ws/install/custom_action_interfaces/include/custom_action_interfaces/custom_action_interfaces/action/detail/fibonacci__rosidl_typesupport_introspection_c.h
[19.836s] -- Installing: /home/yixin/ros2_ws/install/custom_action_interfaces/include/custom_action_interfaces/custom_action_interfaces/action/detail/fibonacci__type_support.c
[19.837s] -- Up-to-date: /home/yixin/ros2_ws/install/custom_action_interfaces/include/custom_action_interfaces/custom_action_interfaces/msg
[19.837s] -- Installing: /home/yixin/ros2_ws/install/custom_action_interfaces/include/custom_action_interfaces/custom_action_interfaces/msg/rosidl_typesupport_introspection_c__visibility_control.h
[19.837s] -- Installing: /home/yixin/ros2_ws/install/custom_action_interfaces/lib/libcustom_action_interfaces__rosidl_typesupport_introspection_c.so
[19.838s] -- Set non-toolchain portion of runtime path of "/home/yixin/ros2_ws/install/custom_action_interfaces/lib/libcustom_action_interfaces__rosidl_typesupport_introspection_c.so" to ""
[19.838s] -- Installing: /home/yixin/ros2_ws/install/custom_action_interfaces/lib/libcustom_action_interfaces__rosidl_typesupport_c.so
[19.838s] -- Set non-toolchain portion of runtime path of "/home/yixin/ros2_ws/install/custom_action_interfaces/lib/libcustom_action_interfaces__rosidl_typesupport_c.so" to ""
[19.839s] -- Up-to-date: /home/yixin/ros2_ws/install/custom_action_interfaces/include/custom_action_interfaces/custom_action_interfaces
[19.839s] -- Up-to-date: /home/yixin/ros2_ws/install/custom_action_interfaces/include/custom_action_interfaces/custom_action_interfaces/action
[19.839s] -- Up-to-date: /home/yixin/ros2_ws/install/custom_action_interfaces/include/custom_action_interfaces/custom_action_interfaces/action/detail
[19.839s] -- Installing: /home/yixin/ros2_ws/install/custom_action_interfaces/include/custom_action_interfaces/custom_action_interfaces/action/detail/fibonacci__traits.hpp
[19.839s] -- Installing: /home/yixin/ros2_ws/install/custom_action_interfaces/include/custom_action_interfaces/custom_action_interfaces/action/detail/fibonacci__builder.hpp
[19.839s] -- Installing: /home/yixin/ros2_ws/install/custom_action_interfaces/include/custom_action_interfaces/custom_action_interfaces/action/detail/fibonacci__struct.hpp
[19.839s] -- Installing: /home/yixin/ros2_ws/install/custom_action_interfaces/include/custom_action_interfaces/custom_action_interfaces/action/detail/fibonacci__type_support.hpp
[19.840s] -- Installing: /home/yixin/ros2_ws/install/custom_action_interfaces/include/custom_action_interfaces/custom_action_interfaces/action/fibonacci.hpp
[19.840s] -- Up-to-date: /home/yixin/ros2_ws/install/custom_action_interfaces/include/custom_action_interfaces/custom_action_interfaces/msg
[19.840s] -- Installing: /home/yixin/ros2_ws/install/custom_action_interfaces/include/custom_action_interfaces/custom_action_interfaces/msg/rosidl_generator_cpp__visibility_control.hpp
[19.840s] -- Up-to-date: /home/yixin/ros2_ws/install/custom_action_interfaces/include/custom_action_interfaces/custom_action_interfaces
[19.840s] -- Up-to-date: /home/yixin/ros2_ws/install/custom_action_interfaces/include/custom_action_interfaces/custom_action_interfaces/action
[19.840s] -- Up-to-date: /home/yixin/ros2_ws/install/custom_action_interfaces/include/custom_action_interfaces/custom_action_interfaces/action/detail
[19.840s] -- Installing: /home/yixin/ros2_ws/install/custom_action_interfaces/include/custom_action_interfaces/custom_action_interfaces/action/detail/fibonacci__rosidl_typesupport_fastrtps_cpp.hpp
[19.840s] -- Installing: /home/yixin/ros2_ws/install/custom_action_interfaces/include/custom_action_interfaces/custom_action_interfaces/action/detail/dds_fastrtps
[19.841s] -- Up-to-date: /home/yixin/ros2_ws/install/custom_action_interfaces/include/custom_action_interfaces/custom_action_interfaces/msg
[19.841s] -- Installing: /home/yixin/ros2_ws/install/custom_action_interfaces/include/custom_action_interfaces/custom_action_interfaces/msg/rosidl_typesupport_fastrtps_cpp__visibility_control.h
[19.841s] -- Installing: /home/yixin/ros2_ws/install/custom_action_interfaces/lib/libcustom_action_interfaces__rosidl_typesupport_fastrtps_cpp.so
[19.842s] -- Set non-toolchain portion of runtime path of "/home/yixin/ros2_ws/install/custom_action_interfaces/lib/libcustom_action_interfaces__rosidl_typesupport_fastrtps_cpp.so" to ""
[19.842s] -- Up-to-date: /home/yixin/ros2_ws/install/custom_action_interfaces/include/custom_action_interfaces/custom_action_interfaces
[19.842s] -- Up-to-date: /home/yixin/ros2_ws/install/custom_action_interfaces/include/custom_action_interfaces/custom_action_interfaces/action
[19.843s] -- Up-to-date: /home/yixin/ros2_ws/install/custom_action_interfaces/include/custom_action_interfaces/custom_action_interfaces/action/detail
[19.843s] -- Installing: /home/yixin/ros2_ws/install/custom_action_interfaces/include/custom_action_interfaces/custom_action_interfaces/action/detail/fibonacci__type_support.cpp
[19.843s] -- Installing: /home/yixin/ros2_ws/install/custom_action_interfaces/include/custom_action_interfaces/custom_action_interfaces/action/detail/fibonacci__rosidl_typesupport_introspection_cpp.hpp
[19.843s] -- Installing: /home/yixin/ros2_ws/install/custom_action_interfaces/lib/libcustom_action_interfaces__rosidl_typesupport_introspection_cpp.so
[19.844s] -- Set non-toolchain portion of runtime path of "/home/yixin/ros2_ws/install/custom_action_interfaces/lib/libcustom_action_interfaces__rosidl_typesupport_introspection_cpp.so" to ""
[19.844s] -- Installing: /home/yixin/ros2_ws/install/custom_action_interfaces/lib/libcustom_action_interfaces__rosidl_typesupport_cpp.so
[19.845s] -- Set non-toolchain portion of runtime path of "/home/yixin/ros2_ws/install/custom_action_interfaces/lib/libcustom_action_interfaces__rosidl_typesupport_cpp.so" to ""
[19.845s] -- Installing: /home/yixin/ros2_ws/install/custom_action_interfaces/share/custom_action_interfaces/environment/pythonpath.sh
[19.845s] -- Installing: /home/yixin/ros2_ws/install/custom_action_interfaces/share/custom_action_interfaces/environment/pythonpath.dsv
[19.846s] -- Installing: /home/yixin/ros2_ws/install/custom_action_interfaces/lib/python3.12/site-packages/custom_action_interfaces-0.0.0-py3.12.egg-info
[19.846s] -- Installing: /home/yixin/ros2_ws/install/custom_action_interfaces/lib/python3.12/site-packages/custom_action_interfaces-0.0.0-py3.12.egg-info/top_level.txt
[19.846s] -- Installing: /home/yixin/ros2_ws/install/custom_action_interfaces/lib/python3.12/site-packages/custom_action_interfaces-0.0.0-py3.12.egg-info/dependency_links.txt
[19.846s] -- Installing: /home/yixin/ros2_ws/install/custom_action_interfaces/lib/python3.12/site-packages/custom_action_interfaces-0.0.0-py3.12.egg-info/PKG-INFO
[19.846s] -- Installing: /home/yixin/ros2_ws/install/custom_action_interfaces/lib/python3.12/site-packages/custom_action_interfaces-0.0.0-py3.12.egg-info/SOURCES.txt
[19.847s] -- Installing: /home/yixin/ros2_ws/install/custom_action_interfaces/lib/python3.12/site-packages/custom_action_interfaces
[19.847s] -- Installing: /home/yixin/ros2_ws/install/custom_action_interfaces/lib/python3.12/site-packages/custom_action_interfaces/custom_action_interfaces_s__rosidl_typesupport_c.so
[19.847s] -- Installing: /home/yixin/ros2_ws/install/custom_action_interfaces/lib/python3.12/site-packages/custom_action_interfaces/__init__.py
[19.847s] -- Installing: /home/yixin/ros2_ws/install/custom_action_interfaces/lib/python3.12/site-packages/custom_action_interfaces/_custom_action_interfaces_s.ep.rosidl_typesupport_introspection_c.c
[19.847s] -- Installing: /home/yixin/ros2_ws/install/custom_action_interfaces/lib/python3.12/site-packages/custom_action_interfaces/action
[19.848s] -- Installing: /home/yixin/ros2_ws/install/custom_action_interfaces/lib/python3.12/site-packages/custom_action_interfaces/action/_fibonacci.py
[19.848s] -- Installing: /home/yixin/ros2_ws/install/custom_action_interfaces/lib/python3.12/site-packages/custom_action_interfaces/action/__init__.py
[19.848s] -- Installing: /home/yixin/ros2_ws/install/custom_action_interfaces/lib/python3.12/site-packages/custom_action_interfaces/action/_fibonacci_s.c
[19.848s] -- Installing: /home/yixin/ros2_ws/install/custom_action_interfaces/lib/python3.12/site-packages/custom_action_interfaces/custom_action_interfaces_s__rosidl_typesupport_introspection_c.so
[19.848s] -- Installing: /home/yixin/ros2_ws/install/custom_action_interfaces/lib/python3.12/site-packages/custom_action_interfaces/_custom_action_interfaces_s.ep.rosidl_typesupport_c.c
[19.849s] -- Installing: /home/yixin/ros2_ws/install/custom_action_interfaces/lib/python3.12/site-packages/custom_action_interfaces/_custom_action_interfaces_s.ep.rosidl_typesupport_fastrtps_c.c
[19.849s] -- Installing: /home/yixin/ros2_ws/install/custom_action_interfaces/lib/python3.12/site-packages/custom_action_interfaces/custom_action_interfaces_s__rosidl_typesupport_fastrtps_c.so
[19.899s] Listing '/home/yixin/ros2_ws/install/custom_action_interfaces/lib/python3.12/site-packages/custom_action_interfaces'...
[19.899s] Compiling '/home/yixin/ros2_ws/install/custom_action_interfaces/lib/python3.12/site-packages/custom_action_interfaces/__init__.py'...
[19.899s] Listing '/home/yixin/ros2_ws/install/custom_action_interfaces/lib/python3.12/site-packages/custom_action_interfaces/action'...
[19.899s] Compiling '/home/yixin/ros2_ws/install/custom_action_interfaces/lib/python3.12/site-packages/custom_action_interfaces/action/__init__.py'...
[19.899s] Compiling '/home/yixin/ros2_ws/install/custom_action_interfaces/lib/python3.12/site-packages/custom_action_interfaces/action/_fibonacci.py'...
[19.908s] -- Installing: /home/yixin/ros2_ws/install/custom_action_interfaces/lib/python3.12/site-packages/custom_action_interfaces/custom_action_interfaces_s__rosidl_typesupport_fastrtps_c.so
[19.909s] -- Set non-toolchain portion of runtime path of "/home/yixin/ros2_ws/install/custom_action_interfaces/lib/python3.12/site-packages/custom_action_interfaces/custom_action_interfaces_s__rosidl_typesupport_fastrtps_c.so" to ""
[19.909s] -- Installing: /home/yixin/ros2_ws/install/custom_action_interfaces/lib/python3.12/site-packages/custom_action_interfaces/custom_action_interfaces_s__rosidl_typesupport_introspection_c.so
[19.909s] -- Set non-toolchain portion of runtime path of "/home/yixin/ros2_ws/install/custom_action_interfaces/lib/python3.12/site-packages/custom_action_interfaces/custom_action_interfaces_s__rosidl_typesupport_introspection_c.so" to ""
[19.910s] -- Installing: /home/yixin/ros2_ws/install/custom_action_interfaces/lib/python3.12/site-packages/custom_action_interfaces/custom_action_interfaces_s__rosidl_typesupport_c.so
[19.913s] -- Set non-toolchain portion of runtime path of "/home/yixin/ros2_ws/install/custom_action_interfaces/lib/python3.12/site-packages/custom_action_interfaces/custom_action_interfaces_s__rosidl_typesupport_c.so" to ""
[19.913s] -- Installing: /home/yixin/ros2_ws/install/custom_action_interfaces/lib/libcustom_action_interfaces__rosidl_generator_py.so
[19.913s] -- Set non-toolchain portion of runtime path of "/home/yixin/ros2_ws/install/custom_action_interfaces/lib/libcustom_action_interfaces__rosidl_generator_py.so" to ""
[19.913s] -- Installing: /home/yixin/ros2_ws/install/custom_action_interfaces/share/custom_action_interfaces/action/Fibonacci.idl
[19.914s] -- Installing: /home/yixin/ros2_ws/install/custom_action_interfaces/share/custom_action_interfaces/action/Fibonacci.action
[19.914s] -- Installing: /home/yixin/ros2_ws/install/custom_action_interfaces/share/ament_index/resource_index/package_run_dependencies/custom_action_interfaces
[19.914s] -- Installing: /home/yixin/ros2_ws/install/custom_action_interfaces/share/ament_index/resource_index/parent_prefix_path/custom_action_interfaces
[19.914s] -- Installing: /home/yixin/ros2_ws/install/custom_action_interfaces/share/custom_action_interfaces/environment/ament_prefix_path.sh
[19.914s] -- Installing: /home/yixin/ros2_ws/install/custom_action_interfaces/share/custom_action_interfaces/environment/ament_prefix_path.dsv
[19.921s] -- Installing: /home/yixin/ros2_ws/install/custom_action_interfaces/share/custom_action_interfaces/environment/path.sh
[19.921s] -- Installing: /home/yixin/ros2_ws/install/custom_action_interfaces/share/custom_action_interfaces/environment/path.dsv
[19.921s] -- Installing: /home/yixin/ros2_ws/install/custom_action_interfaces/share/custom_action_interfaces/local_setup.bash
[19.922s] -- Installing: /home/yixin/ros2_ws/install/custom_action_interfaces/share/custom_action_interfaces/local_setup.sh
[19.922s] -- Installing: /home/yixin/ros2_ws/install/custom_action_interfaces/share/custom_action_interfaces/local_setup.zsh
[19.922s] -- Installing: /home/yixin/ros2_ws/install/custom_action_interfaces/share/custom_action_interfaces/local_setup.dsv
[19.922s] -- Installing: /home/yixin/ros2_ws/install/custom_action_interfaces/share/custom_action_interfaces/package.dsv
[19.922s] -- Installing: /home/yixin/ros2_ws/install/custom_action_interfaces/share/ament_index/resource_index/packages/custom_action_interfaces
[19.922s] -- Installing: /home/yixin/ros2_ws/install/custom_action_interfaces/share/custom_action_interfaces/cmake/export_custom_action_interfaces__rosidl_generator_cExport.cmake
[19.923s] -- Installing: /home/yixin/ros2_ws/install/custom_action_interfaces/share/custom_action_interfaces/cmake/export_custom_action_interfaces__rosidl_generator_cExport-noconfig.cmake
[19.923s] -- Installing: /home/yixin/ros2_ws/install/custom_action_interfaces/share/custom_action_interfaces/cmake/export_custom_action_interfaces__rosidl_typesupport_fastrtps_cExport.cmake
[19.923s] -- Installing: /home/yixin/ros2_ws/install/custom_action_interfaces/share/custom_action_interfaces/cmake/export_custom_action_interfaces__rosidl_typesupport_fastrtps_cExport-noconfig.cmake
[19.923s] -- Installing: /home/yixin/ros2_ws/install/custom_action_interfaces/share/custom_action_interfaces/cmake/custom_action_interfaces__rosidl_typesupport_introspection_cExport.cmake
[19.924s] -- Installing: /home/yixin/ros2_ws/install/custom_action_interfaces/share/custom_action_interfaces/cmake/custom_action_interfaces__rosidl_typesupport_introspection_cExport-noconfig.cmake
[19.924s] -- Installing: /home/yixin/ros2_ws/install/custom_action_interfaces/share/custom_action_interfaces/cmake/custom_action_interfaces__rosidl_typesupport_cExport.cmake
[19.924s] -- Installing: /home/yixin/ros2_ws/install/custom_action_interfaces/share/custom_action_interfaces/cmake/custom_action_interfaces__rosidl_typesupport_cExport-noconfig.cmake
[19.924s] -- Installing: /home/yixin/ros2_ws/install/custom_action_interfaces/share/custom_action_interfaces/cmake/export_custom_action_interfaces__rosidl_generator_cppExport.cmake
[19.924s] -- Installing: /home/yixin/ros2_ws/install/custom_action_interfaces/share/custom_action_interfaces/cmake/export_custom_action_interfaces__rosidl_typesupport_fastrtps_cppExport.cmake
[19.925s] -- Installing: /home/yixin/ros2_ws/install/custom_action_interfaces/share/custom_action_interfaces/cmake/export_custom_action_interfaces__rosidl_typesupport_fastrtps_cppExport-noconfig.cmake
[19.925s] -- Installing: /home/yixin/ros2_ws/install/custom_action_interfaces/share/custom_action_interfaces/cmake/custom_action_interfaces__rosidl_typesupport_introspection_cppExport.cmake
[19.925s] -- Installing: /home/yixin/ros2_ws/install/custom_action_interfaces/share/custom_action_interfaces/cmake/custom_action_interfaces__rosidl_typesupport_introspection_cppExport-noconfig.cmake
[19.925s] -- Installing: /home/yixin/ros2_ws/install/custom_action_interfaces/share/custom_action_interfaces/cmake/custom_action_interfaces__rosidl_typesupport_cppExport.cmake
[19.925s] -- Installing: /home/yixin/ros2_ws/install/custom_action_interfaces/share/custom_action_interfaces/cmake/custom_action_interfaces__rosidl_typesupport_cppExport-noconfig.cmake
[19.925s] -- Installing: /home/yixin/ros2_ws/install/custom_action_interfaces/share/custom_action_interfaces/cmake/export_custom_action_interfaces__rosidl_generator_pyExport.cmake
[19.925s] -- Installing: /home/yixin/ros2_ws/install/custom_action_interfaces/share/custom_action_interfaces/cmake/export_custom_action_interfaces__rosidl_generator_pyExport-noconfig.cmake
[19.925s] -- Installing: /home/yixin/ros2_ws/install/custom_action_interfaces/share/custom_action_interfaces/cmake/rosidl_cmake-extras.cmake
[19.927s] -- Installing: /home/yixin/ros2_ws/install/custom_action_interfaces/share/custom_action_interfaces/cmake/ament_cmake_export_dependencies-extras.cmake
[19.927s] -- Installing: /home/yixin/ros2_ws/install/custom_action_interfaces/share/custom_action_interfaces/cmake/ament_cmake_export_include_directories-extras.cmake
[19.927s] -- Installing: /home/yixin/ros2_ws/install/custom_action_interfaces/share/custom_action_interfaces/cmake/ament_cmake_export_libraries-extras.cmake
[19.927s] -- Installing: /home/yixin/ros2_ws/install/custom_action_interfaces/share/custom_action_interfaces/cmake/ament_cmake_export_targets-extras.cmake
[19.927s] -- Installing: /home/yixin/ros2_ws/install/custom_action_interfaces/share/custom_action_interfaces/cmake/rosidl_cmake_export_typesupport_targets-extras.cmake
[19.927s] -- Installing: /home/yixin/ros2_ws/install/custom_action_interfaces/share/custom_action_interfaces/cmake/rosidl_cmake_export_typesupport_libraries-extras.cmake
[19.927s] -- Installing: /home/yixin/ros2_ws/install/custom_action_interfaces/share/custom_action_interfaces/cmake/custom_action_interfacesConfig.cmake
[19.927s] -- Installing: /home/yixin/ros2_ws/install/custom_action_interfaces/share/custom_action_interfaces/cmake/custom_action_interfacesConfig-version.cmake
[19.927s] -- Installing: /home/yixin/ros2_ws/install/custom_action_interfaces/share/custom_action_interfaces/package.xml
[19.931s] Invoked command in '/home/yixin/ros2_ws/build/custom_action_interfaces' returned '0': CMAKE_PREFIX_PATH=${CMAKE_PREFIX_PATH}:/opt/ros/jazzy DEBUGINFOD_URLS=https://debuginfod.ubuntu.com /usr/bin/cmake --install /home/yixin/ros2_ws/build/custom_action_interfaces
