[0.247s] Invoking command in '/home/yixin/ros2_ws/build/custom_action_interfaces': CMAKE_PREFIX_PATH=${CMAKE_PREFIX_PATH}:/home/yixin/ros2_ws/install/py_srvcli:/home/yixin/ros2_ws/install/py_pubsub:/home/yixin/ros2_ws/install/python_parameters:/home/yixin/ros2_ws/install/my_python_package:/home/yixin/ros2_ws/install/launch_testing_examples:/home/yixin/ros2_ws/install/examples_rclpy_pointcloud_publisher:/home/yixin/ros2_ws/install/examples_rclpy_minimal_subscriber:/home/yixin/ros2_ws/install/examples_rclpy_minimal_service:/home/yixin/ros2_ws/install/examples_rclpy_minimal_publisher:/home/yixin/ros2_ws/install/examples_rclpy_minimal_client:/home/yixin/ros2_ws/install/examples_rclpy_minimal_action_server:/home/yixin/ros2_ws/install/examples_rclpy_minimal_action_client:/home/yixin/ros2_ws/install/examples_rclpy_guard_conditions:/home/yixin/ros2_ws/install/examples_rclpy_executors:/opt/ros/jazzy DEBUGINFOD_URLS=https://debuginfod.ubuntu.com /usr/bin/cmake --build /home/yixin/ros2_ws/build/custom_action_interfaces -- -j8 -l8
[0.555s] [  2%] Built target custom_action_interfaces__rosidl_generator_type_description
[0.664s] [  2%] Built target ament_cmake_python_copy_custom_action_interfaces
[0.809s] [ 17%] Built target custom_action_interfaces__rosidl_generator_c
[0.867s] [ 20%] Built target custom_action_interfaces__cpp
[1.063s] [ 29%] Built target custom_action_interfaces__rosidl_typesupport_c
[1.181s] [ 38%] Built target custom_action_interfaces__rosidl_typesupport_introspection_c
[1.198s] [ 47%] Built target custom_action_interfaces__rosidl_typesupport_fastrtps_c
[1.231s] [ 55%] Built target custom_action_interfaces__rosidl_typesupport_cpp
[1.231s] [ 64%] Built target custom_action_interfaces__rosidl_typesupport_fastrtps_cpp
[1.257s] [ 73%] Built target custom_action_interfaces__rosidl_typesupport_introspection_cpp
[1.391s] [ 73%] Built target custom_action_interfaces
[1.510s] [ 76%] Built target custom_action_interfaces__py
[1.616s] [ 82%] Built target custom_action_interfaces__rosidl_generator_py
[1.816s] [ 88%] Built target custom_action_interfaces_s__rosidl_typesupport_fastrtps_c
[1.816s] [ 94%] Built target custom_action_interfaces_s__rosidl_typesupport_c
[1.848s] [100%] Built target custom_action_interfaces_s__rosidl_typesupport_introspection_c
[2.228s] running egg_info
[2.352s] writing custom_action_interfaces.egg-info/PKG-INFO
[2.353s] writing dependency_links to custom_action_interfaces.egg-info/dependency_links.txt
[2.353s] writing top-level names to custom_action_interfaces.egg-info/top_level.txt
[2.909s] reading manifest file 'custom_action_interfaces.egg-info/SOURCES.txt'
[2.910s] writing manifest file 'custom_action_interfaces.egg-info/SOURCES.txt'
[3.034s] [100%] Built target ament_cmake_python_build_custom_action_interfaces_egg
[3.291s] Invoked command in '/home/yixin/ros2_ws/build/custom_action_interfaces' returned '0': CMAKE_PREFIX_PATH=${CMAKE_PREFIX_PATH}:/home/yixin/ros2_ws/install/py_srvcli:/home/yixin/ros2_ws/install/py_pubsub:/home/yixin/ros2_ws/install/python_parameters:/home/yixin/ros2_ws/install/my_python_package:/home/yixin/ros2_ws/install/launch_testing_examples:/home/yixin/ros2_ws/install/examples_rclpy_pointcloud_publisher:/home/yixin/ros2_ws/install/examples_rclpy_minimal_subscriber:/home/yixin/ros2_ws/install/examples_rclpy_minimal_service:/home/yixin/ros2_ws/install/examples_rclpy_minimal_publisher:/home/yixin/ros2_ws/install/examples_rclpy_minimal_client:/home/yixin/ros2_ws/install/examples_rclpy_minimal_action_server:/home/yixin/ros2_ws/install/examples_rclpy_minimal_action_client:/home/yixin/ros2_ws/install/examples_rclpy_guard_conditions:/home/yixin/ros2_ws/install/examples_rclpy_executors:/opt/ros/jazzy DEBUGINFOD_URLS=https://debuginfod.ubuntu.com /usr/bin/cmake --build /home/yixin/ros2_ws/build/custom_action_interfaces -- -j8 -l8
[3.295s] Invoking command in '/home/yixin/ros2_ws/build/custom_action_interfaces': CMAKE_PREFIX_PATH=${CMAKE_PREFIX_PATH}:/home/yixin/ros2_ws/install/py_srvcli:/home/yixin/ros2_ws/install/py_pubsub:/home/yixin/ros2_ws/install/python_parameters:/home/yixin/ros2_ws/install/my_python_package:/home/yixin/ros2_ws/install/launch_testing_examples:/home/yixin/ros2_ws/install/examples_rclpy_pointcloud_publisher:/home/yixin/ros2_ws/install/examples_rclpy_minimal_subscriber:/home/yixin/ros2_ws/install/examples_rclpy_minimal_service:/home/yixin/ros2_ws/install/examples_rclpy_minimal_publisher:/home/yixin/ros2_ws/install/examples_rclpy_minimal_client:/home/yixin/ros2_ws/install/examples_rclpy_minimal_action_server:/home/yixin/ros2_ws/install/examples_rclpy_minimal_action_client:/home/yixin/ros2_ws/install/examples_rclpy_guard_conditions:/home/yixin/ros2_ws/install/examples_rclpy_executors:/opt/ros/jazzy DEBUGINFOD_URLS=https://debuginfod.ubuntu.com /usr/bin/cmake --install /home/yixin/ros2_ws/build/custom_action_interfaces
[3.430s] -- Install configuration: ""
[3.430s] -- Up-to-date: /home/yixin/ros2_ws/install/custom_action_interfaces/share/ament_index/resource_index/rosidl_interfaces/custom_action_interfaces
[3.431s] -- Up-to-date: /home/yixin/ros2_ws/install/custom_action_interfaces/share/custom_action_interfaces/action/Fibonacci.json
[3.431s] -- Up-to-date: /home/yixin/ros2_ws/install/custom_action_interfaces/include/custom_action_interfaces/custom_action_interfaces
[3.431s] -- Up-to-date: /home/yixin/ros2_ws/install/custom_action_interfaces/include/custom_action_interfaces/custom_action_interfaces/action
[3.431s] -- Up-to-date: /home/yixin/ros2_ws/install/custom_action_interfaces/include/custom_action_interfaces/custom_action_interfaces/action/detail
[3.432s] -- Up-to-date: /home/yixin/ros2_ws/install/custom_action_interfaces/include/custom_action_interfaces/custom_action_interfaces/action/detail/fibonacci__functions.c
[3.432s] -- Up-to-date: /home/yixin/ros2_ws/install/custom_action_interfaces/include/custom_action_interfaces/custom_action_interfaces/action/detail/fibonacci__type_support.h
[3.432s] -- Up-to-date: /home/yixin/ros2_ws/install/custom_action_interfaces/include/custom_action_interfaces/custom_action_interfaces/action/detail/fibonacci__struct.h
[3.432s] -- Up-to-date: /home/yixin/ros2_ws/install/custom_action_interfaces/include/custom_action_interfaces/custom_action_interfaces/action/detail/fibonacci__type_support.c
[3.433s] -- Up-to-date: /home/yixin/ros2_ws/install/custom_action_interfaces/include/custom_action_interfaces/custom_action_interfaces/action/detail/fibonacci__description.c
[3.433s] -- Up-to-date: /home/yixin/ros2_ws/install/custom_action_interfaces/include/custom_action_interfaces/custom_action_interfaces/action/detail/fibonacci__functions.h
[3.433s] -- Up-to-date: /home/yixin/ros2_ws/install/custom_action_interfaces/include/custom_action_interfaces/custom_action_interfaces/action/fibonacci.h
[3.434s] -- Up-to-date: /home/yixin/ros2_ws/install/custom_action_interfaces/include/custom_action_interfaces/custom_action_interfaces/msg
[3.434s] -- Up-to-date: /home/yixin/ros2_ws/install/custom_action_interfaces/include/custom_action_interfaces/custom_action_interfaces/msg/rosidl_generator_c__visibility_control.h
[3.435s] -- Up-to-date: /home/yixin/ros2_ws/install/custom_action_interfaces/share/custom_action_interfaces/environment/library_path.sh
[3.435s] -- Up-to-date: /home/yixin/ros2_ws/install/custom_action_interfaces/share/custom_action_interfaces/environment/library_path.dsv
[3.435s] -- Up-to-date: /home/yixin/ros2_ws/install/custom_action_interfaces/lib/libcustom_action_interfaces__rosidl_generator_c.so
[3.436s] -- Up-to-date: /home/yixin/ros2_ws/install/custom_action_interfaces/include/custom_action_interfaces/custom_action_interfaces
[3.436s] -- Up-to-date: /home/yixin/ros2_ws/install/custom_action_interfaces/include/custom_action_interfaces/custom_action_interfaces/action
[3.436s] -- Up-to-date: /home/yixin/ros2_ws/install/custom_action_interfaces/include/custom_action_interfaces/custom_action_interfaces/action/detail
[3.437s] -- Up-to-date: /home/yixin/ros2_ws/install/custom_action_interfaces/include/custom_action_interfaces/custom_action_interfaces/action/detail/fibonacci__rosidl_typesupport_fastrtps_c.h
[3.437s] -- Up-to-date: /home/yixin/ros2_ws/install/custom_action_interfaces/include/custom_action_interfaces/custom_action_interfaces/msg
[3.437s] -- Up-to-date: /home/yixin/ros2_ws/install/custom_action_interfaces/include/custom_action_interfaces/custom_action_interfaces/msg/rosidl_typesupport_fastrtps_c__visibility_control.h
[3.437s] -- Up-to-date: /home/yixin/ros2_ws/install/custom_action_interfaces/lib/libcustom_action_interfaces__rosidl_typesupport_fastrtps_c.so
[3.438s] -- Up-to-date: /home/yixin/ros2_ws/install/custom_action_interfaces/include/custom_action_interfaces/custom_action_interfaces
[3.438s] -- Up-to-date: /home/yixin/ros2_ws/install/custom_action_interfaces/include/custom_action_interfaces/custom_action_interfaces/action
[3.438s] -- Up-to-date: /home/yixin/ros2_ws/install/custom_action_interfaces/include/custom_action_interfaces/custom_action_interfaces/action/detail
[3.439s] -- Up-to-date: /home/yixin/ros2_ws/install/custom_action_interfaces/include/custom_action_interfaces/custom_action_interfaces/action/detail/fibonacci__rosidl_typesupport_introspection_c.h
[3.439s] -- Up-to-date: /home/yixin/ros2_ws/install/custom_action_interfaces/include/custom_action_interfaces/custom_action_interfaces/action/detail/fibonacci__type_support.c
[3.440s] -- Up-to-date: /home/yixin/ros2_ws/install/custom_action_interfaces/include/custom_action_interfaces/custom_action_interfaces/msg
[3.440s] -- Up-to-date: /home/yixin/ros2_ws/install/custom_action_interfaces/include/custom_action_interfaces/custom_action_interfaces/msg/rosidl_typesupport_introspection_c__visibility_control.h
[3.440s] -- Up-to-date: /home/yixin/ros2_ws/install/custom_action_interfaces/lib/libcustom_action_interfaces__rosidl_typesupport_introspection_c.so
[3.440s] -- Up-to-date: /home/yixin/ros2_ws/install/custom_action_interfaces/lib/libcustom_action_interfaces__rosidl_typesupport_c.so
[3.441s] -- Up-to-date: /home/yixin/ros2_ws/install/custom_action_interfaces/include/custom_action_interfaces/custom_action_interfaces
[3.441s] -- Up-to-date: /home/yixin/ros2_ws/install/custom_action_interfaces/include/custom_action_interfaces/custom_action_interfaces/action
[3.441s] -- Up-to-date: /home/yixin/ros2_ws/install/custom_action_interfaces/include/custom_action_interfaces/custom_action_interfaces/action/detail
[3.442s] -- Up-to-date: /home/yixin/ros2_ws/install/custom_action_interfaces/include/custom_action_interfaces/custom_action_interfaces/action/detail/fibonacci__traits.hpp
[3.442s] -- Up-to-date: /home/yixin/ros2_ws/install/custom_action_interfaces/include/custom_action_interfaces/custom_action_interfaces/action/detail/fibonacci__builder.hpp
[3.442s] -- Up-to-date: /home/yixin/ros2_ws/install/custom_action_interfaces/include/custom_action_interfaces/custom_action_interfaces/action/detail/fibonacci__struct.hpp
[3.443s] -- Up-to-date: /home/yixin/ros2_ws/install/custom_action_interfaces/include/custom_action_interfaces/custom_action_interfaces/action/detail/fibonacci__type_support.hpp
[3.443s] -- Up-to-date: /home/yixin/ros2_ws/install/custom_action_interfaces/include/custom_action_interfaces/custom_action_interfaces/action/fibonacci.hpp
[3.443s] -- Up-to-date: /home/yixin/ros2_ws/install/custom_action_interfaces/include/custom_action_interfaces/custom_action_interfaces/msg
[3.444s] -- Up-to-date: /home/yixin/ros2_ws/install/custom_action_interfaces/include/custom_action_interfaces/custom_action_interfaces/msg/rosidl_generator_cpp__visibility_control.hpp
[3.444s] -- Up-to-date: /home/yixin/ros2_ws/install/custom_action_interfaces/include/custom_action_interfaces/custom_action_interfaces
[3.444s] -- Up-to-date: /home/yixin/ros2_ws/install/custom_action_interfaces/include/custom_action_interfaces/custom_action_interfaces/action
[3.444s] -- Up-to-date: /home/yixin/ros2_ws/install/custom_action_interfaces/include/custom_action_interfaces/custom_action_interfaces/action/detail
[3.445s] -- Up-to-date: /home/yixin/ros2_ws/install/custom_action_interfaces/include/custom_action_interfaces/custom_action_interfaces/action/detail/fibonacci__rosidl_typesupport_fastrtps_cpp.hpp
[3.445s] -- Up-to-date: /home/yixin/ros2_ws/install/custom_action_interfaces/include/custom_action_interfaces/custom_action_interfaces/action/detail/dds_fastrtps
[3.445s] -- Up-to-date: /home/yixin/ros2_ws/install/custom_action_interfaces/include/custom_action_interfaces/custom_action_interfaces/msg
[3.446s] -- Up-to-date: /home/yixin/ros2_ws/install/custom_action_interfaces/include/custom_action_interfaces/custom_action_interfaces/msg/rosidl_typesupport_fastrtps_cpp__visibility_control.h
[3.446s] -- Up-to-date: /home/yixin/ros2_ws/install/custom_action_interfaces/lib/libcustom_action_interfaces__rosidl_typesupport_fastrtps_cpp.so
[3.446s] -- Up-to-date: /home/yixin/ros2_ws/install/custom_action_interfaces/include/custom_action_interfaces/custom_action_interfaces
[3.446s] -- Up-to-date: /home/yixin/ros2_ws/install/custom_action_interfaces/include/custom_action_interfaces/custom_action_interfaces/action
[3.447s] -- Up-to-date: /home/yixin/ros2_ws/install/custom_action_interfaces/include/custom_action_interfaces/custom_action_interfaces/action/detail
[3.447s] -- Up-to-date: /home/yixin/ros2_ws/install/custom_action_interfaces/include/custom_action_interfaces/custom_action_interfaces/action/detail/fibonacci__type_support.cpp
[3.447s] -- Up-to-date: /home/yixin/ros2_ws/install/custom_action_interfaces/include/custom_action_interfaces/custom_action_interfaces/action/detail/fibonacci__rosidl_typesupport_introspection_cpp.hpp
[3.448s] -- Up-to-date: /home/yixin/ros2_ws/install/custom_action_interfaces/lib/libcustom_action_interfaces__rosidl_typesupport_introspection_cpp.so
[3.448s] -- Up-to-date: /home/yixin/ros2_ws/install/custom_action_interfaces/lib/libcustom_action_interfaces__rosidl_typesupport_cpp.so
[3.448s] -- Up-to-date: /home/yixin/ros2_ws/install/custom_action_interfaces/share/custom_action_interfaces/environment/pythonpath.sh
[3.449s] -- Up-to-date: /home/yixin/ros2_ws/install/custom_action_interfaces/share/custom_action_interfaces/environment/pythonpath.dsv
[3.449s] -- Up-to-date: /home/yixin/ros2_ws/install/custom_action_interfaces/lib/python3.12/site-packages/custom_action_interfaces-0.0.0-py3.12.egg-info
[3.449s] -- Installing: /home/yixin/ros2_ws/install/custom_action_interfaces/lib/python3.12/site-packages/custom_action_interfaces-0.0.0-py3.12.egg-info/top_level.txt
[3.450s] -- Installing: /home/yixin/ros2_ws/install/custom_action_interfaces/lib/python3.12/site-packages/custom_action_interfaces-0.0.0-py3.12.egg-info/dependency_links.txt
[3.450s] -- Installing: /home/yixin/ros2_ws/install/custom_action_interfaces/lib/python3.12/site-packages/custom_action_interfaces-0.0.0-py3.12.egg-info/PKG-INFO
[3.450s] -- Installing: /home/yixin/ros2_ws/install/custom_action_interfaces/lib/python3.12/site-packages/custom_action_interfaces-0.0.0-py3.12.egg-info/SOURCES.txt
[3.450s] -- Up-to-date: /home/yixin/ros2_ws/install/custom_action_interfaces/lib/python3.12/site-packages/custom_action_interfaces
[3.451s] -- Up-to-date: /home/yixin/ros2_ws/install/custom_action_interfaces/lib/python3.12/site-packages/custom_action_interfaces/custom_action_interfaces_s__rosidl_typesupport_c.so
[3.451s] -- Up-to-date: /home/yixin/ros2_ws/install/custom_action_interfaces/lib/python3.12/site-packages/custom_action_interfaces/__init__.py
[3.451s] -- Up-to-date: /home/yixin/ros2_ws/install/custom_action_interfaces/lib/python3.12/site-packages/custom_action_interfaces/_custom_action_interfaces_s.ep.rosidl_typesupport_introspection_c.c
[3.452s] -- Up-to-date: /home/yixin/ros2_ws/install/custom_action_interfaces/lib/python3.12/site-packages/custom_action_interfaces/action
[3.452s] -- Up-to-date: /home/yixin/ros2_ws/install/custom_action_interfaces/lib/python3.12/site-packages/custom_action_interfaces/action/_fibonacci.py
[3.452s] -- Up-to-date: /home/yixin/ros2_ws/install/custom_action_interfaces/lib/python3.12/site-packages/custom_action_interfaces/action/__init__.py
[3.453s] -- Up-to-date: /home/yixin/ros2_ws/install/custom_action_interfaces/lib/python3.12/site-packages/custom_action_interfaces/action/_fibonacci_s.c
[3.453s] -- Up-to-date: /home/yixin/ros2_ws/install/custom_action_interfaces/lib/python3.12/site-packages/custom_action_interfaces/custom_action_interfaces_s__rosidl_typesupport_introspection_c.so
[3.453s] -- Up-to-date: /home/yixin/ros2_ws/install/custom_action_interfaces/lib/python3.12/site-packages/custom_action_interfaces/_custom_action_interfaces_s.ep.rosidl_typesupport_c.c
[3.454s] -- Up-to-date: /home/yixin/ros2_ws/install/custom_action_interfaces/lib/python3.12/site-packages/custom_action_interfaces/_custom_action_interfaces_s.ep.rosidl_typesupport_fastrtps_c.c
[3.454s] -- Up-to-date: /home/yixin/ros2_ws/install/custom_action_interfaces/lib/python3.12/site-packages/custom_action_interfaces/custom_action_interfaces_s__rosidl_typesupport_fastrtps_c.so
[3.602s] Listing '/home/yixin/ros2_ws/install/custom_action_interfaces/lib/python3.12/site-packages/custom_action_interfaces'...
[3.603s] Listing '/home/yixin/ros2_ws/install/custom_action_interfaces/lib/python3.12/site-packages/custom_action_interfaces/action'...
[3.649s] -- Up-to-date: /home/yixin/ros2_ws/install/custom_action_interfaces/lib/python3.12/site-packages/custom_action_interfaces/custom_action_interfaces_s__rosidl_typesupport_fastrtps_c.so
[3.655s] -- Up-to-date: /home/yixin/ros2_ws/install/custom_action_interfaces/lib/python3.12/site-packages/custom_action_interfaces/custom_action_interfaces_s__rosidl_typesupport_introspection_c.so
[3.656s] -- Up-to-date: /home/yixin/ros2_ws/install/custom_action_interfaces/lib/python3.12/site-packages/custom_action_interfaces/custom_action_interfaces_s__rosidl_typesupport_c.so
[3.656s] -- Up-to-date: /home/yixin/ros2_ws/install/custom_action_interfaces/lib/libcustom_action_interfaces__rosidl_generator_py.so
[3.662s] -- Up-to-date: /home/yixin/ros2_ws/install/custom_action_interfaces/share/custom_action_interfaces/action/Fibonacci.idl
[3.665s] -- Up-to-date: /home/yixin/ros2_ws/install/custom_action_interfaces/share/custom_action_interfaces/action/Fibonacci.action
[3.666s] -- Up-to-date: /home/yixin/ros2_ws/install/custom_action_interfaces/share/ament_index/resource_index/package_run_dependencies/custom_action_interfaces
[3.666s] -- Up-to-date: /home/yixin/ros2_ws/install/custom_action_interfaces/share/ament_index/resource_index/parent_prefix_path/custom_action_interfaces
[3.667s] -- Up-to-date: /home/yixin/ros2_ws/install/custom_action_interfaces/share/custom_action_interfaces/environment/ament_prefix_path.sh
[3.667s] -- Up-to-date: /home/yixin/ros2_ws/install/custom_action_interfaces/share/custom_action_interfaces/environment/ament_prefix_path.dsv
[3.678s] -- Up-to-date: /home/yixin/ros2_ws/install/custom_action_interfaces/share/custom_action_interfaces/environment/path.sh
[3.678s] -- Up-to-date: /home/yixin/ros2_ws/install/custom_action_interfaces/share/custom_action_interfaces/environment/path.dsv
[3.678s] -- Up-to-date: /home/yixin/ros2_ws/install/custom_action_interfaces/share/custom_action_interfaces/local_setup.bash
[3.679s] -- Up-to-date: /home/yixin/ros2_ws/install/custom_action_interfaces/share/custom_action_interfaces/local_setup.sh
[3.679s] -- Up-to-date: /home/yixin/ros2_ws/install/custom_action_interfaces/share/custom_action_interfaces/local_setup.zsh
[3.679s] -- Up-to-date: /home/yixin/ros2_ws/install/custom_action_interfaces/share/custom_action_interfaces/local_setup.dsv
[3.679s] -- Installing: /home/yixin/ros2_ws/install/custom_action_interfaces/share/custom_action_interfaces/package.dsv
[3.680s] -- Up-to-date: /home/yixin/ros2_ws/install/custom_action_interfaces/share/ament_index/resource_index/packages/custom_action_interfaces
[3.680s] -- Up-to-date: /home/yixin/ros2_ws/install/custom_action_interfaces/share/custom_action_interfaces/cmake/export_custom_action_interfaces__rosidl_generator_cExport.cmake
[3.680s] -- Up-to-date: /home/yixin/ros2_ws/install/custom_action_interfaces/share/custom_action_interfaces/cmake/export_custom_action_interfaces__rosidl_generator_cExport-noconfig.cmake
[3.690s] -- Up-to-date: /home/yixin/ros2_ws/install/custom_action_interfaces/share/custom_action_interfaces/cmake/export_custom_action_interfaces__rosidl_typesupport_fastrtps_cExport.cmake
[3.692s] -- Up-to-date: /home/yixin/ros2_ws/install/custom_action_interfaces/share/custom_action_interfaces/cmake/export_custom_action_interfaces__rosidl_typesupport_fastrtps_cExport-noconfig.cmake
[3.692s] -- Up-to-date: /home/yixin/ros2_ws/install/custom_action_interfaces/share/custom_action_interfaces/cmake/custom_action_interfaces__rosidl_typesupport_introspection_cExport.cmake
[3.693s] -- Up-to-date: /home/yixin/ros2_ws/install/custom_action_interfaces/share/custom_action_interfaces/cmake/custom_action_interfaces__rosidl_typesupport_introspection_cExport-noconfig.cmake
[3.693s] -- Up-to-date: /home/yixin/ros2_ws/install/custom_action_interfaces/share/custom_action_interfaces/cmake/custom_action_interfaces__rosidl_typesupport_cExport.cmake
[3.697s] -- Up-to-date: /home/yixin/ros2_ws/install/custom_action_interfaces/share/custom_action_interfaces/cmake/custom_action_interfaces__rosidl_typesupport_cExport-noconfig.cmake
[3.697s] -- Up-to-date: /home/yixin/ros2_ws/install/custom_action_interfaces/share/custom_action_interfaces/cmake/export_custom_action_interfaces__rosidl_generator_cppExport.cmake
[3.698s] -- Up-to-date: /home/yixin/ros2_ws/install/custom_action_interfaces/share/custom_action_interfaces/cmake/export_custom_action_interfaces__rosidl_typesupport_fastrtps_cppExport.cmake
[3.698s] -- Up-to-date: /home/yixin/ros2_ws/install/custom_action_interfaces/share/custom_action_interfaces/cmake/export_custom_action_interfaces__rosidl_typesupport_fastrtps_cppExport-noconfig.cmake
[3.699s] -- Up-to-date: /home/yixin/ros2_ws/install/custom_action_interfaces/share/custom_action_interfaces/cmake/custom_action_interfaces__rosidl_typesupport_introspection_cppExport.cmake
[3.699s] -- Up-to-date: /home/yixin/ros2_ws/install/custom_action_interfaces/share/custom_action_interfaces/cmake/custom_action_interfaces__rosidl_typesupport_introspection_cppExport-noconfig.cmake
[3.699s] -- Up-to-date: /home/yixin/ros2_ws/install/custom_action_interfaces/share/custom_action_interfaces/cmake/custom_action_interfaces__rosidl_typesupport_cppExport.cmake
[3.700s] -- Up-to-date: /home/yixin/ros2_ws/install/custom_action_interfaces/share/custom_action_interfaces/cmake/custom_action_interfaces__rosidl_typesupport_cppExport-noconfig.cmake
[3.700s] -- Up-to-date: /home/yixin/ros2_ws/install/custom_action_interfaces/share/custom_action_interfaces/cmake/export_custom_action_interfaces__rosidl_generator_pyExport.cmake
[3.700s] -- Up-to-date: /home/yixin/ros2_ws/install/custom_action_interfaces/share/custom_action_interfaces/cmake/export_custom_action_interfaces__rosidl_generator_pyExport-noconfig.cmake
[3.706s] -- Up-to-date: /home/yixin/ros2_ws/install/custom_action_interfaces/share/custom_action_interfaces/cmake/rosidl_cmake-extras.cmake
[3.707s] -- Up-to-date: /home/yixin/ros2_ws/install/custom_action_interfaces/share/custom_action_interfaces/cmake/ament_cmake_export_dependencies-extras.cmake
[3.708s] -- Up-to-date: /home/yixin/ros2_ws/install/custom_action_interfaces/share/custom_action_interfaces/cmake/ament_cmake_export_include_directories-extras.cmake
[3.709s] -- Up-to-date: /home/yixin/ros2_ws/install/custom_action_interfaces/share/custom_action_interfaces/cmake/ament_cmake_export_libraries-extras.cmake
[3.722s] -- Up-to-date: /home/yixin/ros2_ws/install/custom_action_interfaces/share/custom_action_interfaces/cmake/ament_cmake_export_targets-extras.cmake
[3.722s] -- Up-to-date: /home/yixin/ros2_ws/install/custom_action_interfaces/share/custom_action_interfaces/cmake/rosidl_cmake_export_typesupport_targets-extras.cmake
[3.723s] -- Up-to-date: /home/yixin/ros2_ws/install/custom_action_interfaces/share/custom_action_interfaces/cmake/rosidl_cmake_export_typesupport_libraries-extras.cmake
[3.723s] -- Up-to-date: /home/yixin/ros2_ws/install/custom_action_interfaces/share/custom_action_interfaces/cmake/custom_action_interfacesConfig.cmake
[3.723s] -- Up-to-date: /home/yixin/ros2_ws/install/custom_action_interfaces/share/custom_action_interfaces/cmake/custom_action_interfacesConfig-version.cmake
[3.726s] -- Up-to-date: /home/yixin/ros2_ws/install/custom_action_interfaces/share/custom_action_interfaces/package.xml
[5.408s] Invoked command in '/home/yixin/ros2_ws/build/custom_action_interfaces' returned '0': CMAKE_PREFIX_PATH=${CMAKE_PREFIX_PATH}:/home/yixin/ros2_ws/install/py_srvcli:/home/yixin/ros2_ws/install/py_pubsub:/home/yixin/ros2_ws/install/python_parameters:/home/yixin/ros2_ws/install/my_python_package:/home/yixin/ros2_ws/install/launch_testing_examples:/home/yixin/ros2_ws/install/examples_rclpy_pointcloud_publisher:/home/yixin/ros2_ws/install/examples_rclpy_minimal_subscriber:/home/yixin/ros2_ws/install/examples_rclpy_minimal_service:/home/yixin/ros2_ws/install/examples_rclpy_minimal_publisher:/home/yixin/ros2_ws/install/examples_rclpy_minimal_client:/home/yixin/ros2_ws/install/examples_rclpy_minimal_action_server:/home/yixin/ros2_ws/install/examples_rclpy_minimal_action_client:/home/yixin/ros2_ws/install/examples_rclpy_guard_conditions:/home/yixin/ros2_ws/install/examples_rclpy_executors:/opt/ros/jazzy DEBUGINFOD_URLS=https://debuginfod.ubuntu.com /usr/bin/cmake --install /home/yixin/ros2_ws/build/custom_action_interfaces
