[0.209s] Invoking command in '/home/yixin/ros2_ws/build/examples_rclcpp_async_client': CMAKE_PREFIX_PATH=${CMAKE_PREFIX_PATH}:/home/yixin/ros2_ws/install/py_srvcli:/home/yixin/ros2_ws/install/py_pubsub:/home/yixin/ros2_ws/install/python_parameters:/home/yixin/ros2_ws/install/my_python_package:/home/yixin/ros2_ws/install/launch_testing_examples:/home/yixin/ros2_ws/install/examples_rclpy_pointcloud_publisher:/home/yixin/ros2_ws/install/examples_rclpy_minimal_subscriber:/home/yixin/ros2_ws/install/examples_rclpy_minimal_service:/home/yixin/ros2_ws/install/examples_rclpy_minimal_publisher:/home/yixin/ros2_ws/install/examples_rclpy_minimal_client:/home/yixin/ros2_ws/install/examples_rclpy_minimal_action_server:/home/yixin/ros2_ws/install/examples_rclpy_minimal_action_client:/home/yixin/ros2_ws/install/examples_rclpy_guard_conditions:/home/yixin/ros2_ws/install/examples_rclpy_executors:/opt/ros/jazzy DEBUGINFOD_URLS=https://debuginfod.ubuntu.com /usr/bin/cmake --build /home/yixin/ros2_ws/build/examples_rclcpp_async_client -- -j8 -l8
[0.615s] [100%] Built target client_main
[0.751s] Invoked command in '/home/yixin/ros2_ws/build/examples_rclcpp_async_client' returned '0': CMAKE_PREFIX_PATH=${CMAKE_PREFIX_PATH}:/home/yixin/ros2_ws/install/py_srvcli:/home/yixin/ros2_ws/install/py_pubsub:/home/yixin/ros2_ws/install/python_parameters:/home/yixin/ros2_ws/install/my_python_package:/home/yixin/ros2_ws/install/launch_testing_examples:/home/yixin/ros2_ws/install/examples_rclpy_pointcloud_publisher:/home/yixin/ros2_ws/install/examples_rclpy_minimal_subscriber:/home/yixin/ros2_ws/install/examples_rclpy_minimal_service:/home/yixin/ros2_ws/install/examples_rclpy_minimal_publisher:/home/yixin/ros2_ws/install/examples_rclpy_minimal_client:/home/yixin/ros2_ws/install/examples_rclpy_minimal_action_server:/home/yixin/ros2_ws/install/examples_rclpy_minimal_action_client:/home/yixin/ros2_ws/install/examples_rclpy_guard_conditions:/home/yixin/ros2_ws/install/examples_rclpy_executors:/opt/ros/jazzy DEBUGINFOD_URLS=https://debuginfod.ubuntu.com /usr/bin/cmake --build /home/yixin/ros2_ws/build/examples_rclcpp_async_client -- -j8 -l8
[0.753s] Invoking command in '/home/yixin/ros2_ws/build/examples_rclcpp_async_client': CMAKE_PREFIX_PATH=${CMAKE_PREFIX_PATH}:/home/yixin/ros2_ws/install/py_srvcli:/home/yixin/ros2_ws/install/py_pubsub:/home/yixin/ros2_ws/install/python_parameters:/home/yixin/ros2_ws/install/my_python_package:/home/yixin/ros2_ws/install/launch_testing_examples:/home/yixin/ros2_ws/install/examples_rclpy_pointcloud_publisher:/home/yixin/ros2_ws/install/examples_rclpy_minimal_subscriber:/home/yixin/ros2_ws/install/examples_rclpy_minimal_service:/home/yixin/ros2_ws/install/examples_rclpy_minimal_publisher:/home/yixin/ros2_ws/install/examples_rclpy_minimal_client:/home/yixin/ros2_ws/install/examples_rclpy_minimal_action_server:/home/yixin/ros2_ws/install/examples_rclpy_minimal_action_client:/home/yixin/ros2_ws/install/examples_rclpy_guard_conditions:/home/yixin/ros2_ws/install/examples_rclpy_executors:/opt/ros/jazzy DEBUGINFOD_URLS=https://debuginfod.ubuntu.com /usr/bin/cmake --install /home/yixin/ros2_ws/build/examples_rclcpp_async_client
[1.072s] -- Install configuration: "Debug"
[1.072s] -- Execute custom install script
[1.073s] -- Up-to-date symlink: /home/yixin/ros2_ws/install/examples_rclcpp_async_client/lib/examples_rclcpp_async_client/client_main
[1.073s] -- Up-to-date symlink: /home/yixin/ros2_ws/install/examples_rclcpp_async_client/share/ament_index/resource_index/package_run_dependencies/examples_rclcpp_async_client
[1.073s] -- Up-to-date symlink: /home/yixin/ros2_ws/install/examples_rclcpp_async_client/share/ament_index/resource_index/parent_prefix_path/examples_rclcpp_async_client
[1.073s] -- Up-to-date symlink: /home/yixin/ros2_ws/install/examples_rclcpp_async_client/share/examples_rclcpp_async_client/environment/ament_prefix_path.sh
[1.074s] -- Up-to-date symlink: /home/yixin/ros2_ws/install/examples_rclcpp_async_client/share/examples_rclcpp_async_client/environment/ament_prefix_path.dsv
[1.074s] -- Up-to-date symlink: /home/yixin/ros2_ws/install/examples_rclcpp_async_client/share/examples_rclcpp_async_client/environment/path.sh
[1.074s] -- Up-to-date symlink: /home/yixin/ros2_ws/install/examples_rclcpp_async_client/share/examples_rclcpp_async_client/environment/path.dsv
[1.087s] -- Up-to-date symlink: /home/yixin/ros2_ws/install/examples_rclcpp_async_client/share/examples_rclcpp_async_client/local_setup.bash
[1.088s] -- Up-to-date symlink: /home/yixin/ros2_ws/install/examples_rclcpp_async_client/share/examples_rclcpp_async_client/local_setup.sh
[1.088s] -- Up-to-date symlink: /home/yixin/ros2_ws/install/examples_rclcpp_async_client/share/examples_rclcpp_async_client/local_setup.zsh
[1.088s] -- Up-to-date symlink: /home/yixin/ros2_ws/install/examples_rclcpp_async_client/share/examples_rclcpp_async_client/local_setup.dsv
[1.088s] -- Symlinking: /home/yixin/ros2_ws/install/examples_rclcpp_async_client/share/examples_rclcpp_async_client/package.dsv
[1.089s] -- Up-to-date symlink: /home/yixin/ros2_ws/install/examples_rclcpp_async_client/share/ament_index/resource_index/packages/examples_rclcpp_async_client
[1.089s] -- Up-to-date symlink: /home/yixin/ros2_ws/install/examples_rclcpp_async_client/share/examples_rclcpp_async_client/cmake/examples_rclcpp_async_clientConfig.cmake
[1.089s] -- Up-to-date symlink: /home/yixin/ros2_ws/install/examples_rclcpp_async_client/share/examples_rclcpp_async_client/cmake/examples_rclcpp_async_clientConfig-version.cmake
[1.089s] -- Up-to-date symlink: /home/yixin/ros2_ws/install/examples_rclcpp_async_client/share/examples_rclcpp_async_client/package.xml
[1.190s] Invoked command in '/home/yixin/ros2_ws/build/examples_rclcpp_async_client' returned '0': CMAKE_PREFIX_PATH=${CMAKE_PREFIX_PATH}:/home/yixin/ros2_ws/install/py_srvcli:/home/yixin/ros2_ws/install/py_pubsub:/home/yixin/ros2_ws/install/python_parameters:/home/yixin/ros2_ws/install/my_python_package:/home/yixin/ros2_ws/install/launch_testing_examples:/home/yixin/ros2_ws/install/examples_rclpy_pointcloud_publisher:/home/yixin/ros2_ws/install/examples_rclpy_minimal_subscriber:/home/yixin/ros2_ws/install/examples_rclpy_minimal_service:/home/yixin/ros2_ws/install/examples_rclpy_minimal_publisher:/home/yixin/ros2_ws/install/examples_rclpy_minimal_client:/home/yixin/ros2_ws/install/examples_rclpy_minimal_action_server:/home/yixin/ros2_ws/install/examples_rclpy_minimal_action_client:/home/yixin/ros2_ws/install/examples_rclpy_guard_conditions:/home/yixin/ros2_ws/install/examples_rclpy_executors:/opt/ros/jazzy DEBUGINFOD_URLS=https://debuginfod.ubuntu.com /usr/bin/cmake --install /home/yixin/ros2_ws/build/examples_rclcpp_async_client
