-- Found ament_cmake: 2.5.5 (/opt/ros/jazzy/share/ament_cmake/cmake)
-- Found rclcpp: 28.1.16 (/opt/ros/jazzy/share/rclcpp/cmake)
-- Found rosidl_generator_c: 4.6.7 (/opt/ros/jazzy/share/rosidl_generator_c/cmake)
-- Found rosidl_generator_cpp: 4.6.7 (/opt/ros/jazzy/share/rosidl_generator_cpp/cmake)
-- Using all available rosidl_typesupport_c: rosidl_typesupport_fastrtps_c;rosidl_typesupport_introspection_c
-- Using all available rosidl_typesupport_cpp: rosidl_typesupport_fastrtps_cpp;rosidl_typesupport_introspection_cpp
-- Found rmw_implementation_cmake: 7.3.3 (/opt/ros/jazzy/share/rmw_implementation_cmake/cmake)
-- Found rmw_fastrtps_cpp: 8.4.3 (/opt/ros/jazzy/share/rmw_fastrtps_cpp/cmake)
-- Using RMW implementation 'rmw_fastrtps_cpp' as default
-- Found rclcpp_components: 28.1.16 (/opt/ros/jazzy/share/rclcpp_components/cmake)
-- Found std_msgs: 5.3.6 (/opt/ros/jazzy/share/std_msgs/cmake)
-- Found ament_lint_auto: 0.17.4 (/opt/ros/jazzy/share/ament_lint_auto/cmake)
-- Added test 'cppcheck' to perform static code analysis on C / C++ code
-- Configured cppcheck include dirs: 
-- Configured cppcheck exclude dirs and/or files: 
-- Added test 'lint_cmake' to check CMake code style
-- Added test 'uncrustify' to check C / C++ code style
-- Configured uncrustify additional arguments: 
-- Added test 'xmllint' to check XML markup files
-- Configuring done (2.2s)
-- Generating done (0.0s)
-- Build files have been written to: /home/yixin/ros2_ws/build/composition_cpp
[ 50%] [32mBuilding CXX object CMakeFiles/talker_component.dir/src/talker_component.cpp.o[0m
[100%] [32m[1mLinking CXX shared library libtalker_component.so[0m
[100%] Built target talker_component
-- Install configuration: ""
-- Installing: /home/yixin/ros2_ws/install/composition_cpp/lib/libtalker_component.so
-- Set non-toolchain portion of runtime path of "/home/yixin/ros2_ws/install/composition_cpp/lib/libtalker_component.so" to ""
-- Installing: /home/yixin/ros2_ws/install/composition_cpp/share/ament_index/resource_index/package_run_dependencies/composition_cpp
-- Installing: /home/yixin/ros2_ws/install/composition_cpp/share/ament_index/resource_index/parent_prefix_path/composition_cpp
-- Installing: /home/yixin/ros2_ws/install/composition_cpp/share/composition_cpp/environment/ament_prefix_path.sh
-- Installing: /home/yixin/ros2_ws/install/composition_cpp/share/composition_cpp/environment/ament_prefix_path.dsv
-- Installing: /home/yixin/ros2_ws/install/composition_cpp/share/composition_cpp/environment/path.sh
-- Installing: /home/yixin/ros2_ws/install/composition_cpp/share/composition_cpp/environment/path.dsv
-- Installing: /home/yixin/ros2_ws/install/composition_cpp/share/composition_cpp/local_setup.bash
-- Installing: /home/yixin/ros2_ws/install/composition_cpp/share/composition_cpp/local_setup.sh
-- Installing: /home/yixin/ros2_ws/install/composition_cpp/share/composition_cpp/local_setup.zsh
-- Installing: /home/yixin/ros2_ws/install/composition_cpp/share/composition_cpp/local_setup.dsv
-- Installing: /home/yixin/ros2_ws/install/composition_cpp/share/composition_cpp/package.dsv
-- Installing: /home/yixin/ros2_ws/install/composition_cpp/share/ament_index/resource_index/packages/composition_cpp
-- Installing: /home/yixin/ros2_ws/install/composition_cpp/share/ament_index/resource_index/rclcpp_components/composition_cpp
-- Installing: /home/yixin/ros2_ws/install/composition_cpp/share/composition_cpp/cmake/composition_cppConfig.cmake
-- Installing: /home/yixin/ros2_ws/install/composition_cpp/share/composition_cpp/cmake/composition_cppConfig-version.cmake
-- Installing: /home/yixin/ros2_ws/install/composition_cpp/share/composition_cpp/package.xml
