[0.038s] Invoking command in '/home/yixin/ros2_ws/build/composition_cpp': CMAKE_PREFIX_PATH=${CMAKE_PREFIX_PATH}:/home/yixin/ros2_ws/install/py_srvcli:/home/yixin/ros2_ws/install/py_pubsub:/home/yixin/ros2_ws/install/python_parameters:/home/yixin/ros2_ws/install/my_python_package:/home/yixin/ros2_ws/install/launch_testing_examples:/home/yixin/ros2_ws/install/examples_rclpy_pointcloud_publisher:/home/yixin/ros2_ws/install/examples_rclpy_minimal_subscriber:/home/yixin/ros2_ws/install/examples_rclpy_minimal_service:/home/yixin/ros2_ws/install/examples_rclpy_minimal_publisher:/home/yixin/ros2_ws/install/examples_rclpy_minimal_client:/home/yixin/ros2_ws/install/examples_rclpy_minimal_action_server:/home/yixin/ros2_ws/install/examples_rclpy_minimal_action_client:/home/yixin/ros2_ws/install/examples_rclpy_guard_conditions:/home/yixin/ros2_ws/install/examples_rclpy_executors:/opt/ros/jazzy DEBUGINFOD_URLS=https://debuginfod.ubuntu.com /usr/bin/cmake /home/yixin/ros2_ws/src/composition_cpp -DCMAKE_INSTALL_PREFIX=/home/yixin/ros2_ws/install/composition_cpp
[0.091s] -- Found ament_cmake: 2.5.5 (/opt/ros/jazzy/share/ament_cmake/cmake)
[0.811s] -- Found rclcpp: 28.1.16 (/opt/ros/jazzy/share/rclcpp/cmake)
[0.902s] -- Found rosidl_generator_c: 4.6.7 (/opt/ros/jazzy/share/rosidl_generator_c/cmake)
[0.938s] -- Found rosidl_generator_cpp: 4.6.7 (/opt/ros/jazzy/share/rosidl_generator_cpp/cmake)
[0.977s] -- Using all available rosidl_typesupport_c: rosidl_typesupport_fastrtps_c;rosidl_typesupport_introspection_c
[1.026s] -- Using all available rosidl_typesupport_cpp: rosidl_typesupport_fastrtps_cpp;rosidl_typesupport_introspection_cpp
[1.234s] -- Found rmw_implementation_cmake: 7.3.3 (/opt/ros/jazzy/share/rmw_implementation_cmake/cmake)
[1.242s] -- Found rmw_fastrtps_cpp: 8.4.3 (/opt/ros/jazzy/share/rmw_fastrtps_cpp/cmake)
[1.456s] -- Using RMW implementation 'rmw_fastrtps_cpp' as default
[1.666s] -- Found rclcpp_components: 28.1.16 (/opt/ros/jazzy/share/rclcpp_components/cmake)
[1.754s] -- Found std_msgs: 5.3.6 (/opt/ros/jazzy/share/std_msgs/cmake)
[1.805s] -- Found ament_lint_auto: 0.17.4 (/opt/ros/jazzy/share/ament_lint_auto/cmake)
[2.276s] -- Added test 'cppcheck' to perform static code analysis on C / C++ code
[2.276s] -- Configured cppcheck include dirs: 
[2.276s] -- Configured cppcheck exclude dirs and/or files: 
[2.281s] -- Added test 'lint_cmake' to check CMake code style
[2.288s] -- Added test 'uncrustify' to check C / C++ code style
[2.288s] -- Configured uncrustify additional arguments: 
[2.292s] -- Added test 'xmllint' to check XML markup files
[2.300s] -- Configuring done (2.2s)
[2.341s] -- Generating done (0.0s)
[2.354s] -- Build files have been written to: /home/yixin/ros2_ws/build/composition_cpp
[2.377s] Invoked command in '/home/yixin/ros2_ws/build/composition_cpp' returned '0': CMAKE_PREFIX_PATH=${CMAKE_PREFIX_PATH}:/home/yixin/ros2_ws/install/py_srvcli:/home/yixin/ros2_ws/install/py_pubsub:/home/yixin/ros2_ws/install/python_parameters:/home/yixin/ros2_ws/install/my_python_package:/home/yixin/ros2_ws/install/launch_testing_examples:/home/yixin/ros2_ws/install/examples_rclpy_pointcloud_publisher:/home/yixin/ros2_ws/install/examples_rclpy_minimal_subscriber:/home/yixin/ros2_ws/install/examples_rclpy_minimal_service:/home/yixin/ros2_ws/install/examples_rclpy_minimal_publisher:/home/yixin/ros2_ws/install/examples_rclpy_minimal_client:/home/yixin/ros2_ws/install/examples_rclpy_minimal_action_server:/home/yixin/ros2_ws/install/examples_rclpy_minimal_action_client:/home/yixin/ros2_ws/install/examples_rclpy_guard_conditions:/home/yixin/ros2_ws/install/examples_rclpy_executors:/opt/ros/jazzy DEBUGINFOD_URLS=https://debuginfod.ubuntu.com /usr/bin/cmake /home/yixin/ros2_ws/src/composition_cpp -DCMAKE_INSTALL_PREFIX=/home/yixin/ros2_ws/install/composition_cpp
[2.380s] Invoking command in '/home/yixin/ros2_ws/build/composition_cpp': CMAKE_PREFIX_PATH=${CMAKE_PREFIX_PATH}:/home/yixin/ros2_ws/install/py_srvcli:/home/yixin/ros2_ws/install/py_pubsub:/home/yixin/ros2_ws/install/python_parameters:/home/yixin/ros2_ws/install/my_python_package:/home/yixin/ros2_ws/install/launch_testing_examples:/home/yixin/ros2_ws/install/examples_rclpy_pointcloud_publisher:/home/yixin/ros2_ws/install/examples_rclpy_minimal_subscriber:/home/yixin/ros2_ws/install/examples_rclpy_minimal_service:/home/yixin/ros2_ws/install/examples_rclpy_minimal_publisher:/home/yixin/ros2_ws/install/examples_rclpy_minimal_client:/home/yixin/ros2_ws/install/examples_rclpy_minimal_action_server:/home/yixin/ros2_ws/install/examples_rclpy_minimal_action_client:/home/yixin/ros2_ws/install/examples_rclpy_guard_conditions:/home/yixin/ros2_ws/install/examples_rclpy_executors:/opt/ros/jazzy DEBUGINFOD_URLS=https://debuginfod.ubuntu.com /usr/bin/cmake --build /home/yixin/ros2_ws/build/composition_cpp -- -j8 -l8
[2.576s] [ 50%] [32mBuilding CXX object CMakeFiles/talker_component.dir/src/talker_component.cpp.o[0m
[10.948s] [100%] [32m[1mLinking CXX shared library libtalker_component.so[0m
[11.245s] [100%] Built target talker_component
[11.262s] Invoked command in '/home/yixin/ros2_ws/build/composition_cpp' returned '0': CMAKE_PREFIX_PATH=${CMAKE_PREFIX_PATH}:/home/yixin/ros2_ws/install/py_srvcli:/home/yixin/ros2_ws/install/py_pubsub:/home/yixin/ros2_ws/install/python_parameters:/home/yixin/ros2_ws/install/my_python_package:/home/yixin/ros2_ws/install/launch_testing_examples:/home/yixin/ros2_ws/install/examples_rclpy_pointcloud_publisher:/home/yixin/ros2_ws/install/examples_rclpy_minimal_subscriber:/home/yixin/ros2_ws/install/examples_rclpy_minimal_service:/home/yixin/ros2_ws/install/examples_rclpy_minimal_publisher:/home/yixin/ros2_ws/install/examples_rclpy_minimal_client:/home/yixin/ros2_ws/install/examples_rclpy_minimal_action_server:/home/yixin/ros2_ws/install/examples_rclpy_minimal_action_client:/home/yixin/ros2_ws/install/examples_rclpy_guard_conditions:/home/yixin/ros2_ws/install/examples_rclpy_executors:/opt/ros/jazzy DEBUGINFOD_URLS=https://debuginfod.ubuntu.com /usr/bin/cmake --build /home/yixin/ros2_ws/build/composition_cpp -- -j8 -l8
[11.276s] Invoking command in '/home/yixin/ros2_ws/build/composition_cpp': CMAKE_PREFIX_PATH=${CMAKE_PREFIX_PATH}:/home/yixin/ros2_ws/install/py_srvcli:/home/yixin/ros2_ws/install/py_pubsub:/home/yixin/ros2_ws/install/python_parameters:/home/yixin/ros2_ws/install/my_python_package:/home/yixin/ros2_ws/install/launch_testing_examples:/home/yixin/ros2_ws/install/examples_rclpy_pointcloud_publisher:/home/yixin/ros2_ws/install/examples_rclpy_minimal_subscriber:/home/yixin/ros2_ws/install/examples_rclpy_minimal_service:/home/yixin/ros2_ws/install/examples_rclpy_minimal_publisher:/home/yixin/ros2_ws/install/examples_rclpy_minimal_client:/home/yixin/ros2_ws/install/examples_rclpy_minimal_action_server:/home/yixin/ros2_ws/install/examples_rclpy_minimal_action_client:/home/yixin/ros2_ws/install/examples_rclpy_guard_conditions:/home/yixin/ros2_ws/install/examples_rclpy_executors:/opt/ros/jazzy DEBUGINFOD_URLS=https://debuginfod.ubuntu.com /usr/bin/cmake --install /home/yixin/ros2_ws/build/composition_cpp
[11.288s] -- Install configuration: ""
[11.289s] -- Installing: /home/yixin/ros2_ws/install/composition_cpp/lib/libtalker_component.so
[11.291s] -- Set non-toolchain portion of runtime path of "/home/yixin/ros2_ws/install/composition_cpp/lib/libtalker_component.so" to ""
[11.292s] -- Installing: /home/yixin/ros2_ws/install/composition_cpp/share/ament_index/resource_index/package_run_dependencies/composition_cpp
[11.292s] -- Installing: /home/yixin/ros2_ws/install/composition_cpp/share/ament_index/resource_index/parent_prefix_path/composition_cpp
[11.292s] -- Installing: /home/yixin/ros2_ws/install/composition_cpp/share/composition_cpp/environment/ament_prefix_path.sh
[11.292s] -- Installing: /home/yixin/ros2_ws/install/composition_cpp/share/composition_cpp/environment/ament_prefix_path.dsv
[11.292s] -- Installing: /home/yixin/ros2_ws/install/composition_cpp/share/composition_cpp/environment/path.sh
[11.293s] -- Installing: /home/yixin/ros2_ws/install/composition_cpp/share/composition_cpp/environment/path.dsv
[11.293s] -- Installing: /home/yixin/ros2_ws/install/composition_cpp/share/composition_cpp/local_setup.bash
[11.293s] -- Installing: /home/yixin/ros2_ws/install/composition_cpp/share/composition_cpp/local_setup.sh
[11.293s] -- Installing: /home/yixin/ros2_ws/install/composition_cpp/share/composition_cpp/local_setup.zsh
[11.293s] -- Installing: /home/yixin/ros2_ws/install/composition_cpp/share/composition_cpp/local_setup.dsv
[11.294s] -- Installing: /home/yixin/ros2_ws/install/composition_cpp/share/composition_cpp/package.dsv
[11.294s] -- Installing: /home/yixin/ros2_ws/install/composition_cpp/share/ament_index/resource_index/packages/composition_cpp
[11.294s] -- Installing: /home/yixin/ros2_ws/install/composition_cpp/share/ament_index/resource_index/rclcpp_components/composition_cpp
[11.294s] -- Installing: /home/yixin/ros2_ws/install/composition_cpp/share/composition_cpp/cmake/composition_cppConfig.cmake
[11.295s] -- Installing: /home/yixin/ros2_ws/install/composition_cpp/share/composition_cpp/cmake/composition_cppConfig-version.cmake
[11.295s] -- Installing: /home/yixin/ros2_ws/install/composition_cpp/share/composition_cpp/package.xml
[11.298s] Invoked command in '/home/yixin/ros2_ws/build/composition_cpp' returned '0': CMAKE_PREFIX_PATH=${CMAKE_PREFIX_PATH}:/home/yixin/ros2_ws/install/py_srvcli:/home/yixin/ros2_ws/install/py_pubsub:/home/yixin/ros2_ws/install/python_parameters:/home/yixin/ros2_ws/install/my_python_package:/home/yixin/ros2_ws/install/launch_testing_examples:/home/yixin/ros2_ws/install/examples_rclpy_pointcloud_publisher:/home/yixin/ros2_ws/install/examples_rclpy_minimal_subscriber:/home/yixin/ros2_ws/install/examples_rclpy_minimal_service:/home/yixin/ros2_ws/install/examples_rclpy_minimal_publisher:/home/yixin/ros2_ws/install/examples_rclpy_minimal_client:/home/yixin/ros2_ws/install/examples_rclpy_minimal_action_server:/home/yixin/ros2_ws/install/examples_rclpy_minimal_action_client:/home/yixin/ros2_ws/install/examples_rclpy_guard_conditions:/home/yixin/ros2_ws/install/examples_rclpy_executors:/opt/ros/jazzy DEBUGINFOD_URLS=https://debuginfod.ubuntu.com /usr/bin/cmake --install /home/yixin/ros2_ws/build/composition_cpp
