[1.894s] Invoking command in '/home/yixin/ros2_ws/build/examples_rclpy_minimal_action_server': DEBUGINFOD_URLS=https://debuginfod.ubuntu.com PYTHONPATH=/home/yixin/ros2_ws/build/examples_rclpy_minimal_action_server/prefix_override:/usr/lib/python3/dist-packages/colcon_core/task/python/colcon_distutils_commands:/home/yixin/ros2_ws/install/examples_rclpy_minimal_action_server/lib/python3.12/site-packages:${PYTHONPATH} /usr/bin/python3 -W ignore:setup.py install is deprecated -W ignore:easy_install command is deprecated setup.py develop --uninstall --editable --build-directory /home/yixin/ros2_ws/build/examples_rclpy_minimal_action_server/build
[3.102s] running develop
[3.102s] Removing /home/yixin/ros2_ws/install/examples_rclpy_minimal_action_server/lib/python3.12/site-packages/examples-rclpy-minimal-action-server.egg-link (link to .)
[3.106s] Invoked command in '/home/yixin/ros2_ws/build/examples_rclpy_minimal_action_server' returned '0': DEBUGINFOD_URLS=https://debuginfod.ubuntu.com PYTHONPATH=/home/yixin/ros2_ws/build/examples_rclpy_minimal_action_server/prefix_override:/usr/lib/python3/dist-packages/colcon_core/task/python/colcon_distutils_commands:/home/yixin/ros2_ws/install/examples_rclpy_minimal_action_server/lib/python3.12/site-packages:${PYTHONPATH} /usr/bin/python3 -W ignore:setup.py install is deprecated -W ignore:easy_install command is deprecated setup.py develop --uninstall --editable --build-directory /home/yixin/ros2_ws/build/examples_rclpy_minimal_action_server/build
[3.109s] Invoking command in '/home/yixin/ros2_ws/src/examples/rclpy/actions/minimal_action_server': DEBUGINFOD_URLS=https://debuginfod.ubuntu.com PYTHONPATH=/home/yixin/ros2_ws/build/examples_rclpy_minimal_action_server/prefix_override:/usr/lib/python3/dist-packages/colcon_core/task/python/colcon_distutils_commands:/home/yixin/ros2_ws/install/examples_rclpy_minimal_action_server/lib/python3.12/site-packages:${PYTHONPATH} /usr/bin/python3 -W ignore:setup.py install is deprecated -W ignore:easy_install command is deprecated setup.py egg_info --egg-base ../../../../../build/examples_rclpy_minimal_action_server build --build-base /home/yixin/ros2_ws/build/examples_rclpy_minimal_action_server/build install --record /home/yixin/ros2_ws/build/examples_rclpy_minimal_action_server/install.log --single-version-externally-managed install_data --force
[4.218s] running egg_info
[4.218s] writing ../../../../../build/examples_rclpy_minimal_action_server/examples_rclpy_minimal_action_server.egg-info/PKG-INFO
[4.219s] writing dependency_links to ../../../../../build/examples_rclpy_minimal_action_server/examples_rclpy_minimal_action_server.egg-info/dependency_links.txt
[4.219s] writing entry points to ../../../../../build/examples_rclpy_minimal_action_server/examples_rclpy_minimal_action_server.egg-info/entry_points.txt
[4.223s] writing requirements to ../../../../../build/examples_rclpy_minimal_action_server/examples_rclpy_minimal_action_server.egg-info/requires.txt
[4.223s] writing top-level names to ../../../../../build/examples_rclpy_minimal_action_server/examples_rclpy_minimal_action_server.egg-info/top_level.txt
[4.223s] reading manifest file '../../../../../build/examples_rclpy_minimal_action_server/examples_rclpy_minimal_action_server.egg-info/SOURCES.txt'
[4.223s] writing manifest file '../../../../../build/examples_rclpy_minimal_action_server/examples_rclpy_minimal_action_server.egg-info/SOURCES.txt'
[4.223s] running build
[4.224s] running build_py
[4.224s] creating /home/yixin/ros2_ws/build/examples_rclpy_minimal_action_server/build
[4.224s] creating /home/yixin/ros2_ws/build/examples_rclpy_minimal_action_server/build/lib
[4.224s] creating /home/yixin/ros2_ws/build/examples_rclpy_minimal_action_server/build/lib/examples_rclpy_minimal_action_server
[4.224s] copying examples_rclpy_minimal_action_server/server_defer.py -> /home/yixin/ros2_ws/build/examples_rclpy_minimal_action_server/build/lib/examples_rclpy_minimal_action_server
[4.224s] copying examples_rclpy_minimal_action_server/server_queue_goals.py -> /home/yixin/ros2_ws/build/examples_rclpy_minimal_action_server/build/lib/examples_rclpy_minimal_action_server
[4.225s] copying examples_rclpy_minimal_action_server/server.py -> /home/yixin/ros2_ws/build/examples_rclpy_minimal_action_server/build/lib/examples_rclpy_minimal_action_server
[4.225s] copying examples_rclpy_minimal_action_server/server_single_goal.py -> /home/yixin/ros2_ws/build/examples_rclpy_minimal_action_server/build/lib/examples_rclpy_minimal_action_server
[4.225s] copying examples_rclpy_minimal_action_server/__init__.py -> /home/yixin/ros2_ws/build/examples_rclpy_minimal_action_server/build/lib/examples_rclpy_minimal_action_server
[4.225s] copying examples_rclpy_minimal_action_server/server_not_composable.py -> /home/yixin/ros2_ws/build/examples_rclpy_minimal_action_server/build/lib/examples_rclpy_minimal_action_server
[4.225s] running install
[4.225s] running install_lib
[4.225s] creating /home/yixin/ros2_ws/install/examples_rclpy_minimal_action_server/lib/python3.12/site-packages/examples_rclpy_minimal_action_server
[4.226s] copying /home/yixin/ros2_ws/build/examples_rclpy_minimal_action_server/build/lib/examples_rclpy_minimal_action_server/server_defer.py -> /home/yixin/ros2_ws/install/examples_rclpy_minimal_action_server/lib/python3.12/site-packages/examples_rclpy_minimal_action_server
[4.226s] copying /home/yixin/ros2_ws/build/examples_rclpy_minimal_action_server/build/lib/examples_rclpy_minimal_action_server/server_queue_goals.py -> /home/yixin/ros2_ws/install/examples_rclpy_minimal_action_server/lib/python3.12/site-packages/examples_rclpy_minimal_action_server
[4.226s] copying /home/yixin/ros2_ws/build/examples_rclpy_minimal_action_server/build/lib/examples_rclpy_minimal_action_server/server.py -> /home/yixin/ros2_ws/install/examples_rclpy_minimal_action_server/lib/python3.12/site-packages/examples_rclpy_minimal_action_server
[4.226s] copying /home/yixin/ros2_ws/build/examples_rclpy_minimal_action_server/build/lib/examples_rclpy_minimal_action_server/server_single_goal.py -> /home/yixin/ros2_ws/install/examples_rclpy_minimal_action_server/lib/python3.12/site-packages/examples_rclpy_minimal_action_server
[4.226s] copying /home/yixin/ros2_ws/build/examples_rclpy_minimal_action_server/build/lib/examples_rclpy_minimal_action_server/__init__.py -> /home/yixin/ros2_ws/install/examples_rclpy_minimal_action_server/lib/python3.12/site-packages/examples_rclpy_minimal_action_server
[4.227s] copying /home/yixin/ros2_ws/build/examples_rclpy_minimal_action_server/build/lib/examples_rclpy_minimal_action_server/server_not_composable.py -> /home/yixin/ros2_ws/install/examples_rclpy_minimal_action_server/lib/python3.12/site-packages/examples_rclpy_minimal_action_server
[4.227s] byte-compiling /home/yixin/ros2_ws/install/examples_rclpy_minimal_action_server/lib/python3.12/site-packages/examples_rclpy_minimal_action_server/server_defer.py to server_defer.cpython-312.pyc
[4.227s] byte-compiling /home/yixin/ros2_ws/install/examples_rclpy_minimal_action_server/lib/python3.12/site-packages/examples_rclpy_minimal_action_server/server_queue_goals.py to server_queue_goals.cpython-312.pyc
[4.227s] byte-compiling /home/yixin/ros2_ws/install/examples_rclpy_minimal_action_server/lib/python3.12/site-packages/examples_rclpy_minimal_action_server/server.py to server.cpython-312.pyc
[4.227s] byte-compiling /home/yixin/ros2_ws/install/examples_rclpy_minimal_action_server/lib/python3.12/site-packages/examples_rclpy_minimal_action_server/server_single_goal.py to server_single_goal.cpython-312.pyc
[4.228s] byte-compiling /home/yixin/ros2_ws/install/examples_rclpy_minimal_action_server/lib/python3.12/site-packages/examples_rclpy_minimal_action_server/__init__.py to __init__.cpython-312.pyc
[4.228s] byte-compiling /home/yixin/ros2_ws/install/examples_rclpy_minimal_action_server/lib/python3.12/site-packages/examples_rclpy_minimal_action_server/server_not_composable.py to server_not_composable.cpython-312.pyc
[4.228s] running install_data
[4.232s] copying resource/examples_rclpy_minimal_action_server -> /home/yixin/ros2_ws/install/examples_rclpy_minimal_action_server/share/ament_index/resource_index/packages
[4.232s] copying package.xml -> /home/yixin/ros2_ws/install/examples_rclpy_minimal_action_server/share/examples_rclpy_minimal_action_server
[4.232s] running install_egg_info
[4.232s] Copying ../../../../../build/examples_rclpy_minimal_action_server/examples_rclpy_minimal_action_server.egg-info to /home/yixin/ros2_ws/install/examples_rclpy_minimal_action_server/lib/python3.12/site-packages/examples_rclpy_minimal_action_server-0.19.7-py3.12.egg-info
[4.232s] running install_scripts
[4.232s] Installing server script to /home/yixin/ros2_ws/install/examples_rclpy_minimal_action_server/lib/examples_rclpy_minimal_action_server
[4.232s] Installing server_defer script to /home/yixin/ros2_ws/install/examples_rclpy_minimal_action_server/lib/examples_rclpy_minimal_action_server
[4.232s] Installing server_not_composable script to /home/yixin/ros2_ws/install/examples_rclpy_minimal_action_server/lib/examples_rclpy_minimal_action_server
[4.232s] Installing server_queue_goals script to /home/yixin/ros2_ws/install/examples_rclpy_minimal_action_server/lib/examples_rclpy_minimal_action_server
[4.232s] Installing server_single_goal script to /home/yixin/ros2_ws/install/examples_rclpy_minimal_action_server/lib/examples_rclpy_minimal_action_server
[4.232s] writing list of installed files to '/home/yixin/ros2_ws/build/examples_rclpy_minimal_action_server/install.log'
[4.232s] Invoked command in '/home/yixin/ros2_ws/src/examples/rclpy/actions/minimal_action_server' returned '0': DEBUGINFOD_URLS=https://debuginfod.ubuntu.com PYTHONPATH=/home/yixin/ros2_ws/build/examples_rclpy_minimal_action_server/prefix_override:/usr/lib/python3/dist-packages/colcon_core/task/python/colcon_distutils_commands:/home/yixin/ros2_ws/install/examples_rclpy_minimal_action_server/lib/python3.12/site-packages:${PYTHONPATH} /usr/bin/python3 -W ignore:setup.py install is deprecated -W ignore:easy_install command is deprecated setup.py egg_info --egg-base ../../../../../build/examples_rclpy_minimal_action_server build --build-base /home/yixin/ros2_ws/build/examples_rclpy_minimal_action_server/build install --record /home/yixin/ros2_ws/build/examples_rclpy_minimal_action_server/install.log --single-version-externally-managed install_data --force
