[0.039s] Invoking command in '/home/yixin/ros2_ws/build/polygon_base': CMAKE_PREFIX_PATH=${CMAKE_PREFIX_PATH}:/home/yixin/ros2_ws/install/python_parameters:/home/yixin/ros2_ws/install/py_srvcli:/home/yixin/ros2_ws/install/py_pubsub:/home/yixin/ros2_ws/install/my_python_package:/home/yixin/ros2_ws/install/launch_testing_examples:/home/yixin/ros2_ws/install/examples_rclpy_pointcloud_publisher:/home/yixin/ros2_ws/install/examples_rclpy_minimal_subscriber:/home/yixin/ros2_ws/install/examples_rclpy_minimal_service:/home/yixin/ros2_ws/install/examples_rclpy_minimal_publisher:/home/yixin/ros2_ws/install/examples_rclpy_minimal_client:/home/yixin/ros2_ws/install/examples_rclpy_minimal_action_server:/home/yixin/ros2_ws/install/examples_rclpy_minimal_action_client:/home/yixin/ros2_ws/install/examples_rclpy_guard_conditions:/home/yixin/ros2_ws/install/examples_rclpy_executors:/opt/ros/jazzy DEBUGINFOD_URLS=https://debuginfod.ubuntu.com /usr/bin/cmake /home/yixin/ros2_ws/src/polygon_base -DCMAKE_INSTALL_PREFIX=/home/yixin/ros2_ws/install/polygon_base
[0.233s] -- The C compiler identification is GNU 13.3.0
[0.429s] -- The CXX compiler identification is GNU 13.3.0
[0.482s] -- Detecting C compiler ABI info
[0.811s] -- Detecting C compiler ABI info - done
[0.841s] -- Check for working C compiler: /usr/bin/cc - skipped
[0.848s] -- Detecting C compile features
[0.851s] -- Detecting C compile features - done
[0.882s] -- Detecting CXX compiler ABI info
[1.213s] -- Detecting CXX compiler ABI info - done
[1.241s] -- Check for working CXX compiler: /usr/bin/c++ - skipped
[1.242s] -- Detecting CXX compile features
[1.244s] -- Detecting CXX compile features - done
[1.276s] -- Found ament_cmake: 2.5.5 (/opt/ros/jazzy/share/ament_cmake/cmake)
[1.932s] -- Found Python3: /usr/bin/python3 (found version "3.12.3") found components: Interpreter 
[2.490s] -- Found pluginlib: 5.4.4 (/opt/ros/jazzy/share/pluginlib/cmake)
[2.709s] -- Found TinyXML2 via Config file: /usr/lib/x86_64-linux-gnu/cmake/tinyxml2
[2.738s] -- Found ament_lint_auto: 0.17.4 (/opt/ros/jazzy/share/ament_lint_auto/cmake)
[3.186s] -- Added test 'cppcheck' to perform static code analysis on C / C++ code
[3.187s] -- Configured cppcheck include dirs: $<BUILD_INTERFACE:/home/yixin/ros2_ws/src/polygon_base/include>
[3.187s] -- Configured cppcheck exclude dirs and/or files: 
[3.192s] -- Added test 'lint_cmake' to check CMake code style
[3.199s] -- Added test 'uncrustify' to check C / C++ code style
[3.200s] -- Configured uncrustify additional arguments: 
[3.204s] -- Added test 'xmllint' to check XML markup files
[3.216s] -- Configuring done (3.1s)
[3.236s] -- Generating done (0.0s)
[3.245s] -- Build files have been written to: /home/yixin/ros2_ws/build/polygon_base
[3.259s] Invoked command in '/home/yixin/ros2_ws/build/polygon_base' returned '0': CMAKE_PREFIX_PATH=${CMAKE_PREFIX_PATH}:/home/yixin/ros2_ws/install/python_parameters:/home/yixin/ros2_ws/install/py_srvcli:/home/yixin/ros2_ws/install/py_pubsub:/home/yixin/ros2_ws/install/my_python_package:/home/yixin/ros2_ws/install/launch_testing_examples:/home/yixin/ros2_ws/install/examples_rclpy_pointcloud_publisher:/home/yixin/ros2_ws/install/examples_rclpy_minimal_subscriber:/home/yixin/ros2_ws/install/examples_rclpy_minimal_service:/home/yixin/ros2_ws/install/examples_rclpy_minimal_publisher:/home/yixin/ros2_ws/install/examples_rclpy_minimal_client:/home/yixin/ros2_ws/install/examples_rclpy_minimal_action_server:/home/yixin/ros2_ws/install/examples_rclpy_minimal_action_client:/home/yixin/ros2_ws/install/examples_rclpy_guard_conditions:/home/yixin/ros2_ws/install/examples_rclpy_executors:/opt/ros/jazzy DEBUGINFOD_URLS=https://debuginfod.ubuntu.com /usr/bin/cmake /home/yixin/ros2_ws/src/polygon_base -DCMAKE_INSTALL_PREFIX=/home/yixin/ros2_ws/install/polygon_base
[3.263s] Invoking command in '/home/yixin/ros2_ws/build/polygon_base': CMAKE_PREFIX_PATH=${CMAKE_PREFIX_PATH}:/home/yixin/ros2_ws/install/python_parameters:/home/yixin/ros2_ws/install/py_srvcli:/home/yixin/ros2_ws/install/py_pubsub:/home/yixin/ros2_ws/install/my_python_package:/home/yixin/ros2_ws/install/launch_testing_examples:/home/yixin/ros2_ws/install/examples_rclpy_pointcloud_publisher:/home/yixin/ros2_ws/install/examples_rclpy_minimal_subscriber:/home/yixin/ros2_ws/install/examples_rclpy_minimal_service:/home/yixin/ros2_ws/install/examples_rclpy_minimal_publisher:/home/yixin/ros2_ws/install/examples_rclpy_minimal_client:/home/yixin/ros2_ws/install/examples_rclpy_minimal_action_server:/home/yixin/ros2_ws/install/examples_rclpy_minimal_action_client:/home/yixin/ros2_ws/install/examples_rclpy_guard_conditions:/home/yixin/ros2_ws/install/examples_rclpy_executors:/opt/ros/jazzy DEBUGINFOD_URLS=https://debuginfod.ubuntu.com /usr/bin/cmake --build /home/yixin/ros2_ws/build/polygon_base -- -j8 -l8
[3.425s] [ 50%] [32mBuilding CXX object CMakeFiles/area_node.dir/src/area_node.cpp.o[0m
[9.475s] [100%] [32m[1mLinking CXX executable area_node[0m
[9.651s] [100%] Built target area_node
[9.668s] Invoked command in '/home/yixin/ros2_ws/build/polygon_base' returned '0': CMAKE_PREFIX_PATH=${CMAKE_PREFIX_PATH}:/home/yixin/ros2_ws/install/python_parameters:/home/yixin/ros2_ws/install/py_srvcli:/home/yixin/ros2_ws/install/py_pubsub:/home/yixin/ros2_ws/install/my_python_package:/home/yixin/ros2_ws/install/launch_testing_examples:/home/yixin/ros2_ws/install/examples_rclpy_pointcloud_publisher:/home/yixin/ros2_ws/install/examples_rclpy_minimal_subscriber:/home/yixin/ros2_ws/install/examples_rclpy_minimal_service:/home/yixin/ros2_ws/install/examples_rclpy_minimal_publisher:/home/yixin/ros2_ws/install/examples_rclpy_minimal_client:/home/yixin/ros2_ws/install/examples_rclpy_minimal_action_server:/home/yixin/ros2_ws/install/examples_rclpy_minimal_action_client:/home/yixin/ros2_ws/install/examples_rclpy_guard_conditions:/home/yixin/ros2_ws/install/examples_rclpy_executors:/opt/ros/jazzy DEBUGINFOD_URLS=https://debuginfod.ubuntu.com /usr/bin/cmake --build /home/yixin/ros2_ws/build/polygon_base -- -j8 -l8
[9.681s] Invoking command in '/home/yixin/ros2_ws/build/polygon_base': CMAKE_PREFIX_PATH=${CMAKE_PREFIX_PATH}:/home/yixin/ros2_ws/install/python_parameters:/home/yixin/ros2_ws/install/py_srvcli:/home/yixin/ros2_ws/install/py_pubsub:/home/yixin/ros2_ws/install/my_python_package:/home/yixin/ros2_ws/install/launch_testing_examples:/home/yixin/ros2_ws/install/examples_rclpy_pointcloud_publisher:/home/yixin/ros2_ws/install/examples_rclpy_minimal_subscriber:/home/yixin/ros2_ws/install/examples_rclpy_minimal_service:/home/yixin/ros2_ws/install/examples_rclpy_minimal_publisher:/home/yixin/ros2_ws/install/examples_rclpy_minimal_client:/home/yixin/ros2_ws/install/examples_rclpy_minimal_action_server:/home/yixin/ros2_ws/install/examples_rclpy_minimal_action_client:/home/yixin/ros2_ws/install/examples_rclpy_guard_conditions:/home/yixin/ros2_ws/install/examples_rclpy_executors:/opt/ros/jazzy DEBUGINFOD_URLS=https://debuginfod.ubuntu.com /usr/bin/cmake --install /home/yixin/ros2_ws/build/polygon_base
[9.692s] -- Install configuration: ""
[9.692s] -- Installing: /home/yixin/ros2_ws/install/polygon_base/include/polygon_base
[9.692s] -- Installing: /home/yixin/ros2_ws/install/polygon_base/include/polygon_base/polygon_base
[9.692s] -- Installing: /home/yixin/ros2_ws/install/polygon_base/include/polygon_base/polygon_base/regular_polygon.hpp
[9.693s] -- Installing: /home/yixin/ros2_ws/install/polygon_base/share/polygon_base/cmake/export_polygon_base.cmake
[9.693s] -- Installing: /home/yixin/ros2_ws/install/polygon_base/lib/polygon_base/area_node
[9.694s] -- Set non-toolchain portion of runtime path of "/home/yixin/ros2_ws/install/polygon_base/lib/polygon_base/area_node" to ""
[9.695s] -- Installing: /home/yixin/ros2_ws/install/polygon_base/share/ament_index/resource_index/package_run_dependencies/polygon_base
[9.695s] -- Installing: /home/yixin/ros2_ws/install/polygon_base/share/ament_index/resource_index/parent_prefix_path/polygon_base
[9.695s] -- Installing: /home/yixin/ros2_ws/install/polygon_base/share/polygon_base/environment/ament_prefix_path.sh
[9.696s] -- Installing: /home/yixin/ros2_ws/install/polygon_base/share/polygon_base/environment/ament_prefix_path.dsv
[9.696s] -- Installing: /home/yixin/ros2_ws/install/polygon_base/share/polygon_base/environment/path.sh
[9.696s] -- Installing: /home/yixin/ros2_ws/install/polygon_base/share/polygon_base/environment/path.dsv
[9.696s] -- Installing: /home/yixin/ros2_ws/install/polygon_base/share/polygon_base/local_setup.bash
[9.696s] -- Installing: /home/yixin/ros2_ws/install/polygon_base/share/polygon_base/local_setup.sh
[9.697s] -- Installing: /home/yixin/ros2_ws/install/polygon_base/share/polygon_base/local_setup.zsh
[9.697s] -- Installing: /home/yixin/ros2_ws/install/polygon_base/share/polygon_base/local_setup.dsv
[9.697s] -- Installing: /home/yixin/ros2_ws/install/polygon_base/share/polygon_base/package.dsv
[9.697s] -- Installing: /home/yixin/ros2_ws/install/polygon_base/share/ament_index/resource_index/packages/polygon_base
[9.697s] -- Installing: /home/yixin/ros2_ws/install/polygon_base/share/polygon_base/cmake/export_polygon_baseExport.cmake
[9.697s] -- Installing: /home/yixin/ros2_ws/install/polygon_base/share/polygon_base/cmake/ament_cmake_export_include_directories-extras.cmake
[9.698s] -- Installing: /home/yixin/ros2_ws/install/polygon_base/share/polygon_base/cmake/ament_cmake_export_targets-extras.cmake
[9.698s] -- Installing: /home/yixin/ros2_ws/install/polygon_base/share/polygon_base/cmake/polygon_baseConfig.cmake
[9.698s] -- Installing: /home/yixin/ros2_ws/install/polygon_base/share/polygon_base/cmake/polygon_baseConfig-version.cmake
[9.698s] -- Installing: /home/yixin/ros2_ws/install/polygon_base/share/polygon_base/package.xml
[9.701s] Invoked command in '/home/yixin/ros2_ws/build/polygon_base' returned '0': CMAKE_PREFIX_PATH=${CMAKE_PREFIX_PATH}:/home/yixin/ros2_ws/install/python_parameters:/home/yixin/ros2_ws/install/py_srvcli:/home/yixin/ros2_ws/install/py_pubsub:/home/yixin/ros2_ws/install/my_python_package:/home/yixin/ros2_ws/install/launch_testing_examples:/home/yixin/ros2_ws/install/examples_rclpy_pointcloud_publisher:/home/yixin/ros2_ws/install/examples_rclpy_minimal_subscriber:/home/yixin/ros2_ws/install/examples_rclpy_minimal_service:/home/yixin/ros2_ws/install/examples_rclpy_minimal_publisher:/home/yixin/ros2_ws/install/examples_rclpy_minimal_client:/home/yixin/ros2_ws/install/examples_rclpy_minimal_action_server:/home/yixin/ros2_ws/install/examples_rclpy_minimal_action_client:/home/yixin/ros2_ws/install/examples_rclpy_guard_conditions:/home/yixin/ros2_ws/install/examples_rclpy_executors:/opt/ros/jazzy DEBUGINFOD_URLS=https://debuginfod.ubuntu.com /usr/bin/cmake --install /home/yixin/ros2_ws/build/polygon_base
