[1.899s] Invoking command in '/home/yixin/ros2_ws/build/examples_rclpy_minimal_client': DEBUGINFOD_URLS=https://debuginfod.ubuntu.com PYTHONPATH=/home/yixin/ros2_ws/build/examples_rclpy_minimal_client/prefix_override:/usr/lib/python3/dist-packages/colcon_core/task/python/colcon_distutils_commands:/home/yixin/ros2_ws/install/examples_rclpy_minimal_client/lib/python3.12/site-packages:${PYTHONPATH} /usr/bin/python3 -W ignore:setup.py install is deprecated -W ignore:easy_install command is deprecated setup.py develop --editable --build-directory /home/yixin/ros2_ws/build/examples_rclpy_minimal_client/build --no-deps symlink_data
[2.467s] running develop
[2.805s] running egg_info
[2.805s] creating examples_rclpy_minimal_client.egg-info
[2.831s] writing examples_rclpy_minimal_client.egg-info/PKG-INFO
[2.832s] writing dependency_links to examples_rclpy_minimal_client.egg-info/dependency_links.txt
[2.834s] writing entry points to examples_rclpy_minimal_client.egg-info/entry_points.txt
[2.834s] writing requirements to examples_rclpy_minimal_client.egg-info/requires.txt
[2.834s] writing top-level names to examples_rclpy_minimal_client.egg-info/top_level.txt
[2.834s] writing manifest file 'examples_rclpy_minimal_client.egg-info/SOURCES.txt'
[2.894s] reading manifest file 'examples_rclpy_minimal_client.egg-info/SOURCES.txt'
[2.894s] writing manifest file 'examples_rclpy_minimal_client.egg-info/SOURCES.txt'
[2.929s] running build_ext
[2.930s] Creating /home/yixin/ros2_ws/install/examples_rclpy_minimal_client/lib/python3.12/site-packages/examples-rclpy-minimal-client.egg-link (link to .)
[2.932s] Installing client script to /home/yixin/ros2_ws/install/examples_rclpy_minimal_client/lib/examples_rclpy_minimal_client
[2.933s] Installing client_async script to /home/yixin/ros2_ws/install/examples_rclpy_minimal_client/lib/examples_rclpy_minimal_client
[2.933s] Installing client_async_callback script to /home/yixin/ros2_ws/install/examples_rclpy_minimal_client/lib/examples_rclpy_minimal_client
[2.935s] Installing client_async_member_function script to /home/yixin/ros2_ws/install/examples_rclpy_minimal_client/lib/examples_rclpy_minimal_client
[2.935s] 
[2.935s] Installed /home/yixin/ros2_ws/build/examples_rclpy_minimal_client
[2.936s] running symlink_data
[2.937s] creating /home/yixin/ros2_ws/install/examples_rclpy_minimal_client/share/ament_index
[2.938s] creating /home/yixin/ros2_ws/install/examples_rclpy_minimal_client/share/ament_index/resource_index
[2.939s] creating /home/yixin/ros2_ws/install/examples_rclpy_minimal_client/share/ament_index/resource_index/packages
[2.940s] symbolically linking /home/yixin/ros2_ws/build/examples_rclpy_minimal_client/resource/examples_rclpy_minimal_client -> /home/yixin/ros2_ws/install/examples_rclpy_minimal_client/share/ament_index/resource_index/packages
[2.943s] symbolically linking /home/yixin/ros2_ws/build/examples_rclpy_minimal_client/package.xml -> /home/yixin/ros2_ws/install/examples_rclpy_minimal_client/share/examples_rclpy_minimal_client
[3.079s] Invoked command in '/home/yixin/ros2_ws/build/examples_rclpy_minimal_client' returned '0': DEBUGINFOD_URLS=https://debuginfod.ubuntu.com PYTHONPATH=/home/yixin/ros2_ws/build/examples_rclpy_minimal_client/prefix_override:/usr/lib/python3/dist-packages/colcon_core/task/python/colcon_distutils_commands:/home/yixin/ros2_ws/install/examples_rclpy_minimal_client/lib/python3.12/site-packages:${PYTHONPATH} /usr/bin/python3 -W ignore:setup.py install is deprecated -W ignore:easy_install command is deprecated setup.py develop --editable --build-directory /home/yixin/ros2_ws/build/examples_rclpy_minimal_client/build --no-deps symlink_data
