[2.649s] Invoking command in '/home/yixin/ros2_ws/src/py_srvcli': DEBUGINFOD_URLS=https://debuginfod.ubuntu.com PYTHONPATH=/home/yixin/ros2_ws/build/py_srvcli/prefix_override:/usr/lib/python3/dist-packages/colcon_core/task/python/colcon_distutils_commands:/home/yixin/ros2_ws/install/py_srvcli/lib/python3.12/site-packages:${PYTHONPATH} /usr/bin/python3 -W ignore:setup.py install is deprecated -W ignore:easy_install command is deprecated setup.py egg_info --egg-base ../../build/py_srvcli build --build-base /home/yixin/ros2_ws/build/py_srvcli/build install --record /home/yixin/ros2_ws/build/py_srvcli/install.log --single-version-externally-managed install_data
[3.409s] running egg_info
[3.410s] creating ../../build/py_srvcli/py_srvcli.egg-info
[3.470s] writing ../../build/py_srvcli/py_srvcli.egg-info/PKG-INFO
[3.471s] writing dependency_links to ../../build/py_srvcli/py_srvcli.egg-info/dependency_links.txt
[3.472s] writing entry points to ../../build/py_srvcli/py_srvcli.egg-info/entry_points.txt
[3.472s] writing requirements to ../../build/py_srvcli/py_srvcli.egg-info/requires.txt
[3.473s] writing top-level names to ../../build/py_srvcli/py_srvcli.egg-info/top_level.txt
[3.473s] writing manifest file '../../build/py_srvcli/py_srvcli.egg-info/SOURCES.txt'
[3.589s] reading manifest file '../../build/py_srvcli/py_srvcli.egg-info/SOURCES.txt'
[3.590s] adding license file 'LICENSE'
[3.591s] writing manifest file '../../build/py_srvcli/py_srvcli.egg-info/SOURCES.txt'
[3.592s] running build
[3.592s] running build_py
[3.592s] creating /home/yixin/ros2_ws/build/py_srvcli/build
[3.593s] creating /home/yixin/ros2_ws/build/py_srvcli/build/lib
[3.593s] creating /home/yixin/ros2_ws/build/py_srvcli/build/lib/py_srvcli
[3.594s] copying py_srvcli/client_member_function.py -> /home/yixin/ros2_ws/build/py_srvcli/build/lib/py_srvcli
[3.594s] copying py_srvcli/__init__.py -> /home/yixin/ros2_ws/build/py_srvcli/build/lib/py_srvcli
[3.594s] copying py_srvcli/service_member_function.py -> /home/yixin/ros2_ws/build/py_srvcli/build/lib/py_srvcli
[3.595s] running install
[3.612s] running install_lib
[3.676s] creating /home/yixin/ros2_ws/install/py_srvcli/lib/python3.12/site-packages/py_srvcli
[3.676s] copying /home/yixin/ros2_ws/build/py_srvcli/build/lib/py_srvcli/client_member_function.py -> /home/yixin/ros2_ws/install/py_srvcli/lib/python3.12/site-packages/py_srvcli
[3.677s] copying /home/yixin/ros2_ws/build/py_srvcli/build/lib/py_srvcli/__init__.py -> /home/yixin/ros2_ws/install/py_srvcli/lib/python3.12/site-packages/py_srvcli
[3.677s] copying /home/yixin/ros2_ws/build/py_srvcli/build/lib/py_srvcli/service_member_function.py -> /home/yixin/ros2_ws/install/py_srvcli/lib/python3.12/site-packages/py_srvcli
[3.679s] byte-compiling /home/yixin/ros2_ws/install/py_srvcli/lib/python3.12/site-packages/py_srvcli/client_member_function.py to client_member_function.cpython-312.pyc
[3.680s] byte-compiling /home/yixin/ros2_ws/install/py_srvcli/lib/python3.12/site-packages/py_srvcli/__init__.py to __init__.cpython-312.pyc
[3.681s] byte-compiling /home/yixin/ros2_ws/install/py_srvcli/lib/python3.12/site-packages/py_srvcli/service_member_function.py to service_member_function.cpython-312.pyc
[3.682s] running install_data
[3.683s] creating /home/yixin/ros2_ws/install/py_srvcli/share/ament_index
[3.683s] creating /home/yixin/ros2_ws/install/py_srvcli/share/ament_index/resource_index
[3.683s] creating /home/yixin/ros2_ws/install/py_srvcli/share/ament_index/resource_index/packages
[3.684s] copying resource/py_srvcli -> /home/yixin/ros2_ws/install/py_srvcli/share/ament_index/resource_index/packages
[3.684s] copying package.xml -> /home/yixin/ros2_ws/install/py_srvcli/share/py_srvcli
[3.684s] running install_egg_info
[3.749s] Copying ../../build/py_srvcli/py_srvcli.egg-info to /home/yixin/ros2_ws/install/py_srvcli/lib/python3.12/site-packages/py_srvcli-0.0.0-py3.12.egg-info
[3.752s] running install_scripts
[4.149s] Installing client script to /home/yixin/ros2_ws/install/py_srvcli/lib/py_srvcli
[4.150s] Installing service script to /home/yixin/ros2_ws/install/py_srvcli/lib/py_srvcli
[4.150s] writing list of installed files to '/home/yixin/ros2_ws/build/py_srvcli/install.log'
[4.242s] Invoked command in '/home/yixin/ros2_ws/src/py_srvcli' returned '0': DEBUGINFOD_URLS=https://debuginfod.ubuntu.com PYTHONPATH=/home/yixin/ros2_ws/build/py_srvcli/prefix_override:/usr/lib/python3/dist-packages/colcon_core/task/python/colcon_distutils_commands:/home/yixin/ros2_ws/install/py_srvcli/lib/python3.12/site-packages:${PYTHONPATH} /usr/bin/python3 -W ignore:setup.py install is deprecated -W ignore:easy_install command is deprecated setup.py egg_info --egg-base ../../build/py_srvcli build --build-base /home/yixin/ros2_ws/build/py_srvcli/build install --record /home/yixin/ros2_ws/build/py_srvcli/install.log --single-version-externally-managed install_data
