[0.460s] Invoking command in '/home/yixin/ros2_ws/build/more_interfaces': CMAKE_PREFIX_PATH=${CMAKE_PREFIX_PATH}:/opt/ros/jazzy DEBUGINFOD_URLS=https://debuginfod.ubuntu.com /usr/bin/cmake --build /home/yixin/ros2_ws/build/more_interfaces -- -j8 -l8
[0.593s] [  2%] Built target more_interfaces__rosidl_generator_type_description
[0.635s] [  2%] Built target ament_cmake_python_copy_more_interfaces
[0.646s] [ 16%] Built target more_interfaces__rosidl_generator_c
[0.662s] [ 19%] Built target more_interfaces__cpp
[0.734s] [ 27%] Built target more_interfaces__rosidl_typesupport_c
[0.737s] [ 38%] Built target more_interfaces__rosidl_typesupport_fastrtps_cpp
[0.737s] [ 44%] Built target more_interfaces__rosidl_typesupport_introspection_c
[0.745s] [ 52%] Built target more_interfaces__rosidl_typesupport_fastrtps_c
[0.759s] [ 61%] Built target more_interfaces__rosidl_typesupport_cpp
[0.768s] [ 69%] Built target more_interfaces__rosidl_typesupport_introspection_cpp
[0.824s] [ 75%] Built target publish_address_book
[0.846s] [ 75%] Built target more_interfaces
[0.907s] [ 77%] Built target more_interfaces__py
[0.986s] [ 83%] Built target more_interfaces__rosidl_generator_py
[1.086s] [ 88%] Built target more_interfaces_s__rosidl_typesupport_introspection_c
[1.097s] [ 94%] Built target more_interfaces_s__rosidl_typesupport_fastrtps_c
[1.097s] [100%] Built target more_interfaces_s__rosidl_typesupport_c
[1.138s] running egg_info
[1.167s] writing more_interfaces.egg-info/PKG-INFO
[1.168s] writing dependency_links to more_interfaces.egg-info/dependency_links.txt
[1.171s] writing top-level names to more_interfaces.egg-info/top_level.txt
[1.252s] reading manifest file 'more_interfaces.egg-info/SOURCES.txt'
[1.253s] writing manifest file 'more_interfaces.egg-info/SOURCES.txt'
[1.345s] [100%] Built target ament_cmake_python_build_more_interfaces_egg
[1.506s] Invoked command in '/home/yixin/ros2_ws/build/more_interfaces' returned '0': CMAKE_PREFIX_PATH=${CMAKE_PREFIX_PATH}:/opt/ros/jazzy DEBUGINFOD_URLS=https://debuginfod.ubuntu.com /usr/bin/cmake --build /home/yixin/ros2_ws/build/more_interfaces -- -j8 -l8
[1.511s] Invoking command in '/home/yixin/ros2_ws/build/more_interfaces': CMAKE_PREFIX_PATH=${CMAKE_PREFIX_PATH}:/opt/ros/jazzy DEBUGINFOD_URLS=https://debuginfod.ubuntu.com /usr/bin/cmake --install /home/yixin/ros2_ws/build/more_interfaces
[1.536s] -- Install configuration: ""
[1.536s] -- Up-to-date: /home/yixin/ros2_ws/install/more_interfaces/share/ament_index/resource_index/rosidl_interfaces/more_interfaces
[1.539s] -- Up-to-date: /home/yixin/ros2_ws/install/more_interfaces/share/more_interfaces/msg/AddressBook.json
[1.539s] -- Up-to-date: /home/yixin/ros2_ws/install/more_interfaces/include/more_interfaces/more_interfaces
[1.539s] -- Up-to-date: /home/yixin/ros2_ws/install/more_interfaces/include/more_interfaces/more_interfaces/msg
[1.539s] -- Up-to-date: /home/yixin/ros2_ws/install/more_interfaces/include/more_interfaces/more_interfaces/msg/rosidl_generator_c__visibility_control.h
[1.539s] -- Up-to-date: /home/yixin/ros2_ws/install/more_interfaces/include/more_interfaces/more_interfaces/msg/detail
[1.539s] -- Up-to-date: /home/yixin/ros2_ws/install/more_interfaces/include/more_interfaces/more_interfaces/msg/detail/address_book__functions.c
[1.539s] -- Up-to-date: /home/yixin/ros2_ws/install/more_interfaces/include/more_interfaces/more_interfaces/msg/detail/address_book__type_support.h
[1.539s] -- Up-to-date: /home/yixin/ros2_ws/install/more_interfaces/include/more_interfaces/more_interfaces/msg/detail/address_book__description.c
[1.540s] -- Up-to-date: /home/yixin/ros2_ws/install/more_interfaces/include/more_interfaces/more_interfaces/msg/detail/address_book__struct.h
[1.540s] -- Up-to-date: /home/yixin/ros2_ws/install/more_interfaces/include/more_interfaces/more_interfaces/msg/detail/address_book__functions.h
[1.540s] -- Up-to-date: /home/yixin/ros2_ws/install/more_interfaces/include/more_interfaces/more_interfaces/msg/detail/address_book__type_support.c
[1.540s] -- Up-to-date: /home/yixin/ros2_ws/install/more_interfaces/include/more_interfaces/more_interfaces/msg/address_book.h
[1.540s] -- Up-to-date: /home/yixin/ros2_ws/install/more_interfaces/share/more_interfaces/environment/library_path.sh
[1.540s] -- Up-to-date: /home/yixin/ros2_ws/install/more_interfaces/share/more_interfaces/environment/library_path.dsv
[1.540s] -- Up-to-date: /home/yixin/ros2_ws/install/more_interfaces/lib/libmore_interfaces__rosidl_generator_c.so
[1.540s] -- Up-to-date: /home/yixin/ros2_ws/install/more_interfaces/include/more_interfaces/more_interfaces
[1.540s] -- Up-to-date: /home/yixin/ros2_ws/install/more_interfaces/include/more_interfaces/more_interfaces/msg
[1.540s] -- Up-to-date: /home/yixin/ros2_ws/install/more_interfaces/include/more_interfaces/more_interfaces/msg/detail
[1.540s] -- Up-to-date: /home/yixin/ros2_ws/install/more_interfaces/include/more_interfaces/more_interfaces/msg/detail/address_book__rosidl_typesupport_fastrtps_c.h
[1.540s] -- Up-to-date: /home/yixin/ros2_ws/install/more_interfaces/include/more_interfaces/more_interfaces/msg/rosidl_typesupport_fastrtps_c__visibility_control.h
[1.546s] -- Up-to-date: /home/yixin/ros2_ws/install/more_interfaces/lib/libmore_interfaces__rosidl_typesupport_fastrtps_c.so
[1.546s] -- Up-to-date: /home/yixin/ros2_ws/install/more_interfaces/include/more_interfaces/more_interfaces
[1.546s] -- Up-to-date: /home/yixin/ros2_ws/install/more_interfaces/include/more_interfaces/more_interfaces/msg
[1.546s] -- Up-to-date: /home/yixin/ros2_ws/install/more_interfaces/include/more_interfaces/more_interfaces/msg/detail
[1.546s] -- Up-to-date: /home/yixin/ros2_ws/install/more_interfaces/include/more_interfaces/more_interfaces/msg/detail/address_book__rosidl_typesupport_introspection_c.h
[1.548s] -- Up-to-date: /home/yixin/ros2_ws/install/more_interfaces/include/more_interfaces/more_interfaces/msg/detail/address_book__type_support.c
[1.548s] -- Up-to-date: /home/yixin/ros2_ws/install/more_interfaces/include/more_interfaces/more_interfaces/msg/rosidl_typesupport_introspection_c__visibility_control.h
[1.548s] -- Up-to-date: /home/yixin/ros2_ws/install/more_interfaces/lib/libmore_interfaces__rosidl_typesupport_introspection_c.so
[1.552s] -- Up-to-date: /home/yixin/ros2_ws/install/more_interfaces/lib/libmore_interfaces__rosidl_typesupport_c.so
[1.552s] -- Up-to-date: /home/yixin/ros2_ws/install/more_interfaces/include/more_interfaces/more_interfaces
[1.552s] -- Up-to-date: /home/yixin/ros2_ws/install/more_interfaces/include/more_interfaces/more_interfaces/msg
[1.552s] -- Up-to-date: /home/yixin/ros2_ws/install/more_interfaces/include/more_interfaces/more_interfaces/msg/detail
[1.552s] -- Up-to-date: /home/yixin/ros2_ws/install/more_interfaces/include/more_interfaces/more_interfaces/msg/detail/address_book__builder.hpp
[1.552s] -- Up-to-date: /home/yixin/ros2_ws/install/more_interfaces/include/more_interfaces/more_interfaces/msg/detail/address_book__struct.hpp
[1.553s] -- Up-to-date: /home/yixin/ros2_ws/install/more_interfaces/include/more_interfaces/more_interfaces/msg/detail/address_book__type_support.hpp
[1.553s] -- Up-to-date: /home/yixin/ros2_ws/install/more_interfaces/include/more_interfaces/more_interfaces/msg/detail/address_book__traits.hpp
[1.553s] -- Up-to-date: /home/yixin/ros2_ws/install/more_interfaces/include/more_interfaces/more_interfaces/msg/rosidl_generator_cpp__visibility_control.hpp
[1.553s] -- Up-to-date: /home/yixin/ros2_ws/install/more_interfaces/include/more_interfaces/more_interfaces/msg/address_book.hpp
[1.556s] -- Up-to-date: /home/yixin/ros2_ws/install/more_interfaces/include/more_interfaces/more_interfaces
[1.556s] -- Up-to-date: /home/yixin/ros2_ws/install/more_interfaces/include/more_interfaces/more_interfaces/msg
[1.556s] -- Up-to-date: /home/yixin/ros2_ws/install/more_interfaces/include/more_interfaces/more_interfaces/msg/detail
[1.556s] -- Up-to-date: /home/yixin/ros2_ws/install/more_interfaces/include/more_interfaces/more_interfaces/msg/detail/dds_fastrtps
[1.556s] -- Up-to-date: /home/yixin/ros2_ws/install/more_interfaces/include/more_interfaces/more_interfaces/msg/detail/address_book__rosidl_typesupport_fastrtps_cpp.hpp
[1.556s] -- Up-to-date: /home/yixin/ros2_ws/install/more_interfaces/include/more_interfaces/more_interfaces/msg/rosidl_typesupport_fastrtps_cpp__visibility_control.h
[1.557s] -- Up-to-date: /home/yixin/ros2_ws/install/more_interfaces/lib/libmore_interfaces__rosidl_typesupport_fastrtps_cpp.so
[1.557s] -- Up-to-date: /home/yixin/ros2_ws/install/more_interfaces/include/more_interfaces/more_interfaces
[1.557s] -- Up-to-date: /home/yixin/ros2_ws/install/more_interfaces/include/more_interfaces/more_interfaces/msg
[1.557s] -- Up-to-date: /home/yixin/ros2_ws/install/more_interfaces/include/more_interfaces/more_interfaces/msg/detail
[1.557s] -- Up-to-date: /home/yixin/ros2_ws/install/more_interfaces/include/more_interfaces/more_interfaces/msg/detail/address_book__rosidl_typesupport_introspection_cpp.hpp
[1.557s] -- Up-to-date: /home/yixin/ros2_ws/install/more_interfaces/include/more_interfaces/more_interfaces/msg/detail/address_book__type_support.cpp
[1.557s] -- Up-to-date: /home/yixin/ros2_ws/install/more_interfaces/lib/libmore_interfaces__rosidl_typesupport_introspection_cpp.so
[1.558s] -- Up-to-date: /home/yixin/ros2_ws/install/more_interfaces/lib/libmore_interfaces__rosidl_typesupport_cpp.so
[1.558s] -- Up-to-date: /home/yixin/ros2_ws/install/more_interfaces/share/more_interfaces/environment/pythonpath.sh
[1.558s] -- Up-to-date: /home/yixin/ros2_ws/install/more_interfaces/share/more_interfaces/environment/pythonpath.dsv
[1.559s] -- Up-to-date: /home/yixin/ros2_ws/install/more_interfaces/lib/python3.12/site-packages/more_interfaces-0.0.0-py3.12.egg-info
[1.559s] -- Installing: /home/yixin/ros2_ws/install/more_interfaces/lib/python3.12/site-packages/more_interfaces-0.0.0-py3.12.egg-info/top_level.txt
[1.559s] -- Installing: /home/yixin/ros2_ws/install/more_interfaces/lib/python3.12/site-packages/more_interfaces-0.0.0-py3.12.egg-info/dependency_links.txt
[1.559s] -- Installing: /home/yixin/ros2_ws/install/more_interfaces/lib/python3.12/site-packages/more_interfaces-0.0.0-py3.12.egg-info/PKG-INFO
[1.560s] -- Installing: /home/yixin/ros2_ws/install/more_interfaces/lib/python3.12/site-packages/more_interfaces-0.0.0-py3.12.egg-info/SOURCES.txt
[1.560s] -- Up-to-date: /home/yixin/ros2_ws/install/more_interfaces/lib/python3.12/site-packages/more_interfaces
[1.560s] -- Up-to-date: /home/yixin/ros2_ws/install/more_interfaces/lib/python3.12/site-packages/more_interfaces/_more_interfaces_s.ep.rosidl_typesupport_c.c
[1.560s] -- Up-to-date: /home/yixin/ros2_ws/install/more_interfaces/lib/python3.12/site-packages/more_interfaces/more_interfaces_s__rosidl_typesupport_c.so
[1.560s] -- Up-to-date: /home/yixin/ros2_ws/install/more_interfaces/lib/python3.12/site-packages/more_interfaces/__init__.py
[1.560s] -- Up-to-date: /home/yixin/ros2_ws/install/more_interfaces/lib/python3.12/site-packages/more_interfaces/_more_interfaces_s.ep.rosidl_typesupport_introspection_c.c
[1.561s] -- Up-to-date: /home/yixin/ros2_ws/install/more_interfaces/lib/python3.12/site-packages/more_interfaces/_more_interfaces_s.ep.rosidl_typesupport_fastrtps_c.c
[1.561s] -- Up-to-date: /home/yixin/ros2_ws/install/more_interfaces/lib/python3.12/site-packages/more_interfaces/more_interfaces_s__rosidl_typesupport_fastrtps_c.so
[1.561s] -- Up-to-date: /home/yixin/ros2_ws/install/more_interfaces/lib/python3.12/site-packages/more_interfaces/msg
[1.561s] -- Up-to-date: /home/yixin/ros2_ws/install/more_interfaces/lib/python3.12/site-packages/more_interfaces/msg/__init__.py
[1.561s] -- Up-to-date: /home/yixin/ros2_ws/install/more_interfaces/lib/python3.12/site-packages/more_interfaces/msg/_address_book_s.c
[1.561s] -- Up-to-date: /home/yixin/ros2_ws/install/more_interfaces/lib/python3.12/site-packages/more_interfaces/msg/_address_book.py
[1.561s] -- Up-to-date: /home/yixin/ros2_ws/install/more_interfaces/lib/python3.12/site-packages/more_interfaces/more_interfaces_s__rosidl_typesupport_introspection_c.so
[1.647s] Listing '/home/yixin/ros2_ws/install/more_interfaces/lib/python3.12/site-packages/more_interfaces'...
[1.647s] Listing '/home/yixin/ros2_ws/install/more_interfaces/lib/python3.12/site-packages/more_interfaces/msg'...
[1.692s] -- Up-to-date: /home/yixin/ros2_ws/install/more_interfaces/lib/python3.12/site-packages/more_interfaces/more_interfaces_s__rosidl_typesupport_fastrtps_c.so
[1.692s] -- Up-to-date: /home/yixin/ros2_ws/install/more_interfaces/lib/python3.12/site-packages/more_interfaces/more_interfaces_s__rosidl_typesupport_introspection_c.so
[1.699s] -- Up-to-date: /home/yixin/ros2_ws/install/more_interfaces/lib/python3.12/site-packages/more_interfaces/more_interfaces_s__rosidl_typesupport_c.so
[1.706s] -- Up-to-date: /home/yixin/ros2_ws/install/more_interfaces/lib/libmore_interfaces__rosidl_generator_py.so
[1.706s] -- Up-to-date: /home/yixin/ros2_ws/install/more_interfaces/share/more_interfaces/msg/AddressBook.idl
[1.710s] -- Up-to-date: /home/yixin/ros2_ws/install/more_interfaces/share/more_interfaces/msg/AddressBook.msg
[1.710s] -- Up-to-date: /home/yixin/ros2_ws/install/more_interfaces/lib/more_interfaces/publish_address_book
[1.710s] -- Up-to-date: /home/yixin/ros2_ws/install/more_interfaces/share/ament_index/resource_index/package_run_dependencies/more_interfaces
[1.710s] -- Up-to-date: /home/yixin/ros2_ws/install/more_interfaces/share/ament_index/resource_index/parent_prefix_path/more_interfaces
[1.710s] -- Up-to-date: /home/yixin/ros2_ws/install/more_interfaces/share/more_interfaces/environment/ament_prefix_path.sh
[1.710s] -- Up-to-date: /home/yixin/ros2_ws/install/more_interfaces/share/more_interfaces/environment/ament_prefix_path.dsv
[1.710s] -- Up-to-date: /home/yixin/ros2_ws/install/more_interfaces/share/more_interfaces/environment/path.sh
[1.710s] -- Up-to-date: /home/yixin/ros2_ws/install/more_interfaces/share/more_interfaces/environment/path.dsv
[1.710s] -- Up-to-date: /home/yixin/ros2_ws/install/more_interfaces/share/more_interfaces/local_setup.bash
[1.710s] -- Up-to-date: /home/yixin/ros2_ws/install/more_interfaces/share/more_interfaces/local_setup.sh
[1.711s] -- Up-to-date: /home/yixin/ros2_ws/install/more_interfaces/share/more_interfaces/local_setup.zsh
[1.711s] -- Up-to-date: /home/yixin/ros2_ws/install/more_interfaces/share/more_interfaces/local_setup.dsv
[1.711s] -- Installing: /home/yixin/ros2_ws/install/more_interfaces/share/more_interfaces/package.dsv
[1.711s] -- Up-to-date: /home/yixin/ros2_ws/install/more_interfaces/share/ament_index/resource_index/packages/more_interfaces
[1.724s] -- Up-to-date: /home/yixin/ros2_ws/install/more_interfaces/share/more_interfaces/cmake/export_more_interfaces__rosidl_generator_cExport.cmake
[1.727s] -- Up-to-date: /home/yixin/ros2_ws/install/more_interfaces/share/more_interfaces/cmake/export_more_interfaces__rosidl_generator_cExport-noconfig.cmake
[1.735s] -- Up-to-date: /home/yixin/ros2_ws/install/more_interfaces/share/more_interfaces/cmake/export_more_interfaces__rosidl_typesupport_fastrtps_cExport.cmake
[1.735s] -- Up-to-date: /home/yixin/ros2_ws/install/more_interfaces/share/more_interfaces/cmake/export_more_interfaces__rosidl_typesupport_fastrtps_cExport-noconfig.cmake
[1.735s] -- Up-to-date: /home/yixin/ros2_ws/install/more_interfaces/share/more_interfaces/cmake/more_interfaces__rosidl_typesupport_introspection_cExport.cmake
[1.735s] -- Up-to-date: /home/yixin/ros2_ws/install/more_interfaces/share/more_interfaces/cmake/more_interfaces__rosidl_typesupport_introspection_cExport-noconfig.cmake
[1.735s] -- Up-to-date: /home/yixin/ros2_ws/install/more_interfaces/share/more_interfaces/cmake/more_interfaces__rosidl_typesupport_cExport.cmake
[1.735s] -- Up-to-date: /home/yixin/ros2_ws/install/more_interfaces/share/more_interfaces/cmake/more_interfaces__rosidl_typesupport_cExport-noconfig.cmake
[1.735s] -- Up-to-date: /home/yixin/ros2_ws/install/more_interfaces/share/more_interfaces/cmake/export_more_interfaces__rosidl_generator_cppExport.cmake
[1.735s] -- Up-to-date: /home/yixin/ros2_ws/install/more_interfaces/share/more_interfaces/cmake/export_more_interfaces__rosidl_typesupport_fastrtps_cppExport.cmake
[1.742s] -- Up-to-date: /home/yixin/ros2_ws/install/more_interfaces/share/more_interfaces/cmake/export_more_interfaces__rosidl_typesupport_fastrtps_cppExport-noconfig.cmake
[1.742s] -- Up-to-date: /home/yixin/ros2_ws/install/more_interfaces/share/more_interfaces/cmake/more_interfaces__rosidl_typesupport_introspection_cppExport.cmake
[1.742s] -- Up-to-date: /home/yixin/ros2_ws/install/more_interfaces/share/more_interfaces/cmake/more_interfaces__rosidl_typesupport_introspection_cppExport-noconfig.cmake
[1.742s] -- Up-to-date: /home/yixin/ros2_ws/install/more_interfaces/share/more_interfaces/cmake/more_interfaces__rosidl_typesupport_cppExport.cmake
[1.742s] -- Up-to-date: /home/yixin/ros2_ws/install/more_interfaces/share/more_interfaces/cmake/more_interfaces__rosidl_typesupport_cppExport-noconfig.cmake
[1.744s] -- Up-to-date: /home/yixin/ros2_ws/install/more_interfaces/share/more_interfaces/cmake/export_more_interfaces__rosidl_generator_pyExport.cmake
[1.744s] -- Up-to-date: /home/yixin/ros2_ws/install/more_interfaces/share/more_interfaces/cmake/export_more_interfaces__rosidl_generator_pyExport-noconfig.cmake
[1.744s] -- Up-to-date: /home/yixin/ros2_ws/install/more_interfaces/share/more_interfaces/cmake/rosidl_cmake-extras.cmake
[1.744s] -- Up-to-date: /home/yixin/ros2_ws/install/more_interfaces/share/more_interfaces/cmake/ament_cmake_export_include_directories-extras.cmake
[1.744s] -- Up-to-date: /home/yixin/ros2_ws/install/more_interfaces/share/more_interfaces/cmake/ament_cmake_export_libraries-extras.cmake
[1.744s] -- Up-to-date: /home/yixin/ros2_ws/install/more_interfaces/share/more_interfaces/cmake/ament_cmake_export_targets-extras.cmake
[1.744s] -- Up-to-date: /home/yixin/ros2_ws/install/more_interfaces/share/more_interfaces/cmake/rosidl_cmake_export_typesupport_targets-extras.cmake
[1.744s] -- Up-to-date: /home/yixin/ros2_ws/install/more_interfaces/share/more_interfaces/cmake/ament_cmake_export_dependencies-extras.cmake
[1.744s] -- Up-to-date: /home/yixin/ros2_ws/install/more_interfaces/share/more_interfaces/cmake/rosidl_cmake_export_typesupport_libraries-extras.cmake
[1.745s] -- Up-to-date: /home/yixin/ros2_ws/install/more_interfaces/share/more_interfaces/cmake/more_interfacesConfig.cmake
[1.745s] -- Up-to-date: /home/yixin/ros2_ws/install/more_interfaces/share/more_interfaces/cmake/more_interfacesConfig-version.cmake
[1.745s] -- Up-to-date: /home/yixin/ros2_ws/install/more_interfaces/share/more_interfaces/package.xml
[1.766s] Invoked command in '/home/yixin/ros2_ws/build/more_interfaces' returned '0': CMAKE_PREFIX_PATH=${CMAKE_PREFIX_PATH}:/opt/ros/jazzy DEBUGINFOD_URLS=https://debuginfod.ubuntu.com /usr/bin/cmake --install /home/yixin/ros2_ws/build/more_interfaces
