[4.360s] Invoking command in '/home/yixin/ros2_ws/src/examples/rclpy/executors': DEBUGINFOD_URLS=https://debuginfod.ubuntu.com PYTHONPATH=/home/yixin/ros2_ws/build/examples_rclpy_executors/prefix_override:/usr/lib/python3/dist-packages/colcon_core/task/python/colcon_distutils_commands:/home/yixin/ros2_ws/install/examples_rclpy_executors/lib/python3.12/site-packages:${PYTHONPATH} /usr/bin/python3 -W ignore:setup.py install is deprecated -W ignore:easy_install command is deprecated setup.py egg_info --egg-base ../../../../build/examples_rclpy_executors build --build-base /home/yixin/ros2_ws/build/examples_rclpy_executors/build install --record /home/yixin/ros2_ws/build/examples_rclpy_executors/install.log --single-version-externally-managed install_data
[5.066s] running egg_info
[5.066s] writing ../../../../build/examples_rclpy_executors/examples_rclpy_executors.egg-info/PKG-INFO
[5.066s] writing dependency_links to ../../../../build/examples_rclpy_executors/examples_rclpy_executors.egg-info/dependency_links.txt
[5.066s] writing entry points to ../../../../build/examples_rclpy_executors/examples_rclpy_executors.egg-info/entry_points.txt
[5.067s] writing requirements to ../../../../build/examples_rclpy_executors/examples_rclpy_executors.egg-info/requires.txt
[5.067s] writing top-level names to ../../../../build/examples_rclpy_executors/examples_rclpy_executors.egg-info/top_level.txt
[5.142s] reading manifest file '../../../../build/examples_rclpy_executors/examples_rclpy_executors.egg-info/SOURCES.txt'
[5.144s] writing manifest file '../../../../build/examples_rclpy_executors/examples_rclpy_executors.egg-info/SOURCES.txt'
[5.149s] running build
[5.149s] running build_py
[5.149s] running install
[5.159s] running install_lib
[5.210s] running install_data
[5.210s] running install_egg_info
[5.269s] removing '/home/yixin/ros2_ws/install/examples_rclpy_executors/lib/python3.12/site-packages/examples_rclpy_executors-0.19.7-py3.12.egg-info' (and everything under it)
[5.270s] Copying ../../../../build/examples_rclpy_executors/examples_rclpy_executors.egg-info to /home/yixin/ros2_ws/install/examples_rclpy_executors/lib/python3.12/site-packages/examples_rclpy_executors-0.19.7-py3.12.egg-info
[5.273s] running install_scripts
[5.680s] Installing callback_group script to /home/yixin/ros2_ws/install/examples_rclpy_executors/lib/examples_rclpy_executors
[5.680s] Installing composed script to /home/yixin/ros2_ws/install/examples_rclpy_executors/lib/examples_rclpy_executors
[5.681s] Installing custom_callback_group script to /home/yixin/ros2_ws/install/examples_rclpy_executors/lib/examples_rclpy_executors
[5.681s] Installing custom_executor script to /home/yixin/ros2_ws/install/examples_rclpy_executors/lib/examples_rclpy_executors
[5.682s] Installing listener script to /home/yixin/ros2_ws/install/examples_rclpy_executors/lib/examples_rclpy_executors
[5.682s] Installing talker script to /home/yixin/ros2_ws/install/examples_rclpy_executors/lib/examples_rclpy_executors
[5.684s] writing list of installed files to '/home/yixin/ros2_ws/build/examples_rclpy_executors/install.log'
[6.191s] Invoked command in '/home/yixin/ros2_ws/src/examples/rclpy/executors' returned '0': DEBUGINFOD_URLS=https://debuginfod.ubuntu.com PYTHONPATH=/home/yixin/ros2_ws/build/examples_rclpy_executors/prefix_override:/usr/lib/python3/dist-packages/colcon_core/task/python/colcon_distutils_commands:/home/yixin/ros2_ws/install/examples_rclpy_executors/lib/python3.12/site-packages:${PYTHONPATH} /usr/bin/python3 -W ignore:setup.py install is deprecated -W ignore:easy_install command is deprecated setup.py egg_info --egg-base ../../../../build/examples_rclpy_executors build --build-base /home/yixin/ros2_ws/build/examples_rclpy_executors/build install --record /home/yixin/ros2_ws/build/examples_rclpy_executors/install.log --single-version-externally-managed install_data
