[2.440s] Invoking command in '/home/yixin/ros2_ws/src/py_pubsub': AMENT_PREFIX_PATH=/home/yixin/ros2_ws/install/tutorial_interfaces:${AMENT_PREFIX_PATH} CMAKE_PREFIX_PATH=/home/yixin/ros2_ws/install/tutorial_interfaces:${CMAKE_PREFIX_PATH} DEBUGINFOD_URLS=https://debuginfod.ubuntu.com LD_LIBRARY_PATH=/home/yixin/ros2_ws/install/tutorial_interfaces/lib:${LD_LIBRARY_PATH} PYTHONPATH=/home/yixin/ros2_ws/build/py_pubsub/prefix_override:/usr/lib/python3/dist-packages/colcon_core/task/python/colcon_distutils_commands:/home/yixin/ros2_ws/install/py_pubsub/lib/python3.12/site-packages:/home/yixin/ros2_ws/install/tutorial_interfaces/lib/python3.12/site-packages:${PYTHONPATH} /usr/bin/python3 -W ignore:setup.py install is deprecated -W ignore:easy_install command is deprecated setup.py egg_info --egg-base ../../build/py_pubsub build --build-base /home/yixin/ros2_ws/build/py_pubsub/build install --record /home/yixin/ros2_ws/build/py_pubsub/install.log --single-version-externally-managed install_data
[2.937s] running egg_info
[2.969s] writing ../../build/py_pubsub/py_pubsub.egg-info/PKG-INFO
[2.969s] writing dependency_links to ../../build/py_pubsub/py_pubsub.egg-info/dependency_links.txt
[2.970s] writing entry points to ../../build/py_pubsub/py_pubsub.egg-info/entry_points.txt
[2.970s] writing requirements to ../../build/py_pubsub/py_pubsub.egg-info/requires.txt
[2.970s] writing top-level names to ../../build/py_pubsub/py_pubsub.egg-info/top_level.txt
[3.052s] reading manifest file '../../build/py_pubsub/py_pubsub.egg-info/SOURCES.txt'
[3.052s] adding license file 'LICENSE'
[3.052s] writing manifest file '../../build/py_pubsub/py_pubsub.egg-info/SOURCES.txt'
[3.052s] running build
[3.052s] running build_py
[3.058s] running install
[3.087s] running install_lib
[3.151s] running install_data
[3.154s] running install_egg_info
[3.218s] removing '/home/yixin/ros2_ws/install/py_pubsub/lib/python3.12/site-packages/py_pubsub-0.0.0-py3.12.egg-info' (and everything under it)
[3.218s] Copying ../../build/py_pubsub/py_pubsub.egg-info to /home/yixin/ros2_ws/install/py_pubsub/lib/python3.12/site-packages/py_pubsub-0.0.0-py3.12.egg-info
[3.220s] running install_scripts
[3.508s] Installing listener script to /home/yixin/ros2_ws/install/py_pubsub/lib/py_pubsub
[3.509s] Installing talker script to /home/yixin/ros2_ws/install/py_pubsub/lib/py_pubsub
[3.510s] writing list of installed files to '/home/yixin/ros2_ws/build/py_pubsub/install.log'
[3.623s] Invoked command in '/home/yixin/ros2_ws/src/py_pubsub' returned '0': AMENT_PREFIX_PATH=/home/yixin/ros2_ws/install/tutorial_interfaces:${AMENT_PREFIX_PATH} CMAKE_PREFIX_PATH=/home/yixin/ros2_ws/install/tutorial_interfaces:${CMAKE_PREFIX_PATH} DEBUGINFOD_URLS=https://debuginfod.ubuntu.com LD_LIBRARY_PATH=/home/yixin/ros2_ws/install/tutorial_interfaces/lib:${LD_LIBRARY_PATH} PYTHONPATH=/home/yixin/ros2_ws/build/py_pubsub/prefix_override:/usr/lib/python3/dist-packages/colcon_core/task/python/colcon_distutils_commands:/home/yixin/ros2_ws/install/py_pubsub/lib/python3.12/site-packages:/home/yixin/ros2_ws/install/tutorial_interfaces/lib/python3.12/site-packages:${PYTHONPATH} /usr/bin/python3 -W ignore:setup.py install is deprecated -W ignore:easy_install command is deprecated setup.py egg_info --egg-base ../../build/py_pubsub build --build-base /home/yixin/ros2_ws/build/py_pubsub/build install --record /home/yixin/ros2_ws/build/py_pubsub/install.log --single-version-externally-managed install_data
