[0.013s] Invoking command in '/home/yixin/ros2_ws/build/turtlesim': CMAKE_PREFIX_PATH=${CMAKE_PREFIX_PATH}:/opt/ros/jazzy DEBUGINFOD_URLS=https://debuginfod.ubuntu.com /usr/bin/cmake /home/yixin/ros2_ws/src/ros_tutorials/turtlesim -DCMAKE_INSTALL_PREFIX=/home/yixin/ros2_ws/install/turtlesim
[0.124s] -- The C compiler identification is GNU 13.3.0
[0.237s] -- The CXX compiler identification is GNU 13.3.0
[0.270s] -- Detecting C compiler ABI info
[0.443s] -- Detecting C compiler ABI info - done
[0.459s] -- Check for working C compiler: /usr/bin/cc - skipped
[0.460s] -- Detecting C compile features
[0.462s] -- Detecting C compile features - done
[0.478s] -- Detecting CXX compiler ABI info
[0.678s] -- Detecting CXX compiler ABI info - done
[0.690s] -- Check for working CXX compiler: /usr/bin/c++ - skipped
[0.690s] -- Detecting CXX compile features
[0.691s] -- Detecting CXX compile features - done
[0.696s] -- Found ament_cmake: 2.5.5 (/opt/ros/jazzy/share/ament_cmake/cmake)
[0.887s] -- Found Python3: /usr/bin/python3 (found version "3.12.3") found components: Interpreter 
[1.031s] -- Found ament_index_cpp: 1.8.2 (/opt/ros/jazzy/share/ament_index_cpp/cmake)
[1.034s] -- Found geometry_msgs: 5.3.6 (/opt/ros/jazzy/share/geometry_msgs/cmake)
[1.082s] -- Found rosidl_generator_c: 4.6.7 (/opt/ros/jazzy/share/rosidl_generator_c/cmake)
[1.097s] -- Found rosidl_generator_cpp: 4.6.7 (/opt/ros/jazzy/share/rosidl_generator_cpp/cmake)
[1.115s] -- Using all available rosidl_typesupport_c: rosidl_typesupport_fastrtps_c;rosidl_typesupport_introspection_c
[1.135s] -- Using all available rosidl_typesupport_cpp: rosidl_typesupport_fastrtps_cpp;rosidl_typesupport_introspection_cpp
[1.218s] -- Found rcl_interfaces: 2.0.3 (/opt/ros/jazzy/share/rcl_interfaces/cmake)
[1.262s] -- Found rclcpp: 28.1.16 (/opt/ros/jazzy/share/rclcpp/cmake)
[1.289s] -- Found rmw_implementation_cmake: 7.3.3 (/opt/ros/jazzy/share/rmw_implementation_cmake/cmake)
[1.293s] -- Found rmw_fastrtps_cpp: 8.4.3 (/opt/ros/jazzy/share/rmw_fastrtps_cpp/cmake)
[1.396s] -- Found OpenSSL: /usr/lib/x86_64-linux-gnu/libcrypto.so (found version "3.0.13")  
[1.422s] -- Found FastRTPS: /opt/ros/jazzy/include (Required is at least version "2.13") 
[1.449s] -- Using RMW implementation 'rmw_fastrtps_cpp' as default
[1.527s] -- Found rclcpp_action: 28.1.16 (/opt/ros/jazzy/share/rclcpp_action/cmake)
[1.575s] -- Found rosidl_default_generators: 1.6.0 (/opt/ros/jazzy/share/rosidl_default_generators/cmake)
[1.593s] -- Found rosidl_adapter: 4.6.7 (/opt/ros/jazzy/share/rosidl_adapter/cmake)
[1.598s] -- Found std_srvs: 5.3.6 (/opt/ros/jazzy/share/std_srvs/cmake)
[2.225s] -- Found ament_cmake_ros: 0.12.0 (/opt/ros/jazzy/share/ament_cmake_ros/cmake)
[2.940s] -- Using all available rosidl_typesupport_c: rosidl_typesupport_fastrtps_c;rosidl_typesupport_introspection_c
[3.219s] -- Using all available rosidl_typesupport_cpp: rosidl_typesupport_fastrtps_cpp;rosidl_typesupport_introspection_cpp
[3.225s] -- Found python_cmake_module: 0.11.1 (/opt/ros/jazzy/share/python_cmake_module/cmake)
[3.357s] -- Found PythonExtra: /usr/bin/python3  
[3.807s] -- Found Python3: /usr/bin/python3 (found version "3.12.3") found components: Interpreter Development NumPy Development.Module Development.Embed 
[3.849s] -- Found ament_lint_auto: 0.17.4 (/opt/ros/jazzy/share/ament_lint_auto/cmake)
[3.879s] -- Added test 'copyright' to check source files copyright and LICENSE
[3.882s] -- Added test 'cppcheck' to perform static code analysis on C / C++ code
[3.884s] -- Configured cppcheck include dirs: /home/yixin/ros2_ws/src/ros_tutorials/turtlesim/include
[3.884s] -- Configured cppcheck exclude dirs and/or files: 
[3.887s] -- Added test 'cpplint' to check C / C++ code against the Google style
[3.887s] -- Configured cpplint exclude dirs and/or files: 
[3.887s] -- Added test 'flake8' to check Python code syntax and style conventions
[3.887s] -- Configured 'flake8' exclude dirs and/or files: 
[3.888s] -- Added test 'lint_cmake' to check CMake code style
[3.889s] -- Added test 'pep257' to check Python code against some of the docstring style conventions in PEP 257
[3.892s] -- Added test 'uncrustify' to check C / C++ code style
[3.892s] -- Configured uncrustify additional arguments: 
[3.892s] -- Added test 'xmllint' to check XML markup files
[3.896s] -- Configuring done (3.9s)
[3.979s] -- Generating done (0.1s)
[4.000s] -- Build files have been written to: /home/yixin/ros2_ws/build/turtlesim
[4.020s] Invoked command in '/home/yixin/ros2_ws/build/turtlesim' returned '0': CMAKE_PREFIX_PATH=${CMAKE_PREFIX_PATH}:/opt/ros/jazzy DEBUGINFOD_URLS=https://debuginfod.ubuntu.com /usr/bin/cmake /home/yixin/ros2_ws/src/ros_tutorials/turtlesim -DCMAKE_INSTALL_PREFIX=/home/yixin/ros2_ws/install/turtlesim
[4.021s] Invoking command in '/home/yixin/ros2_ws/build/turtlesim': CMAKE_PREFIX_PATH=${CMAKE_PREFIX_PATH}:/opt/ros/jazzy DEBUGINFOD_URLS=https://debuginfod.ubuntu.com /usr/bin/cmake --build /home/yixin/ros2_ws/build/turtlesim -- -j8 -l8
[4.085s] [  0%] [34m[1mGenerating type hashes for ROS interfaces[0m
[4.096s] [  0%] Built target ament_cmake_python_copy_turtlesim
[4.305s] running egg_info
[4.306s] creating turtlesim.egg-info
[4.324s] writing turtlesim.egg-info/PKG-INFO
[4.324s] writing dependency_links to turtlesim.egg-info/dependency_links.txt
[4.325s] writing top-level names to turtlesim.egg-info/top_level.txt
[4.325s] writing manifest file 'turtlesim.egg-info/SOURCES.txt'
[4.383s] reading manifest file 'turtlesim.egg-info/SOURCES.txt'
[4.383s] writing manifest file 'turtlesim.egg-info/SOURCES.txt'
[4.391s] [  0%] Built target turtlesim__rosidl_generator_type_description
[4.404s] [  1%] [34m[1mGenerating C code for ROS interfaces[0m
[4.417s] [  2%] [34m[1mGenerating C++ code for ROS interfaces[0m
[4.441s] [  2%] Built target ament_cmake_python_build_turtlesim_egg
[5.271s] [  2%] Built target turtlesim__cpp
[5.471s] [  6%] [32mBuilding C object CMakeFiles/turtlesim__rosidl_generator_c.dir/rosidl_generator_c/turtlesim/msg/detail/color__functions.c.o[0m
[5.471s] [  6%] [32mBuilding C object CMakeFiles/turtlesim__rosidl_generator_c.dir/rosidl_generator_c/turtlesim/msg/detail/pose__description.c.o[0m
[5.471s] [  6%] [32mBuilding C object CMakeFiles/turtlesim__rosidl_generator_c.dir/rosidl_generator_c/turtlesim/action/detail/rotate_absolute__description.c.o[0m
[5.471s] [  6%] [32mBuilding C object CMakeFiles/turtlesim__rosidl_generator_c.dir/rosidl_generator_c/turtlesim/action/detail/rotate_absolute__type_support.c.o[0m
[5.471s] [  6%] [32mBuilding C object CMakeFiles/turtlesim__rosidl_generator_c.dir/rosidl_generator_c/turtlesim/msg/detail/color__type_support.c.o[0m
[5.471s] [  7%] [32mBuilding C object CMakeFiles/turtlesim__rosidl_generator_c.dir/rosidl_generator_c/turtlesim/action/detail/rotate_absolute__functions.c.o[0m
[5.475s] [  8%] [32mBuilding C object CMakeFiles/turtlesim__rosidl_generator_c.dir/rosidl_generator_c/turtlesim/msg/detail/pose__functions.c.o[0m
[5.475s] [  9%] [32mBuilding C object CMakeFiles/turtlesim__rosidl_generator_c.dir/rosidl_generator_c/turtlesim/msg/detail/color__description.c.o[0m
[5.536s] [ 10%] [32mBuilding C object CMakeFiles/turtlesim__rosidl_generator_c.dir/rosidl_generator_c/turtlesim/msg/detail/pose__type_support.c.o[0m
[5.537s] [ 11%] [32mBuilding C object CMakeFiles/turtlesim__rosidl_generator_c.dir/rosidl_generator_c/turtlesim/srv/detail/kill__description.c.o[0m
[5.537s] [ 12%] [32mBuilding C object CMakeFiles/turtlesim__rosidl_generator_c.dir/rosidl_generator_c/turtlesim/srv/detail/kill__functions.c.o[0m
[5.543s] [ 13%] [32mBuilding C object CMakeFiles/turtlesim__rosidl_generator_c.dir/rosidl_generator_c/turtlesim/srv/detail/kill__type_support.c.o[0m
[5.555s] [ 13%] [32mBuilding C object CMakeFiles/turtlesim__rosidl_generator_c.dir/rosidl_generator_c/turtlesim/srv/detail/set_pen__description.c.o[0m
[5.556s] [ 14%] [32mBuilding C object CMakeFiles/turtlesim__rosidl_generator_c.dir/rosidl_generator_c/turtlesim/srv/detail/set_pen__functions.c.o[0m
[5.586s] [ 15%] [32mBuilding C object CMakeFiles/turtlesim__rosidl_generator_c.dir/rosidl_generator_c/turtlesim/srv/detail/set_pen__type_support.c.o[0m
[5.612s] [ 16%] [32mBuilding C object CMakeFiles/turtlesim__rosidl_generator_c.dir/rosidl_generator_c/turtlesim/srv/detail/spawn__description.c.o[0m
[5.616s] [ 17%] [32mBuilding C object CMakeFiles/turtlesim__rosidl_generator_c.dir/rosidl_generator_c/turtlesim/srv/detail/spawn__functions.c.o[0m
[5.616s] [ 18%] [32mBuilding C object CMakeFiles/turtlesim__rosidl_generator_c.dir/rosidl_generator_c/turtlesim/srv/detail/spawn__type_support.c.o[0m
[5.641s] [ 19%] [32mBuilding C object CMakeFiles/turtlesim__rosidl_generator_c.dir/rosidl_generator_c/turtlesim/srv/detail/teleport_absolute__description.c.o[0m
[5.651s] [ 20%] [32mBuilding C object CMakeFiles/turtlesim__rosidl_generator_c.dir/rosidl_generator_c/turtlesim/srv/detail/teleport_absolute__functions.c.o[0m
[5.653s] [ 20%] [32mBuilding C object CMakeFiles/turtlesim__rosidl_generator_c.dir/rosidl_generator_c/turtlesim/srv/detail/teleport_absolute__type_support.c.o[0m
[5.680s] [ 21%] [32mBuilding C object CMakeFiles/turtlesim__rosidl_generator_c.dir/rosidl_generator_c/turtlesim/srv/detail/teleport_relative__description.c.o[0m
[5.681s] [ 22%] [32mBuilding C object CMakeFiles/turtlesim__rosidl_generator_c.dir/rosidl_generator_c/turtlesim/srv/detail/teleport_relative__functions.c.o[0m
[5.694s] [ 23%] [32mBuilding C object CMakeFiles/turtlesim__rosidl_generator_c.dir/rosidl_generator_c/turtlesim/srv/detail/teleport_relative__type_support.c.o[0m
[5.771s] [ 24%] [32m[1mLinking C shared library libturtlesim__rosidl_generator_c.so[0m
[5.822s] [ 24%] Built target turtlesim__rosidl_generator_c
[5.836s] [ 28%] [34m[1mGenerating C introspection for ROS interfaces[0m
[5.836s] [ 28%] [34m[1mGenerating C type support dispatch for ROS interfaces[0m
[5.836s] [ 28%] [34m[1mGenerating C++ introspection for ROS interfaces[0m
[5.836s] [ 29%] [34m[1mGenerating C++ type support for eProsima Fast-RTPS[0m
[5.836s] [ 29%] [34m[1mGenerating C type support for eProsima Fast-RTPS[0m
[5.837s] [ 29%] [34m[1mGenerating C++ type support dispatch for ROS interfaces[0m
[6.458s] [ 30%] [32mBuilding CXX object CMakeFiles/turtlesim__rosidl_typesupport_c.dir/rosidl_typesupport_c/turtlesim/msg/pose__type_support.cpp.o[0m
[6.465s] [ 32%] [32mBuilding CXX object CMakeFiles/turtlesim__rosidl_typesupport_c.dir/rosidl_typesupport_c/turtlesim/msg/color__type_support.cpp.o[0m
[6.465s] [ 32%] [32mBuilding CXX object CMakeFiles/turtlesim__rosidl_typesupport_c.dir/rosidl_typesupport_c/turtlesim/action/rotate_absolute__type_support.cpp.o[0m
[6.534s] [ 33%] [32mBuilding CXX object CMakeFiles/turtlesim__rosidl_typesupport_c.dir/rosidl_typesupport_c/turtlesim/srv/kill__type_support.cpp.o[0m
[6.539s] [ 34%] [32mBuilding CXX object CMakeFiles/turtlesim__rosidl_typesupport_c.dir/rosidl_typesupport_c/turtlesim/srv/set_pen__type_support.cpp.o[0m
[6.571s] [ 34%] [32mBuilding CXX object CMakeFiles/turtlesim__rosidl_typesupport_c.dir/rosidl_typesupport_c/turtlesim/srv/spawn__type_support.cpp.o[0m
[6.638s] [ 35%] [32mBuilding CXX object CMakeFiles/turtlesim__rosidl_typesupport_c.dir/rosidl_typesupport_c/turtlesim/srv/teleport_absolute__type_support.cpp.o[0m
[6.645s] [ 36%] [32mBuilding CXX object CMakeFiles/turtlesim__rosidl_typesupport_c.dir/rosidl_typesupport_c/turtlesim/srv/teleport_relative__type_support.cpp.o[0m
[6.661s] [ 37%] [32mBuilding CXX object CMakeFiles/turtlesim__rosidl_typesupport_cpp.dir/rosidl_typesupport_cpp/turtlesim/action/rotate_absolute__type_support.cpp.o[0m
[6.673s] [ 38%] [32mBuilding CXX object CMakeFiles/turtlesim__rosidl_typesupport_cpp.dir/rosidl_typesupport_cpp/turtlesim/msg/color__type_support.cpp.o[0m
[6.726s] [ 39%] [32mBuilding CXX object CMakeFiles/turtlesim__rosidl_typesupport_cpp.dir/rosidl_typesupport_cpp/turtlesim/msg/pose__type_support.cpp.o[0m
[6.747s] [ 40%] [32m[1mLinking CXX shared library libturtlesim__rosidl_typesupport_c.so[0m
[6.804s] [ 41%] [32mBuilding C object CMakeFiles/turtlesim__rosidl_typesupport_introspection_c.dir/rosidl_typesupport_introspection_c/turtlesim/action/detail/rotate_absolute__type_support.c.o[0m
[6.854s] [ 41%] Built target turtlesim__rosidl_typesupport_c
[6.926s] [ 42%] [32mBuilding C object CMakeFiles/turtlesim__rosidl_typesupport_introspection_c.dir/rosidl_typesupport_introspection_c/turtlesim/msg/detail/color__type_support.c.o[0m
[6.931s] [ 42%] [32mBuilding CXX object CMakeFiles/turtlesim__rosidl_typesupport_cpp.dir/rosidl_typesupport_cpp/turtlesim/srv/kill__type_support.cpp.o[0m
[6.992s] [ 42%] [32mBuilding C object CMakeFiles/turtlesim__rosidl_typesupport_introspection_c.dir/rosidl_typesupport_introspection_c/turtlesim/msg/detail/pose__type_support.c.o[0m
[7.018s] [ 43%] [32mBuilding CXX object CMakeFiles/turtlesim__rosidl_typesupport_introspection_cpp.dir/rosidl_typesupport_introspection_cpp/turtlesim/action/detail/rotate_absolute__type_support.cpp.o[0m
[7.054s] [ 44%] [32mBuilding C object CMakeFiles/turtlesim__rosidl_typesupport_introspection_c.dir/rosidl_typesupport_introspection_c/turtlesim/srv/detail/kill__type_support.c.o[0m
[7.149s] [ 45%] [32mBuilding C object CMakeFiles/turtlesim__rosidl_typesupport_introspection_c.dir/rosidl_typesupport_introspection_c/turtlesim/srv/detail/set_pen__type_support.c.o[0m
[7.234s] [ 46%] [32mBuilding CXX object CMakeFiles/turtlesim__rosidl_typesupport_introspection_cpp.dir/rosidl_typesupport_introspection_cpp/turtlesim/msg/detail/color__type_support.cpp.o[0m
[7.239s] [ 47%] [32mBuilding C object CMakeFiles/turtlesim__rosidl_typesupport_introspection_c.dir/rosidl_typesupport_introspection_c/turtlesim/srv/detail/spawn__type_support.c.o[0m
[7.247s] [ 48%] [32mBuilding CXX object CMakeFiles/turtlesim__rosidl_typesupport_introspection_cpp.dir/rosidl_typesupport_introspection_cpp/turtlesim/msg/detail/pose__type_support.cpp.o[0m
[7.338s] [ 49%] [32mBuilding C object CMakeFiles/turtlesim__rosidl_typesupport_introspection_c.dir/rosidl_typesupport_introspection_c/turtlesim/srv/detail/teleport_absolute__type_support.c.o[0m
[7.451s] [ 50%] [32mBuilding C object CMakeFiles/turtlesim__rosidl_typesupport_introspection_c.dir/rosidl_typesupport_introspection_c/turtlesim/srv/detail/teleport_relative__type_support.c.o[0m
[7.553s] [ 51%] [32mBuilding CXX object CMakeFiles/turtlesim__rosidl_typesupport_fastrtps_cpp.dir/rosidl_typesupport_fastrtps_cpp/turtlesim/action/detail/dds_fastrtps/rotate_absolute__type_support.cpp.o[0m
[7.572s] [ 52%] [32m[1mLinking C shared library libturtlesim__rosidl_typesupport_introspection_c.so[0m
[7.576s] [ 53%] [32mBuilding CXX object CMakeFiles/turtlesim__rosidl_typesupport_introspection_cpp.dir/rosidl_typesupport_introspection_cpp/turtlesim/srv/detail/kill__type_support.cpp.o[0m
[7.661s] [ 53%] Built target turtlesim__rosidl_typesupport_introspection_c
[7.686s] [ 54%] [32mBuilding CXX object CMakeFiles/turtlesim__rosidl_typesupport_introspection_cpp.dir/rosidl_typesupport_introspection_cpp/turtlesim/srv/detail/set_pen__type_support.cpp.o[0m
[7.783s] [ 55%] [32mBuilding CXX object CMakeFiles/turtlesim__rosidl_typesupport_fastrtps_cpp.dir/rosidl_typesupport_fastrtps_cpp/turtlesim/msg/detail/dds_fastrtps/color__type_support.cpp.o[0m
[7.785s] [ 56%] [32mBuilding CXX object CMakeFiles/turtlesim__rosidl_typesupport_cpp.dir/rosidl_typesupport_cpp/turtlesim/srv/set_pen__type_support.cpp.o[0m
[7.812s] [ 56%] [32mBuilding CXX object CMakeFiles/turtlesim__rosidl_typesupport_fastrtps_c.dir/rosidl_typesupport_fastrtps_c/turtlesim/action/detail/rotate_absolute__type_support_c.cpp.o[0m
[7.902s] [ 57%] [32mBuilding CXX object CMakeFiles/turtlesim__rosidl_typesupport_fastrtps_cpp.dir/rosidl_typesupport_fastrtps_cpp/turtlesim/msg/detail/dds_fastrtps/pose__type_support.cpp.o[0m
[8.284s] [ 58%] [32mBuilding CXX object CMakeFiles/turtlesim__rosidl_typesupport_fastrtps_c.dir/rosidl_typesupport_fastrtps_c/turtlesim/msg/detail/color__type_support_c.cpp.o[0m
[8.345s] [ 59%] [32mBuilding CXX object CMakeFiles/turtlesim__rosidl_typesupport_fastrtps_c.dir/rosidl_typesupport_fastrtps_c/turtlesim/msg/detail/pose__type_support_c.cpp.o[0m
[8.433s] [ 60%] [32mBuilding CXX object CMakeFiles/turtlesim__rosidl_typesupport_introspection_cpp.dir/rosidl_typesupport_introspection_cpp/turtlesim/srv/detail/spawn__type_support.cpp.o[0m
[8.506s] [ 61%] [32mBuilding CXX object CMakeFiles/turtlesim__rosidl_typesupport_cpp.dir/rosidl_typesupport_cpp/turtlesim/srv/spawn__type_support.cpp.o[0m
[8.681s] [ 62%] [32mBuilding CXX object CMakeFiles/turtlesim__rosidl_typesupport_cpp.dir/rosidl_typesupport_cpp/turtlesim/srv/teleport_absolute__type_support.cpp.o[0m
[8.814s] [ 62%] [32mBuilding CXX object CMakeFiles/turtlesim__rosidl_typesupport_introspection_cpp.dir/rosidl_typesupport_introspection_cpp/turtlesim/srv/detail/teleport_absolute__type_support.cpp.o[0m
[8.859s] [ 63%] [32mBuilding CXX object CMakeFiles/turtlesim__rosidl_typesupport_fastrtps_c.dir/rosidl_typesupport_fastrtps_c/turtlesim/srv/detail/kill__type_support_c.cpp.o[0m
[9.091s] [ 64%] [32mBuilding CXX object CMakeFiles/turtlesim__rosidl_typesupport_cpp.dir/rosidl_typesupport_cpp/turtlesim/srv/teleport_relative__type_support.cpp.o[0m
[9.168s] [ 65%] [32mBuilding CXX object CMakeFiles/turtlesim__rosidl_typesupport_introspection_cpp.dir/rosidl_typesupport_introspection_cpp/turtlesim/srv/detail/teleport_relative__type_support.cpp.o[0m
[9.294s] [ 66%] [32mBuilding CXX object CMakeFiles/turtlesim__rosidl_typesupport_fastrtps_cpp.dir/rosidl_typesupport_fastrtps_cpp/turtlesim/srv/detail/dds_fastrtps/kill__type_support.cpp.o[0m
[9.349s] [ 66%] [32mBuilding CXX object CMakeFiles/turtlesim__rosidl_typesupport_fastrtps_cpp.dir/rosidl_typesupport_fastrtps_cpp/turtlesim/srv/detail/dds_fastrtps/set_pen__type_support.cpp.o[0m
[9.464s] [ 67%] [32mBuilding CXX object CMakeFiles/turtlesim__rosidl_typesupport_fastrtps_c.dir/rosidl_typesupport_fastrtps_c/turtlesim/srv/detail/set_pen__type_support_c.cpp.o[0m
[9.530s] [ 68%] [32mBuilding CXX object CMakeFiles/turtlesim__rosidl_typesupport_fastrtps_c.dir/rosidl_typesupport_fastrtps_c/turtlesim/srv/detail/spawn__type_support_c.cpp.o[0m
[9.570s] [ 69%] [32mBuilding CXX object CMakeFiles/turtlesim__rosidl_typesupport_fastrtps_c.dir/rosidl_typesupport_fastrtps_c/turtlesim/srv/detail/teleport_absolute__type_support_c.cpp.o[0m
[9.777s] [ 70%] [32mBuilding CXX object CMakeFiles/turtlesim__rosidl_typesupport_fastrtps_cpp.dir/rosidl_typesupport_fastrtps_cpp/turtlesim/srv/detail/dds_fastrtps/spawn__type_support.cpp.o[0m
[9.884s] [ 71%] [32m[1mLinking CXX shared library libturtlesim__rosidl_typesupport_introspection_cpp.so[0m
[9.953s] [ 72%] [32m[1mLinking CXX shared library libturtlesim__rosidl_typesupport_cpp.so[0m
[10.121s] [ 72%] Built target turtlesim__rosidl_typesupport_introspection_cpp
[10.138s] [ 73%] [32mBuilding CXX object CMakeFiles/turtlesim__rosidl_typesupport_fastrtps_cpp.dir/rosidl_typesupport_fastrtps_cpp/turtlesim/srv/detail/dds_fastrtps/teleport_absolute__type_support.cpp.o[0m
[10.224s] [ 73%] Built target turtlesim__rosidl_typesupport_cpp
[10.243s] [ 74%] [32mBuilding CXX object CMakeFiles/turtlesim__rosidl_typesupport_fastrtps_cpp.dir/rosidl_typesupport_fastrtps_cpp/turtlesim/srv/detail/dds_fastrtps/teleport_relative__type_support.cpp.o[0m
[10.280s] [ 75%] [34m[1mGenerating include/turtlesim/moc_turtle_frame.cpp[0m
[10.414s] [ 76%] [32mBuilding CXX object CMakeFiles/turtle_teleop_key.dir/tutorials/teleop_turtle_key.cpp.o[0m
[10.414s] [ 76%] [32mBuilding CXX object CMakeFiles/turtlesim__rosidl_typesupport_fastrtps_c.dir/rosidl_typesupport_fastrtps_c/turtlesim/srv/detail/teleport_relative__type_support_c.cpp.o[0m
[10.431s] [ 77%] [32mBuilding CXX object CMakeFiles/turtlesim_node.dir/src/turtlesim.cpp.o[0m
[10.435s] [ 77%] [32mBuilding CXX object CMakeFiles/draw_square.dir/tutorials/draw_square.cpp.o[0m
[10.440s] [ 78%] [32mBuilding CXX object CMakeFiles/mimic.dir/tutorials/mimic.cpp.o[0m
[10.900s] [ 79%] [32mBuilding CXX object CMakeFiles/turtlesim_node.dir/src/turtle.cpp.o[0m
[11.131s] [ 80%] [32mBuilding CXX object CMakeFiles/turtlesim_node.dir/src/turtle_frame.cpp.o[0m
[11.199s] [ 81%] [32m[1mLinking CXX shared library libturtlesim__rosidl_typesupport_fastrtps_c.so[0m
[11.244s] [ 82%] [32m[1mLinking CXX shared library libturtlesim__rosidl_typesupport_fastrtps_cpp.so[0m
[11.394s] [ 82%] Built target turtlesim__rosidl_typesupport_fastrtps_c
[11.409s] [ 82%] [32mBuilding CXX object CMakeFiles/turtlesim_node.dir/include/turtlesim/moc_turtle_frame.cpp.o[0m
[11.460s] [ 82%] Built target turtlesim__rosidl_typesupport_fastrtps_cpp
[11.497s] [ 82%] Built target turtlesim
[11.533s] [ 82%] [34m[1mGenerating Python code for ROS interfaces[0m
[14.344s] [ 82%] Built target turtlesim__py
[14.389s] [ 83%] [32mBuilding C object CMakeFiles/turtlesim__rosidl_generator_py.dir/rosidl_generator_py/turtlesim/action/_rotate_absolute_s.c.o[0m
[14.770s] [ 84%] [32mBuilding C object CMakeFiles/turtlesim__rosidl_generator_py.dir/rosidl_generator_py/turtlesim/msg/_color_s.c.o[0m
[14.965s] [ 84%] [32mBuilding C object CMakeFiles/turtlesim__rosidl_generator_py.dir/rosidl_generator_py/turtlesim/msg/_pose_s.c.o[0m
[15.168s] [ 85%] [32mBuilding C object CMakeFiles/turtlesim__rosidl_generator_py.dir/rosidl_generator_py/turtlesim/srv/_kill_s.c.o[0m
[15.423s] [ 86%] [32mBuilding C object CMakeFiles/turtlesim__rosidl_generator_py.dir/rosidl_generator_py/turtlesim/srv/_set_pen_s.c.o[0m
[15.684s] [ 87%] [32mBuilding C object CMakeFiles/turtlesim__rosidl_generator_py.dir/rosidl_generator_py/turtlesim/srv/_spawn_s.c.o[0m
[15.957s] [ 88%] [32mBuilding C object CMakeFiles/turtlesim__rosidl_generator_py.dir/rosidl_generator_py/turtlesim/srv/_teleport_absolute_s.c.o[0m
[16.229s] [ 89%] [32mBuilding C object CMakeFiles/turtlesim__rosidl_generator_py.dir/rosidl_generator_py/turtlesim/srv/_teleport_relative_s.c.o[0m
[16.502s] [ 90%] [32m[1mLinking C shared library libturtlesim__rosidl_generator_py.so[0m
[16.616s] [ 90%] Built target turtlesim__rosidl_generator_py
[16.657s] [ 91%] [32mBuilding C object CMakeFiles/turtlesim_s__rosidl_typesupport_fastrtps_c.dir/rosidl_generator_py/turtlesim/_turtlesim_s.ep.rosidl_typesupport_fastrtps_c.c.o[0m
[17.001s] [ 92%] [32m[1mLinking C shared module rosidl_generator_py/turtlesim/turtlesim_s__rosidl_typesupport_fastrtps_c.so[0m
[17.067s] [ 92%] Built target turtlesim_s__rosidl_typesupport_fastrtps_c
[17.110s] [ 93%] [32mBuilding C object CMakeFiles/turtlesim_s__rosidl_typesupport_introspection_c.dir/rosidl_generator_py/turtlesim/_turtlesim_s.ep.rosidl_typesupport_introspection_c.c.o[0m
[17.440s] [ 94%] [32m[1mLinking C shared module rosidl_generator_py/turtlesim/turtlesim_s__rosidl_typesupport_introspection_c.so[0m
[17.505s] [ 94%] Built target turtlesim_s__rosidl_typesupport_introspection_c
[17.548s] [ 95%] [32mBuilding C object CMakeFiles/turtlesim_s__rosidl_typesupport_c.dir/rosidl_generator_py/turtlesim/_turtlesim_s.ep.rosidl_typesupport_c.c.o[0m
[17.859s] [ 96%] [32m[1mLinking C shared module rosidl_generator_py/turtlesim/turtlesim_s__rosidl_typesupport_c.so[0m
[17.915s] [ 96%] Built target turtlesim_s__rosidl_typesupport_c
[21.081s] [ 97%] [32m[1mLinking CXX executable turtle_teleop_key[0m
[21.736s] [ 97%] Built target turtle_teleop_key
[23.910s] [ 98%] [32m[1mLinking CXX executable mimic[0m
[24.365s] [ 99%] [32m[1mLinking CXX executable draw_square[0m
[24.524s] [ 99%] Built target mimic
[25.032s] [ 99%] Built target draw_square
[28.524s] [100%] [32m[1mLinking CXX executable turtlesim_node[0m
[31.313s] [100%] Built target turtlesim_node
[31.329s] Invoked command in '/home/yixin/ros2_ws/build/turtlesim' returned '0': CMAKE_PREFIX_PATH=${CMAKE_PREFIX_PATH}:/opt/ros/jazzy DEBUGINFOD_URLS=https://debuginfod.ubuntu.com /usr/bin/cmake --build /home/yixin/ros2_ws/build/turtlesim -- -j8 -l8
[31.331s] Invoking command in '/home/yixin/ros2_ws/build/turtlesim': CMAKE_PREFIX_PATH=${CMAKE_PREFIX_PATH}:/opt/ros/jazzy DEBUGINFOD_URLS=https://debuginfod.ubuntu.com /usr/bin/cmake --install /home/yixin/ros2_ws/build/turtlesim
[31.341s] -- Install configuration: ""
[31.341s] -- Installing: /home/yixin/ros2_ws/install/turtlesim/share/ament_index/resource_index/rosidl_interfaces/turtlesim
[31.342s] -- Installing: /home/yixin/ros2_ws/install/turtlesim/share/turtlesim/action/RotateAbsolute.json
[31.342s] -- Installing: /home/yixin/ros2_ws/install/turtlesim/share/turtlesim/msg/Color.json
[31.342s] -- Installing: /home/yixin/ros2_ws/install/turtlesim/share/turtlesim/msg/Pose.json
[31.342s] -- Installing: /home/yixin/ros2_ws/install/turtlesim/share/turtlesim/srv/Kill.json
[31.342s] -- Installing: /home/yixin/ros2_ws/install/turtlesim/share/turtlesim/srv/SetPen.json
[31.342s] -- Installing: /home/yixin/ros2_ws/install/turtlesim/share/turtlesim/srv/Spawn.json
[31.342s] -- Installing: /home/yixin/ros2_ws/install/turtlesim/share/turtlesim/srv/TeleportAbsolute.json
[31.342s] -- Installing: /home/yixin/ros2_ws/install/turtlesim/share/turtlesim/srv/TeleportRelative.json
[31.343s] -- Installing: /home/yixin/ros2_ws/install/turtlesim/include/turtlesim/turtlesim
[31.343s] -- Installing: /home/yixin/ros2_ws/install/turtlesim/include/turtlesim/turtlesim/action
[31.343s] -- Installing: /home/yixin/ros2_ws/install/turtlesim/include/turtlesim/turtlesim/action/detail
[31.343s] -- Installing: /home/yixin/ros2_ws/install/turtlesim/include/turtlesim/turtlesim/action/detail/rotate_absolute__description.c
[31.343s] -- Installing: /home/yixin/ros2_ws/install/turtlesim/include/turtlesim/turtlesim/action/detail/rotate_absolute__struct.h
[31.343s] -- Installing: /home/yixin/ros2_ws/install/turtlesim/include/turtlesim/turtlesim/action/detail/rotate_absolute__type_support.h
[31.343s] -- Installing: /home/yixin/ros2_ws/install/turtlesim/include/turtlesim/turtlesim/action/detail/rotate_absolute__functions.h
[31.344s] -- Installing: /home/yixin/ros2_ws/install/turtlesim/include/turtlesim/turtlesim/action/detail/rotate_absolute__type_support.c
[31.344s] -- Installing: /home/yixin/ros2_ws/install/turtlesim/include/turtlesim/turtlesim/action/detail/rotate_absolute__functions.c
[31.344s] -- Installing: /home/yixin/ros2_ws/install/turtlesim/include/turtlesim/turtlesim/action/rotate_absolute.h
[31.344s] -- Installing: /home/yixin/ros2_ws/install/turtlesim/include/turtlesim/turtlesim/msg
[31.344s] -- Installing: /home/yixin/ros2_ws/install/turtlesim/include/turtlesim/turtlesim/msg/color.h
[31.344s] -- Installing: /home/yixin/ros2_ws/install/turtlesim/include/turtlesim/turtlesim/msg/pose.h
[31.344s] -- Installing: /home/yixin/ros2_ws/install/turtlesim/include/turtlesim/turtlesim/msg/rosidl_generator_c__visibility_control.h
[31.344s] -- Installing: /home/yixin/ros2_ws/install/turtlesim/include/turtlesim/turtlesim/msg/detail
[31.345s] -- Installing: /home/yixin/ros2_ws/install/turtlesim/include/turtlesim/turtlesim/msg/detail/pose__functions.h
[31.345s] -- Installing: /home/yixin/ros2_ws/install/turtlesim/include/turtlesim/turtlesim/msg/detail/pose__struct.h
[31.345s] -- Installing: /home/yixin/ros2_ws/install/turtlesim/include/turtlesim/turtlesim/msg/detail/color__type_support.c
[31.345s] -- Installing: /home/yixin/ros2_ws/install/turtlesim/include/turtlesim/turtlesim/msg/detail/pose__type_support.c
[31.345s] -- Installing: /home/yixin/ros2_ws/install/turtlesim/include/turtlesim/turtlesim/msg/detail/pose__description.c
[31.345s] -- Installing: /home/yixin/ros2_ws/install/turtlesim/include/turtlesim/turtlesim/msg/detail/color__functions.h
[31.345s] -- Installing: /home/yixin/ros2_ws/install/turtlesim/include/turtlesim/turtlesim/msg/detail/pose__functions.c
[31.345s] -- Installing: /home/yixin/ros2_ws/install/turtlesim/include/turtlesim/turtlesim/msg/detail/color__type_support.h
[31.345s] -- Installing: /home/yixin/ros2_ws/install/turtlesim/include/turtlesim/turtlesim/msg/detail/color__struct.h
[31.346s] -- Installing: /home/yixin/ros2_ws/install/turtlesim/include/turtlesim/turtlesim/msg/detail/pose__type_support.h
[31.346s] -- Installing: /home/yixin/ros2_ws/install/turtlesim/include/turtlesim/turtlesim/msg/detail/color__description.c
[31.346s] -- Installing: /home/yixin/ros2_ws/install/turtlesim/include/turtlesim/turtlesim/msg/detail/color__functions.c
[31.346s] -- Installing: /home/yixin/ros2_ws/install/turtlesim/include/turtlesim/turtlesim/srv
[31.346s] -- Installing: /home/yixin/ros2_ws/install/turtlesim/include/turtlesim/turtlesim/srv/teleport_relative.h
[31.346s] -- Installing: /home/yixin/ros2_ws/install/turtlesim/include/turtlesim/turtlesim/srv/detail
[31.346s] -- Installing: /home/yixin/ros2_ws/install/turtlesim/include/turtlesim/turtlesim/srv/detail/set_pen__functions.h
[31.346s] -- Installing: /home/yixin/ros2_ws/install/turtlesim/include/turtlesim/turtlesim/srv/detail/set_pen__description.c
[31.346s] -- Installing: /home/yixin/ros2_ws/install/turtlesim/include/turtlesim/turtlesim/srv/detail/teleport_relative__type_support.h
[31.347s] -- Installing: /home/yixin/ros2_ws/install/turtlesim/include/turtlesim/turtlesim/srv/detail/spawn__type_support.h
[31.347s] -- Installing: /home/yixin/ros2_ws/install/turtlesim/include/turtlesim/turtlesim/srv/detail/set_pen__struct.h
[31.347s] -- Installing: /home/yixin/ros2_ws/install/turtlesim/include/turtlesim/turtlesim/srv/detail/set_pen__type_support.c
[31.347s] -- Installing: /home/yixin/ros2_ws/install/turtlesim/include/turtlesim/turtlesim/srv/detail/kill__struct.h
[31.347s] -- Installing: /home/yixin/ros2_ws/install/turtlesim/include/turtlesim/turtlesim/srv/detail/kill__type_support.c
[31.347s] -- Installing: /home/yixin/ros2_ws/install/turtlesim/include/turtlesim/turtlesim/srv/detail/spawn__functions.h
[31.347s] -- Installing: /home/yixin/ros2_ws/install/turtlesim/include/turtlesim/turtlesim/srv/detail/teleport_absolute__type_support.c
[31.347s] -- Installing: /home/yixin/ros2_ws/install/turtlesim/include/turtlesim/turtlesim/srv/detail/teleport_relative__type_support.c
[31.347s] -- Installing: /home/yixin/ros2_ws/install/turtlesim/include/turtlesim/turtlesim/srv/detail/kill__type_support.h
[31.348s] -- Installing: /home/yixin/ros2_ws/install/turtlesim/include/turtlesim/turtlesim/srv/detail/spawn__struct.h
[31.348s] -- Installing: /home/yixin/ros2_ws/install/turtlesim/include/turtlesim/turtlesim/srv/detail/teleport_absolute__description.c
[31.348s] -- Installing: /home/yixin/ros2_ws/install/turtlesim/include/turtlesim/turtlesim/srv/detail/teleport_relative__struct.h
[31.348s] -- Installing: /home/yixin/ros2_ws/install/turtlesim/include/turtlesim/turtlesim/srv/detail/spawn__type_support.c
[31.348s] -- Installing: /home/yixin/ros2_ws/install/turtlesim/include/turtlesim/turtlesim/srv/detail/kill__functions.c
[31.348s] -- Installing: /home/yixin/ros2_ws/install/turtlesim/include/turtlesim/turtlesim/srv/detail/kill__description.c
[31.348s] -- Installing: /home/yixin/ros2_ws/install/turtlesim/include/turtlesim/turtlesim/srv/detail/teleport_relative__functions.c
[31.348s] -- Installing: /home/yixin/ros2_ws/install/turtlesim/include/turtlesim/turtlesim/srv/detail/teleport_absolute__struct.h
[31.349s] -- Installing: /home/yixin/ros2_ws/install/turtlesim/include/turtlesim/turtlesim/srv/detail/teleport_absolute__functions.h
[31.349s] -- Installing: /home/yixin/ros2_ws/install/turtlesim/include/turtlesim/turtlesim/srv/detail/set_pen__type_support.h
[31.349s] -- Installing: /home/yixin/ros2_ws/install/turtlesim/include/turtlesim/turtlesim/srv/detail/set_pen__functions.c
[31.349s] -- Installing: /home/yixin/ros2_ws/install/turtlesim/include/turtlesim/turtlesim/srv/detail/spawn__description.c
[31.349s] -- Installing: /home/yixin/ros2_ws/install/turtlesim/include/turtlesim/turtlesim/srv/detail/spawn__functions.c
[31.349s] -- Installing: /home/yixin/ros2_ws/install/turtlesim/include/turtlesim/turtlesim/srv/detail/teleport_relative__functions.h
[31.349s] -- Installing: /home/yixin/ros2_ws/install/turtlesim/include/turtlesim/turtlesim/srv/detail/kill__functions.h
[31.350s] -- Installing: /home/yixin/ros2_ws/install/turtlesim/include/turtlesim/turtlesim/srv/detail/teleport_relative__description.c
[31.350s] -- Installing: /home/yixin/ros2_ws/install/turtlesim/include/turtlesim/turtlesim/srv/detail/teleport_absolute__functions.c
[31.350s] -- Installing: /home/yixin/ros2_ws/install/turtlesim/include/turtlesim/turtlesim/srv/detail/teleport_absolute__type_support.h
[31.350s] -- Installing: /home/yixin/ros2_ws/install/turtlesim/include/turtlesim/turtlesim/srv/kill.h
[31.350s] -- Installing: /home/yixin/ros2_ws/install/turtlesim/include/turtlesim/turtlesim/srv/teleport_absolute.h
[31.350s] -- Installing: /home/yixin/ros2_ws/install/turtlesim/include/turtlesim/turtlesim/srv/spawn.h
[31.350s] -- Installing: /home/yixin/ros2_ws/install/turtlesim/include/turtlesim/turtlesim/srv/set_pen.h
[31.351s] -- Installing: /home/yixin/ros2_ws/install/turtlesim/share/turtlesim/environment/library_path.sh
[31.351s] -- Installing: /home/yixin/ros2_ws/install/turtlesim/share/turtlesim/environment/library_path.dsv
[31.351s] -- Installing: /home/yixin/ros2_ws/install/turtlesim/lib/libturtlesim__rosidl_generator_c.so
[31.352s] -- Set non-toolchain portion of runtime path of "/home/yixin/ros2_ws/install/turtlesim/lib/libturtlesim__rosidl_generator_c.so" to ""
[31.352s] -- Up-to-date: /home/yixin/ros2_ws/install/turtlesim/include/turtlesim/turtlesim
[31.352s] -- Up-to-date: /home/yixin/ros2_ws/install/turtlesim/include/turtlesim/turtlesim/action
[31.352s] -- Up-to-date: /home/yixin/ros2_ws/install/turtlesim/include/turtlesim/turtlesim/action/detail
[31.352s] -- Installing: /home/yixin/ros2_ws/install/turtlesim/include/turtlesim/turtlesim/action/detail/rotate_absolute__rosidl_typesupport_fastrtps_c.h
[31.352s] -- Up-to-date: /home/yixin/ros2_ws/install/turtlesim/include/turtlesim/turtlesim/msg
[31.352s] -- Up-to-date: /home/yixin/ros2_ws/install/turtlesim/include/turtlesim/turtlesim/msg/detail
[31.352s] -- Installing: /home/yixin/ros2_ws/install/turtlesim/include/turtlesim/turtlesim/msg/detail/pose__rosidl_typesupport_fastrtps_c.h
[31.352s] -- Installing: /home/yixin/ros2_ws/install/turtlesim/include/turtlesim/turtlesim/msg/detail/color__rosidl_typesupport_fastrtps_c.h
[31.352s] -- Installing: /home/yixin/ros2_ws/install/turtlesim/include/turtlesim/turtlesim/msg/rosidl_typesupport_fastrtps_c__visibility_control.h
[31.352s] -- Up-to-date: /home/yixin/ros2_ws/install/turtlesim/include/turtlesim/turtlesim/srv
[31.352s] -- Up-to-date: /home/yixin/ros2_ws/install/turtlesim/include/turtlesim/turtlesim/srv/detail
[31.353s] -- Installing: /home/yixin/ros2_ws/install/turtlesim/include/turtlesim/turtlesim/srv/detail/kill__rosidl_typesupport_fastrtps_c.h
[31.353s] -- Installing: /home/yixin/ros2_ws/install/turtlesim/include/turtlesim/turtlesim/srv/detail/set_pen__rosidl_typesupport_fastrtps_c.h
[31.353s] -- Installing: /home/yixin/ros2_ws/install/turtlesim/include/turtlesim/turtlesim/srv/detail/teleport_relative__rosidl_typesupport_fastrtps_c.h
[31.353s] -- Installing: /home/yixin/ros2_ws/install/turtlesim/include/turtlesim/turtlesim/srv/detail/spawn__rosidl_typesupport_fastrtps_c.h
[31.353s] -- Installing: /home/yixin/ros2_ws/install/turtlesim/include/turtlesim/turtlesim/srv/detail/teleport_absolute__rosidl_typesupport_fastrtps_c.h
[31.353s] -- Installing: /home/yixin/ros2_ws/install/turtlesim/lib/libturtlesim__rosidl_typesupport_fastrtps_c.so
[31.354s] -- Set non-toolchain portion of runtime path of "/home/yixin/ros2_ws/install/turtlesim/lib/libturtlesim__rosidl_typesupport_fastrtps_c.so" to ""
[31.354s] -- Up-to-date: /home/yixin/ros2_ws/install/turtlesim/include/turtlesim/turtlesim
[31.354s] -- Up-to-date: /home/yixin/ros2_ws/install/turtlesim/include/turtlesim/turtlesim/action
[31.354s] -- Up-to-date: /home/yixin/ros2_ws/install/turtlesim/include/turtlesim/turtlesim/action/detail
[31.354s] -- Installing: /home/yixin/ros2_ws/install/turtlesim/include/turtlesim/turtlesim/action/detail/rotate_absolute__builder.hpp
[31.354s] -- Installing: /home/yixin/ros2_ws/install/turtlesim/include/turtlesim/turtlesim/action/detail/rotate_absolute__type_support.hpp
[31.354s] -- Installing: /home/yixin/ros2_ws/install/turtlesim/include/turtlesim/turtlesim/action/detail/rotate_absolute__traits.hpp
[31.354s] -- Installing: /home/yixin/ros2_ws/install/turtlesim/include/turtlesim/turtlesim/action/detail/rotate_absolute__struct.hpp
[31.354s] -- Installing: /home/yixin/ros2_ws/install/turtlesim/include/turtlesim/turtlesim/action/rotate_absolute.hpp
[31.354s] -- Up-to-date: /home/yixin/ros2_ws/install/turtlesim/include/turtlesim/turtlesim/msg
[31.354s] -- Installing: /home/yixin/ros2_ws/install/turtlesim/include/turtlesim/turtlesim/msg/pose.hpp
[31.355s] -- Up-to-date: /home/yixin/ros2_ws/install/turtlesim/include/turtlesim/turtlesim/msg/detail
[31.355s] -- Installing: /home/yixin/ros2_ws/install/turtlesim/include/turtlesim/turtlesim/msg/detail/pose__type_support.hpp
[31.355s] -- Installing: /home/yixin/ros2_ws/install/turtlesim/include/turtlesim/turtlesim/msg/detail/pose__builder.hpp
[31.355s] -- Installing: /home/yixin/ros2_ws/install/turtlesim/include/turtlesim/turtlesim/msg/detail/color__struct.hpp
[31.355s] -- Installing: /home/yixin/ros2_ws/install/turtlesim/include/turtlesim/turtlesim/msg/detail/pose__struct.hpp
[31.355s] -- Installing: /home/yixin/ros2_ws/install/turtlesim/include/turtlesim/turtlesim/msg/detail/color__builder.hpp
[31.355s] -- Installing: /home/yixin/ros2_ws/install/turtlesim/include/turtlesim/turtlesim/msg/detail/color__traits.hpp
[31.355s] -- Installing: /home/yixin/ros2_ws/install/turtlesim/include/turtlesim/turtlesim/msg/detail/pose__traits.hpp
[31.355s] -- Installing: /home/yixin/ros2_ws/install/turtlesim/include/turtlesim/turtlesim/msg/detail/color__type_support.hpp
[31.356s] -- Installing: /home/yixin/ros2_ws/install/turtlesim/include/turtlesim/turtlesim/msg/rosidl_generator_cpp__visibility_control.hpp
[31.356s] -- Installing: /home/yixin/ros2_ws/install/turtlesim/include/turtlesim/turtlesim/msg/color.hpp
[31.356s] -- Up-to-date: /home/yixin/ros2_ws/install/turtlesim/include/turtlesim/turtlesim/srv
[31.356s] -- Up-to-date: /home/yixin/ros2_ws/install/turtlesim/include/turtlesim/turtlesim/srv/detail
[31.356s] -- Installing: /home/yixin/ros2_ws/install/turtlesim/include/turtlesim/turtlesim/srv/detail/set_pen__type_support.hpp
[31.356s] -- Installing: /home/yixin/ros2_ws/install/turtlesim/include/turtlesim/turtlesim/srv/detail/spawn__struct.hpp
[31.356s] -- Installing: /home/yixin/ros2_ws/install/turtlesim/include/turtlesim/turtlesim/srv/detail/spawn__traits.hpp
[31.356s] -- Installing: /home/yixin/ros2_ws/install/turtlesim/include/turtlesim/turtlesim/srv/detail/kill__traits.hpp
[31.356s] -- Installing: /home/yixin/ros2_ws/install/turtlesim/include/turtlesim/turtlesim/srv/detail/spawn__type_support.hpp
[31.356s] -- Installing: /home/yixin/ros2_ws/install/turtlesim/include/turtlesim/turtlesim/srv/detail/set_pen__builder.hpp
[31.357s] -- Installing: /home/yixin/ros2_ws/install/turtlesim/include/turtlesim/turtlesim/srv/detail/teleport_relative__traits.hpp
[31.357s] -- Installing: /home/yixin/ros2_ws/install/turtlesim/include/turtlesim/turtlesim/srv/detail/teleport_absolute__type_support.hpp
[31.357s] -- Installing: /home/yixin/ros2_ws/install/turtlesim/include/turtlesim/turtlesim/srv/detail/teleport_relative__struct.hpp
[31.357s] -- Installing: /home/yixin/ros2_ws/install/turtlesim/include/turtlesim/turtlesim/srv/detail/set_pen__struct.hpp
[31.357s] -- Installing: /home/yixin/ros2_ws/install/turtlesim/include/turtlesim/turtlesim/srv/detail/teleport_absolute__struct.hpp
[31.357s] -- Installing: /home/yixin/ros2_ws/install/turtlesim/include/turtlesim/turtlesim/srv/detail/kill__struct.hpp
[31.357s] -- Installing: /home/yixin/ros2_ws/install/turtlesim/include/turtlesim/turtlesim/srv/detail/teleport_absolute__traits.hpp
[31.357s] -- Installing: /home/yixin/ros2_ws/install/turtlesim/include/turtlesim/turtlesim/srv/detail/set_pen__traits.hpp
[31.358s] -- Installing: /home/yixin/ros2_ws/install/turtlesim/include/turtlesim/turtlesim/srv/detail/spawn__builder.hpp
[31.358s] -- Installing: /home/yixin/ros2_ws/install/turtlesim/include/turtlesim/turtlesim/srv/detail/teleport_relative__builder.hpp
[31.358s] -- Installing: /home/yixin/ros2_ws/install/turtlesim/include/turtlesim/turtlesim/srv/detail/kill__builder.hpp
[31.358s] -- Installing: /home/yixin/ros2_ws/install/turtlesim/include/turtlesim/turtlesim/srv/detail/teleport_absolute__builder.hpp
[31.358s] -- Installing: /home/yixin/ros2_ws/install/turtlesim/include/turtlesim/turtlesim/srv/detail/kill__type_support.hpp
[31.358s] -- Installing: /home/yixin/ros2_ws/install/turtlesim/include/turtlesim/turtlesim/srv/detail/teleport_relative__type_support.hpp
[31.358s] -- Installing: /home/yixin/ros2_ws/install/turtlesim/include/turtlesim/turtlesim/srv/kill.hpp
[31.358s] -- Installing: /home/yixin/ros2_ws/install/turtlesim/include/turtlesim/turtlesim/srv/set_pen.hpp
[31.359s] -- Installing: /home/yixin/ros2_ws/install/turtlesim/include/turtlesim/turtlesim/srv/teleport_absolute.hpp
[31.359s] -- Installing: /home/yixin/ros2_ws/install/turtlesim/include/turtlesim/turtlesim/srv/spawn.hpp
[31.359s] -- Installing: /home/yixin/ros2_ws/install/turtlesim/include/turtlesim/turtlesim/srv/teleport_relative.hpp
[31.359s] -- Up-to-date: /home/yixin/ros2_ws/install/turtlesim/include/turtlesim/turtlesim
[31.359s] -- Up-to-date: /home/yixin/ros2_ws/install/turtlesim/include/turtlesim/turtlesim/action
[31.359s] -- Up-to-date: /home/yixin/ros2_ws/install/turtlesim/include/turtlesim/turtlesim/action/detail
[31.359s] -- Installing: /home/yixin/ros2_ws/install/turtlesim/include/turtlesim/turtlesim/action/detail/dds_fastrtps
[31.359s] -- Installing: /home/yixin/ros2_ws/install/turtlesim/include/turtlesim/turtlesim/action/detail/rotate_absolute__rosidl_typesupport_fastrtps_cpp.hpp
[31.359s] -- Up-to-date: /home/yixin/ros2_ws/install/turtlesim/include/turtlesim/turtlesim/msg
[31.359s] -- Up-to-date: /home/yixin/ros2_ws/install/turtlesim/include/turtlesim/turtlesim/msg/detail
[31.360s] -- Installing: /home/yixin/ros2_ws/install/turtlesim/include/turtlesim/turtlesim/msg/detail/pose__rosidl_typesupport_fastrtps_cpp.hpp
[31.360s] -- Installing: /home/yixin/ros2_ws/install/turtlesim/include/turtlesim/turtlesim/msg/detail/dds_fastrtps
[31.360s] -- Installing: /home/yixin/ros2_ws/install/turtlesim/include/turtlesim/turtlesim/msg/detail/color__rosidl_typesupport_fastrtps_cpp.hpp
[31.360s] -- Installing: /home/yixin/ros2_ws/install/turtlesim/include/turtlesim/turtlesim/msg/rosidl_typesupport_fastrtps_cpp__visibility_control.h
[31.360s] -- Up-to-date: /home/yixin/ros2_ws/install/turtlesim/include/turtlesim/turtlesim/srv
[31.360s] -- Up-to-date: /home/yixin/ros2_ws/install/turtlesim/include/turtlesim/turtlesim/srv/detail
[31.360s] -- Installing: /home/yixin/ros2_ws/install/turtlesim/include/turtlesim/turtlesim/srv/detail/set_pen__rosidl_typesupport_fastrtps_cpp.hpp
[31.360s] -- Installing: /home/yixin/ros2_ws/install/turtlesim/include/turtlesim/turtlesim/srv/detail/teleport_absolute__rosidl_typesupport_fastrtps_cpp.hpp
[31.360s] -- Installing: /home/yixin/ros2_ws/install/turtlesim/include/turtlesim/turtlesim/srv/detail/spawn__rosidl_typesupport_fastrtps_cpp.hpp
[31.360s] -- Installing: /home/yixin/ros2_ws/install/turtlesim/include/turtlesim/turtlesim/srv/detail/dds_fastrtps
[31.360s] -- Installing: /home/yixin/ros2_ws/install/turtlesim/include/turtlesim/turtlesim/srv/detail/teleport_relative__rosidl_typesupport_fastrtps_cpp.hpp
[31.361s] -- Installing: /home/yixin/ros2_ws/install/turtlesim/include/turtlesim/turtlesim/srv/detail/kill__rosidl_typesupport_fastrtps_cpp.hpp
[31.361s] -- Installing: /home/yixin/ros2_ws/install/turtlesim/lib/libturtlesim__rosidl_typesupport_fastrtps_cpp.so
[31.362s] -- Set non-toolchain portion of runtime path of "/home/yixin/ros2_ws/install/turtlesim/lib/libturtlesim__rosidl_typesupport_fastrtps_cpp.so" to ""
[31.362s] -- Up-to-date: /home/yixin/ros2_ws/install/turtlesim/include/turtlesim/turtlesim
[31.362s] -- Up-to-date: /home/yixin/ros2_ws/install/turtlesim/include/turtlesim/turtlesim/action
[31.362s] -- Up-to-date: /home/yixin/ros2_ws/install/turtlesim/include/turtlesim/turtlesim/action/detail
[31.362s] -- Installing: /home/yixin/ros2_ws/install/turtlesim/include/turtlesim/turtlesim/action/detail/rotate_absolute__rosidl_typesupport_introspection_c.h
[31.363s] -- Installing: /home/yixin/ros2_ws/install/turtlesim/include/turtlesim/turtlesim/action/detail/rotate_absolute__type_support.c
[31.363s] -- Up-to-date: /home/yixin/ros2_ws/install/turtlesim/include/turtlesim/turtlesim/msg
[31.363s] -- Up-to-date: /home/yixin/ros2_ws/install/turtlesim/include/turtlesim/turtlesim/msg/detail
[31.363s] -- Installing: /home/yixin/ros2_ws/install/turtlesim/include/turtlesim/turtlesim/msg/detail/color__type_support.c
[31.363s] -- Installing: /home/yixin/ros2_ws/install/turtlesim/include/turtlesim/turtlesim/msg/detail/pose__type_support.c
[31.363s] -- Installing: /home/yixin/ros2_ws/install/turtlesim/include/turtlesim/turtlesim/msg/detail/pose__rosidl_typesupport_introspection_c.h
[31.363s] -- Installing: /home/yixin/ros2_ws/install/turtlesim/include/turtlesim/turtlesim/msg/detail/color__rosidl_typesupport_introspection_c.h
[31.363s] -- Installing: /home/yixin/ros2_ws/install/turtlesim/include/turtlesim/turtlesim/msg/rosidl_typesupport_introspection_c__visibility_control.h
[31.363s] -- Up-to-date: /home/yixin/ros2_ws/install/turtlesim/include/turtlesim/turtlesim/srv
[31.363s] -- Up-to-date: /home/yixin/ros2_ws/install/turtlesim/include/turtlesim/turtlesim/srv/detail
[31.363s] -- Installing: /home/yixin/ros2_ws/install/turtlesim/include/turtlesim/turtlesim/srv/detail/set_pen__type_support.c
[31.363s] -- Installing: /home/yixin/ros2_ws/install/turtlesim/include/turtlesim/turtlesim/srv/detail/kill__type_support.c
[31.363s] -- Installing: /home/yixin/ros2_ws/install/turtlesim/include/turtlesim/turtlesim/srv/detail/teleport_absolute__type_support.c
[31.364s] -- Installing: /home/yixin/ros2_ws/install/turtlesim/include/turtlesim/turtlesim/srv/detail/set_pen__rosidl_typesupport_introspection_c.h
[31.364s] -- Installing: /home/yixin/ros2_ws/install/turtlesim/include/turtlesim/turtlesim/srv/detail/teleport_relative__type_support.c
[31.364s] -- Installing: /home/yixin/ros2_ws/install/turtlesim/include/turtlesim/turtlesim/srv/detail/spawn__type_support.c
[31.364s] -- Installing: /home/yixin/ros2_ws/install/turtlesim/include/turtlesim/turtlesim/srv/detail/teleport_relative__rosidl_typesupport_introspection_c.h
[31.364s] -- Installing: /home/yixin/ros2_ws/install/turtlesim/include/turtlesim/turtlesim/srv/detail/teleport_absolute__rosidl_typesupport_introspection_c.h
[31.364s] -- Installing: /home/yixin/ros2_ws/install/turtlesim/include/turtlesim/turtlesim/srv/detail/spawn__rosidl_typesupport_introspection_c.h
[31.364s] -- Installing: /home/yixin/ros2_ws/install/turtlesim/include/turtlesim/turtlesim/srv/detail/kill__rosidl_typesupport_introspection_c.h
[31.365s] -- Installing: /home/yixin/ros2_ws/install/turtlesim/lib/libturtlesim__rosidl_typesupport_introspection_c.so
[31.365s] -- Set non-toolchain portion of runtime path of "/home/yixin/ros2_ws/install/turtlesim/lib/libturtlesim__rosidl_typesupport_introspection_c.so" to ""
[31.365s] -- Installing: /home/yixin/ros2_ws/install/turtlesim/lib/libturtlesim__rosidl_typesupport_c.so
[31.366s] -- Set non-toolchain portion of runtime path of "/home/yixin/ros2_ws/install/turtlesim/lib/libturtlesim__rosidl_typesupport_c.so" to ""
[31.366s] -- Up-to-date: /home/yixin/ros2_ws/install/turtlesim/include/turtlesim/turtlesim
[31.366s] -- Up-to-date: /home/yixin/ros2_ws/install/turtlesim/include/turtlesim/turtlesim/action
[31.366s] -- Up-to-date: /home/yixin/ros2_ws/install/turtlesim/include/turtlesim/turtlesim/action/detail
[31.366s] -- Installing: /home/yixin/ros2_ws/install/turtlesim/include/turtlesim/turtlesim/action/detail/rotate_absolute__type_support.cpp
[31.366s] -- Installing: /home/yixin/ros2_ws/install/turtlesim/include/turtlesim/turtlesim/action/detail/rotate_absolute__rosidl_typesupport_introspection_cpp.hpp
[31.366s] -- Up-to-date: /home/yixin/ros2_ws/install/turtlesim/include/turtlesim/turtlesim/msg
[31.366s] -- Up-to-date: /home/yixin/ros2_ws/install/turtlesim/include/turtlesim/turtlesim/msg/detail
[31.366s] -- Installing: /home/yixin/ros2_ws/install/turtlesim/include/turtlesim/turtlesim/msg/detail/color__rosidl_typesupport_introspection_cpp.hpp
[31.366s] -- Installing: /home/yixin/ros2_ws/install/turtlesim/include/turtlesim/turtlesim/msg/detail/color__type_support.cpp
[31.366s] -- Installing: /home/yixin/ros2_ws/install/turtlesim/include/turtlesim/turtlesim/msg/detail/pose__rosidl_typesupport_introspection_cpp.hpp
[31.366s] -- Installing: /home/yixin/ros2_ws/install/turtlesim/include/turtlesim/turtlesim/msg/detail/pose__type_support.cpp
[31.367s] -- Up-to-date: /home/yixin/ros2_ws/install/turtlesim/include/turtlesim/turtlesim/srv
[31.367s] -- Up-to-date: /home/yixin/ros2_ws/install/turtlesim/include/turtlesim/turtlesim/srv/detail
[31.367s] -- Installing: /home/yixin/ros2_ws/install/turtlesim/include/turtlesim/turtlesim/srv/detail/set_pen__rosidl_typesupport_introspection_cpp.hpp
[31.367s] -- Installing: /home/yixin/ros2_ws/install/turtlesim/include/turtlesim/turtlesim/srv/detail/teleport_absolute__rosidl_typesupport_introspection_cpp.hpp
[31.367s] -- Installing: /home/yixin/ros2_ws/install/turtlesim/include/turtlesim/turtlesim/srv/detail/spawn__rosidl_typesupport_introspection_cpp.hpp
[31.367s] -- Installing: /home/yixin/ros2_ws/install/turtlesim/include/turtlesim/turtlesim/srv/detail/set_pen__type_support.cpp
[31.367s] -- Installing: /home/yixin/ros2_ws/install/turtlesim/include/turtlesim/turtlesim/srv/detail/kill__rosidl_typesupport_introspection_cpp.hpp
[31.367s] -- Installing: /home/yixin/ros2_ws/install/turtlesim/include/turtlesim/turtlesim/srv/detail/spawn__type_support.cpp
[31.367s] -- Installing: /home/yixin/ros2_ws/install/turtlesim/include/turtlesim/turtlesim/srv/detail/teleport_relative__rosidl_typesupport_introspection_cpp.hpp
[31.368s] -- Installing: /home/yixin/ros2_ws/install/turtlesim/include/turtlesim/turtlesim/srv/detail/kill__type_support.cpp
[31.368s] -- Installing: /home/yixin/ros2_ws/install/turtlesim/include/turtlesim/turtlesim/srv/detail/teleport_absolute__type_support.cpp
[31.368s] -- Installing: /home/yixin/ros2_ws/install/turtlesim/include/turtlesim/turtlesim/srv/detail/teleport_relative__type_support.cpp
[31.368s] -- Installing: /home/yixin/ros2_ws/install/turtlesim/lib/libturtlesim__rosidl_typesupport_introspection_cpp.so
[31.369s] -- Set non-toolchain portion of runtime path of "/home/yixin/ros2_ws/install/turtlesim/lib/libturtlesim__rosidl_typesupport_introspection_cpp.so" to ""
[31.369s] -- Installing: /home/yixin/ros2_ws/install/turtlesim/lib/libturtlesim__rosidl_typesupport_cpp.so
[31.370s] -- Set non-toolchain portion of runtime path of "/home/yixin/ros2_ws/install/turtlesim/lib/libturtlesim__rosidl_typesupport_cpp.so" to ""
[31.370s] -- Installing: /home/yixin/ros2_ws/install/turtlesim/share/turtlesim/environment/pythonpath.sh
[31.370s] -- Installing: /home/yixin/ros2_ws/install/turtlesim/share/turtlesim/environment/pythonpath.dsv
[31.370s] -- Installing: /home/yixin/ros2_ws/install/turtlesim/lib/python3.12/site-packages/turtlesim-1.8.3-py3.12.egg-info
[31.370s] -- Installing: /home/yixin/ros2_ws/install/turtlesim/lib/python3.12/site-packages/turtlesim-1.8.3-py3.12.egg-info/top_level.txt
[31.370s] -- Installing: /home/yixin/ros2_ws/install/turtlesim/lib/python3.12/site-packages/turtlesim-1.8.3-py3.12.egg-info/dependency_links.txt
[31.371s] -- Installing: /home/yixin/ros2_ws/install/turtlesim/lib/python3.12/site-packages/turtlesim-1.8.3-py3.12.egg-info/PKG-INFO
[31.371s] -- Installing: /home/yixin/ros2_ws/install/turtlesim/lib/python3.12/site-packages/turtlesim-1.8.3-py3.12.egg-info/SOURCES.txt
[31.371s] -- Installing: /home/yixin/ros2_ws/install/turtlesim/lib/python3.12/site-packages/turtlesim
[31.371s] -- Installing: /home/yixin/ros2_ws/install/turtlesim/lib/python3.12/site-packages/turtlesim/_turtlesim_s.ep.rosidl_typesupport_c.c
[31.371s] -- Installing: /home/yixin/ros2_ws/install/turtlesim/lib/python3.12/site-packages/turtlesim/__init__.py
[31.372s] -- Installing: /home/yixin/ros2_ws/install/turtlesim/lib/python3.12/site-packages/turtlesim/turtlesim_s__rosidl_typesupport_c.so
[31.372s] -- Installing: /home/yixin/ros2_ws/install/turtlesim/lib/python3.12/site-packages/turtlesim/_turtlesim_s.ep.rosidl_typesupport_fastrtps_c.c
[31.372s] -- Installing: /home/yixin/ros2_ws/install/turtlesim/lib/python3.12/site-packages/turtlesim/action
[31.372s] -- Installing: /home/yixin/ros2_ws/install/turtlesim/lib/python3.12/site-packages/turtlesim/action/_rotate_absolute.py
[31.372s] -- Installing: /home/yixin/ros2_ws/install/turtlesim/lib/python3.12/site-packages/turtlesim/action/__init__.py
[31.372s] -- Installing: /home/yixin/ros2_ws/install/turtlesim/lib/python3.12/site-packages/turtlesim/action/_rotate_absolute_s.c
[31.373s] -- Installing: /home/yixin/ros2_ws/install/turtlesim/lib/python3.12/site-packages/turtlesim/msg
[31.373s] -- Installing: /home/yixin/ros2_ws/install/turtlesim/lib/python3.12/site-packages/turtlesim/msg/_pose.py
[31.373s] -- Installing: /home/yixin/ros2_ws/install/turtlesim/lib/python3.12/site-packages/turtlesim/msg/_pose_s.c
[31.373s] -- Installing: /home/yixin/ros2_ws/install/turtlesim/lib/python3.12/site-packages/turtlesim/msg/__init__.py
[31.373s] -- Installing: /home/yixin/ros2_ws/install/turtlesim/lib/python3.12/site-packages/turtlesim/msg/_color_s.c
[31.373s] -- Installing: /home/yixin/ros2_ws/install/turtlesim/lib/python3.12/site-packages/turtlesim/msg/_color.py
[31.373s] -- Installing: /home/yixin/ros2_ws/install/turtlesim/lib/python3.12/site-packages/turtlesim/turtlesim_s__rosidl_typesupport_fastrtps_c.so
[31.373s] -- Installing: /home/yixin/ros2_ws/install/turtlesim/lib/python3.12/site-packages/turtlesim/_turtlesim_s.ep.rosidl_typesupport_introspection_c.c
[31.374s] -- Installing: /home/yixin/ros2_ws/install/turtlesim/lib/python3.12/site-packages/turtlesim/turtlesim_s__rosidl_typesupport_introspection_c.so
[31.374s] -- Installing: /home/yixin/ros2_ws/install/turtlesim/lib/python3.12/site-packages/turtlesim/srv
[31.374s] -- Installing: /home/yixin/ros2_ws/install/turtlesim/lib/python3.12/site-packages/turtlesim/srv/_kill.py
[31.374s] -- Installing: /home/yixin/ros2_ws/install/turtlesim/lib/python3.12/site-packages/turtlesim/srv/_spawn.py
[31.374s] -- Installing: /home/yixin/ros2_ws/install/turtlesim/lib/python3.12/site-packages/turtlesim/srv/_teleport_absolute.py
[31.374s] -- Installing: /home/yixin/ros2_ws/install/turtlesim/lib/python3.12/site-packages/turtlesim/srv/_kill_s.c
[31.375s] -- Installing: /home/yixin/ros2_ws/install/turtlesim/lib/python3.12/site-packages/turtlesim/srv/_teleport_absolute_s.c
[31.375s] -- Installing: /home/yixin/ros2_ws/install/turtlesim/lib/python3.12/site-packages/turtlesim/srv/_set_pen.py
[31.375s] -- Installing: /home/yixin/ros2_ws/install/turtlesim/lib/python3.12/site-packages/turtlesim/srv/_spawn_s.c
[31.375s] -- Installing: /home/yixin/ros2_ws/install/turtlesim/lib/python3.12/site-packages/turtlesim/srv/__init__.py
[31.375s] -- Installing: /home/yixin/ros2_ws/install/turtlesim/lib/python3.12/site-packages/turtlesim/srv/_set_pen_s.c
[31.375s] -- Installing: /home/yixin/ros2_ws/install/turtlesim/lib/python3.12/site-packages/turtlesim/srv/_teleport_relative_s.c
[31.375s] -- Installing: /home/yixin/ros2_ws/install/turtlesim/lib/python3.12/site-packages/turtlesim/srv/_teleport_relative.py
[31.434s] Listing '/home/yixin/ros2_ws/install/turtlesim/lib/python3.12/site-packages/turtlesim'...
[31.434s] Compiling '/home/yixin/ros2_ws/install/turtlesim/lib/python3.12/site-packages/turtlesim/__init__.py'...
[31.434s] Listing '/home/yixin/ros2_ws/install/turtlesim/lib/python3.12/site-packages/turtlesim/action'...
[31.434s] Compiling '/home/yixin/ros2_ws/install/turtlesim/lib/python3.12/site-packages/turtlesim/action/__init__.py'...
[31.434s] Compiling '/home/yixin/ros2_ws/install/turtlesim/lib/python3.12/site-packages/turtlesim/action/_rotate_absolute.py'...
[31.435s] Listing '/home/yixin/ros2_ws/install/turtlesim/lib/python3.12/site-packages/turtlesim/msg'...
[31.435s] Compiling '/home/yixin/ros2_ws/install/turtlesim/lib/python3.12/site-packages/turtlesim/msg/__init__.py'...
[31.435s] Compiling '/home/yixin/ros2_ws/install/turtlesim/lib/python3.12/site-packages/turtlesim/msg/_color.py'...
[31.435s] Compiling '/home/yixin/ros2_ws/install/turtlesim/lib/python3.12/site-packages/turtlesim/msg/_pose.py'...
[31.435s] Listing '/home/yixin/ros2_ws/install/turtlesim/lib/python3.12/site-packages/turtlesim/srv'...
[31.435s] Compiling '/home/yixin/ros2_ws/install/turtlesim/lib/python3.12/site-packages/turtlesim/srv/__init__.py'...
[31.435s] Compiling '/home/yixin/ros2_ws/install/turtlesim/lib/python3.12/site-packages/turtlesim/srv/_kill.py'...
[31.435s] Compiling '/home/yixin/ros2_ws/install/turtlesim/lib/python3.12/site-packages/turtlesim/srv/_set_pen.py'...
[31.435s] Compiling '/home/yixin/ros2_ws/install/turtlesim/lib/python3.12/site-packages/turtlesim/srv/_spawn.py'...
[31.435s] Compiling '/home/yixin/ros2_ws/install/turtlesim/lib/python3.12/site-packages/turtlesim/srv/_teleport_absolute.py'...
[31.435s] Compiling '/home/yixin/ros2_ws/install/turtlesim/lib/python3.12/site-packages/turtlesim/srv/_teleport_relative.py'...
[31.442s] -- Installing: /home/yixin/ros2_ws/install/turtlesim/lib/python3.12/site-packages/turtlesim/turtlesim_s__rosidl_typesupport_fastrtps_c.so
[31.442s] -- Set non-toolchain portion of runtime path of "/home/yixin/ros2_ws/install/turtlesim/lib/python3.12/site-packages/turtlesim/turtlesim_s__rosidl_typesupport_fastrtps_c.so" to ""
[31.442s] -- Installing: /home/yixin/ros2_ws/install/turtlesim/lib/python3.12/site-packages/turtlesim/turtlesim_s__rosidl_typesupport_introspection_c.so
[31.442s] -- Set non-toolchain portion of runtime path of "/home/yixin/ros2_ws/install/turtlesim/lib/python3.12/site-packages/turtlesim/turtlesim_s__rosidl_typesupport_introspection_c.so" to ""
[31.443s] -- Installing: /home/yixin/ros2_ws/install/turtlesim/lib/python3.12/site-packages/turtlesim/turtlesim_s__rosidl_typesupport_c.so
[31.443s] -- Set non-toolchain portion of runtime path of "/home/yixin/ros2_ws/install/turtlesim/lib/python3.12/site-packages/turtlesim/turtlesim_s__rosidl_typesupport_c.so" to ""
[31.443s] -- Installing: /home/yixin/ros2_ws/install/turtlesim/lib/libturtlesim__rosidl_generator_py.so
[31.443s] -- Set non-toolchain portion of runtime path of "/home/yixin/ros2_ws/install/turtlesim/lib/libturtlesim__rosidl_generator_py.so" to ""
[31.444s] -- Installing: /home/yixin/ros2_ws/install/turtlesim/share/turtlesim/action/RotateAbsolute.idl
[31.444s] -- Installing: /home/yixin/ros2_ws/install/turtlesim/share/turtlesim/msg/Color.idl
[31.444s] -- Installing: /home/yixin/ros2_ws/install/turtlesim/share/turtlesim/msg/Pose.idl
[31.444s] -- Installing: /home/yixin/ros2_ws/install/turtlesim/share/turtlesim/srv/Kill.idl
[31.444s] -- Installing: /home/yixin/ros2_ws/install/turtlesim/share/turtlesim/srv/SetPen.idl
[31.444s] -- Installing: /home/yixin/ros2_ws/install/turtlesim/share/turtlesim/srv/Spawn.idl
[31.444s] -- Installing: /home/yixin/ros2_ws/install/turtlesim/share/turtlesim/srv/TeleportAbsolute.idl
[31.444s] -- Installing: /home/yixin/ros2_ws/install/turtlesim/share/turtlesim/srv/TeleportRelative.idl
[31.445s] -- Installing: /home/yixin/ros2_ws/install/turtlesim/share/turtlesim/action/RotateAbsolute.action
[31.445s] -- Installing: /home/yixin/ros2_ws/install/turtlesim/share/turtlesim/msg/Color.msg
[31.445s] -- Installing: /home/yixin/ros2_ws/install/turtlesim/share/turtlesim/msg/Pose.msg
[31.445s] -- Installing: /home/yixin/ros2_ws/install/turtlesim/share/turtlesim/srv/Kill.srv
[31.445s] -- Installing: /home/yixin/ros2_ws/install/turtlesim/share/turtlesim/srv/SetPen.srv
[31.445s] -- Installing: /home/yixin/ros2_ws/install/turtlesim/share/turtlesim/srv/Spawn.srv
[31.445s] -- Installing: /home/yixin/ros2_ws/install/turtlesim/share/turtlesim/srv/TeleportAbsolute.srv
[31.446s] -- Installing: /home/yixin/ros2_ws/install/turtlesim/share/turtlesim/srv/TeleportRelative.srv
[31.446s] -- Installing: /home/yixin/ros2_ws/install/turtlesim/lib/turtlesim/turtlesim_node
[31.459s] -- Set non-toolchain portion of runtime path of "/home/yixin/ros2_ws/install/turtlesim/lib/turtlesim/turtlesim_node" to ""
[31.459s] -- Installing: /home/yixin/ros2_ws/install/turtlesim/lib/turtlesim/turtle_teleop_key
[31.462s] -- Set non-toolchain portion of runtime path of "/home/yixin/ros2_ws/install/turtlesim/lib/turtlesim/turtle_teleop_key" to ""
[31.462s] -- Installing: /home/yixin/ros2_ws/install/turtlesim/lib/turtlesim/draw_square
[31.468s] -- Set non-toolchain portion of runtime path of "/home/yixin/ros2_ws/install/turtlesim/lib/turtlesim/draw_square" to ""
[31.468s] -- Installing: /home/yixin/ros2_ws/install/turtlesim/lib/turtlesim/mimic
[31.473s] -- Set non-toolchain portion of runtime path of "/home/yixin/ros2_ws/install/turtlesim/lib/turtlesim/mimic" to ""
[31.473s] -- Installing: /home/yixin/ros2_ws/install/turtlesim/share/turtlesim/images
[31.474s] -- Installing: /home/yixin/ros2_ws/install/turtlesim/share/turtlesim/images/dashing.png
[31.474s] -- Installing: /home/yixin/ros2_ws/install/turtlesim/share/turtlesim/images/ardent.png
[31.474s] -- Installing: /home/yixin/ros2_ws/install/turtlesim/share/turtlesim/images/crystal.png
[31.474s] -- Installing: /home/yixin/ros2_ws/install/turtlesim/share/turtlesim/images/eloquent.png
[31.474s] -- Installing: /home/yixin/ros2_ws/install/turtlesim/share/turtlesim/images/bouncy.png
[31.474s] -- Installing: /home/yixin/ros2_ws/install/turtlesim/share/turtlesim/images/galactic.png
[31.474s] -- Installing: /home/yixin/ros2_ws/install/turtlesim/share/turtlesim/images/rolling.png
[31.474s] -- Installing: /home/yixin/ros2_ws/install/turtlesim/share/turtlesim/images/humble.png
[31.474s] -- Installing: /home/yixin/ros2_ws/install/turtlesim/share/turtlesim/images/foxy.png
[31.474s] -- Installing: /home/yixin/ros2_ws/install/turtlesim/share/turtlesim/images/jazzy.png
[31.474s] -- Installing: /home/yixin/ros2_ws/install/turtlesim/share/turtlesim/images/iron.png
[31.474s] -- Installing: /home/yixin/ros2_ws/install/turtlesim/share/turtlesim/launch
[31.474s] -- Installing: /home/yixin/ros2_ws/install/turtlesim/share/turtlesim/launch/multisim.launch.py
[31.475s] -- Installing: /home/yixin/ros2_ws/install/turtlesim/share/ament_index/resource_index/package_run_dependencies/turtlesim
[31.475s] -- Installing: /home/yixin/ros2_ws/install/turtlesim/share/ament_index/resource_index/parent_prefix_path/turtlesim
[31.475s] -- Installing: /home/yixin/ros2_ws/install/turtlesim/share/turtlesim/environment/ament_prefix_path.sh
[31.475s] -- Installing: /home/yixin/ros2_ws/install/turtlesim/share/turtlesim/environment/ament_prefix_path.dsv
[31.475s] -- Installing: /home/yixin/ros2_ws/install/turtlesim/share/turtlesim/environment/path.sh
[31.475s] -- Installing: /home/yixin/ros2_ws/install/turtlesim/share/turtlesim/environment/path.dsv
[31.476s] -- Installing: /home/yixin/ros2_ws/install/turtlesim/share/turtlesim/local_setup.bash
[31.476s] -- Installing: /home/yixin/ros2_ws/install/turtlesim/share/turtlesim/local_setup.sh
[31.476s] -- Installing: /home/yixin/ros2_ws/install/turtlesim/share/turtlesim/local_setup.zsh
[31.476s] -- Installing: /home/yixin/ros2_ws/install/turtlesim/share/turtlesim/local_setup.dsv
[31.476s] -- Installing: /home/yixin/ros2_ws/install/turtlesim/share/turtlesim/package.dsv
[31.476s] -- Installing: /home/yixin/ros2_ws/install/turtlesim/share/ament_index/resource_index/packages/turtlesim
[31.477s] -- Installing: /home/yixin/ros2_ws/install/turtlesim/share/turtlesim/cmake/export_turtlesim__rosidl_generator_cExport.cmake
[31.477s] -- Installing: /home/yixin/ros2_ws/install/turtlesim/share/turtlesim/cmake/export_turtlesim__rosidl_generator_cExport-noconfig.cmake
[31.477s] -- Installing: /home/yixin/ros2_ws/install/turtlesim/share/turtlesim/cmake/export_turtlesim__rosidl_typesupport_fastrtps_cExport.cmake
[31.477s] -- Installing: /home/yixin/ros2_ws/install/turtlesim/share/turtlesim/cmake/export_turtlesim__rosidl_typesupport_fastrtps_cExport-noconfig.cmake
[31.477s] -- Installing: /home/yixin/ros2_ws/install/turtlesim/share/turtlesim/cmake/export_turtlesim__rosidl_generator_cppExport.cmake
[31.477s] -- Installing: /home/yixin/ros2_ws/install/turtlesim/share/turtlesim/cmake/export_turtlesim__rosidl_typesupport_fastrtps_cppExport.cmake
[31.477s] -- Installing: /home/yixin/ros2_ws/install/turtlesim/share/turtlesim/cmake/export_turtlesim__rosidl_typesupport_fastrtps_cppExport-noconfig.cmake
[31.478s] -- Installing: /home/yixin/ros2_ws/install/turtlesim/share/turtlesim/cmake/turtlesim__rosidl_typesupport_introspection_cExport.cmake
[31.478s] -- Installing: /home/yixin/ros2_ws/install/turtlesim/share/turtlesim/cmake/turtlesim__rosidl_typesupport_introspection_cExport-noconfig.cmake
[31.478s] -- Installing: /home/yixin/ros2_ws/install/turtlesim/share/turtlesim/cmake/turtlesim__rosidl_typesupport_cExport.cmake
[31.478s] -- Installing: /home/yixin/ros2_ws/install/turtlesim/share/turtlesim/cmake/turtlesim__rosidl_typesupport_cExport-noconfig.cmake
[31.478s] -- Installing: /home/yixin/ros2_ws/install/turtlesim/share/turtlesim/cmake/turtlesim__rosidl_typesupport_introspection_cppExport.cmake
[31.478s] -- Installing: /home/yixin/ros2_ws/install/turtlesim/share/turtlesim/cmake/turtlesim__rosidl_typesupport_introspection_cppExport-noconfig.cmake
[31.478s] -- Installing: /home/yixin/ros2_ws/install/turtlesim/share/turtlesim/cmake/turtlesim__rosidl_typesupport_cppExport.cmake
[31.479s] -- Installing: /home/yixin/ros2_ws/install/turtlesim/share/turtlesim/cmake/turtlesim__rosidl_typesupport_cppExport-noconfig.cmake
[31.479s] -- Installing: /home/yixin/ros2_ws/install/turtlesim/share/turtlesim/cmake/export_turtlesim__rosidl_generator_pyExport.cmake
[31.479s] -- Installing: /home/yixin/ros2_ws/install/turtlesim/share/turtlesim/cmake/export_turtlesim__rosidl_generator_pyExport-noconfig.cmake
[31.479s] -- Installing: /home/yixin/ros2_ws/install/turtlesim/share/turtlesim/cmake/rosidl_cmake-extras.cmake
[31.479s] -- Installing: /home/yixin/ros2_ws/install/turtlesim/share/turtlesim/cmake/ament_cmake_export_dependencies-extras.cmake
[31.479s] -- Installing: /home/yixin/ros2_ws/install/turtlesim/share/turtlesim/cmake/ament_cmake_export_include_directories-extras.cmake
[31.479s] -- Installing: /home/yixin/ros2_ws/install/turtlesim/share/turtlesim/cmake/ament_cmake_export_libraries-extras.cmake
[31.480s] -- Installing: /home/yixin/ros2_ws/install/turtlesim/share/turtlesim/cmake/ament_cmake_export_targets-extras.cmake
[31.480s] -- Installing: /home/yixin/ros2_ws/install/turtlesim/share/turtlesim/cmake/rosidl_cmake_export_typesupport_targets-extras.cmake
[31.480s] -- Installing: /home/yixin/ros2_ws/install/turtlesim/share/turtlesim/cmake/rosidl_cmake_export_typesupport_libraries-extras.cmake
[31.480s] -- Installing: /home/yixin/ros2_ws/install/turtlesim/share/turtlesim/cmake/turtlesimConfig.cmake
[31.480s] -- Installing: /home/yixin/ros2_ws/install/turtlesim/share/turtlesim/cmake/turtlesimConfig-version.cmake
[31.480s] -- Installing: /home/yixin/ros2_ws/install/turtlesim/share/turtlesim/package.xml
[31.484s] Invoked command in '/home/yixin/ros2_ws/build/turtlesim' returned '0': CMAKE_PREFIX_PATH=${CMAKE_PREFIX_PATH}:/opt/ros/jazzy DEBUGINFOD_URLS=https://debuginfod.ubuntu.com /usr/bin/cmake --install /home/yixin/ros2_ws/build/turtlesim
