[0.129s] Invoking command in '/home/yixin/ros2_ws/build/examples_rclcpp_wait_set': CMAKE_PREFIX_PATH=${CMAKE_PREFIX_PATH}:/opt/ros/jazzy DEBUGINFOD_URLS=https://debuginfod.ubuntu.com /usr/bin/cmake --build /home/yixin/ros2_ws/build/examples_rclcpp_wait_set -- -j8 -l8
[2.010s] [  8%] Built target talker
[2.010s] [ 16%] Built target wait_set
[2.010s] [ 25%] Built target wait_set_talker
[2.010s] [ 33%] Built target wait_set_topics_and_timer
[2.010s] [ 41%] Built target wait_set_listener
[2.010s] [ 50%] Built target listener
[2.011s] [ 58%] Built target static_wait_set
[2.011s] [ 66%] Built target thread_safe_wait_set
[2.011s] [ 75%] Built target wait_set_random_order
[2.011s] [ 83%] Built target executor_random_order
[2.012s] [ 91%] Built target wait_set_topics_with_different_rates
[2.012s] [100%] Built target wait_set_composed
[2.013s] Invoked command in '/home/yixin/ros2_ws/build/examples_rclcpp_wait_set' returned '0': CMAKE_PREFIX_PATH=${CMAKE_PREFIX_PATH}:/opt/ros/jazzy DEBUGINFOD_URLS=https://debuginfod.ubuntu.com /usr/bin/cmake --build /home/yixin/ros2_ws/build/examples_rclcpp_wait_set -- -j8 -l8
[2.015s] Invoking command in '/home/yixin/ros2_ws/build/examples_rclcpp_wait_set': CMAKE_PREFIX_PATH=${CMAKE_PREFIX_PATH}:/opt/ros/jazzy DEBUGINFOD_URLS=https://debuginfod.ubuntu.com /usr/bin/cmake --install /home/yixin/ros2_ws/build/examples_rclcpp_wait_set
[2.580s] -- Install configuration: "Debug"
[2.580s] -- Execute custom install script
[2.580s] -- Up-to-date symlink: /home/yixin/ros2_ws/install/examples_rclcpp_wait_set/lib/examples_rclcpp_wait_set/wait_set_talker
[2.581s] -- Up-to-date symlink: /home/yixin/ros2_ws/install/examples_rclcpp_wait_set/lib/examples_rclcpp_wait_set/wait_set_listener
[2.581s] -- Up-to-date symlink: /home/yixin/ros2_ws/install/examples_rclcpp_wait_set/lib/libtalker.so
[2.581s] -- Up-to-date symlink: /home/yixin/ros2_ws/install/examples_rclcpp_wait_set/lib/liblistener.so
[2.581s] -- Up-to-date symlink: /home/yixin/ros2_ws/install/examples_rclcpp_wait_set/lib/examples_rclcpp_wait_set/wait_set
[2.581s] -- Up-to-date symlink: /home/yixin/ros2_ws/install/examples_rclcpp_wait_set/lib/examples_rclcpp_wait_set/static_wait_set
[2.582s] -- Up-to-date symlink: /home/yixin/ros2_ws/install/examples_rclcpp_wait_set/lib/examples_rclcpp_wait_set/thread_safe_wait_set
[2.582s] -- Up-to-date symlink: /home/yixin/ros2_ws/install/examples_rclcpp_wait_set/lib/examples_rclcpp_wait_set/wait_set_topics_and_timer
[2.582s] -- Up-to-date symlink: /home/yixin/ros2_ws/install/examples_rclcpp_wait_set/lib/examples_rclcpp_wait_set/wait_set_random_order
[2.582s] -- Up-to-date symlink: /home/yixin/ros2_ws/install/examples_rclcpp_wait_set/lib/examples_rclcpp_wait_set/executor_random_order
[2.582s] -- Up-to-date symlink: /home/yixin/ros2_ws/install/examples_rclcpp_wait_set/lib/examples_rclcpp_wait_set/wait_set_topics_with_different_rates
[2.583s] -- Up-to-date symlink: /home/yixin/ros2_ws/install/examples_rclcpp_wait_set/lib/examples_rclcpp_wait_set/wait_set_composed
[2.583s] -- Up-to-date symlink: /home/yixin/ros2_ws/install/examples_rclcpp_wait_set/share/ament_index/resource_index/package_run_dependencies/examples_rclcpp_wait_set
[2.583s] -- Up-to-date symlink: /home/yixin/ros2_ws/install/examples_rclcpp_wait_set/share/ament_index/resource_index/parent_prefix_path/examples_rclcpp_wait_set
[2.583s] -- Up-to-date symlink: /home/yixin/ros2_ws/install/examples_rclcpp_wait_set/share/examples_rclcpp_wait_set/environment/ament_prefix_path.sh
[2.583s] -- Up-to-date symlink: /home/yixin/ros2_ws/install/examples_rclcpp_wait_set/share/examples_rclcpp_wait_set/environment/ament_prefix_path.dsv
[2.584s] -- Up-to-date symlink: /home/yixin/ros2_ws/install/examples_rclcpp_wait_set/share/examples_rclcpp_wait_set/environment/path.sh
[2.584s] -- Up-to-date symlink: /home/yixin/ros2_ws/install/examples_rclcpp_wait_set/share/examples_rclcpp_wait_set/environment/path.dsv
[2.584s] -- Up-to-date symlink: /home/yixin/ros2_ws/install/examples_rclcpp_wait_set/share/examples_rclcpp_wait_set/local_setup.bash
[2.585s] -- Up-to-date symlink: /home/yixin/ros2_ws/install/examples_rclcpp_wait_set/share/examples_rclcpp_wait_set/local_setup.sh
[2.585s] -- Up-to-date symlink: /home/yixin/ros2_ws/install/examples_rclcpp_wait_set/share/examples_rclcpp_wait_set/local_setup.zsh
[2.585s] -- Up-to-date symlink: /home/yixin/ros2_ws/install/examples_rclcpp_wait_set/share/examples_rclcpp_wait_set/local_setup.dsv
[2.585s] -- Symlinking: /home/yixin/ros2_ws/install/examples_rclcpp_wait_set/share/examples_rclcpp_wait_set/package.dsv
[2.585s] -- Up-to-date symlink: /home/yixin/ros2_ws/install/examples_rclcpp_wait_set/share/ament_index/resource_index/packages/examples_rclcpp_wait_set
[2.586s] -- Up-to-date symlink: /home/yixin/ros2_ws/install/examples_rclcpp_wait_set/share/ament_index/resource_index/rclcpp_components/examples_rclcpp_wait_set
[2.586s] -- Up-to-date symlink: /home/yixin/ros2_ws/install/examples_rclcpp_wait_set/share/examples_rclcpp_wait_set/cmake/examples_rclcpp_wait_setConfig.cmake
[2.586s] -- Up-to-date symlink: /home/yixin/ros2_ws/install/examples_rclcpp_wait_set/share/examples_rclcpp_wait_set/cmake/examples_rclcpp_wait_setConfig-version.cmake
[2.586s] -- Up-to-date symlink: /home/yixin/ros2_ws/install/examples_rclcpp_wait_set/share/examples_rclcpp_wait_set/package.xml
[2.670s] Invoked command in '/home/yixin/ros2_ws/build/examples_rclcpp_wait_set' returned '0': CMAKE_PREFIX_PATH=${CMAKE_PREFIX_PATH}:/opt/ros/jazzy DEBUGINFOD_URLS=https://debuginfod.ubuntu.com /usr/bin/cmake --install /home/yixin/ros2_ws/build/examples_rclcpp_wait_set
