[0.043s] Invoking command in '/home/yixin/ros2_ws/build/my_package': CMAKE_PREFIX_PATH=${CMAKE_PREFIX_PATH}:/home/yixin/ros2_ws/install/py_srvcli:/home/yixin/ros2_ws/install/py_pubsub:/home/yixin/ros2_ws/install/python_parameters:/home/yixin/ros2_ws/install/my_python_package:/home/yixin/ros2_ws/install/launch_testing_examples:/home/yixin/ros2_ws/install/examples_rclpy_pointcloud_publisher:/home/yixin/ros2_ws/install/examples_rclpy_minimal_subscriber:/home/yixin/ros2_ws/install/examples_rclpy_minimal_service:/home/yixin/ros2_ws/install/examples_rclpy_minimal_publisher:/home/yixin/ros2_ws/install/examples_rclpy_minimal_client:/home/yixin/ros2_ws/install/examples_rclpy_minimal_action_server:/home/yixin/ros2_ws/install/examples_rclpy_minimal_action_client:/home/yixin/ros2_ws/install/examples_rclpy_guard_conditions:/home/yixin/ros2_ws/install/examples_rclpy_executors:/opt/ros/jazzy DEBUGINFOD_URLS=https://debuginfod.ubuntu.com /usr/bin/cmake --build /home/yixin/ros2_ws/build/my_package -- -j8 -l8
[0.235s] [100%] Built target my_node
[0.291s] Invoked command in '/home/yixin/ros2_ws/build/my_package' returned '0': CMAKE_PREFIX_PATH=${CMAKE_PREFIX_PATH}:/home/yixin/ros2_ws/install/py_srvcli:/home/yixin/ros2_ws/install/py_pubsub:/home/yixin/ros2_ws/install/python_parameters:/home/yixin/ros2_ws/install/my_python_package:/home/yixin/ros2_ws/install/launch_testing_examples:/home/yixin/ros2_ws/install/examples_rclpy_pointcloud_publisher:/home/yixin/ros2_ws/install/examples_rclpy_minimal_subscriber:/home/yixin/ros2_ws/install/examples_rclpy_minimal_service:/home/yixin/ros2_ws/install/examples_rclpy_minimal_publisher:/home/yixin/ros2_ws/install/examples_rclpy_minimal_client:/home/yixin/ros2_ws/install/examples_rclpy_minimal_action_server:/home/yixin/ros2_ws/install/examples_rclpy_minimal_action_client:/home/yixin/ros2_ws/install/examples_rclpy_guard_conditions:/home/yixin/ros2_ws/install/examples_rclpy_executors:/opt/ros/jazzy DEBUGINFOD_URLS=https://debuginfod.ubuntu.com /usr/bin/cmake --build /home/yixin/ros2_ws/build/my_package -- -j8 -l8
[0.292s] Invoking command in '/home/yixin/ros2_ws/build/my_package': CMAKE_PREFIX_PATH=${CMAKE_PREFIX_PATH}:/home/yixin/ros2_ws/install/py_srvcli:/home/yixin/ros2_ws/install/py_pubsub:/home/yixin/ros2_ws/install/python_parameters:/home/yixin/ros2_ws/install/my_python_package:/home/yixin/ros2_ws/install/launch_testing_examples:/home/yixin/ros2_ws/install/examples_rclpy_pointcloud_publisher:/home/yixin/ros2_ws/install/examples_rclpy_minimal_subscriber:/home/yixin/ros2_ws/install/examples_rclpy_minimal_service:/home/yixin/ros2_ws/install/examples_rclpy_minimal_publisher:/home/yixin/ros2_ws/install/examples_rclpy_minimal_client:/home/yixin/ros2_ws/install/examples_rclpy_minimal_action_server:/home/yixin/ros2_ws/install/examples_rclpy_minimal_action_client:/home/yixin/ros2_ws/install/examples_rclpy_guard_conditions:/home/yixin/ros2_ws/install/examples_rclpy_executors:/opt/ros/jazzy DEBUGINFOD_URLS=https://debuginfod.ubuntu.com /usr/bin/cmake --install /home/yixin/ros2_ws/build/my_package
[0.316s] -- Install configuration: ""
[0.316s] -- Up-to-date: /home/yixin/ros2_ws/install/my_package/lib/my_package/my_node
[0.316s] -- Up-to-date: /home/yixin/ros2_ws/install/my_package/share/ament_index/resource_index/package_run_dependencies/my_package
[0.317s] -- Up-to-date: /home/yixin/ros2_ws/install/my_package/share/ament_index/resource_index/parent_prefix_path/my_package
[0.317s] -- Up-to-date: /home/yixin/ros2_ws/install/my_package/share/my_package/environment/ament_prefix_path.sh
[0.317s] -- Up-to-date: /home/yixin/ros2_ws/install/my_package/share/my_package/environment/ament_prefix_path.dsv
[0.317s] -- Up-to-date: /home/yixin/ros2_ws/install/my_package/share/my_package/environment/path.sh
[0.317s] -- Up-to-date: /home/yixin/ros2_ws/install/my_package/share/my_package/environment/path.dsv
[0.317s] -- Up-to-date: /home/yixin/ros2_ws/install/my_package/share/my_package/local_setup.bash
[0.317s] -- Up-to-date: /home/yixin/ros2_ws/install/my_package/share/my_package/local_setup.sh
[0.317s] -- Up-to-date: /home/yixin/ros2_ws/install/my_package/share/my_package/local_setup.zsh
[0.317s] -- Up-to-date: /home/yixin/ros2_ws/install/my_package/share/my_package/local_setup.dsv
[0.318s] -- Installing: /home/yixin/ros2_ws/install/my_package/share/my_package/package.dsv
[0.318s] -- Up-to-date: /home/yixin/ros2_ws/install/my_package/share/ament_index/resource_index/packages/my_package
[0.318s] -- Up-to-date: /home/yixin/ros2_ws/install/my_package/share/my_package/cmake/my_packageConfig.cmake
[0.318s] -- Up-to-date: /home/yixin/ros2_ws/install/my_package/share/my_package/cmake/my_packageConfig-version.cmake
[0.318s] -- Up-to-date: /home/yixin/ros2_ws/install/my_package/share/my_package/package.xml
[0.324s] Invoked command in '/home/yixin/ros2_ws/build/my_package' returned '0': CMAKE_PREFIX_PATH=${CMAKE_PREFIX_PATH}:/home/yixin/ros2_ws/install/py_srvcli:/home/yixin/ros2_ws/install/py_pubsub:/home/yixin/ros2_ws/install/python_parameters:/home/yixin/ros2_ws/install/my_python_package:/home/yixin/ros2_ws/install/launch_testing_examples:/home/yixin/ros2_ws/install/examples_rclpy_pointcloud_publisher:/home/yixin/ros2_ws/install/examples_rclpy_minimal_subscriber:/home/yixin/ros2_ws/install/examples_rclpy_minimal_service:/home/yixin/ros2_ws/install/examples_rclpy_minimal_publisher:/home/yixin/ros2_ws/install/examples_rclpy_minimal_client:/home/yixin/ros2_ws/install/examples_rclpy_minimal_action_server:/home/yixin/ros2_ws/install/examples_rclpy_minimal_action_client:/home/yixin/ros2_ws/install/examples_rclpy_guard_conditions:/home/yixin/ros2_ws/install/examples_rclpy_executors:/opt/ros/jazzy DEBUGINFOD_URLS=https://debuginfod.ubuntu.com /usr/bin/cmake --install /home/yixin/ros2_ws/build/my_package
