[1.879s] Invoking command in '/home/yixin/ros2_ws/build/examples_rclpy_minimal_publisher': DEBUGINFOD_URLS=https://debuginfod.ubuntu.com PYTHONPATH=/home/yixin/ros2_ws/build/examples_rclpy_minimal_publisher/prefix_override:/usr/lib/python3/dist-packages/colcon_core/task/python/colcon_distutils_commands:/home/yixin/ros2_ws/install/examples_rclpy_minimal_publisher/lib/python3.12/site-packages:${PYTHONPATH} /usr/bin/python3 -W ignore:setup.py install is deprecated -W ignore:easy_install command is deprecated setup.py develop --editable --build-directory /home/yixin/ros2_ws/build/examples_rclpy_minimal_publisher/build --no-deps symlink_data
[3.040s] running develop
[3.040s] running egg_info
[3.040s] creating examples_rclpy_minimal_publisher.egg-info
[3.040s] writing examples_rclpy_minimal_publisher.egg-info/PKG-INFO
[3.041s] writing dependency_links to examples_rclpy_minimal_publisher.egg-info/dependency_links.txt
[3.041s] writing entry points to examples_rclpy_minimal_publisher.egg-info/entry_points.txt
[3.041s] writing requirements to examples_rclpy_minimal_publisher.egg-info/requires.txt
[3.041s] writing top-level names to examples_rclpy_minimal_publisher.egg-info/top_level.txt
[3.041s] writing manifest file 'examples_rclpy_minimal_publisher.egg-info/SOURCES.txt'
[3.041s] reading manifest file 'examples_rclpy_minimal_publisher.egg-info/SOURCES.txt'
[3.041s] writing manifest file 'examples_rclpy_minimal_publisher.egg-info/SOURCES.txt'
[3.041s] running build_ext
[3.041s] Creating /home/yixin/ros2_ws/install/examples_rclpy_minimal_publisher/lib/python3.12/site-packages/examples-rclpy-minimal-publisher.egg-link (link to .)
[3.041s] Installing publisher_local_function script to /home/yixin/ros2_ws/install/examples_rclpy_minimal_publisher/lib/examples_rclpy_minimal_publisher
[3.041s] Installing publisher_member_function script to /home/yixin/ros2_ws/install/examples_rclpy_minimal_publisher/lib/examples_rclpy_minimal_publisher
[3.041s] Installing publisher_member_function_with_wait_for_all_acked script to /home/yixin/ros2_ws/install/examples_rclpy_minimal_publisher/lib/examples_rclpy_minimal_publisher
[3.041s] Installing publisher_old_school script to /home/yixin/ros2_ws/install/examples_rclpy_minimal_publisher/lib/examples_rclpy_minimal_publisher
[3.042s] 
[3.042s] Installed /home/yixin/ros2_ws/build/examples_rclpy_minimal_publisher
[3.042s] running symlink_data
[3.042s] creating /home/yixin/ros2_ws/install/examples_rclpy_minimal_publisher/share/ament_index
[3.042s] creating /home/yixin/ros2_ws/install/examples_rclpy_minimal_publisher/share/ament_index/resource_index
[3.042s] creating /home/yixin/ros2_ws/install/examples_rclpy_minimal_publisher/share/ament_index/resource_index/packages
[3.042s] symbolically linking /home/yixin/ros2_ws/build/examples_rclpy_minimal_publisher/resource/examples_rclpy_minimal_publisher -> /home/yixin/ros2_ws/install/examples_rclpy_minimal_publisher/share/ament_index/resource_index/packages
[3.042s] symbolically linking /home/yixin/ros2_ws/build/examples_rclpy_minimal_publisher/package.xml -> /home/yixin/ros2_ws/install/examples_rclpy_minimal_publisher/share/examples_rclpy_minimal_publisher
[3.064s] Invoked command in '/home/yixin/ros2_ws/build/examples_rclpy_minimal_publisher' returned '0': DEBUGINFOD_URLS=https://debuginfod.ubuntu.com PYTHONPATH=/home/yixin/ros2_ws/build/examples_rclpy_minimal_publisher/prefix_override:/usr/lib/python3/dist-packages/colcon_core/task/python/colcon_distutils_commands:/home/yixin/ros2_ws/install/examples_rclpy_minimal_publisher/lib/python3.12/site-packages:${PYTHONPATH} /usr/bin/python3 -W ignore:setup.py install is deprecated -W ignore:easy_install command is deprecated setup.py develop --editable --build-directory /home/yixin/ros2_ws/build/examples_rclpy_minimal_publisher/build --no-deps symlink_data
