[0.022s] Invoking command in '/home/yixin/ros2_ws/build/turtlesim': CMAKE_PREFIX_PATH=${CMAKE_PREFIX_PATH}:/opt/ros/jazzy DEBUGINFOD_URLS=https://debuginfod.ubuntu.com /usr/bin/cmake --build /home/yixin/ros2_ws/build/turtlesim -- -j8 -l8
[0.263s] [  0%] Built target turtlesim__rosidl_generator_type_description
[0.302s] [  0%] Built target ament_cmake_python_copy_turtlesim
[0.378s] [ 23%] Built target turtlesim__rosidl_generator_c
[0.383s] [ 24%] Built target turtlesim__cpp
[0.484s] [ 33%] Built target turtlesim__rosidl_typesupport_introspection_c
[0.517s] [ 42%] Built target turtlesim__rosidl_typesupport_c
[0.518s] [ 50%] Built target turtlesim__rosidl_typesupport_introspection_cpp
[0.535s] [ 58%] Built target turtlesim__rosidl_typesupport_fastrtps_c
[0.607s] [ 67%] Built target turtlesim__rosidl_typesupport_cpp
[0.636s] [ 76%] Built target turtlesim__rosidl_typesupport_fastrtps_cpp
[0.756s] [ 78%] Built target turtle_teleop_key
[0.795s] [ 80%] Built target mimic
[0.807s] [ 81%] Built target draw_square
[0.813s] [ 82%] Built target turtlesim
[0.813s] [ 86%] Built target turtlesim_node
[0.905s] [ 86%] Built target turtlesim__py
[1.035s] [ 94%] Built target turtlesim__rosidl_generator_py
[1.135s] [ 96%] Built target turtlesim_s__rosidl_typesupport_introspection_c
[1.141s] [ 98%] Built target turtlesim_s__rosidl_typesupport_fastrtps_c
[1.177s] [100%] Built target turtlesim_s__rosidl_typesupport_c
[1.217s] running egg_info
[1.268s] writing turtlesim.egg-info/PKG-INFO
[1.269s] writing dependency_links to turtlesim.egg-info/dependency_links.txt
[1.270s] writing top-level names to turtlesim.egg-info/top_level.txt
[1.457s] reading manifest file 'turtlesim.egg-info/SOURCES.txt'
[1.458s] writing manifest file 'turtlesim.egg-info/SOURCES.txt'
[1.567s] [100%] Built target ament_cmake_python_build_turtlesim_egg
[2.027s] Invoked command in '/home/yixin/ros2_ws/build/turtlesim' returned '0': CMAKE_PREFIX_PATH=${CMAKE_PREFIX_PATH}:/opt/ros/jazzy DEBUGINFOD_URLS=https://debuginfod.ubuntu.com /usr/bin/cmake --build /home/yixin/ros2_ws/build/turtlesim -- -j8 -l8
[2.028s] Invoking command in '/home/yixin/ros2_ws/build/turtlesim': CMAKE_PREFIX_PATH=${CMAKE_PREFIX_PATH}:/opt/ros/jazzy DEBUGINFOD_URLS=https://debuginfod.ubuntu.com /usr/bin/cmake --install /home/yixin/ros2_ws/build/turtlesim
[2.502s] -- Install configuration: ""
[2.502s] -- Up-to-date: /home/yixin/ros2_ws/install/turtlesim/share/ament_index/resource_index/rosidl_interfaces/turtlesim
[2.502s] -- Up-to-date: /home/yixin/ros2_ws/install/turtlesim/share/turtlesim/action/RotateAbsolute.json
[2.502s] -- Up-to-date: /home/yixin/ros2_ws/install/turtlesim/share/turtlesim/msg/Color.json
[2.502s] -- Up-to-date: /home/yixin/ros2_ws/install/turtlesim/share/turtlesim/msg/Pose.json
[2.502s] -- Up-to-date: /home/yixin/ros2_ws/install/turtlesim/share/turtlesim/srv/Kill.json
[2.502s] -- Up-to-date: /home/yixin/ros2_ws/install/turtlesim/share/turtlesim/srv/SetPen.json
[2.502s] -- Up-to-date: /home/yixin/ros2_ws/install/turtlesim/share/turtlesim/srv/Spawn.json
[2.503s] -- Up-to-date: /home/yixin/ros2_ws/install/turtlesim/share/turtlesim/srv/TeleportAbsolute.json
[2.503s] -- Up-to-date: /home/yixin/ros2_ws/install/turtlesim/share/turtlesim/srv/TeleportRelative.json
[2.503s] -- Up-to-date: /home/yixin/ros2_ws/install/turtlesim/include/turtlesim/turtlesim
[2.503s] -- Up-to-date: /home/yixin/ros2_ws/install/turtlesim/include/turtlesim/turtlesim/action
[2.503s] -- Up-to-date: /home/yixin/ros2_ws/install/turtlesim/include/turtlesim/turtlesim/action/detail
[2.503s] -- Up-to-date: /home/yixin/ros2_ws/install/turtlesim/include/turtlesim/turtlesim/action/detail/rotate_absolute__description.c
[2.504s] -- Up-to-date: /home/yixin/ros2_ws/install/turtlesim/include/turtlesim/turtlesim/action/detail/rotate_absolute__struct.h
[2.504s] -- Up-to-date: /home/yixin/ros2_ws/install/turtlesim/include/turtlesim/turtlesim/action/detail/rotate_absolute__type_support.h
[2.504s] -- Up-to-date: /home/yixin/ros2_ws/install/turtlesim/include/turtlesim/turtlesim/action/detail/rotate_absolute__functions.h
[2.507s] -- Up-to-date: /home/yixin/ros2_ws/install/turtlesim/include/turtlesim/turtlesim/action/detail/rotate_absolute__type_support.c
[2.508s] -- Up-to-date: /home/yixin/ros2_ws/install/turtlesim/include/turtlesim/turtlesim/action/detail/rotate_absolute__functions.c
[2.508s] -- Up-to-date: /home/yixin/ros2_ws/install/turtlesim/include/turtlesim/turtlesim/action/rotate_absolute.h
[2.508s] -- Up-to-date: /home/yixin/ros2_ws/install/turtlesim/include/turtlesim/turtlesim/msg
[2.508s] -- Up-to-date: /home/yixin/ros2_ws/install/turtlesim/include/turtlesim/turtlesim/msg/color.h
[2.508s] -- Up-to-date: /home/yixin/ros2_ws/install/turtlesim/include/turtlesim/turtlesim/msg/pose.h
[2.508s] -- Up-to-date: /home/yixin/ros2_ws/install/turtlesim/include/turtlesim/turtlesim/msg/rosidl_generator_c__visibility_control.h
[2.508s] -- Up-to-date: /home/yixin/ros2_ws/install/turtlesim/include/turtlesim/turtlesim/msg/detail
[2.508s] -- Up-to-date: /home/yixin/ros2_ws/install/turtlesim/include/turtlesim/turtlesim/msg/detail/pose__functions.h
[2.508s] -- Up-to-date: /home/yixin/ros2_ws/install/turtlesim/include/turtlesim/turtlesim/msg/detail/pose__struct.h
[2.508s] -- Up-to-date: /home/yixin/ros2_ws/install/turtlesim/include/turtlesim/turtlesim/msg/detail/color__type_support.c
[2.509s] -- Up-to-date: /home/yixin/ros2_ws/install/turtlesim/include/turtlesim/turtlesim/msg/detail/pose__type_support.c
[2.509s] -- Up-to-date: /home/yixin/ros2_ws/install/turtlesim/include/turtlesim/turtlesim/msg/detail/pose__description.c
[2.509s] -- Up-to-date: /home/yixin/ros2_ws/install/turtlesim/include/turtlesim/turtlesim/msg/detail/color__functions.h
[2.509s] -- Up-to-date: /home/yixin/ros2_ws/install/turtlesim/include/turtlesim/turtlesim/msg/detail/pose__functions.c
[2.509s] -- Up-to-date: /home/yixin/ros2_ws/install/turtlesim/include/turtlesim/turtlesim/msg/detail/color__type_support.h
[2.509s] -- Up-to-date: /home/yixin/ros2_ws/install/turtlesim/include/turtlesim/turtlesim/msg/detail/color__struct.h
[2.509s] -- Up-to-date: /home/yixin/ros2_ws/install/turtlesim/include/turtlesim/turtlesim/msg/detail/pose__type_support.h
[2.509s] -- Up-to-date: /home/yixin/ros2_ws/install/turtlesim/include/turtlesim/turtlesim/msg/detail/color__description.c
[2.509s] -- Up-to-date: /home/yixin/ros2_ws/install/turtlesim/include/turtlesim/turtlesim/msg/detail/color__functions.c
[2.509s] -- Up-to-date: /home/yixin/ros2_ws/install/turtlesim/include/turtlesim/turtlesim/srv
[2.513s] -- Up-to-date: /home/yixin/ros2_ws/install/turtlesim/include/turtlesim/turtlesim/srv/teleport_relative.h
[2.514s] -- Up-to-date: /home/yixin/ros2_ws/install/turtlesim/include/turtlesim/turtlesim/srv/detail
[2.514s] -- Up-to-date: /home/yixin/ros2_ws/install/turtlesim/include/turtlesim/turtlesim/srv/detail/set_pen__functions.h
[2.514s] -- Up-to-date: /home/yixin/ros2_ws/install/turtlesim/include/turtlesim/turtlesim/srv/detail/set_pen__description.c
[2.514s] -- Up-to-date: /home/yixin/ros2_ws/install/turtlesim/include/turtlesim/turtlesim/srv/detail/teleport_relative__type_support.h
[2.514s] -- Up-to-date: /home/yixin/ros2_ws/install/turtlesim/include/turtlesim/turtlesim/srv/detail/spawn__type_support.h
[2.514s] -- Up-to-date: /home/yixin/ros2_ws/install/turtlesim/include/turtlesim/turtlesim/srv/detail/set_pen__struct.h
[2.514s] -- Installing: /home/yixin/ros2_ws/install/turtlesim/include/turtlesim/turtlesim/srv/detail/set_pen__type_support.c
[2.514s] -- Up-to-date: /home/yixin/ros2_ws/install/turtlesim/include/turtlesim/turtlesim/srv/detail/kill__struct.h
[2.515s] -- Up-to-date: /home/yixin/ros2_ws/install/turtlesim/include/turtlesim/turtlesim/srv/detail/kill__type_support.c
[2.515s] -- Up-to-date: /home/yixin/ros2_ws/install/turtlesim/include/turtlesim/turtlesim/srv/detail/spawn__functions.h
[2.515s] -- Installing: /home/yixin/ros2_ws/install/turtlesim/include/turtlesim/turtlesim/srv/detail/teleport_absolute__type_support.c
[2.515s] -- Up-to-date: /home/yixin/ros2_ws/install/turtlesim/include/turtlesim/turtlesim/srv/detail/teleport_relative__type_support.c
[2.515s] -- Up-to-date: /home/yixin/ros2_ws/install/turtlesim/include/turtlesim/turtlesim/srv/detail/kill__type_support.h
[2.515s] -- Up-to-date: /home/yixin/ros2_ws/install/turtlesim/include/turtlesim/turtlesim/srv/detail/spawn__struct.h
[2.515s] -- Up-to-date: /home/yixin/ros2_ws/install/turtlesim/include/turtlesim/turtlesim/srv/detail/teleport_absolute__description.c
[2.515s] -- Up-to-date: /home/yixin/ros2_ws/install/turtlesim/include/turtlesim/turtlesim/srv/detail/teleport_relative__struct.h
[2.515s] -- Installing: /home/yixin/ros2_ws/install/turtlesim/include/turtlesim/turtlesim/srv/detail/spawn__type_support.c
[2.515s] -- Up-to-date: /home/yixin/ros2_ws/install/turtlesim/include/turtlesim/turtlesim/srv/detail/kill__functions.c
[2.515s] -- Up-to-date: /home/yixin/ros2_ws/install/turtlesim/include/turtlesim/turtlesim/srv/detail/kill__description.c
[2.516s] -- Up-to-date: /home/yixin/ros2_ws/install/turtlesim/include/turtlesim/turtlesim/srv/detail/teleport_relative__functions.c
[2.516s] -- Up-to-date: /home/yixin/ros2_ws/install/turtlesim/include/turtlesim/turtlesim/srv/detail/teleport_absolute__struct.h
[2.516s] -- Up-to-date: /home/yixin/ros2_ws/install/turtlesim/include/turtlesim/turtlesim/srv/detail/teleport_absolute__functions.h
[2.516s] -- Up-to-date: /home/yixin/ros2_ws/install/turtlesim/include/turtlesim/turtlesim/srv/detail/set_pen__type_support.h
[2.516s] -- Up-to-date: /home/yixin/ros2_ws/install/turtlesim/include/turtlesim/turtlesim/srv/detail/set_pen__functions.c
[2.516s] -- Up-to-date: /home/yixin/ros2_ws/install/turtlesim/include/turtlesim/turtlesim/srv/detail/spawn__description.c
[2.516s] -- Up-to-date: /home/yixin/ros2_ws/install/turtlesim/include/turtlesim/turtlesim/srv/detail/spawn__functions.c
[2.516s] -- Up-to-date: /home/yixin/ros2_ws/install/turtlesim/include/turtlesim/turtlesim/srv/detail/teleport_relative__functions.h
[2.520s] -- Up-to-date: /home/yixin/ros2_ws/install/turtlesim/include/turtlesim/turtlesim/srv/detail/kill__functions.h
[2.522s] -- Up-to-date: /home/yixin/ros2_ws/install/turtlesim/include/turtlesim/turtlesim/srv/detail/teleport_relative__description.c
[2.522s] -- Up-to-date: /home/yixin/ros2_ws/install/turtlesim/include/turtlesim/turtlesim/srv/detail/teleport_absolute__functions.c
[2.522s] -- Up-to-date: /home/yixin/ros2_ws/install/turtlesim/include/turtlesim/turtlesim/srv/detail/teleport_absolute__type_support.h
[2.522s] -- Up-to-date: /home/yixin/ros2_ws/install/turtlesim/include/turtlesim/turtlesim/srv/kill.h
[2.522s] -- Up-to-date: /home/yixin/ros2_ws/install/turtlesim/include/turtlesim/turtlesim/srv/teleport_absolute.h
[2.522s] -- Up-to-date: /home/yixin/ros2_ws/install/turtlesim/include/turtlesim/turtlesim/srv/spawn.h
[2.522s] -- Up-to-date: /home/yixin/ros2_ws/install/turtlesim/include/turtlesim/turtlesim/srv/set_pen.h
[2.522s] -- Up-to-date: /home/yixin/ros2_ws/install/turtlesim/share/turtlesim/environment/library_path.sh
[2.522s] -- Up-to-date: /home/yixin/ros2_ws/install/turtlesim/share/turtlesim/environment/library_path.dsv
[2.522s] -- Up-to-date: /home/yixin/ros2_ws/install/turtlesim/lib/libturtlesim__rosidl_generator_c.so
[2.522s] -- Up-to-date: /home/yixin/ros2_ws/install/turtlesim/include/turtlesim/turtlesim
[2.523s] -- Up-to-date: /home/yixin/ros2_ws/install/turtlesim/include/turtlesim/turtlesim/action
[2.523s] -- Up-to-date: /home/yixin/ros2_ws/install/turtlesim/include/turtlesim/turtlesim/action/detail
[2.523s] -- Up-to-date: /home/yixin/ros2_ws/install/turtlesim/include/turtlesim/turtlesim/action/detail/rotate_absolute__rosidl_typesupport_fastrtps_c.h
[2.523s] -- Up-to-date: /home/yixin/ros2_ws/install/turtlesim/include/turtlesim/turtlesim/msg
[2.523s] -- Up-to-date: /home/yixin/ros2_ws/install/turtlesim/include/turtlesim/turtlesim/msg/detail
[2.523s] -- Up-to-date: /home/yixin/ros2_ws/install/turtlesim/include/turtlesim/turtlesim/msg/detail/pose__rosidl_typesupport_fastrtps_c.h
[2.523s] -- Up-to-date: /home/yixin/ros2_ws/install/turtlesim/include/turtlesim/turtlesim/msg/detail/color__rosidl_typesupport_fastrtps_c.h
[2.523s] -- Up-to-date: /home/yixin/ros2_ws/install/turtlesim/include/turtlesim/turtlesim/msg/rosidl_typesupport_fastrtps_c__visibility_control.h
[2.523s] -- Up-to-date: /home/yixin/ros2_ws/install/turtlesim/include/turtlesim/turtlesim/srv
[2.523s] -- Up-to-date: /home/yixin/ros2_ws/install/turtlesim/include/turtlesim/turtlesim/srv/detail
[2.523s] -- Up-to-date: /home/yixin/ros2_ws/install/turtlesim/include/turtlesim/turtlesim/srv/detail/kill__rosidl_typesupport_fastrtps_c.h
[2.523s] -- Up-to-date: /home/yixin/ros2_ws/install/turtlesim/include/turtlesim/turtlesim/srv/detail/set_pen__rosidl_typesupport_fastrtps_c.h
[2.524s] -- Up-to-date: /home/yixin/ros2_ws/install/turtlesim/include/turtlesim/turtlesim/srv/detail/teleport_relative__rosidl_typesupport_fastrtps_c.h
[2.524s] -- Up-to-date: /home/yixin/ros2_ws/install/turtlesim/include/turtlesim/turtlesim/srv/detail/spawn__rosidl_typesupport_fastrtps_c.h
[2.524s] -- Up-to-date: /home/yixin/ros2_ws/install/turtlesim/include/turtlesim/turtlesim/srv/detail/teleport_absolute__rosidl_typesupport_fastrtps_c.h
[2.524s] -- Up-to-date: /home/yixin/ros2_ws/install/turtlesim/lib/libturtlesim__rosidl_typesupport_fastrtps_c.so
[2.524s] -- Up-to-date: /home/yixin/ros2_ws/install/turtlesim/include/turtlesim/turtlesim
[2.524s] -- Up-to-date: /home/yixin/ros2_ws/install/turtlesim/include/turtlesim/turtlesim/action
[2.524s] -- Up-to-date: /home/yixin/ros2_ws/install/turtlesim/include/turtlesim/turtlesim/action/detail
[2.531s] -- Up-to-date: /home/yixin/ros2_ws/install/turtlesim/include/turtlesim/turtlesim/action/detail/rotate_absolute__builder.hpp
[2.533s] -- Up-to-date: /home/yixin/ros2_ws/install/turtlesim/include/turtlesim/turtlesim/action/detail/rotate_absolute__type_support.hpp
[2.533s] -- Up-to-date: /home/yixin/ros2_ws/install/turtlesim/include/turtlesim/turtlesim/action/detail/rotate_absolute__traits.hpp
[2.533s] -- Up-to-date: /home/yixin/ros2_ws/install/turtlesim/include/turtlesim/turtlesim/action/detail/rotate_absolute__struct.hpp
[2.533s] -- Up-to-date: /home/yixin/ros2_ws/install/turtlesim/include/turtlesim/turtlesim/action/rotate_absolute.hpp
[2.533s] -- Up-to-date: /home/yixin/ros2_ws/install/turtlesim/include/turtlesim/turtlesim/msg
[2.536s] -- Up-to-date: /home/yixin/ros2_ws/install/turtlesim/include/turtlesim/turtlesim/msg/pose.hpp
[2.536s] -- Up-to-date: /home/yixin/ros2_ws/install/turtlesim/include/turtlesim/turtlesim/msg/detail
[2.536s] -- Up-to-date: /home/yixin/ros2_ws/install/turtlesim/include/turtlesim/turtlesim/msg/detail/pose__type_support.hpp
[2.536s] -- Up-to-date: /home/yixin/ros2_ws/install/turtlesim/include/turtlesim/turtlesim/msg/detail/pose__builder.hpp
[2.536s] -- Up-to-date: /home/yixin/ros2_ws/install/turtlesim/include/turtlesim/turtlesim/msg/detail/color__struct.hpp
[2.537s] -- Up-to-date: /home/yixin/ros2_ws/install/turtlesim/include/turtlesim/turtlesim/msg/detail/pose__struct.hpp
[2.537s] -- Up-to-date: /home/yixin/ros2_ws/install/turtlesim/include/turtlesim/turtlesim/msg/detail/color__builder.hpp
[2.537s] -- Up-to-date: /home/yixin/ros2_ws/install/turtlesim/include/turtlesim/turtlesim/msg/detail/color__traits.hpp
[2.537s] -- Up-to-date: /home/yixin/ros2_ws/install/turtlesim/include/turtlesim/turtlesim/msg/detail/pose__traits.hpp
[2.537s] -- Up-to-date: /home/yixin/ros2_ws/install/turtlesim/include/turtlesim/turtlesim/msg/detail/color__type_support.hpp
[2.537s] -- Up-to-date: /home/yixin/ros2_ws/install/turtlesim/include/turtlesim/turtlesim/msg/rosidl_generator_cpp__visibility_control.hpp
[2.537s] -- Up-to-date: /home/yixin/ros2_ws/install/turtlesim/include/turtlesim/turtlesim/msg/color.hpp
[2.537s] -- Up-to-date: /home/yixin/ros2_ws/install/turtlesim/include/turtlesim/turtlesim/srv
[2.537s] -- Up-to-date: /home/yixin/ros2_ws/install/turtlesim/include/turtlesim/turtlesim/srv/detail
[2.538s] -- Up-to-date: /home/yixin/ros2_ws/install/turtlesim/include/turtlesim/turtlesim/srv/detail/set_pen__type_support.hpp
[2.538s] -- Up-to-date: /home/yixin/ros2_ws/install/turtlesim/include/turtlesim/turtlesim/srv/detail/spawn__struct.hpp
[2.538s] -- Up-to-date: /home/yixin/ros2_ws/install/turtlesim/include/turtlesim/turtlesim/srv/detail/spawn__traits.hpp
[2.538s] -- Up-to-date: /home/yixin/ros2_ws/install/turtlesim/include/turtlesim/turtlesim/srv/detail/kill__traits.hpp
[2.541s] -- Up-to-date: /home/yixin/ros2_ws/install/turtlesim/include/turtlesim/turtlesim/srv/detail/spawn__type_support.hpp
[2.541s] -- Up-to-date: /home/yixin/ros2_ws/install/turtlesim/include/turtlesim/turtlesim/srv/detail/set_pen__builder.hpp
[2.541s] -- Up-to-date: /home/yixin/ros2_ws/install/turtlesim/include/turtlesim/turtlesim/srv/detail/teleport_relative__traits.hpp
[2.541s] -- Up-to-date: /home/yixin/ros2_ws/install/turtlesim/include/turtlesim/turtlesim/srv/detail/teleport_absolute__type_support.hpp
[2.541s] -- Up-to-date: /home/yixin/ros2_ws/install/turtlesim/include/turtlesim/turtlesim/srv/detail/teleport_relative__struct.hpp
[2.541s] -- Up-to-date: /home/yixin/ros2_ws/install/turtlesim/include/turtlesim/turtlesim/srv/detail/set_pen__struct.hpp
[2.541s] -- Up-to-date: /home/yixin/ros2_ws/install/turtlesim/include/turtlesim/turtlesim/srv/detail/teleport_absolute__struct.hpp
[2.541s] -- Up-to-date: /home/yixin/ros2_ws/install/turtlesim/include/turtlesim/turtlesim/srv/detail/kill__struct.hpp
[2.541s] -- Up-to-date: /home/yixin/ros2_ws/install/turtlesim/include/turtlesim/turtlesim/srv/detail/teleport_absolute__traits.hpp
[2.541s] -- Up-to-date: /home/yixin/ros2_ws/install/turtlesim/include/turtlesim/turtlesim/srv/detail/set_pen__traits.hpp
[2.542s] -- Up-to-date: /home/yixin/ros2_ws/install/turtlesim/include/turtlesim/turtlesim/srv/detail/spawn__builder.hpp
[2.542s] -- Up-to-date: /home/yixin/ros2_ws/install/turtlesim/include/turtlesim/turtlesim/srv/detail/teleport_relative__builder.hpp
[2.542s] -- Up-to-date: /home/yixin/ros2_ws/install/turtlesim/include/turtlesim/turtlesim/srv/detail/kill__builder.hpp
[2.542s] -- Up-to-date: /home/yixin/ros2_ws/install/turtlesim/include/turtlesim/turtlesim/srv/detail/teleport_absolute__builder.hpp
[2.542s] -- Up-to-date: /home/yixin/ros2_ws/install/turtlesim/include/turtlesim/turtlesim/srv/detail/kill__type_support.hpp
[2.542s] -- Up-to-date: /home/yixin/ros2_ws/install/turtlesim/include/turtlesim/turtlesim/srv/detail/teleport_relative__type_support.hpp
[2.542s] -- Up-to-date: /home/yixin/ros2_ws/install/turtlesim/include/turtlesim/turtlesim/srv/kill.hpp
[2.542s] -- Up-to-date: /home/yixin/ros2_ws/install/turtlesim/include/turtlesim/turtlesim/srv/set_pen.hpp
[2.542s] -- Up-to-date: /home/yixin/ros2_ws/install/turtlesim/include/turtlesim/turtlesim/srv/teleport_absolute.hpp
[2.542s] -- Up-to-date: /home/yixin/ros2_ws/install/turtlesim/include/turtlesim/turtlesim/srv/spawn.hpp
[2.543s] -- Up-to-date: /home/yixin/ros2_ws/install/turtlesim/include/turtlesim/turtlesim/srv/teleport_relative.hpp
[2.543s] -- Up-to-date: /home/yixin/ros2_ws/install/turtlesim/include/turtlesim/turtlesim
[2.543s] -- Up-to-date: /home/yixin/ros2_ws/install/turtlesim/include/turtlesim/turtlesim/action
[2.543s] -- Up-to-date: /home/yixin/ros2_ws/install/turtlesim/include/turtlesim/turtlesim/action/detail
[2.543s] -- Up-to-date: /home/yixin/ros2_ws/install/turtlesim/include/turtlesim/turtlesim/action/detail/dds_fastrtps
[2.543s] -- Up-to-date: /home/yixin/ros2_ws/install/turtlesim/include/turtlesim/turtlesim/action/detail/rotate_absolute__rosidl_typesupport_fastrtps_cpp.hpp
[2.543s] -- Up-to-date: /home/yixin/ros2_ws/install/turtlesim/include/turtlesim/turtlesim/msg
[2.543s] -- Up-to-date: /home/yixin/ros2_ws/install/turtlesim/include/turtlesim/turtlesim/msg/detail
[2.543s] -- Up-to-date: /home/yixin/ros2_ws/install/turtlesim/include/turtlesim/turtlesim/msg/detail/pose__rosidl_typesupport_fastrtps_cpp.hpp
[2.543s] -- Up-to-date: /home/yixin/ros2_ws/install/turtlesim/include/turtlesim/turtlesim/msg/detail/dds_fastrtps
[2.543s] -- Up-to-date: /home/yixin/ros2_ws/install/turtlesim/include/turtlesim/turtlesim/msg/detail/color__rosidl_typesupport_fastrtps_cpp.hpp
[2.543s] -- Up-to-date: /home/yixin/ros2_ws/install/turtlesim/include/turtlesim/turtlesim/msg/rosidl_typesupport_fastrtps_cpp__visibility_control.h
[2.543s] -- Up-to-date: /home/yixin/ros2_ws/install/turtlesim/include/turtlesim/turtlesim/srv
[2.544s] -- Up-to-date: /home/yixin/ros2_ws/install/turtlesim/include/turtlesim/turtlesim/srv/detail
[2.544s] -- Up-to-date: /home/yixin/ros2_ws/install/turtlesim/include/turtlesim/turtlesim/srv/detail/set_pen__rosidl_typesupport_fastrtps_cpp.hpp
[2.544s] -- Up-to-date: /home/yixin/ros2_ws/install/turtlesim/include/turtlesim/turtlesim/srv/detail/teleport_absolute__rosidl_typesupport_fastrtps_cpp.hpp
[2.544s] -- Up-to-date: /home/yixin/ros2_ws/install/turtlesim/include/turtlesim/turtlesim/srv/detail/spawn__rosidl_typesupport_fastrtps_cpp.hpp
[2.544s] -- Up-to-date: /home/yixin/ros2_ws/install/turtlesim/include/turtlesim/turtlesim/srv/detail/dds_fastrtps
[2.544s] -- Up-to-date: /home/yixin/ros2_ws/install/turtlesim/include/turtlesim/turtlesim/srv/detail/teleport_relative__rosidl_typesupport_fastrtps_cpp.hpp
[2.544s] -- Up-to-date: /home/yixin/ros2_ws/install/turtlesim/include/turtlesim/turtlesim/srv/detail/kill__rosidl_typesupport_fastrtps_cpp.hpp
[2.544s] -- Up-to-date: /home/yixin/ros2_ws/install/turtlesim/lib/libturtlesim__rosidl_typesupport_fastrtps_cpp.so
[2.544s] -- Up-to-date: /home/yixin/ros2_ws/install/turtlesim/include/turtlesim/turtlesim
[2.544s] -- Up-to-date: /home/yixin/ros2_ws/install/turtlesim/include/turtlesim/turtlesim/action
[2.547s] -- Up-to-date: /home/yixin/ros2_ws/install/turtlesim/include/turtlesim/turtlesim/action/detail
[2.548s] -- Up-to-date: /home/yixin/ros2_ws/install/turtlesim/include/turtlesim/turtlesim/action/detail/rotate_absolute__rosidl_typesupport_introspection_c.h
[2.548s] -- Up-to-date: /home/yixin/ros2_ws/install/turtlesim/include/turtlesim/turtlesim/action/detail/rotate_absolute__type_support.c
[2.549s] -- Up-to-date: /home/yixin/ros2_ws/install/turtlesim/include/turtlesim/turtlesim/msg
[2.555s] -- Up-to-date: /home/yixin/ros2_ws/install/turtlesim/include/turtlesim/turtlesim/msg/detail
[2.556s] -- Up-to-date: /home/yixin/ros2_ws/install/turtlesim/include/turtlesim/turtlesim/msg/detail/color__type_support.c
[2.556s] -- Up-to-date: /home/yixin/ros2_ws/install/turtlesim/include/turtlesim/turtlesim/msg/detail/pose__type_support.c
[2.556s] -- Up-to-date: /home/yixin/ros2_ws/install/turtlesim/include/turtlesim/turtlesim/msg/detail/pose__rosidl_typesupport_introspection_c.h
[2.556s] -- Up-to-date: /home/yixin/ros2_ws/install/turtlesim/include/turtlesim/turtlesim/msg/detail/color__rosidl_typesupport_introspection_c.h
[2.556s] -- Up-to-date: /home/yixin/ros2_ws/install/turtlesim/include/turtlesim/turtlesim/msg/rosidl_typesupport_introspection_c__visibility_control.h
[2.556s] -- Up-to-date: /home/yixin/ros2_ws/install/turtlesim/include/turtlesim/turtlesim/srv
[2.556s] -- Up-to-date: /home/yixin/ros2_ws/install/turtlesim/include/turtlesim/turtlesim/srv/detail
[2.556s] -- Installing: /home/yixin/ros2_ws/install/turtlesim/include/turtlesim/turtlesim/srv/detail/set_pen__type_support.c
[2.556s] -- Up-to-date: /home/yixin/ros2_ws/install/turtlesim/include/turtlesim/turtlesim/srv/detail/kill__type_support.c
[2.557s] -- Installing: /home/yixin/ros2_ws/install/turtlesim/include/turtlesim/turtlesim/srv/detail/teleport_absolute__type_support.c
[2.557s] -- Up-to-date: /home/yixin/ros2_ws/install/turtlesim/include/turtlesim/turtlesim/srv/detail/set_pen__rosidl_typesupport_introspection_c.h
[2.557s] -- Up-to-date: /home/yixin/ros2_ws/install/turtlesim/include/turtlesim/turtlesim/srv/detail/teleport_relative__type_support.c
[2.557s] -- Installing: /home/yixin/ros2_ws/install/turtlesim/include/turtlesim/turtlesim/srv/detail/spawn__type_support.c
[2.557s] -- Up-to-date: /home/yixin/ros2_ws/install/turtlesim/include/turtlesim/turtlesim/srv/detail/teleport_relative__rosidl_typesupport_introspection_c.h
[2.557s] -- Up-to-date: /home/yixin/ros2_ws/install/turtlesim/include/turtlesim/turtlesim/srv/detail/teleport_absolute__rosidl_typesupport_introspection_c.h
[2.557s] -- Up-to-date: /home/yixin/ros2_ws/install/turtlesim/include/turtlesim/turtlesim/srv/detail/spawn__rosidl_typesupport_introspection_c.h
[2.557s] -- Up-to-date: /home/yixin/ros2_ws/install/turtlesim/include/turtlesim/turtlesim/srv/detail/kill__rosidl_typesupport_introspection_c.h
[2.558s] -- Up-to-date: /home/yixin/ros2_ws/install/turtlesim/lib/libturtlesim__rosidl_typesupport_introspection_c.so
[2.558s] -- Up-to-date: /home/yixin/ros2_ws/install/turtlesim/lib/libturtlesim__rosidl_typesupport_c.so
[2.558s] -- Up-to-date: /home/yixin/ros2_ws/install/turtlesim/include/turtlesim/turtlesim
[2.558s] -- Up-to-date: /home/yixin/ros2_ws/install/turtlesim/include/turtlesim/turtlesim/action
[2.561s] -- Up-to-date: /home/yixin/ros2_ws/install/turtlesim/include/turtlesim/turtlesim/action/detail
[2.561s] -- Up-to-date: /home/yixin/ros2_ws/install/turtlesim/include/turtlesim/turtlesim/action/detail/rotate_absolute__type_support.cpp
[2.561s] -- Up-to-date: /home/yixin/ros2_ws/install/turtlesim/include/turtlesim/turtlesim/action/detail/rotate_absolute__rosidl_typesupport_introspection_cpp.hpp
[2.561s] -- Up-to-date: /home/yixin/ros2_ws/install/turtlesim/include/turtlesim/turtlesim/msg
[2.561s] -- Up-to-date: /home/yixin/ros2_ws/install/turtlesim/include/turtlesim/turtlesim/msg/detail
[2.561s] -- Up-to-date: /home/yixin/ros2_ws/install/turtlesim/include/turtlesim/turtlesim/msg/detail/color__rosidl_typesupport_introspection_cpp.hpp
[2.561s] -- Up-to-date: /home/yixin/ros2_ws/install/turtlesim/include/turtlesim/turtlesim/msg/detail/color__type_support.cpp
[2.561s] -- Up-to-date: /home/yixin/ros2_ws/install/turtlesim/include/turtlesim/turtlesim/msg/detail/pose__rosidl_typesupport_introspection_cpp.hpp
[2.561s] -- Up-to-date: /home/yixin/ros2_ws/install/turtlesim/include/turtlesim/turtlesim/msg/detail/pose__type_support.cpp
[2.562s] -- Up-to-date: /home/yixin/ros2_ws/install/turtlesim/include/turtlesim/turtlesim/srv
[2.562s] -- Up-to-date: /home/yixin/ros2_ws/install/turtlesim/include/turtlesim/turtlesim/srv/detail
[2.562s] -- Up-to-date: /home/yixin/ros2_ws/install/turtlesim/include/turtlesim/turtlesim/srv/detail/set_pen__rosidl_typesupport_introspection_cpp.hpp
[2.562s] -- Up-to-date: /home/yixin/ros2_ws/install/turtlesim/include/turtlesim/turtlesim/srv/detail/teleport_absolute__rosidl_typesupport_introspection_cpp.hpp
[2.562s] -- Up-to-date: /home/yixin/ros2_ws/install/turtlesim/include/turtlesim/turtlesim/srv/detail/spawn__rosidl_typesupport_introspection_cpp.hpp
[2.562s] -- Up-to-date: /home/yixin/ros2_ws/install/turtlesim/include/turtlesim/turtlesim/srv/detail/set_pen__type_support.cpp
[2.562s] -- Up-to-date: /home/yixin/ros2_ws/install/turtlesim/include/turtlesim/turtlesim/srv/detail/kill__rosidl_typesupport_introspection_cpp.hpp
[2.562s] -- Up-to-date: /home/yixin/ros2_ws/install/turtlesim/include/turtlesim/turtlesim/srv/detail/spawn__type_support.cpp
[2.562s] -- Up-to-date: /home/yixin/ros2_ws/install/turtlesim/include/turtlesim/turtlesim/srv/detail/teleport_relative__rosidl_typesupport_introspection_cpp.hpp
[2.562s] -- Up-to-date: /home/yixin/ros2_ws/install/turtlesim/include/turtlesim/turtlesim/srv/detail/kill__type_support.cpp
[2.562s] -- Up-to-date: /home/yixin/ros2_ws/install/turtlesim/include/turtlesim/turtlesim/srv/detail/teleport_absolute__type_support.cpp
[2.563s] -- Up-to-date: /home/yixin/ros2_ws/install/turtlesim/include/turtlesim/turtlesim/srv/detail/teleport_relative__type_support.cpp
[2.563s] -- Up-to-date: /home/yixin/ros2_ws/install/turtlesim/lib/libturtlesim__rosidl_typesupport_introspection_cpp.so
[2.563s] -- Up-to-date: /home/yixin/ros2_ws/install/turtlesim/lib/libturtlesim__rosidl_typesupport_cpp.so
[2.563s] -- Up-to-date: /home/yixin/ros2_ws/install/turtlesim/share/turtlesim/environment/pythonpath.sh
[2.563s] -- Up-to-date: /home/yixin/ros2_ws/install/turtlesim/share/turtlesim/environment/pythonpath.dsv
[2.563s] -- Up-to-date: /home/yixin/ros2_ws/install/turtlesim/lib/python3.12/site-packages/turtlesim-1.8.3-py3.12.egg-info
[2.563s] -- Installing: /home/yixin/ros2_ws/install/turtlesim/lib/python3.12/site-packages/turtlesim-1.8.3-py3.12.egg-info/top_level.txt
[2.563s] -- Installing: /home/yixin/ros2_ws/install/turtlesim/lib/python3.12/site-packages/turtlesim-1.8.3-py3.12.egg-info/dependency_links.txt
[2.570s] -- Installing: /home/yixin/ros2_ws/install/turtlesim/lib/python3.12/site-packages/turtlesim-1.8.3-py3.12.egg-info/PKG-INFO
[2.570s] -- Installing: /home/yixin/ros2_ws/install/turtlesim/lib/python3.12/site-packages/turtlesim-1.8.3-py3.12.egg-info/SOURCES.txt
[2.570s] -- Up-to-date: /home/yixin/ros2_ws/install/turtlesim/lib/python3.12/site-packages/turtlesim
[2.570s] -- Up-to-date: /home/yixin/ros2_ws/install/turtlesim/lib/python3.12/site-packages/turtlesim/_turtlesim_s.ep.rosidl_typesupport_c.c
[2.570s] -- Up-to-date: /home/yixin/ros2_ws/install/turtlesim/lib/python3.12/site-packages/turtlesim/__init__.py
[2.570s] -- Up-to-date: /home/yixin/ros2_ws/install/turtlesim/lib/python3.12/site-packages/turtlesim/turtlesim_s__rosidl_typesupport_c.so
[2.570s] -- Up-to-date: /home/yixin/ros2_ws/install/turtlesim/lib/python3.12/site-packages/turtlesim/_turtlesim_s.ep.rosidl_typesupport_fastrtps_c.c
[2.570s] -- Up-to-date: /home/yixin/ros2_ws/install/turtlesim/lib/python3.12/site-packages/turtlesim/action
[2.570s] -- Up-to-date: /home/yixin/ros2_ws/install/turtlesim/lib/python3.12/site-packages/turtlesim/action/_rotate_absolute.py
[2.571s] -- Up-to-date: /home/yixin/ros2_ws/install/turtlesim/lib/python3.12/site-packages/turtlesim/action/__init__.py
[2.571s] -- Up-to-date: /home/yixin/ros2_ws/install/turtlesim/lib/python3.12/site-packages/turtlesim/action/_rotate_absolute_s.c
[2.571s] -- Up-to-date: /home/yixin/ros2_ws/install/turtlesim/lib/python3.12/site-packages/turtlesim/msg
[2.571s] -- Up-to-date: /home/yixin/ros2_ws/install/turtlesim/lib/python3.12/site-packages/turtlesim/msg/_pose.py
[2.572s] -- Up-to-date: /home/yixin/ros2_ws/install/turtlesim/lib/python3.12/site-packages/turtlesim/msg/_pose_s.c
[2.572s] -- Up-to-date: /home/yixin/ros2_ws/install/turtlesim/lib/python3.12/site-packages/turtlesim/msg/__init__.py
[2.572s] -- Up-to-date: /home/yixin/ros2_ws/install/turtlesim/lib/python3.12/site-packages/turtlesim/msg/_color_s.c
[2.572s] -- Up-to-date: /home/yixin/ros2_ws/install/turtlesim/lib/python3.12/site-packages/turtlesim/msg/_color.py
[2.572s] -- Up-to-date: /home/yixin/ros2_ws/install/turtlesim/lib/python3.12/site-packages/turtlesim/turtlesim_s__rosidl_typesupport_fastrtps_c.so
[2.572s] -- Up-to-date: /home/yixin/ros2_ws/install/turtlesim/lib/python3.12/site-packages/turtlesim/_turtlesim_s.ep.rosidl_typesupport_introspection_c.c
[2.572s] -- Up-to-date: /home/yixin/ros2_ws/install/turtlesim/lib/python3.12/site-packages/turtlesim/turtlesim_s__rosidl_typesupport_introspection_c.so
[2.572s] -- Up-to-date: /home/yixin/ros2_ws/install/turtlesim/lib/python3.12/site-packages/turtlesim/srv
[2.572s] -- Up-to-date: /home/yixin/ros2_ws/install/turtlesim/lib/python3.12/site-packages/turtlesim/srv/_kill.py
[2.572s] -- Up-to-date: /home/yixin/ros2_ws/install/turtlesim/lib/python3.12/site-packages/turtlesim/srv/_spawn.py
[2.572s] -- Up-to-date: /home/yixin/ros2_ws/install/turtlesim/lib/python3.12/site-packages/turtlesim/srv/_teleport_absolute.py
[2.573s] -- Up-to-date: /home/yixin/ros2_ws/install/turtlesim/lib/python3.12/site-packages/turtlesim/srv/_kill_s.c
[2.573s] -- Up-to-date: /home/yixin/ros2_ws/install/turtlesim/lib/python3.12/site-packages/turtlesim/srv/_teleport_absolute_s.c
[2.573s] -- Up-to-date: /home/yixin/ros2_ws/install/turtlesim/lib/python3.12/site-packages/turtlesim/srv/_set_pen.py
[2.573s] -- Up-to-date: /home/yixin/ros2_ws/install/turtlesim/lib/python3.12/site-packages/turtlesim/srv/_spawn_s.c
[2.573s] -- Up-to-date: /home/yixin/ros2_ws/install/turtlesim/lib/python3.12/site-packages/turtlesim/srv/__init__.py
[2.573s] -- Up-to-date: /home/yixin/ros2_ws/install/turtlesim/lib/python3.12/site-packages/turtlesim/srv/_set_pen_s.c
[2.573s] -- Up-to-date: /home/yixin/ros2_ws/install/turtlesim/lib/python3.12/site-packages/turtlesim/srv/_teleport_relative_s.c
[2.573s] -- Up-to-date: /home/yixin/ros2_ws/install/turtlesim/lib/python3.12/site-packages/turtlesim/srv/_teleport_relative.py
[2.668s] Listing '/home/yixin/ros2_ws/install/turtlesim/lib/python3.12/site-packages/turtlesim'...
[2.668s] Listing '/home/yixin/ros2_ws/install/turtlesim/lib/python3.12/site-packages/turtlesim/action'...
[2.668s] Listing '/home/yixin/ros2_ws/install/turtlesim/lib/python3.12/site-packages/turtlesim/msg'...
[2.668s] Listing '/home/yixin/ros2_ws/install/turtlesim/lib/python3.12/site-packages/turtlesim/srv'...
[2.699s] -- Up-to-date: /home/yixin/ros2_ws/install/turtlesim/lib/python3.12/site-packages/turtlesim/turtlesim_s__rosidl_typesupport_fastrtps_c.so
[2.701s] -- Up-to-date: /home/yixin/ros2_ws/install/turtlesim/lib/python3.12/site-packages/turtlesim/turtlesim_s__rosidl_typesupport_introspection_c.so
[2.702s] -- Up-to-date: /home/yixin/ros2_ws/install/turtlesim/lib/python3.12/site-packages/turtlesim/turtlesim_s__rosidl_typesupport_c.so
[2.708s] -- Up-to-date: /home/yixin/ros2_ws/install/turtlesim/lib/libturtlesim__rosidl_generator_py.so
[2.708s] -- Up-to-date: /home/yixin/ros2_ws/install/turtlesim/share/turtlesim/action/RotateAbsolute.idl
[2.708s] -- Up-to-date: /home/yixin/ros2_ws/install/turtlesim/share/turtlesim/msg/Color.idl
[2.708s] -- Up-to-date: /home/yixin/ros2_ws/install/turtlesim/share/turtlesim/msg/Pose.idl
[2.708s] -- Up-to-date: /home/yixin/ros2_ws/install/turtlesim/share/turtlesim/srv/Kill.idl
[2.709s] -- Up-to-date: /home/yixin/ros2_ws/install/turtlesim/share/turtlesim/srv/SetPen.idl
[2.709s] -- Up-to-date: /home/yixin/ros2_ws/install/turtlesim/share/turtlesim/srv/Spawn.idl
[2.709s] -- Up-to-date: /home/yixin/ros2_ws/install/turtlesim/share/turtlesim/srv/TeleportAbsolute.idl
[2.709s] -- Up-to-date: /home/yixin/ros2_ws/install/turtlesim/share/turtlesim/srv/TeleportRelative.idl
[2.709s] -- Up-to-date: /home/yixin/ros2_ws/install/turtlesim/share/turtlesim/action/RotateAbsolute.action
[2.709s] -- Up-to-date: /home/yixin/ros2_ws/install/turtlesim/share/turtlesim/msg/Color.msg
[2.709s] -- Up-to-date: /home/yixin/ros2_ws/install/turtlesim/share/turtlesim/msg/Pose.msg
[2.709s] -- Up-to-date: /home/yixin/ros2_ws/install/turtlesim/share/turtlesim/srv/Kill.srv
[2.709s] -- Up-to-date: /home/yixin/ros2_ws/install/turtlesim/share/turtlesim/srv/SetPen.srv
[2.709s] -- Up-to-date: /home/yixin/ros2_ws/install/turtlesim/share/turtlesim/srv/Spawn.srv
[2.710s] -- Up-to-date: /home/yixin/ros2_ws/install/turtlesim/share/turtlesim/srv/TeleportAbsolute.srv
[2.710s] -- Up-to-date: /home/yixin/ros2_ws/install/turtlesim/share/turtlesim/srv/TeleportRelative.srv
[2.715s] -- Up-to-date: /home/yixin/ros2_ws/install/turtlesim/lib/turtlesim/turtlesim_node
[2.716s] -- Up-to-date: /home/yixin/ros2_ws/install/turtlesim/lib/turtlesim/turtle_teleop_key
[2.717s] -- Up-to-date: /home/yixin/ros2_ws/install/turtlesim/lib/turtlesim/draw_square
[2.723s] -- Up-to-date: /home/yixin/ros2_ws/install/turtlesim/lib/turtlesim/mimic
[2.723s] -- Up-to-date: /home/yixin/ros2_ws/install/turtlesim/share/turtlesim/images
[2.724s] -- Up-to-date: /home/yixin/ros2_ws/install/turtlesim/share/turtlesim/images/dashing.png
[2.725s] -- Up-to-date: /home/yixin/ros2_ws/install/turtlesim/share/turtlesim/images/ardent.png
[2.725s] -- Up-to-date: /home/yixin/ros2_ws/install/turtlesim/share/turtlesim/images/crystal.png
[2.725s] -- Up-to-date: /home/yixin/ros2_ws/install/turtlesim/share/turtlesim/images/eloquent.png
[2.725s] -- Up-to-date: /home/yixin/ros2_ws/install/turtlesim/share/turtlesim/images/bouncy.png
[2.726s] -- Up-to-date: /home/yixin/ros2_ws/install/turtlesim/share/turtlesim/images/galactic.png
[2.726s] -- Up-to-date: /home/yixin/ros2_ws/install/turtlesim/share/turtlesim/images/rolling.png
[2.726s] -- Up-to-date: /home/yixin/ros2_ws/install/turtlesim/share/turtlesim/images/humble.png
[2.726s] -- Up-to-date: /home/yixin/ros2_ws/install/turtlesim/share/turtlesim/images/foxy.png
[2.726s] -- Up-to-date: /home/yixin/ros2_ws/install/turtlesim/share/turtlesim/images/jazzy.png
[2.726s] -- Up-to-date: /home/yixin/ros2_ws/install/turtlesim/share/turtlesim/images/iron.png
[2.726s] -- Up-to-date: /home/yixin/ros2_ws/install/turtlesim/share/turtlesim/launch
[2.726s] -- Up-to-date: /home/yixin/ros2_ws/install/turtlesim/share/turtlesim/launch/multisim.launch.py
[2.726s] -- Up-to-date: /home/yixin/ros2_ws/install/turtlesim/share/ament_index/resource_index/package_run_dependencies/turtlesim
[2.726s] -- Up-to-date: /home/yixin/ros2_ws/install/turtlesim/share/ament_index/resource_index/parent_prefix_path/turtlesim
[2.726s] -- Up-to-date: /home/yixin/ros2_ws/install/turtlesim/share/turtlesim/environment/ament_prefix_path.sh
[2.727s] -- Up-to-date: /home/yixin/ros2_ws/install/turtlesim/share/turtlesim/environment/ament_prefix_path.dsv
[2.727s] -- Up-to-date: /home/yixin/ros2_ws/install/turtlesim/share/turtlesim/environment/path.sh
[2.727s] -- Up-to-date: /home/yixin/ros2_ws/install/turtlesim/share/turtlesim/environment/path.dsv
[2.727s] -- Up-to-date: /home/yixin/ros2_ws/install/turtlesim/share/turtlesim/local_setup.bash
[2.727s] -- Up-to-date: /home/yixin/ros2_ws/install/turtlesim/share/turtlesim/local_setup.sh
[2.727s] -- Up-to-date: /home/yixin/ros2_ws/install/turtlesim/share/turtlesim/local_setup.zsh
[2.727s] -- Up-to-date: /home/yixin/ros2_ws/install/turtlesim/share/turtlesim/local_setup.dsv
[2.727s] -- Installing: /home/yixin/ros2_ws/install/turtlesim/share/turtlesim/package.dsv
[2.730s] -- Up-to-date: /home/yixin/ros2_ws/install/turtlesim/share/ament_index/resource_index/packages/turtlesim
[2.731s] -- Up-to-date: /home/yixin/ros2_ws/install/turtlesim/share/turtlesim/cmake/export_turtlesim__rosidl_generator_cExport.cmake
[2.731s] -- Up-to-date: /home/yixin/ros2_ws/install/turtlesim/share/turtlesim/cmake/export_turtlesim__rosidl_generator_cExport-noconfig.cmake
[2.731s] -- Up-to-date: /home/yixin/ros2_ws/install/turtlesim/share/turtlesim/cmake/export_turtlesim__rosidl_typesupport_fastrtps_cExport.cmake
[2.731s] -- Up-to-date: /home/yixin/ros2_ws/install/turtlesim/share/turtlesim/cmake/export_turtlesim__rosidl_typesupport_fastrtps_cExport-noconfig.cmake
[2.734s] -- Up-to-date: /home/yixin/ros2_ws/install/turtlesim/share/turtlesim/cmake/export_turtlesim__rosidl_generator_cppExport.cmake
[2.735s] -- Up-to-date: /home/yixin/ros2_ws/install/turtlesim/share/turtlesim/cmake/export_turtlesim__rosidl_typesupport_fastrtps_cppExport.cmake
[2.736s] -- Up-to-date: /home/yixin/ros2_ws/install/turtlesim/share/turtlesim/cmake/export_turtlesim__rosidl_typesupport_fastrtps_cppExport-noconfig.cmake
[2.736s] -- Up-to-date: /home/yixin/ros2_ws/install/turtlesim/share/turtlesim/cmake/turtlesim__rosidl_typesupport_introspection_cExport.cmake
[2.736s] -- Up-to-date: /home/yixin/ros2_ws/install/turtlesim/share/turtlesim/cmake/turtlesim__rosidl_typesupport_introspection_cExport-noconfig.cmake
[2.737s] -- Up-to-date: /home/yixin/ros2_ws/install/turtlesim/share/turtlesim/cmake/turtlesim__rosidl_typesupport_cExport.cmake
[2.737s] -- Up-to-date: /home/yixin/ros2_ws/install/turtlesim/share/turtlesim/cmake/turtlesim__rosidl_typesupport_cExport-noconfig.cmake
[2.737s] -- Up-to-date: /home/yixin/ros2_ws/install/turtlesim/share/turtlesim/cmake/turtlesim__rosidl_typesupport_introspection_cppExport.cmake
[2.737s] -- Up-to-date: /home/yixin/ros2_ws/install/turtlesim/share/turtlesim/cmake/turtlesim__rosidl_typesupport_introspection_cppExport-noconfig.cmake
[2.737s] -- Up-to-date: /home/yixin/ros2_ws/install/turtlesim/share/turtlesim/cmake/turtlesim__rosidl_typesupport_cppExport.cmake
[2.737s] -- Up-to-date: /home/yixin/ros2_ws/install/turtlesim/share/turtlesim/cmake/turtlesim__rosidl_typesupport_cppExport-noconfig.cmake
[2.737s] -- Up-to-date: /home/yixin/ros2_ws/install/turtlesim/share/turtlesim/cmake/export_turtlesim__rosidl_generator_pyExport.cmake
[2.737s] -- Up-to-date: /home/yixin/ros2_ws/install/turtlesim/share/turtlesim/cmake/export_turtlesim__rosidl_generator_pyExport-noconfig.cmake
[2.737s] -- Up-to-date: /home/yixin/ros2_ws/install/turtlesim/share/turtlesim/cmake/rosidl_cmake-extras.cmake
[2.737s] -- Up-to-date: /home/yixin/ros2_ws/install/turtlesim/share/turtlesim/cmake/ament_cmake_export_dependencies-extras.cmake
[2.737s] -- Up-to-date: /home/yixin/ros2_ws/install/turtlesim/share/turtlesim/cmake/ament_cmake_export_include_directories-extras.cmake
[2.738s] -- Up-to-date: /home/yixin/ros2_ws/install/turtlesim/share/turtlesim/cmake/ament_cmake_export_libraries-extras.cmake
[2.738s] -- Up-to-date: /home/yixin/ros2_ws/install/turtlesim/share/turtlesim/cmake/ament_cmake_export_targets-extras.cmake
[2.738s] -- Up-to-date: /home/yixin/ros2_ws/install/turtlesim/share/turtlesim/cmake/rosidl_cmake_export_typesupport_targets-extras.cmake
[2.738s] -- Up-to-date: /home/yixin/ros2_ws/install/turtlesim/share/turtlesim/cmake/rosidl_cmake_export_typesupport_libraries-extras.cmake
[2.741s] -- Up-to-date: /home/yixin/ros2_ws/install/turtlesim/share/turtlesim/cmake/turtlesimConfig.cmake
[2.741s] -- Up-to-date: /home/yixin/ros2_ws/install/turtlesim/share/turtlesim/cmake/turtlesimConfig-version.cmake
[2.741s] -- Up-to-date: /home/yixin/ros2_ws/install/turtlesim/share/turtlesim/package.xml
[2.751s] Invoked command in '/home/yixin/ros2_ws/build/turtlesim' returned '0': CMAKE_PREFIX_PATH=${CMAKE_PREFIX_PATH}:/opt/ros/jazzy DEBUGINFOD_URLS=https://debuginfod.ubuntu.com /usr/bin/cmake --install /home/yixin/ros2_ws/build/turtlesim
