[0.063s] Invoking command in '/home/yixin/ros2_ws/build/cpp_srvcli': AMENT_PREFIX_PATH=/home/yixin/ros2_ws/install/tutorial_interfaces:${AMENT_PREFIX_PATH} CMAKE_PREFIX_PATH=/home/yixin/ros2_ws/install/tutorial_interfaces:/opt/ros/jazzy/opt/sdformat_vendor:/opt/ros/jazzy/opt/gz_math_vendor:/opt/ros/jazzy/opt/gz_utils_vendor:/opt/ros/jazzy/opt/gz_tools_vendor:/opt/ros/jazzy/opt/gz_cmake_vendor:/opt/ros/jazzy DEBUGINFOD_URLS=https://debuginfod.ubuntu.com LD_LIBRARY_PATH=/home/yixin/ros2_ws/install/tutorial_interfaces/lib:${LD_LIBRARY_PATH} PYTHONPATH=/home/yixin/ros2_ws/install/tutorial_interfaces/lib/python3.12/site-packages:${PYTHONPATH} /usr/bin/cmake --build /home/yixin/ros2_ws/build/cpp_srvcli -- -j8 -l8
[0.344s] [ 50%] Built target server
[0.379s] [100%] Built target client
[0.439s] Invoked command in '/home/yixin/ros2_ws/build/cpp_srvcli' returned '0': AMENT_PREFIX_PATH=/home/yixin/ros2_ws/install/tutorial_interfaces:${AMENT_PREFIX_PATH} CMAKE_PREFIX_PATH=/home/yixin/ros2_ws/install/tutorial_interfaces:/opt/ros/jazzy/opt/sdformat_vendor:/opt/ros/jazzy/opt/gz_math_vendor:/opt/ros/jazzy/opt/gz_utils_vendor:/opt/ros/jazzy/opt/gz_tools_vendor:/opt/ros/jazzy/opt/gz_cmake_vendor:/opt/ros/jazzy DEBUGINFOD_URLS=https://debuginfod.ubuntu.com LD_LIBRARY_PATH=/home/yixin/ros2_ws/install/tutorial_interfaces/lib:${LD_LIBRARY_PATH} PYTHONPATH=/home/yixin/ros2_ws/install/tutorial_interfaces/lib/python3.12/site-packages:${PYTHONPATH} /usr/bin/cmake --build /home/yixin/ros2_ws/build/cpp_srvcli -- -j8 -l8
[0.444s] Invoking command in '/home/yixin/ros2_ws/build/cpp_srvcli': AMENT_PREFIX_PATH=/home/yixin/ros2_ws/install/tutorial_interfaces:${AMENT_PREFIX_PATH} CMAKE_PREFIX_PATH=/home/yixin/ros2_ws/install/tutorial_interfaces:/opt/ros/jazzy/opt/sdformat_vendor:/opt/ros/jazzy/opt/gz_math_vendor:/opt/ros/jazzy/opt/gz_utils_vendor:/opt/ros/jazzy/opt/gz_tools_vendor:/opt/ros/jazzy/opt/gz_cmake_vendor:/opt/ros/jazzy DEBUGINFOD_URLS=https://debuginfod.ubuntu.com LD_LIBRARY_PATH=/home/yixin/ros2_ws/install/tutorial_interfaces/lib:${LD_LIBRARY_PATH} PYTHONPATH=/home/yixin/ros2_ws/install/tutorial_interfaces/lib/python3.12/site-packages:${PYTHONPATH} /usr/bin/cmake --install /home/yixin/ros2_ws/build/cpp_srvcli
[0.481s] -- Install configuration: ""
[0.487s] -- Up-to-date: /home/yixin/ros2_ws/install/cpp_srvcli/lib/cpp_srvcli/server
[0.487s] -- Up-to-date: /home/yixin/ros2_ws/install/cpp_srvcli/lib/cpp_srvcli/client
[0.491s] -- Up-to-date: /home/yixin/ros2_ws/install/cpp_srvcli/share/ament_index/resource_index/package_run_dependencies/cpp_srvcli
[0.492s] -- Up-to-date: /home/yixin/ros2_ws/install/cpp_srvcli/share/ament_index/resource_index/parent_prefix_path/cpp_srvcli
[0.492s] -- Up-to-date: /home/yixin/ros2_ws/install/cpp_srvcli/share/cpp_srvcli/environment/ament_prefix_path.sh
[0.492s] -- Up-to-date: /home/yixin/ros2_ws/install/cpp_srvcli/share/cpp_srvcli/environment/ament_prefix_path.dsv
[0.492s] -- Up-to-date: /home/yixin/ros2_ws/install/cpp_srvcli/share/cpp_srvcli/environment/path.sh
[0.492s] -- Up-to-date: /home/yixin/ros2_ws/install/cpp_srvcli/share/cpp_srvcli/environment/path.dsv
[0.492s] -- Up-to-date: /home/yixin/ros2_ws/install/cpp_srvcli/share/cpp_srvcli/local_setup.bash
[0.492s] -- Up-to-date: /home/yixin/ros2_ws/install/cpp_srvcli/share/cpp_srvcli/local_setup.sh
[0.492s] -- Up-to-date: /home/yixin/ros2_ws/install/cpp_srvcli/share/cpp_srvcli/local_setup.zsh
[0.492s] -- Up-to-date: /home/yixin/ros2_ws/install/cpp_srvcli/share/cpp_srvcli/local_setup.dsv
[0.492s] -- Installing: /home/yixin/ros2_ws/install/cpp_srvcli/share/cpp_srvcli/package.dsv
[0.493s] -- Up-to-date: /home/yixin/ros2_ws/install/cpp_srvcli/share/ament_index/resource_index/packages/cpp_srvcli
[0.493s] -- Up-to-date: /home/yixin/ros2_ws/install/cpp_srvcli/share/cpp_srvcli/cmake/cpp_srvcliConfig.cmake
[0.493s] -- Up-to-date: /home/yixin/ros2_ws/install/cpp_srvcli/share/cpp_srvcli/cmake/cpp_srvcliConfig-version.cmake
[0.493s] -- Up-to-date: /home/yixin/ros2_ws/install/cpp_srvcli/share/cpp_srvcli/package.xml
[0.506s] Invoked command in '/home/yixin/ros2_ws/build/cpp_srvcli' returned '0': AMENT_PREFIX_PATH=/home/yixin/ros2_ws/install/tutorial_interfaces:${AMENT_PREFIX_PATH} CMAKE_PREFIX_PATH=/home/yixin/ros2_ws/install/tutorial_interfaces:/opt/ros/jazzy/opt/sdformat_vendor:/opt/ros/jazzy/opt/gz_math_vendor:/opt/ros/jazzy/opt/gz_utils_vendor:/opt/ros/jazzy/opt/gz_tools_vendor:/opt/ros/jazzy/opt/gz_cmake_vendor:/opt/ros/jazzy DEBUGINFOD_URLS=https://debuginfod.ubuntu.com LD_LIBRARY_PATH=/home/yixin/ros2_ws/install/tutorial_interfaces/lib:${LD_LIBRARY_PATH} PYTHONPATH=/home/yixin/ros2_ws/install/tutorial_interfaces/lib/python3.12/site-packages:${PYTHONPATH} /usr/bin/cmake --install /home/yixin/ros2_ws/build/cpp_srvcli
