[5.945s] Invoking command in '/home/yixin/ros2_ws/src/examples/rclpy/services/minimal_client': DEBUGINFOD_URLS=https://debuginfod.ubuntu.com PYTHONPATH=/home/yixin/ros2_ws/build/examples_rclpy_minimal_client/prefix_override:/usr/lib/python3/dist-packages/colcon_core/task/python/colcon_distutils_commands:/home/yixin/ros2_ws/install/examples_rclpy_minimal_client/lib/python3.12/site-packages:${PYTHONPATH} /usr/bin/python3 -W ignore:setup.py install is deprecated -W ignore:easy_install command is deprecated setup.py egg_info --egg-base ../../../../../build/examples_rclpy_minimal_client build --build-base /home/yixin/ros2_ws/build/examples_rclpy_minimal_client/build install --record /home/yixin/ros2_ws/build/examples_rclpy_minimal_client/install.log --single-version-externally-managed install_data
[6.506s] running egg_info
[6.545s] writing ../../../../../build/examples_rclpy_minimal_client/examples_rclpy_minimal_client.egg-info/PKG-INFO
[6.545s] writing dependency_links to ../../../../../build/examples_rclpy_minimal_client/examples_rclpy_minimal_client.egg-info/dependency_links.txt
[6.549s] writing entry points to ../../../../../build/examples_rclpy_minimal_client/examples_rclpy_minimal_client.egg-info/entry_points.txt
[6.549s] writing requirements to ../../../../../build/examples_rclpy_minimal_client/examples_rclpy_minimal_client.egg-info/requires.txt
[6.549s] writing top-level names to ../../../../../build/examples_rclpy_minimal_client/examples_rclpy_minimal_client.egg-info/top_level.txt
[6.618s] reading manifest file '../../../../../build/examples_rclpy_minimal_client/examples_rclpy_minimal_client.egg-info/SOURCES.txt'
[6.620s] writing manifest file '../../../../../build/examples_rclpy_minimal_client/examples_rclpy_minimal_client.egg-info/SOURCES.txt'
[6.621s] running build
[6.621s] running build_py
[6.621s] running install
[6.631s] running install_lib
[6.664s] running install_data
[6.664s] running install_egg_info
[6.697s] removing '/home/yixin/ros2_ws/install/examples_rclpy_minimal_client/lib/python3.12/site-packages/examples_rclpy_minimal_client-0.19.7-py3.12.egg-info' (and everything under it)
[6.698s] Copying ../../../../../build/examples_rclpy_minimal_client/examples_rclpy_minimal_client.egg-info to /home/yixin/ros2_ws/install/examples_rclpy_minimal_client/lib/python3.12/site-packages/examples_rclpy_minimal_client-0.19.7-py3.12.egg-info
[6.700s] running install_scripts
[6.901s] Installing client script to /home/yixin/ros2_ws/install/examples_rclpy_minimal_client/lib/examples_rclpy_minimal_client
[6.902s] Installing client_async script to /home/yixin/ros2_ws/install/examples_rclpy_minimal_client/lib/examples_rclpy_minimal_client
[6.902s] Installing client_async_callback script to /home/yixin/ros2_ws/install/examples_rclpy_minimal_client/lib/examples_rclpy_minimal_client
[6.903s] Installing client_async_member_function script to /home/yixin/ros2_ws/install/examples_rclpy_minimal_client/lib/examples_rclpy_minimal_client
[6.905s] writing list of installed files to '/home/yixin/ros2_ws/build/examples_rclpy_minimal_client/install.log'
[7.030s] Invoked command in '/home/yixin/ros2_ws/src/examples/rclpy/services/minimal_client' returned '0': DEBUGINFOD_URLS=https://debuginfod.ubuntu.com PYTHONPATH=/home/yixin/ros2_ws/build/examples_rclpy_minimal_client/prefix_override:/usr/lib/python3/dist-packages/colcon_core/task/python/colcon_distutils_commands:/home/yixin/ros2_ws/install/examples_rclpy_minimal_client/lib/python3.12/site-packages:${PYTHONPATH} /usr/bin/python3 -W ignore:setup.py install is deprecated -W ignore:easy_install command is deprecated setup.py egg_info --egg-base ../../../../../build/examples_rclpy_minimal_client build --build-base /home/yixin/ros2_ws/build/examples_rclpy_minimal_client/build install --record /home/yixin/ros2_ws/build/examples_rclpy_minimal_client/install.log --single-version-externally-managed install_data
