[0.053s] Invoking command in '/home/yixin/ros2_ws/build/cpp_pubsub': CMAKE_PREFIX_PATH=${CMAKE_PREFIX_PATH}:/home/yixin/ros2_ws/install/py_srvcli:/home/yixin/ros2_ws/install/py_pubsub:/home/yixin/ros2_ws/install/my_python_package:/home/yixin/ros2_ws/install/launch_testing_examples:/home/yixin/ros2_ws/install/examples_rclpy_pointcloud_publisher:/home/yixin/ros2_ws/install/examples_rclpy_minimal_subscriber:/home/yixin/ros2_ws/install/examples_rclpy_minimal_service:/home/yixin/ros2_ws/install/examples_rclpy_minimal_publisher:/home/yixin/ros2_ws/install/examples_rclpy_minimal_client:/home/yixin/ros2_ws/install/examples_rclpy_minimal_action_server:/home/yixin/ros2_ws/install/examples_rclpy_minimal_action_client:/home/yixin/ros2_ws/install/examples_rclpy_guard_conditions:/home/yixin/ros2_ws/install/examples_rclpy_executors:/opt/ros/jazzy DEBUGINFOD_URLS=https://debuginfod.ubuntu.com /usr/bin/cmake --build /home/yixin/ros2_ws/build/cpp_pubsub -- -j8 -l8
[0.148s] -- Found ament_cmake: 2.5.5 (/opt/ros/jazzy/share/ament_cmake/cmake)
[0.841s] -- Found rclcpp: 28.1.16 (/opt/ros/jazzy/share/rclcpp/cmake)
[0.933s] -- Found rosidl_generator_c: 4.6.7 (/opt/ros/jazzy/share/rosidl_generator_c/cmake)
[0.961s] -- Found rosidl_generator_cpp: 4.6.7 (/opt/ros/jazzy/share/rosidl_generator_cpp/cmake)
[0.998s] -- Using all available rosidl_typesupport_c: rosidl_typesupport_fastrtps_c;rosidl_typesupport_introspection_c
[1.046s] -- Using all available rosidl_typesupport_cpp: rosidl_typesupport_fastrtps_cpp;rosidl_typesupport_introspection_cpp
[1.248s] -- Found rmw_implementation_cmake: 7.3.3 (/opt/ros/jazzy/share/rmw_implementation_cmake/cmake)
[1.256s] -- Found rmw_fastrtps_cpp: 8.4.3 (/opt/ros/jazzy/share/rmw_fastrtps_cpp/cmake)
[1.464s] -- Using RMW implementation 'rmw_fastrtps_cpp' as default
[1.669s] -- Found tutorial_interfaces: 0.0.0 (/home/yixin/ros2_ws/install/tutorial_interfaces/share/tutorial_interfaces/cmake)
[1.868s] -- Found ament_lint_auto: 0.17.4 (/opt/ros/jazzy/share/ament_lint_auto/cmake)
[2.155s] -- Added test 'cppcheck' to perform static code analysis on C / C++ code
[2.156s] -- Configured cppcheck include dirs: 
[2.156s] -- Configured cppcheck exclude dirs and/or files: 
[2.158s] -- Added test 'lint_cmake' to check CMake code style
[2.161s] -- Added test 'uncrustify' to check C / C++ code style
[2.162s] -- Configured uncrustify additional arguments: 
[2.163s] -- Added test 'xmllint' to check XML markup files
[2.165s] -- Configuring done (2.0s)
[2.213s] -- Generating done (0.0s)
[2.234s] -- Build files have been written to: /home/yixin/ros2_ws/build/cpp_pubsub
[2.387s] [ 50%] [32mBuilding CXX object CMakeFiles/talker.dir/src/publisher_lambda_function.cpp.o[0m
[2.387s] [ 50%] [32mBuilding CXX object CMakeFiles/listener.dir/src/subscriber_lambda_function.cpp.o[0m
[8.110s] [01m[K/home/yixin/ros2_ws/src/cpp_pubsub/src/subscriber_lambda_function.cpp:45:24:[m[K [01;31m[Kerror: [m[K‘[01m[Kstd_msgs[m[K’ was not declared in this scope
[8.110s]    45 |   rclcpp::Subscription<[01;31m[Kstd_msgs[m[K::msg::String>::SharedPtr subscription_;
[8.110s]       |                        [01;31m[K^~~~~~~~[m[K
[8.110s] [01m[K/home/yixin/ros2_ws/src/cpp_pubsub/src/subscriber_lambda_function.cpp:45:45:[m[K [01;31m[Kerror: [m[Ktemplate argument 1 is invalid
[8.111s]    45 |   rclcpp::Subscription<std_msgs::msg::String[01;31m[K>[m[K::SharedPtr subscription_;
[8.111s]       |                                             [01;31m[K^[m[K
[8.111s] [01m[K/home/yixin/ros2_ws/src/cpp_pubsub/src/subscriber_lambda_function.cpp:45:45:[m[K [01;31m[Kerror: [m[Ktemplate argument 3 is invalid
[8.111s] [01m[K/home/yixin/ros2_ws/src/cpp_pubsub/src/subscriber_lambda_function.cpp:45:45:[m[K [01;31m[Kerror: [m[Ktemplate argument 4 is invalid
[8.111s] [01m[K/home/yixin/ros2_ws/src/cpp_pubsub/src/subscriber_lambda_function.cpp:45:45:[m[K [01;31m[Kerror: [m[Ktemplate argument 5 is invalid
[8.112s] [01m[K/home/yixin/ros2_ws/src/cpp_pubsub/src/subscriber_lambda_function.cpp:45:48:[m[K [01;31m[Kerror: [m[Kexpected ‘[01m[K;[m[K’ at end of member declaration
[8.112s]    45 |   rclcpp::Subscription<std_msgs::msg::String>::[01;31m[KSharedPtr[m[K subscription_;
[8.112s]       |                                                [01;31m[K^~~~~~~~~[m[K
[8.112s]       |                                                         [32m[K;[m[K
[8.116s] [01m[K/home/yixin/ros2_ws/src/cpp_pubsub/src/subscriber_lambda_function.cpp:45:58:[m[K [01;31m[Kerror: [m[K‘[01m[Ksubscription_[m[K’ does not name a type; did you mean ‘[01m[Krmw_subscription_t[m[K’?
[8.116s]    45 |   rclcpp::Subscription<std_msgs::msg::String>::SharedPtr [01;31m[Ksubscription_[m[K;
[8.117s]       |                                                          [01;31m[K^~~~~~~~~~~~~[m[K
[8.117s]       |                                                          [32m[Krmw_subscription_t[m[K
[8.132s] [01m[K/home/yixin/ros2_ws/src/cpp_pubsub/src/subscriber_lambda_function.cpp:[m[K In constructor ‘[01m[KMinimalSubscriber::[01;32m[KMinimalSubscriber[m[K()[m[K’:
[8.132s] [01m[K/home/yixin/ros2_ws/src/cpp_pubsub/src/subscriber_lambda_function.cpp:40:5:[m[K [01;31m[Kerror: [m[K‘[01m[Ksubscription_[m[K’ was not declared in this scope; did you mean ‘[01m[Krmw_subscription_t[m[K’?
[8.132s]    40 |     [01;31m[Ksubscription_[m[K = this->create_subscription<tutorial_interfaces::msg::Num>(    // CHANGE
[8.132s]       |     [01;31m[K^~~~~~~~~~~~~[m[K
[8.133s]       |     [32m[Krmw_subscription_t[m[K
[10.663s] gmake[2]: *** [CMakeFiles/listener.dir/build.make:76: CMakeFiles/listener.dir/src/subscriber_lambda_function.cpp.o] Error 1
[10.664s] gmake[1]: *** [CMakeFiles/Makefile2:165: CMakeFiles/listener.dir/all] Error 2
[10.664s] gmake[1]: *** Waiting for unfinished jobs....
[10.710s] [ 75%] [32m[1mLinking CXX executable talker[0m
[10.949s] [ 75%] Built target talker
[10.952s] gmake: *** [Makefile:146: all] Error 2
[10.955s] Invoked command in '/home/yixin/ros2_ws/build/cpp_pubsub' returned '2': CMAKE_PREFIX_PATH=${CMAKE_PREFIX_PATH}:/home/yixin/ros2_ws/install/py_srvcli:/home/yixin/ros2_ws/install/py_pubsub:/home/yixin/ros2_ws/install/my_python_package:/home/yixin/ros2_ws/install/launch_testing_examples:/home/yixin/ros2_ws/install/examples_rclpy_pointcloud_publisher:/home/yixin/ros2_ws/install/examples_rclpy_minimal_subscriber:/home/yixin/ros2_ws/install/examples_rclpy_minimal_service:/home/yixin/ros2_ws/install/examples_rclpy_minimal_publisher:/home/yixin/ros2_ws/install/examples_rclpy_minimal_client:/home/yixin/ros2_ws/install/examples_rclpy_minimal_action_server:/home/yixin/ros2_ws/install/examples_rclpy_minimal_action_client:/home/yixin/ros2_ws/install/examples_rclpy_guard_conditions:/home/yixin/ros2_ws/install/examples_rclpy_executors:/opt/ros/jazzy DEBUGINFOD_URLS=https://debuginfod.ubuntu.com /usr/bin/cmake --build /home/yixin/ros2_ws/build/cpp_pubsub -- -j8 -l8
