[0.022s] Invoking command in '/home/yixin/ros2_ws/build/cpp_pubsub': AMENT_PREFIX_PATH=/home/yixin/ros2_ws/install/tutorial_interfaces:${AMENT_PREFIX_PATH} CMAKE_PREFIX_PATH=/home/yixin/ros2_ws/install/tutorial_interfaces:/opt/ros/jazzy/opt/sdformat_vendor:/opt/ros/jazzy/opt/gz_math_vendor:/opt/ros/jazzy/opt/gz_utils_vendor:/opt/ros/jazzy/opt/gz_tools_vendor:/opt/ros/jazzy/opt/gz_cmake_vendor:/opt/ros/jazzy DEBUGINFOD_URLS=https://debuginfod.ubuntu.com LD_LIBRARY_PATH=/home/yixin/ros2_ws/install/tutorial_interfaces/lib:${LD_LIBRARY_PATH} PYTHONPATH=/home/yixin/ros2_ws/install/tutorial_interfaces/lib/python3.12/site-packages:${PYTHONPATH} /usr/bin/cmake --build /home/yixin/ros2_ws/build/cpp_pubsub -- -j8 -l8
[0.279s] [ 50%] Built target talker
[0.305s] [100%] Built target listener
[0.369s] Invoked command in '/home/yixin/ros2_ws/build/cpp_pubsub' returned '0': AMENT_PREFIX_PATH=/home/yixin/ros2_ws/install/tutorial_interfaces:${AMENT_PREFIX_PATH} CMAKE_PREFIX_PATH=/home/yixin/ros2_ws/install/tutorial_interfaces:/opt/ros/jazzy/opt/sdformat_vendor:/opt/ros/jazzy/opt/gz_math_vendor:/opt/ros/jazzy/opt/gz_utils_vendor:/opt/ros/jazzy/opt/gz_tools_vendor:/opt/ros/jazzy/opt/gz_cmake_vendor:/opt/ros/jazzy DEBUGINFOD_URLS=https://debuginfod.ubuntu.com LD_LIBRARY_PATH=/home/yixin/ros2_ws/install/tutorial_interfaces/lib:${LD_LIBRARY_PATH} PYTHONPATH=/home/yixin/ros2_ws/install/tutorial_interfaces/lib/python3.12/site-packages:${PYTHONPATH} /usr/bin/cmake --build /home/yixin/ros2_ws/build/cpp_pubsub -- -j8 -l8
[0.375s] Invoking command in '/home/yixin/ros2_ws/build/cpp_pubsub': AMENT_PREFIX_PATH=/home/yixin/ros2_ws/install/tutorial_interfaces:${AMENT_PREFIX_PATH} CMAKE_PREFIX_PATH=/home/yixin/ros2_ws/install/tutorial_interfaces:/opt/ros/jazzy/opt/sdformat_vendor:/opt/ros/jazzy/opt/gz_math_vendor:/opt/ros/jazzy/opt/gz_utils_vendor:/opt/ros/jazzy/opt/gz_tools_vendor:/opt/ros/jazzy/opt/gz_cmake_vendor:/opt/ros/jazzy DEBUGINFOD_URLS=https://debuginfod.ubuntu.com LD_LIBRARY_PATH=/home/yixin/ros2_ws/install/tutorial_interfaces/lib:${LD_LIBRARY_PATH} PYTHONPATH=/home/yixin/ros2_ws/install/tutorial_interfaces/lib/python3.12/site-packages:${PYTHONPATH} /usr/bin/cmake --install /home/yixin/ros2_ws/build/cpp_pubsub
[0.423s] -- Install configuration: ""
[0.431s] -- Up-to-date: /home/yixin/ros2_ws/install/cpp_pubsub/lib/cpp_pubsub/talker
[0.440s] -- Up-to-date: /home/yixin/ros2_ws/install/cpp_pubsub/lib/cpp_pubsub/listener
[0.440s] -- Up-to-date: /home/yixin/ros2_ws/install/cpp_pubsub/share/ament_index/resource_index/package_run_dependencies/cpp_pubsub
[0.441s] -- Up-to-date: /home/yixin/ros2_ws/install/cpp_pubsub/share/ament_index/resource_index/parent_prefix_path/cpp_pubsub
[0.442s] -- Up-to-date: /home/yixin/ros2_ws/install/cpp_pubsub/share/cpp_pubsub/environment/ament_prefix_path.sh
[0.442s] -- Up-to-date: /home/yixin/ros2_ws/install/cpp_pubsub/share/cpp_pubsub/environment/ament_prefix_path.dsv
[0.442s] -- Up-to-date: /home/yixin/ros2_ws/install/cpp_pubsub/share/cpp_pubsub/environment/path.sh
[0.442s] -- Up-to-date: /home/yixin/ros2_ws/install/cpp_pubsub/share/cpp_pubsub/environment/path.dsv
[0.442s] -- Up-to-date: /home/yixin/ros2_ws/install/cpp_pubsub/share/cpp_pubsub/local_setup.bash
[0.442s] -- Up-to-date: /home/yixin/ros2_ws/install/cpp_pubsub/share/cpp_pubsub/local_setup.sh
[0.442s] -- Up-to-date: /home/yixin/ros2_ws/install/cpp_pubsub/share/cpp_pubsub/local_setup.zsh
[0.442s] -- Up-to-date: /home/yixin/ros2_ws/install/cpp_pubsub/share/cpp_pubsub/local_setup.dsv
[0.442s] -- Installing: /home/yixin/ros2_ws/install/cpp_pubsub/share/cpp_pubsub/package.dsv
[0.446s] -- Up-to-date: /home/yixin/ros2_ws/install/cpp_pubsub/share/ament_index/resource_index/packages/cpp_pubsub
[0.446s] -- Up-to-date: /home/yixin/ros2_ws/install/cpp_pubsub/share/cpp_pubsub/cmake/cpp_pubsubConfig.cmake
[0.447s] -- Up-to-date: /home/yixin/ros2_ws/install/cpp_pubsub/share/cpp_pubsub/cmake/cpp_pubsubConfig-version.cmake
[0.447s] -- Up-to-date: /home/yixin/ros2_ws/install/cpp_pubsub/share/cpp_pubsub/package.xml
[0.459s] Invoked command in '/home/yixin/ros2_ws/build/cpp_pubsub' returned '0': AMENT_PREFIX_PATH=/home/yixin/ros2_ws/install/tutorial_interfaces:${AMENT_PREFIX_PATH} CMAKE_PREFIX_PATH=/home/yixin/ros2_ws/install/tutorial_interfaces:/opt/ros/jazzy/opt/sdformat_vendor:/opt/ros/jazzy/opt/gz_math_vendor:/opt/ros/jazzy/opt/gz_utils_vendor:/opt/ros/jazzy/opt/gz_tools_vendor:/opt/ros/jazzy/opt/gz_cmake_vendor:/opt/ros/jazzy DEBUGINFOD_URLS=https://debuginfod.ubuntu.com LD_LIBRARY_PATH=/home/yixin/ros2_ws/install/tutorial_interfaces/lib:${LD_LIBRARY_PATH} PYTHONPATH=/home/yixin/ros2_ws/install/tutorial_interfaces/lib/python3.12/site-packages:${PYTHONPATH} /usr/bin/cmake --install /home/yixin/ros2_ws/build/cpp_pubsub
