-- Found ament_cmake: 2.5.5 (/opt/ros/jazzy/share/ament_cmake/cmake)
-- Found rclcpp: 28.1.16 (/opt/ros/jazzy/share/rclcpp/cmake)
-- Found rosidl_generator_c: 4.6.7 (/opt/ros/jazzy/share/rosidl_generator_c/cmake)
-- Found rosidl_generator_cpp: 4.6.7 (/opt/ros/jazzy/share/rosidl_generator_cpp/cmake)
-- Using all available rosidl_typesupport_c: rosidl_typesupport_fastrtps_c;rosidl_typesupport_introspection_c
-- Using all available rosidl_typesupport_cpp: rosidl_typesupport_fastrtps_cpp;rosidl_typesupport_introspection_cpp
-- Found rmw_implementation_cmake: 7.3.3 (/opt/ros/jazzy/share/rmw_implementation_cmake/cmake)
-- Found rmw_fastrtps_cpp: 8.4.3 (/opt/ros/jazzy/share/rmw_fastrtps_cpp/cmake)
-- Using RMW implementation 'rmw_fastrtps_cpp' as default
-- Found rclcpp_components: 28.1.16 (/opt/ros/jazzy/share/rclcpp_components/cmake)
-- Found std_msgs: 5.3.6 (/opt/ros/jazzy/share/std_msgs/cmake)
-- Found ament_lint_auto: 0.17.4 (/opt/ros/jazzy/share/ament_lint_auto/cmake)
-- Added test 'cppcheck' to perform static code analysis on C / C++ code
-- Configured cppcheck include dirs: 
-- Configured cppcheck exclude dirs and/or files: 
-- Added test 'lint_cmake' to check CMake code style
-- Added test 'uncrustify' to check C / C++ code style
-- Configured uncrustify additional arguments: 
-- Added test 'xmllint' to check XML markup files
-- Configuring done (2.1s)
-- Generating done (0.0s)
-- Build files have been written to: /home/yixin/ros2_ws/build/vincent_driver
[100%] Built target vincent_driver_component
-- Install configuration: ""
-- Up-to-date: /home/yixin/ros2_ws/install/vincent_driver/lib/libvincent_driver_component.so
-- Up-to-date: /home/yixin/ros2_ws/install/vincent_driver/share/ament_index/resource_index/package_run_dependencies/vincent_driver
-- Installing: /home/yixin/ros2_ws/install/vincent_driver/share/ament_index/resource_index/parent_prefix_path/vincent_driver
-- Up-to-date: /home/yixin/ros2_ws/install/vincent_driver/share/vincent_driver/environment/ament_prefix_path.sh
-- Up-to-date: /home/yixin/ros2_ws/install/vincent_driver/share/vincent_driver/environment/ament_prefix_path.dsv
-- Up-to-date: /home/yixin/ros2_ws/install/vincent_driver/share/vincent_driver/environment/path.sh
-- Up-to-date: /home/yixin/ros2_ws/install/vincent_driver/share/vincent_driver/environment/path.dsv
-- Up-to-date: /home/yixin/ros2_ws/install/vincent_driver/share/vincent_driver/local_setup.bash
-- Up-to-date: /home/yixin/ros2_ws/install/vincent_driver/share/vincent_driver/local_setup.sh
-- Up-to-date: /home/yixin/ros2_ws/install/vincent_driver/share/vincent_driver/local_setup.zsh
-- Up-to-date: /home/yixin/ros2_ws/install/vincent_driver/share/vincent_driver/local_setup.dsv
-- Installing: /home/yixin/ros2_ws/install/vincent_driver/share/vincent_driver/package.dsv
-- Up-to-date: /home/yixin/ros2_ws/install/vincent_driver/share/ament_index/resource_index/packages/vincent_driver
-- Up-to-date: /home/yixin/ros2_ws/install/vincent_driver/share/ament_index/resource_index/rclcpp_components/vincent_driver
-- Up-to-date: /home/yixin/ros2_ws/install/vincent_driver/share/vincent_driver/cmake/vincent_driverConfig.cmake
-- Up-to-date: /home/yixin/ros2_ws/install/vincent_driver/share/vincent_driver/cmake/vincent_driverConfig-version.cmake
-- Up-to-date: /home/yixin/ros2_ws/install/vincent_driver/share/vincent_driver/package.xml
