[0.046s] Invoking command in '/home/yixin/ros2_ws/build/vincent_driver': CMAKE_PREFIX_PATH=${CMAKE_PREFIX_PATH}:/home/yixin/ros2_ws/install/py_srvcli:/home/yixin/ros2_ws/install/py_pubsub:/home/yixin/ros2_ws/install/python_parameters:/home/yixin/ros2_ws/install/my_python_package:/home/yixin/ros2_ws/install/launch_testing_examples:/home/yixin/ros2_ws/install/examples_rclpy_pointcloud_publisher:/home/yixin/ros2_ws/install/examples_rclpy_minimal_subscriber:/home/yixin/ros2_ws/install/examples_rclpy_minimal_service:/home/yixin/ros2_ws/install/examples_rclpy_minimal_publisher:/home/yixin/ros2_ws/install/examples_rclpy_minimal_client:/home/yixin/ros2_ws/install/examples_rclpy_minimal_action_server:/home/yixin/ros2_ws/install/examples_rclpy_minimal_action_client:/home/yixin/ros2_ws/install/examples_rclpy_guard_conditions:/home/yixin/ros2_ws/install/examples_rclpy_executors:/opt/ros/jazzy DEBUGINFOD_URLS=https://debuginfod.ubuntu.com /usr/bin/cmake --build /home/yixin/ros2_ws/build/vincent_driver -- -j8 -l8
[0.151s] -- Found ament_cmake: 2.5.5 (/opt/ros/jazzy/share/ament_cmake/cmake)
[0.901s] -- Found rclcpp: 28.1.16 (/opt/ros/jazzy/share/rclcpp/cmake)
[0.994s] -- Found rosidl_generator_c: 4.6.7 (/opt/ros/jazzy/share/rosidl_generator_c/cmake)
[1.029s] -- Found rosidl_generator_cpp: 4.6.7 (/opt/ros/jazzy/share/rosidl_generator_cpp/cmake)
[1.072s] -- Using all available rosidl_typesupport_c: rosidl_typesupport_fastrtps_c;rosidl_typesupport_introspection_c
[1.116s] -- Using all available rosidl_typesupport_cpp: rosidl_typesupport_fastrtps_cpp;rosidl_typesupport_introspection_cpp
[1.326s] -- Found rmw_implementation_cmake: 7.3.3 (/opt/ros/jazzy/share/rmw_implementation_cmake/cmake)
[1.335s] -- Found rmw_fastrtps_cpp: 8.4.3 (/opt/ros/jazzy/share/rmw_fastrtps_cpp/cmake)
[1.558s] -- Using RMW implementation 'rmw_fastrtps_cpp' as default
[1.773s] -- Found rclcpp_components: 28.1.16 (/opt/ros/jazzy/share/rclcpp_components/cmake)
[1.863s] -- Found std_msgs: 5.3.6 (/opt/ros/jazzy/share/std_msgs/cmake)
[1.912s] -- Found ament_lint_auto: 0.17.4 (/opt/ros/jazzy/share/ament_lint_auto/cmake)
[2.231s] -- Added test 'cppcheck' to perform static code analysis on C / C++ code
[2.232s] -- Configured cppcheck include dirs: 
[2.233s] -- Configured cppcheck exclude dirs and/or files: 
[2.234s] -- Added test 'lint_cmake' to check CMake code style
[2.238s] -- Added test 'uncrustify' to check C / C++ code style
[2.238s] -- Configured uncrustify additional arguments: 
[2.240s] -- Added test 'xmllint' to check XML markup files
[2.243s] -- Configuring done (2.1s)
[2.281s] -- Generating done (0.0s)
[2.294s] -- Build files have been written to: /home/yixin/ros2_ws/build/vincent_driver
[2.464s] [100%] Built target vincent_driver_component
[2.504s] Invoked command in '/home/yixin/ros2_ws/build/vincent_driver' returned '0': CMAKE_PREFIX_PATH=${CMAKE_PREFIX_PATH}:/home/yixin/ros2_ws/install/py_srvcli:/home/yixin/ros2_ws/install/py_pubsub:/home/yixin/ros2_ws/install/python_parameters:/home/yixin/ros2_ws/install/my_python_package:/home/yixin/ros2_ws/install/launch_testing_examples:/home/yixin/ros2_ws/install/examples_rclpy_pointcloud_publisher:/home/yixin/ros2_ws/install/examples_rclpy_minimal_subscriber:/home/yixin/ros2_ws/install/examples_rclpy_minimal_service:/home/yixin/ros2_ws/install/examples_rclpy_minimal_publisher:/home/yixin/ros2_ws/install/examples_rclpy_minimal_client:/home/yixin/ros2_ws/install/examples_rclpy_minimal_action_server:/home/yixin/ros2_ws/install/examples_rclpy_minimal_action_client:/home/yixin/ros2_ws/install/examples_rclpy_guard_conditions:/home/yixin/ros2_ws/install/examples_rclpy_executors:/opt/ros/jazzy DEBUGINFOD_URLS=https://debuginfod.ubuntu.com /usr/bin/cmake --build /home/yixin/ros2_ws/build/vincent_driver -- -j8 -l8
[2.545s] Invoking command in '/home/yixin/ros2_ws/build/vincent_driver': CMAKE_PREFIX_PATH=${CMAKE_PREFIX_PATH}:/home/yixin/ros2_ws/install/py_srvcli:/home/yixin/ros2_ws/install/py_pubsub:/home/yixin/ros2_ws/install/python_parameters:/home/yixin/ros2_ws/install/my_python_package:/home/yixin/ros2_ws/install/launch_testing_examples:/home/yixin/ros2_ws/install/examples_rclpy_pointcloud_publisher:/home/yixin/ros2_ws/install/examples_rclpy_minimal_subscriber:/home/yixin/ros2_ws/install/examples_rclpy_minimal_service:/home/yixin/ros2_ws/install/examples_rclpy_minimal_publisher:/home/yixin/ros2_ws/install/examples_rclpy_minimal_client:/home/yixin/ros2_ws/install/examples_rclpy_minimal_action_server:/home/yixin/ros2_ws/install/examples_rclpy_minimal_action_client:/home/yixin/ros2_ws/install/examples_rclpy_guard_conditions:/home/yixin/ros2_ws/install/examples_rclpy_executors:/opt/ros/jazzy DEBUGINFOD_URLS=https://debuginfod.ubuntu.com /usr/bin/cmake --install /home/yixin/ros2_ws/build/vincent_driver
[2.574s] -- Install configuration: ""
[2.575s] -- Up-to-date: /home/yixin/ros2_ws/install/vincent_driver/lib/libvincent_driver_component.so
[2.575s] -- Up-to-date: /home/yixin/ros2_ws/install/vincent_driver/share/ament_index/resource_index/package_run_dependencies/vincent_driver
[2.575s] -- Installing: /home/yixin/ros2_ws/install/vincent_driver/share/ament_index/resource_index/parent_prefix_path/vincent_driver
[2.576s] -- Up-to-date: /home/yixin/ros2_ws/install/vincent_driver/share/vincent_driver/environment/ament_prefix_path.sh
[2.576s] -- Up-to-date: /home/yixin/ros2_ws/install/vincent_driver/share/vincent_driver/environment/ament_prefix_path.dsv
[2.577s] -- Up-to-date: /home/yixin/ros2_ws/install/vincent_driver/share/vincent_driver/environment/path.sh
[2.577s] -- Up-to-date: /home/yixin/ros2_ws/install/vincent_driver/share/vincent_driver/environment/path.dsv
[2.577s] -- Up-to-date: /home/yixin/ros2_ws/install/vincent_driver/share/vincent_driver/local_setup.bash
[2.577s] -- Up-to-date: /home/yixin/ros2_ws/install/vincent_driver/share/vincent_driver/local_setup.sh
[2.578s] -- Up-to-date: /home/yixin/ros2_ws/install/vincent_driver/share/vincent_driver/local_setup.zsh
[2.578s] -- Up-to-date: /home/yixin/ros2_ws/install/vincent_driver/share/vincent_driver/local_setup.dsv
[2.578s] -- Installing: /home/yixin/ros2_ws/install/vincent_driver/share/vincent_driver/package.dsv
[2.578s] -- Up-to-date: /home/yixin/ros2_ws/install/vincent_driver/share/ament_index/resource_index/packages/vincent_driver
[2.579s] -- Up-to-date: /home/yixin/ros2_ws/install/vincent_driver/share/ament_index/resource_index/rclcpp_components/vincent_driver
[2.579s] -- Up-to-date: /home/yixin/ros2_ws/install/vincent_driver/share/vincent_driver/cmake/vincent_driverConfig.cmake
[2.579s] -- Up-to-date: /home/yixin/ros2_ws/install/vincent_driver/share/vincent_driver/cmake/vincent_driverConfig-version.cmake
[2.579s] -- Up-to-date: /home/yixin/ros2_ws/install/vincent_driver/share/vincent_driver/package.xml
[2.584s] Invoked command in '/home/yixin/ros2_ws/build/vincent_driver' returned '0': CMAKE_PREFIX_PATH=${CMAKE_PREFIX_PATH}:/home/yixin/ros2_ws/install/py_srvcli:/home/yixin/ros2_ws/install/py_pubsub:/home/yixin/ros2_ws/install/python_parameters:/home/yixin/ros2_ws/install/my_python_package:/home/yixin/ros2_ws/install/launch_testing_examples:/home/yixin/ros2_ws/install/examples_rclpy_pointcloud_publisher:/home/yixin/ros2_ws/install/examples_rclpy_minimal_subscriber:/home/yixin/ros2_ws/install/examples_rclpy_minimal_service:/home/yixin/ros2_ws/install/examples_rclpy_minimal_publisher:/home/yixin/ros2_ws/install/examples_rclpy_minimal_client:/home/yixin/ros2_ws/install/examples_rclpy_minimal_action_server:/home/yixin/ros2_ws/install/examples_rclpy_minimal_action_client:/home/yixin/ros2_ws/install/examples_rclpy_guard_conditions:/home/yixin/ros2_ws/install/examples_rclpy_executors:/opt/ros/jazzy DEBUGINFOD_URLS=https://debuginfod.ubuntu.com /usr/bin/cmake --install /home/yixin/ros2_ws/build/vincent_driver
