[0.250s] Invoking command in '/home/yixin/ros2_ws/build/tutorial_interfaces': CMAKE_PREFIX_PATH=${CMAKE_PREFIX_PATH}:/home/yixin/ros2_ws/install/py_srvcli:/home/yixin/ros2_ws/install/py_pubsub:/home/yixin/ros2_ws/install/python_parameters:/home/yixin/ros2_ws/install/my_python_package:/home/yixin/ros2_ws/install/launch_testing_examples:/home/yixin/ros2_ws/install/examples_rclpy_pointcloud_publisher:/home/yixin/ros2_ws/install/examples_rclpy_minimal_subscriber:/home/yixin/ros2_ws/install/examples_rclpy_minimal_service:/home/yixin/ros2_ws/install/examples_rclpy_minimal_publisher:/home/yixin/ros2_ws/install/examples_rclpy_minimal_client:/home/yixin/ros2_ws/install/examples_rclpy_minimal_action_server:/home/yixin/ros2_ws/install/examples_rclpy_minimal_action_client:/home/yixin/ros2_ws/install/examples_rclpy_guard_conditions:/home/yixin/ros2_ws/install/examples_rclpy_executors:/opt/ros/jazzy DEBUGINFOD_URLS=https://debuginfod.ubuntu.com /usr/bin/cmake --build /home/yixin/ros2_ws/build/tutorial_interfaces -- -j8 -l8
[0.652s] [  1%] Built target tutorial_interfaces__rosidl_generator_type_description
[0.755s] [  1%] Built target ament_cmake_python_copy_tutorial_interfaces
[0.831s] [  3%] Built target tutorial_interfaces__cpp
[1.031s] [ 24%] Built target tutorial_interfaces__rosidl_generator_c
[1.268s] [ 33%] Built target tutorial_interfaces__rosidl_typesupport_introspection_c
[1.295s] [ 42%] Built target tutorial_interfaces__rosidl_typesupport_fastrtps_c
[1.296s] [ 51%] Built target tutorial_interfaces__rosidl_typesupport_c
[1.300s] [ 61%] Built target tutorial_interfaces__rosidl_typesupport_introspection_cpp
[1.330s] [ 70%] Built target tutorial_interfaces__rosidl_typesupport_cpp
[1.333s] [ 79%] Built target tutorial_interfaces__rosidl_typesupport_fastrtps_cpp
[1.454s] [ 79%] Built target tutorial_interfaces
[1.617s] [ 81%] Built target tutorial_interfaces__py
[1.737s] [ 88%] Built target tutorial_interfaces__rosidl_generator_py
[1.935s] [ 92%] Built target tutorial_interfaces_s__rosidl_typesupport_introspection_c
[1.951s] [ 96%] Built target tutorial_interfaces_s__rosidl_typesupport_c
[1.958s] [100%] Built target tutorial_interfaces_s__rosidl_typesupport_fastrtps_c
[2.231s] running egg_info
[2.319s] writing tutorial_interfaces.egg-info/PKG-INFO
[2.320s] writing dependency_links to tutorial_interfaces.egg-info/dependency_links.txt
[2.320s] writing top-level names to tutorial_interfaces.egg-info/top_level.txt
[2.960s] reading manifest file 'tutorial_interfaces.egg-info/SOURCES.txt'
[2.964s] writing manifest file 'tutorial_interfaces.egg-info/SOURCES.txt'
[3.126s] [100%] Built target ament_cmake_python_build_tutorial_interfaces_egg
[3.274s] Invoked command in '/home/yixin/ros2_ws/build/tutorial_interfaces' returned '0': CMAKE_PREFIX_PATH=${CMAKE_PREFIX_PATH}:/home/yixin/ros2_ws/install/py_srvcli:/home/yixin/ros2_ws/install/py_pubsub:/home/yixin/ros2_ws/install/python_parameters:/home/yixin/ros2_ws/install/my_python_package:/home/yixin/ros2_ws/install/launch_testing_examples:/home/yixin/ros2_ws/install/examples_rclpy_pointcloud_publisher:/home/yixin/ros2_ws/install/examples_rclpy_minimal_subscriber:/home/yixin/ros2_ws/install/examples_rclpy_minimal_service:/home/yixin/ros2_ws/install/examples_rclpy_minimal_publisher:/home/yixin/ros2_ws/install/examples_rclpy_minimal_client:/home/yixin/ros2_ws/install/examples_rclpy_minimal_action_server:/home/yixin/ros2_ws/install/examples_rclpy_minimal_action_client:/home/yixin/ros2_ws/install/examples_rclpy_guard_conditions:/home/yixin/ros2_ws/install/examples_rclpy_executors:/opt/ros/jazzy DEBUGINFOD_URLS=https://debuginfod.ubuntu.com /usr/bin/cmake --build /home/yixin/ros2_ws/build/tutorial_interfaces -- -j8 -l8
[3.280s] Invoking command in '/home/yixin/ros2_ws/build/tutorial_interfaces': CMAKE_PREFIX_PATH=${CMAKE_PREFIX_PATH}:/home/yixin/ros2_ws/install/py_srvcli:/home/yixin/ros2_ws/install/py_pubsub:/home/yixin/ros2_ws/install/python_parameters:/home/yixin/ros2_ws/install/my_python_package:/home/yixin/ros2_ws/install/launch_testing_examples:/home/yixin/ros2_ws/install/examples_rclpy_pointcloud_publisher:/home/yixin/ros2_ws/install/examples_rclpy_minimal_subscriber:/home/yixin/ros2_ws/install/examples_rclpy_minimal_service:/home/yixin/ros2_ws/install/examples_rclpy_minimal_publisher:/home/yixin/ros2_ws/install/examples_rclpy_minimal_client:/home/yixin/ros2_ws/install/examples_rclpy_minimal_action_server:/home/yixin/ros2_ws/install/examples_rclpy_minimal_action_client:/home/yixin/ros2_ws/install/examples_rclpy_guard_conditions:/home/yixin/ros2_ws/install/examples_rclpy_executors:/opt/ros/jazzy DEBUGINFOD_URLS=https://debuginfod.ubuntu.com /usr/bin/cmake --install /home/yixin/ros2_ws/build/tutorial_interfaces
[3.358s] -- Install configuration: ""
[3.362s] -- Up-to-date: /home/yixin/ros2_ws/install/tutorial_interfaces/share/ament_index/resource_index/rosidl_interfaces/tutorial_interfaces
[3.369s] -- Up-to-date: /home/yixin/ros2_ws/install/tutorial_interfaces/share/tutorial_interfaces/msg/Num.json
[3.370s] -- Up-to-date: /home/yixin/ros2_ws/install/tutorial_interfaces/share/tutorial_interfaces/msg/Sphere.json
[3.370s] -- Up-to-date: /home/yixin/ros2_ws/install/tutorial_interfaces/share/tutorial_interfaces/srv/AddThreeInts.json
[3.382s] -- Up-to-date: /home/yixin/ros2_ws/install/tutorial_interfaces/include/tutorial_interfaces/tutorial_interfaces
[3.383s] -- Up-to-date: /home/yixin/ros2_ws/install/tutorial_interfaces/include/tutorial_interfaces/tutorial_interfaces/msg
[3.383s] -- Up-to-date: /home/yixin/ros2_ws/install/tutorial_interfaces/include/tutorial_interfaces/tutorial_interfaces/msg/rosidl_generator_c__visibility_control.h
[3.383s] -- Up-to-date: /home/yixin/ros2_ws/install/tutorial_interfaces/include/tutorial_interfaces/tutorial_interfaces/msg/detail
[3.384s] -- Up-to-date: /home/yixin/ros2_ws/install/tutorial_interfaces/include/tutorial_interfaces/tutorial_interfaces/msg/detail/num__struct.h
[3.389s] -- Up-to-date: /home/yixin/ros2_ws/install/tutorial_interfaces/include/tutorial_interfaces/tutorial_interfaces/msg/detail/sphere__functions.h
[3.389s] -- Up-to-date: /home/yixin/ros2_ws/install/tutorial_interfaces/include/tutorial_interfaces/tutorial_interfaces/msg/detail/num__description.c
[3.390s] -- Up-to-date: /home/yixin/ros2_ws/install/tutorial_interfaces/include/tutorial_interfaces/tutorial_interfaces/msg/detail/num__functions.h
[3.390s] -- Up-to-date: /home/yixin/ros2_ws/install/tutorial_interfaces/include/tutorial_interfaces/tutorial_interfaces/msg/detail/sphere__type_support.h
[3.390s] -- Up-to-date: /home/yixin/ros2_ws/install/tutorial_interfaces/include/tutorial_interfaces/tutorial_interfaces/msg/detail/num__type_support.h
[3.390s] -- Up-to-date: /home/yixin/ros2_ws/install/tutorial_interfaces/include/tutorial_interfaces/tutorial_interfaces/msg/detail/sphere__description.c
[3.390s] -- Up-to-date: /home/yixin/ros2_ws/install/tutorial_interfaces/include/tutorial_interfaces/tutorial_interfaces/msg/detail/sphere__type_support.c
[3.391s] -- Up-to-date: /home/yixin/ros2_ws/install/tutorial_interfaces/include/tutorial_interfaces/tutorial_interfaces/msg/detail/sphere__struct.h
[3.391s] -- Up-to-date: /home/yixin/ros2_ws/install/tutorial_interfaces/include/tutorial_interfaces/tutorial_interfaces/msg/detail/num__functions.c
[3.391s] -- Up-to-date: /home/yixin/ros2_ws/install/tutorial_interfaces/include/tutorial_interfaces/tutorial_interfaces/msg/detail/sphere__functions.c
[3.393s] -- Up-to-date: /home/yixin/ros2_ws/install/tutorial_interfaces/include/tutorial_interfaces/tutorial_interfaces/msg/detail/num__type_support.c
[3.394s] -- Up-to-date: /home/yixin/ros2_ws/install/tutorial_interfaces/include/tutorial_interfaces/tutorial_interfaces/msg/num.h
[3.394s] -- Up-to-date: /home/yixin/ros2_ws/install/tutorial_interfaces/include/tutorial_interfaces/tutorial_interfaces/msg/sphere.h
[3.394s] -- Up-to-date: /home/yixin/ros2_ws/install/tutorial_interfaces/include/tutorial_interfaces/tutorial_interfaces/srv
[3.394s] -- Up-to-date: /home/yixin/ros2_ws/install/tutorial_interfaces/include/tutorial_interfaces/tutorial_interfaces/srv/add_three_ints.h
[3.395s] -- Up-to-date: /home/yixin/ros2_ws/install/tutorial_interfaces/include/tutorial_interfaces/tutorial_interfaces/srv/detail
[3.395s] -- Up-to-date: /home/yixin/ros2_ws/install/tutorial_interfaces/include/tutorial_interfaces/tutorial_interfaces/srv/detail/add_three_ints__type_support.h
[3.395s] -- Up-to-date: /home/yixin/ros2_ws/install/tutorial_interfaces/include/tutorial_interfaces/tutorial_interfaces/srv/detail/add_three_ints__description.c
[3.395s] -- Up-to-date: /home/yixin/ros2_ws/install/tutorial_interfaces/include/tutorial_interfaces/tutorial_interfaces/srv/detail/add_three_ints__type_support.c
[3.396s] -- Up-to-date: /home/yixin/ros2_ws/install/tutorial_interfaces/include/tutorial_interfaces/tutorial_interfaces/srv/detail/add_three_ints__functions.h
[3.396s] -- Up-to-date: /home/yixin/ros2_ws/install/tutorial_interfaces/include/tutorial_interfaces/tutorial_interfaces/srv/detail/add_three_ints__functions.c
[3.396s] -- Up-to-date: /home/yixin/ros2_ws/install/tutorial_interfaces/include/tutorial_interfaces/tutorial_interfaces/srv/detail/add_three_ints__struct.h
[3.396s] -- Up-to-date: /home/yixin/ros2_ws/install/tutorial_interfaces/share/tutorial_interfaces/environment/library_path.sh
[3.402s] -- Up-to-date: /home/yixin/ros2_ws/install/tutorial_interfaces/share/tutorial_interfaces/environment/library_path.dsv
[3.403s] -- Up-to-date: /home/yixin/ros2_ws/install/tutorial_interfaces/lib/libtutorial_interfaces__rosidl_generator_c.so
[3.403s] -- Up-to-date: /home/yixin/ros2_ws/install/tutorial_interfaces/include/tutorial_interfaces/tutorial_interfaces
[3.403s] -- Up-to-date: /home/yixin/ros2_ws/install/tutorial_interfaces/include/tutorial_interfaces/tutorial_interfaces/msg
[3.403s] -- Up-to-date: /home/yixin/ros2_ws/install/tutorial_interfaces/include/tutorial_interfaces/tutorial_interfaces/msg/detail
[3.404s] -- Up-to-date: /home/yixin/ros2_ws/install/tutorial_interfaces/include/tutorial_interfaces/tutorial_interfaces/msg/detail/sphere__rosidl_typesupport_fastrtps_c.h
[3.404s] -- Up-to-date: /home/yixin/ros2_ws/install/tutorial_interfaces/include/tutorial_interfaces/tutorial_interfaces/msg/detail/num__rosidl_typesupport_fastrtps_c.h
[3.404s] -- Up-to-date: /home/yixin/ros2_ws/install/tutorial_interfaces/include/tutorial_interfaces/tutorial_interfaces/msg/rosidl_typesupport_fastrtps_c__visibility_control.h
[3.404s] -- Up-to-date: /home/yixin/ros2_ws/install/tutorial_interfaces/include/tutorial_interfaces/tutorial_interfaces/srv
[3.405s] -- Up-to-date: /home/yixin/ros2_ws/install/tutorial_interfaces/include/tutorial_interfaces/tutorial_interfaces/srv/detail
[3.405s] -- Up-to-date: /home/yixin/ros2_ws/install/tutorial_interfaces/include/tutorial_interfaces/tutorial_interfaces/srv/detail/add_three_ints__rosidl_typesupport_fastrtps_c.h
[3.405s] -- Up-to-date: /home/yixin/ros2_ws/install/tutorial_interfaces/lib/libtutorial_interfaces__rosidl_typesupport_fastrtps_c.so
[3.407s] -- Up-to-date: /home/yixin/ros2_ws/install/tutorial_interfaces/include/tutorial_interfaces/tutorial_interfaces
[3.411s] -- Up-to-date: /home/yixin/ros2_ws/install/tutorial_interfaces/include/tutorial_interfaces/tutorial_interfaces/msg
[3.412s] -- Up-to-date: /home/yixin/ros2_ws/install/tutorial_interfaces/include/tutorial_interfaces/tutorial_interfaces/msg/detail
[3.412s] -- Up-to-date: /home/yixin/ros2_ws/install/tutorial_interfaces/include/tutorial_interfaces/tutorial_interfaces/msg/detail/num__traits.hpp
[3.412s] -- Up-to-date: /home/yixin/ros2_ws/install/tutorial_interfaces/include/tutorial_interfaces/tutorial_interfaces/msg/detail/num__struct.hpp
[3.412s] -- Up-to-date: /home/yixin/ros2_ws/install/tutorial_interfaces/include/tutorial_interfaces/tutorial_interfaces/msg/detail/num__type_support.hpp
[3.413s] -- Up-to-date: /home/yixin/ros2_ws/install/tutorial_interfaces/include/tutorial_interfaces/tutorial_interfaces/msg/detail/sphere__struct.hpp
[3.413s] -- Up-to-date: /home/yixin/ros2_ws/install/tutorial_interfaces/include/tutorial_interfaces/tutorial_interfaces/msg/detail/num__builder.hpp
[3.413s] -- Up-to-date: /home/yixin/ros2_ws/install/tutorial_interfaces/include/tutorial_interfaces/tutorial_interfaces/msg/detail/sphere__type_support.hpp
[3.414s] -- Up-to-date: /home/yixin/ros2_ws/install/tutorial_interfaces/include/tutorial_interfaces/tutorial_interfaces/msg/detail/sphere__builder.hpp
[3.414s] -- Up-to-date: /home/yixin/ros2_ws/install/tutorial_interfaces/include/tutorial_interfaces/tutorial_interfaces/msg/detail/sphere__traits.hpp
[3.414s] -- Up-to-date: /home/yixin/ros2_ws/install/tutorial_interfaces/include/tutorial_interfaces/tutorial_interfaces/msg/rosidl_generator_cpp__visibility_control.hpp
[3.414s] -- Up-to-date: /home/yixin/ros2_ws/install/tutorial_interfaces/include/tutorial_interfaces/tutorial_interfaces/msg/sphere.hpp
[3.415s] -- Up-to-date: /home/yixin/ros2_ws/install/tutorial_interfaces/include/tutorial_interfaces/tutorial_interfaces/msg/num.hpp
[3.421s] -- Up-to-date: /home/yixin/ros2_ws/install/tutorial_interfaces/include/tutorial_interfaces/tutorial_interfaces/srv
[3.421s] -- Up-to-date: /home/yixin/ros2_ws/install/tutorial_interfaces/include/tutorial_interfaces/tutorial_interfaces/srv/detail
[3.421s] -- Up-to-date: /home/yixin/ros2_ws/install/tutorial_interfaces/include/tutorial_interfaces/tutorial_interfaces/srv/detail/add_three_ints__struct.hpp
[3.422s] -- Up-to-date: /home/yixin/ros2_ws/install/tutorial_interfaces/include/tutorial_interfaces/tutorial_interfaces/srv/detail/add_three_ints__traits.hpp
[3.422s] -- Up-to-date: /home/yixin/ros2_ws/install/tutorial_interfaces/include/tutorial_interfaces/tutorial_interfaces/srv/detail/add_three_ints__builder.hpp
[3.422s] -- Up-to-date: /home/yixin/ros2_ws/install/tutorial_interfaces/include/tutorial_interfaces/tutorial_interfaces/srv/detail/add_three_ints__type_support.hpp
[3.423s] -- Up-to-date: /home/yixin/ros2_ws/install/tutorial_interfaces/include/tutorial_interfaces/tutorial_interfaces/srv/add_three_ints.hpp
[3.423s] -- Up-to-date: /home/yixin/ros2_ws/install/tutorial_interfaces/include/tutorial_interfaces/tutorial_interfaces
[3.423s] -- Up-to-date: /home/yixin/ros2_ws/install/tutorial_interfaces/include/tutorial_interfaces/tutorial_interfaces/msg
[3.423s] -- Up-to-date: /home/yixin/ros2_ws/install/tutorial_interfaces/include/tutorial_interfaces/tutorial_interfaces/msg/detail
[3.429s] -- Up-to-date: /home/yixin/ros2_ws/install/tutorial_interfaces/include/tutorial_interfaces/tutorial_interfaces/msg/detail/num__rosidl_typesupport_fastrtps_cpp.hpp
[3.429s] -- Up-to-date: /home/yixin/ros2_ws/install/tutorial_interfaces/include/tutorial_interfaces/tutorial_interfaces/msg/detail/dds_fastrtps
[3.430s] -- Up-to-date: /home/yixin/ros2_ws/install/tutorial_interfaces/include/tutorial_interfaces/tutorial_interfaces/msg/detail/sphere__rosidl_typesupport_fastrtps_cpp.hpp
[3.430s] -- Up-to-date: /home/yixin/ros2_ws/install/tutorial_interfaces/include/tutorial_interfaces/tutorial_interfaces/msg/rosidl_typesupport_fastrtps_cpp__visibility_control.h
[3.430s] -- Up-to-date: /home/yixin/ros2_ws/install/tutorial_interfaces/include/tutorial_interfaces/tutorial_interfaces/srv
[3.430s] -- Up-to-date: /home/yixin/ros2_ws/install/tutorial_interfaces/include/tutorial_interfaces/tutorial_interfaces/srv/detail
[3.431s] -- Up-to-date: /home/yixin/ros2_ws/install/tutorial_interfaces/include/tutorial_interfaces/tutorial_interfaces/srv/detail/dds_fastrtps
[3.431s] -- Up-to-date: /home/yixin/ros2_ws/install/tutorial_interfaces/include/tutorial_interfaces/tutorial_interfaces/srv/detail/add_three_ints__rosidl_typesupport_fastrtps_cpp.hpp
[3.431s] -- Up-to-date: /home/yixin/ros2_ws/install/tutorial_interfaces/lib/libtutorial_interfaces__rosidl_typesupport_fastrtps_cpp.so
[3.432s] -- Up-to-date: /home/yixin/ros2_ws/install/tutorial_interfaces/include/tutorial_interfaces/tutorial_interfaces
[3.432s] -- Up-to-date: /home/yixin/ros2_ws/install/tutorial_interfaces/include/tutorial_interfaces/tutorial_interfaces/msg
[3.432s] -- Up-to-date: /home/yixin/ros2_ws/install/tutorial_interfaces/include/tutorial_interfaces/tutorial_interfaces/msg/detail
[3.432s] -- Up-to-date: /home/yixin/ros2_ws/install/tutorial_interfaces/include/tutorial_interfaces/tutorial_interfaces/msg/detail/sphere__type_support.c
[3.439s] -- Up-to-date: /home/yixin/ros2_ws/install/tutorial_interfaces/include/tutorial_interfaces/tutorial_interfaces/msg/detail/num__rosidl_typesupport_introspection_c.h
[3.439s] -- Up-to-date: /home/yixin/ros2_ws/install/tutorial_interfaces/include/tutorial_interfaces/tutorial_interfaces/msg/detail/sphere__rosidl_typesupport_introspection_c.h
[3.440s] -- Up-to-date: /home/yixin/ros2_ws/install/tutorial_interfaces/include/tutorial_interfaces/tutorial_interfaces/msg/detail/num__type_support.c
[3.440s] -- Up-to-date: /home/yixin/ros2_ws/install/tutorial_interfaces/include/tutorial_interfaces/tutorial_interfaces/msg/rosidl_typesupport_introspection_c__visibility_control.h
[3.440s] -- Up-to-date: /home/yixin/ros2_ws/install/tutorial_interfaces/include/tutorial_interfaces/tutorial_interfaces/srv
[3.440s] -- Up-to-date: /home/yixin/ros2_ws/install/tutorial_interfaces/include/tutorial_interfaces/tutorial_interfaces/srv/detail
[3.441s] -- Up-to-date: /home/yixin/ros2_ws/install/tutorial_interfaces/include/tutorial_interfaces/tutorial_interfaces/srv/detail/add_three_ints__type_support.c
[3.441s] -- Up-to-date: /home/yixin/ros2_ws/install/tutorial_interfaces/include/tutorial_interfaces/tutorial_interfaces/srv/detail/add_three_ints__rosidl_typesupport_introspection_c.h
[3.441s] -- Up-to-date: /home/yixin/ros2_ws/install/tutorial_interfaces/lib/libtutorial_interfaces__rosidl_typesupport_introspection_c.so
[3.447s] -- Up-to-date: /home/yixin/ros2_ws/install/tutorial_interfaces/lib/libtutorial_interfaces__rosidl_typesupport_c.so
[3.448s] -- Up-to-date: /home/yixin/ros2_ws/install/tutorial_interfaces/include/tutorial_interfaces/tutorial_interfaces
[3.448s] -- Up-to-date: /home/yixin/ros2_ws/install/tutorial_interfaces/include/tutorial_interfaces/tutorial_interfaces/msg
[3.448s] -- Up-to-date: /home/yixin/ros2_ws/install/tutorial_interfaces/include/tutorial_interfaces/tutorial_interfaces/msg/detail
[3.449s] -- Up-to-date: /home/yixin/ros2_ws/install/tutorial_interfaces/include/tutorial_interfaces/tutorial_interfaces/msg/detail/num__rosidl_typesupport_introspection_cpp.hpp
[3.449s] -- Up-to-date: /home/yixin/ros2_ws/install/tutorial_interfaces/include/tutorial_interfaces/tutorial_interfaces/msg/detail/num__type_support.cpp
[3.449s] -- Up-to-date: /home/yixin/ros2_ws/install/tutorial_interfaces/include/tutorial_interfaces/tutorial_interfaces/msg/detail/sphere__type_support.cpp
[3.449s] -- Up-to-date: /home/yixin/ros2_ws/install/tutorial_interfaces/include/tutorial_interfaces/tutorial_interfaces/msg/detail/sphere__rosidl_typesupport_introspection_cpp.hpp
[3.449s] -- Up-to-date: /home/yixin/ros2_ws/install/tutorial_interfaces/include/tutorial_interfaces/tutorial_interfaces/srv
[3.450s] -- Up-to-date: /home/yixin/ros2_ws/install/tutorial_interfaces/include/tutorial_interfaces/tutorial_interfaces/srv/detail
[3.450s] -- Up-to-date: /home/yixin/ros2_ws/install/tutorial_interfaces/include/tutorial_interfaces/tutorial_interfaces/srv/detail/add_three_ints__rosidl_typesupport_introspection_cpp.hpp
[3.450s] -- Up-to-date: /home/yixin/ros2_ws/install/tutorial_interfaces/include/tutorial_interfaces/tutorial_interfaces/srv/detail/add_three_ints__type_support.cpp
[3.450s] -- Up-to-date: /home/yixin/ros2_ws/install/tutorial_interfaces/lib/libtutorial_interfaces__rosidl_typesupport_introspection_cpp.so
[3.460s] -- Up-to-date: /home/yixin/ros2_ws/install/tutorial_interfaces/lib/libtutorial_interfaces__rosidl_typesupport_cpp.so
[3.460s] -- Up-to-date: /home/yixin/ros2_ws/install/tutorial_interfaces/share/tutorial_interfaces/environment/pythonpath.sh
[3.461s] -- Up-to-date: /home/yixin/ros2_ws/install/tutorial_interfaces/share/tutorial_interfaces/environment/pythonpath.dsv
[3.461s] -- Up-to-date: /home/yixin/ros2_ws/install/tutorial_interfaces/lib/python3.12/site-packages/tutorial_interfaces-0.0.0-py3.12.egg-info
[3.461s] -- Installing: /home/yixin/ros2_ws/install/tutorial_interfaces/lib/python3.12/site-packages/tutorial_interfaces-0.0.0-py3.12.egg-info/top_level.txt
[3.461s] -- Installing: /home/yixin/ros2_ws/install/tutorial_interfaces/lib/python3.12/site-packages/tutorial_interfaces-0.0.0-py3.12.egg-info/dependency_links.txt
[3.462s] -- Installing: /home/yixin/ros2_ws/install/tutorial_interfaces/lib/python3.12/site-packages/tutorial_interfaces-0.0.0-py3.12.egg-info/PKG-INFO
[3.462s] -- Installing: /home/yixin/ros2_ws/install/tutorial_interfaces/lib/python3.12/site-packages/tutorial_interfaces-0.0.0-py3.12.egg-info/SOURCES.txt
[3.462s] -- Up-to-date: /home/yixin/ros2_ws/install/tutorial_interfaces/lib/python3.12/site-packages/tutorial_interfaces
[3.462s] -- Up-to-date: /home/yixin/ros2_ws/install/tutorial_interfaces/lib/python3.12/site-packages/tutorial_interfaces/tutorial_interfaces_s__rosidl_typesupport_fastrtps_c.so
[3.463s] -- Up-to-date: /home/yixin/ros2_ws/install/tutorial_interfaces/lib/python3.12/site-packages/tutorial_interfaces/__init__.py
[3.463s] -- Up-to-date: /home/yixin/ros2_ws/install/tutorial_interfaces/lib/python3.12/site-packages/tutorial_interfaces/_tutorial_interfaces_s.ep.rosidl_typesupport_fastrtps_c.c
[3.463s] -- Up-to-date: /home/yixin/ros2_ws/install/tutorial_interfaces/lib/python3.12/site-packages/tutorial_interfaces/_tutorial_interfaces_s.ep.rosidl_typesupport_introspection_c.c
[3.463s] -- Up-to-date: /home/yixin/ros2_ws/install/tutorial_interfaces/lib/python3.12/site-packages/tutorial_interfaces/_tutorial_interfaces_s.ep.rosidl_typesupport_c.c
[3.465s] -- Up-to-date: /home/yixin/ros2_ws/install/tutorial_interfaces/lib/python3.12/site-packages/tutorial_interfaces/msg
[3.470s] -- Up-to-date: /home/yixin/ros2_ws/install/tutorial_interfaces/lib/python3.12/site-packages/tutorial_interfaces/msg/_sphere.py
[3.470s] -- Up-to-date: /home/yixin/ros2_ws/install/tutorial_interfaces/lib/python3.12/site-packages/tutorial_interfaces/msg/_sphere_s.c
[3.471s] -- Up-to-date: /home/yixin/ros2_ws/install/tutorial_interfaces/lib/python3.12/site-packages/tutorial_interfaces/msg/__init__.py
[3.471s] -- Up-to-date: /home/yixin/ros2_ws/install/tutorial_interfaces/lib/python3.12/site-packages/tutorial_interfaces/msg/_num.py
[3.471s] -- Up-to-date: /home/yixin/ros2_ws/install/tutorial_interfaces/lib/python3.12/site-packages/tutorial_interfaces/msg/_num_s.c
[3.471s] -- Up-to-date: /home/yixin/ros2_ws/install/tutorial_interfaces/lib/python3.12/site-packages/tutorial_interfaces/tutorial_interfaces_s__rosidl_typesupport_c.so
[3.472s] -- Up-to-date: /home/yixin/ros2_ws/install/tutorial_interfaces/lib/python3.12/site-packages/tutorial_interfaces/tutorial_interfaces_s__rosidl_typesupport_introspection_c.so
[3.472s] -- Up-to-date: /home/yixin/ros2_ws/install/tutorial_interfaces/lib/python3.12/site-packages/tutorial_interfaces/srv
[3.472s] -- Up-to-date: /home/yixin/ros2_ws/install/tutorial_interfaces/lib/python3.12/site-packages/tutorial_interfaces/srv/__init__.py
[3.472s] -- Up-to-date: /home/yixin/ros2_ws/install/tutorial_interfaces/lib/python3.12/site-packages/tutorial_interfaces/srv/_add_three_ints_s.c
[3.477s] -- Up-to-date: /home/yixin/ros2_ws/install/tutorial_interfaces/lib/python3.12/site-packages/tutorial_interfaces/srv/_add_three_ints.py
[3.586s] Listing '/home/yixin/ros2_ws/install/tutorial_interfaces/lib/python3.12/site-packages/tutorial_interfaces'...
[3.587s] Listing '/home/yixin/ros2_ws/install/tutorial_interfaces/lib/python3.12/site-packages/tutorial_interfaces/msg'...
[3.587s] Listing '/home/yixin/ros2_ws/install/tutorial_interfaces/lib/python3.12/site-packages/tutorial_interfaces/srv'...
[3.587s] -- Up-to-date: /home/yixin/ros2_ws/install/tutorial_interfaces/lib/python3.12/site-packages/tutorial_interfaces/tutorial_interfaces_s__rosidl_typesupport_fastrtps_c.so
[3.587s] -- Up-to-date: /home/yixin/ros2_ws/install/tutorial_interfaces/lib/python3.12/site-packages/tutorial_interfaces/tutorial_interfaces_s__rosidl_typesupport_introspection_c.so
[3.588s] -- Up-to-date: /home/yixin/ros2_ws/install/tutorial_interfaces/lib/python3.12/site-packages/tutorial_interfaces/tutorial_interfaces_s__rosidl_typesupport_c.so
[3.588s] -- Up-to-date: /home/yixin/ros2_ws/install/tutorial_interfaces/lib/libtutorial_interfaces__rosidl_generator_py.so
[3.588s] -- Up-to-date: /home/yixin/ros2_ws/install/tutorial_interfaces/share/tutorial_interfaces/msg/Num.idl
[3.589s] -- Up-to-date: /home/yixin/ros2_ws/install/tutorial_interfaces/share/tutorial_interfaces/msg/Sphere.idl
[3.589s] -- Up-to-date: /home/yixin/ros2_ws/install/tutorial_interfaces/share/tutorial_interfaces/srv/AddThreeInts.idl
[3.589s] -- Up-to-date: /home/yixin/ros2_ws/install/tutorial_interfaces/share/tutorial_interfaces/msg/Num.msg
[3.589s] -- Up-to-date: /home/yixin/ros2_ws/install/tutorial_interfaces/share/tutorial_interfaces/msg/Sphere.msg
[3.597s] -- Up-to-date: /home/yixin/ros2_ws/install/tutorial_interfaces/share/tutorial_interfaces/srv/AddThreeInts.srv
[3.598s] -- Up-to-date: /home/yixin/ros2_ws/install/tutorial_interfaces/share/ament_index/resource_index/package_run_dependencies/tutorial_interfaces
[3.598s] -- Up-to-date: /home/yixin/ros2_ws/install/tutorial_interfaces/share/ament_index/resource_index/parent_prefix_path/tutorial_interfaces
[3.598s] -- Up-to-date: /home/yixin/ros2_ws/install/tutorial_interfaces/share/tutorial_interfaces/environment/ament_prefix_path.sh
[3.599s] -- Up-to-date: /home/yixin/ros2_ws/install/tutorial_interfaces/share/tutorial_interfaces/environment/ament_prefix_path.dsv
[3.599s] -- Up-to-date: /home/yixin/ros2_ws/install/tutorial_interfaces/share/tutorial_interfaces/environment/path.sh
[3.599s] -- Up-to-date: /home/yixin/ros2_ws/install/tutorial_interfaces/share/tutorial_interfaces/environment/path.dsv
[3.599s] -- Up-to-date: /home/yixin/ros2_ws/install/tutorial_interfaces/share/tutorial_interfaces/local_setup.bash
[3.600s] -- Up-to-date: /home/yixin/ros2_ws/install/tutorial_interfaces/share/tutorial_interfaces/local_setup.sh
[3.600s] -- Up-to-date: /home/yixin/ros2_ws/install/tutorial_interfaces/share/tutorial_interfaces/local_setup.zsh
[3.600s] -- Up-to-date: /home/yixin/ros2_ws/install/tutorial_interfaces/share/tutorial_interfaces/local_setup.dsv
[3.600s] -- Installing: /home/yixin/ros2_ws/install/tutorial_interfaces/share/tutorial_interfaces/package.dsv
[3.606s] -- Up-to-date: /home/yixin/ros2_ws/install/tutorial_interfaces/share/ament_index/resource_index/packages/tutorial_interfaces
[3.607s] -- Up-to-date: /home/yixin/ros2_ws/install/tutorial_interfaces/share/tutorial_interfaces/cmake/export_tutorial_interfaces__rosidl_generator_cExport.cmake
[3.607s] -- Up-to-date: /home/yixin/ros2_ws/install/tutorial_interfaces/share/tutorial_interfaces/cmake/export_tutorial_interfaces__rosidl_generator_cExport-noconfig.cmake
[3.607s] -- Up-to-date: /home/yixin/ros2_ws/install/tutorial_interfaces/share/tutorial_interfaces/cmake/export_tutorial_interfaces__rosidl_typesupport_fastrtps_cExport.cmake
[3.608s] -- Up-to-date: /home/yixin/ros2_ws/install/tutorial_interfaces/share/tutorial_interfaces/cmake/export_tutorial_interfaces__rosidl_typesupport_fastrtps_cExport-noconfig.cmake
[3.608s] -- Up-to-date: /home/yixin/ros2_ws/install/tutorial_interfaces/share/tutorial_interfaces/cmake/export_tutorial_interfaces__rosidl_generator_cppExport.cmake
[3.608s] -- Up-to-date: /home/yixin/ros2_ws/install/tutorial_interfaces/share/tutorial_interfaces/cmake/export_tutorial_interfaces__rosidl_typesupport_fastrtps_cppExport.cmake
[3.608s] -- Up-to-date: /home/yixin/ros2_ws/install/tutorial_interfaces/share/tutorial_interfaces/cmake/export_tutorial_interfaces__rosidl_typesupport_fastrtps_cppExport-noconfig.cmake
[3.612s] -- Up-to-date: /home/yixin/ros2_ws/install/tutorial_interfaces/share/tutorial_interfaces/cmake/tutorial_interfaces__rosidl_typesupport_introspection_cExport.cmake
[3.615s] -- Up-to-date: /home/yixin/ros2_ws/install/tutorial_interfaces/share/tutorial_interfaces/cmake/tutorial_interfaces__rosidl_typesupport_introspection_cExport-noconfig.cmake
[3.615s] -- Up-to-date: /home/yixin/ros2_ws/install/tutorial_interfaces/share/tutorial_interfaces/cmake/tutorial_interfaces__rosidl_typesupport_cExport.cmake
[3.616s] -- Up-to-date: /home/yixin/ros2_ws/install/tutorial_interfaces/share/tutorial_interfaces/cmake/tutorial_interfaces__rosidl_typesupport_cExport-noconfig.cmake
[3.616s] -- Up-to-date: /home/yixin/ros2_ws/install/tutorial_interfaces/share/tutorial_interfaces/cmake/tutorial_interfaces__rosidl_typesupport_introspection_cppExport.cmake
[3.616s] -- Up-to-date: /home/yixin/ros2_ws/install/tutorial_interfaces/share/tutorial_interfaces/cmake/tutorial_interfaces__rosidl_typesupport_introspection_cppExport-noconfig.cmake
[3.617s] -- Up-to-date: /home/yixin/ros2_ws/install/tutorial_interfaces/share/tutorial_interfaces/cmake/tutorial_interfaces__rosidl_typesupport_cppExport.cmake
[3.617s] -- Up-to-date: /home/yixin/ros2_ws/install/tutorial_interfaces/share/tutorial_interfaces/cmake/tutorial_interfaces__rosidl_typesupport_cppExport-noconfig.cmake
[3.617s] -- Up-to-date: /home/yixin/ros2_ws/install/tutorial_interfaces/share/tutorial_interfaces/cmake/export_tutorial_interfaces__rosidl_generator_pyExport.cmake
[3.618s] -- Up-to-date: /home/yixin/ros2_ws/install/tutorial_interfaces/share/tutorial_interfaces/cmake/export_tutorial_interfaces__rosidl_generator_pyExport-noconfig.cmake
[3.618s] -- Up-to-date: /home/yixin/ros2_ws/install/tutorial_interfaces/share/tutorial_interfaces/cmake/rosidl_cmake-extras.cmake
[3.618s] -- Up-to-date: /home/yixin/ros2_ws/install/tutorial_interfaces/share/tutorial_interfaces/cmake/ament_cmake_export_dependencies-extras.cmake
[3.618s] -- Up-to-date: /home/yixin/ros2_ws/install/tutorial_interfaces/share/tutorial_interfaces/cmake/ament_cmake_export_include_directories-extras.cmake
[3.624s] -- Up-to-date: /home/yixin/ros2_ws/install/tutorial_interfaces/share/tutorial_interfaces/cmake/ament_cmake_export_libraries-extras.cmake
[3.628s] -- Up-to-date: /home/yixin/ros2_ws/install/tutorial_interfaces/share/tutorial_interfaces/cmake/ament_cmake_export_targets-extras.cmake
[3.628s] -- Up-to-date: /home/yixin/ros2_ws/install/tutorial_interfaces/share/tutorial_interfaces/cmake/rosidl_cmake_export_typesupport_targets-extras.cmake
[3.629s] -- Up-to-date: /home/yixin/ros2_ws/install/tutorial_interfaces/share/tutorial_interfaces/cmake/rosidl_cmake_export_typesupport_libraries-extras.cmake
[3.629s] -- Up-to-date: /home/yixin/ros2_ws/install/tutorial_interfaces/share/tutorial_interfaces/cmake/tutorial_interfacesConfig.cmake
[3.629s] -- Up-to-date: /home/yixin/ros2_ws/install/tutorial_interfaces/share/tutorial_interfaces/cmake/tutorial_interfacesConfig-version.cmake
[3.629s] -- Up-to-date: /home/yixin/ros2_ws/install/tutorial_interfaces/share/tutorial_interfaces/package.xml
[4.700s] Invoked command in '/home/yixin/ros2_ws/build/tutorial_interfaces' returned '0': CMAKE_PREFIX_PATH=${CMAKE_PREFIX_PATH}:/home/yixin/ros2_ws/install/py_srvcli:/home/yixin/ros2_ws/install/py_pubsub:/home/yixin/ros2_ws/install/python_parameters:/home/yixin/ros2_ws/install/my_python_package:/home/yixin/ros2_ws/install/launch_testing_examples:/home/yixin/ros2_ws/install/examples_rclpy_pointcloud_publisher:/home/yixin/ros2_ws/install/examples_rclpy_minimal_subscriber:/home/yixin/ros2_ws/install/examples_rclpy_minimal_service:/home/yixin/ros2_ws/install/examples_rclpy_minimal_publisher:/home/yixin/ros2_ws/install/examples_rclpy_minimal_client:/home/yixin/ros2_ws/install/examples_rclpy_minimal_action_server:/home/yixin/ros2_ws/install/examples_rclpy_minimal_action_client:/home/yixin/ros2_ws/install/examples_rclpy_guard_conditions:/home/yixin/ros2_ws/install/examples_rclpy_executors:/opt/ros/jazzy DEBUGINFOD_URLS=https://debuginfod.ubuntu.com /usr/bin/cmake --install /home/yixin/ros2_ws/build/tutorial_interfaces
