[2.391s] Invoking command in '/home/yixin/ros2_ws/src/my_python_package': DEBUGINFOD_URLS=https://debuginfod.ubuntu.com PYTHONPATH=/home/yixin/ros2_ws/build/my_python_package/prefix_override:/usr/lib/python3/dist-packages/colcon_core/task/python/colcon_distutils_commands:/home/yixin/ros2_ws/install/my_python_package/lib/python3.12/site-packages:${PYTHONPATH} /usr/bin/python3 -W ignore:setup.py install is deprecated -W ignore:easy_install command is deprecated setup.py egg_info --egg-base ../../build/my_python_package build --build-base /home/yixin/ros2_ws/build/my_python_package/build install --record /home/yixin/ros2_ws/build/my_python_package/install.log --single-version-externally-managed install_data
[2.960s] running egg_info
[2.989s] writing ../../build/my_python_package/my_python_package.egg-info/PKG-INFO
[2.989s] writing dependency_links to ../../build/my_python_package/my_python_package.egg-info/dependency_links.txt
[2.990s] writing entry points to ../../build/my_python_package/my_python_package.egg-info/entry_points.txt
[2.990s] writing requirements to ../../build/my_python_package/my_python_package.egg-info/requires.txt
[2.990s] writing top-level names to ../../build/my_python_package/my_python_package.egg-info/top_level.txt
[3.052s] reading manifest file '../../build/my_python_package/my_python_package.egg-info/SOURCES.txt'
[3.053s] adding license file 'LICENSE'
[3.054s] writing manifest file '../../build/my_python_package/my_python_package.egg-info/SOURCES.txt'
[3.054s] running build
[3.054s] running build_py
[3.054s] running install
[3.064s] running install_lib
[3.095s] running install_data
[3.095s] running install_egg_info
[3.130s] removing '/home/yixin/ros2_ws/install/my_python_package/lib/python3.12/site-packages/my_python_package-0.0.0-py3.12.egg-info' (and everything under it)
[3.135s] Copying ../../build/my_python_package/my_python_package.egg-info to /home/yixin/ros2_ws/install/my_python_package/lib/python3.12/site-packages/my_python_package-0.0.0-py3.12.egg-info
[3.137s] running install_scripts
[3.342s] Installing my_node script to /home/yixin/ros2_ws/install/my_python_package/lib/my_python_package
[3.343s] writing list of installed files to '/home/yixin/ros2_ws/build/my_python_package/install.log'
[3.457s] Invoked command in '/home/yixin/ros2_ws/src/my_python_package' returned '0': DEBUGINFOD_URLS=https://debuginfod.ubuntu.com PYTHONPATH=/home/yixin/ros2_ws/build/my_python_package/prefix_override:/usr/lib/python3/dist-packages/colcon_core/task/python/colcon_distutils_commands:/home/yixin/ros2_ws/install/my_python_package/lib/python3.12/site-packages:${PYTHONPATH} /usr/bin/python3 -W ignore:setup.py install is deprecated -W ignore:easy_install command is deprecated setup.py egg_info --egg-base ../../build/my_python_package build --build-base /home/yixin/ros2_ws/build/my_python_package/build install --record /home/yixin/ros2_ws/build/my_python_package/install.log --single-version-externally-managed install_data
