[2.323s] Invoking command in '/home/yixin/ros2_ws/src/examples/rclpy/topics/pointcloud_publisher': DEBUGINFOD_URLS=https://debuginfod.ubuntu.com PYTHONPATH=/home/yixin/ros2_ws/build/examples_rclpy_pointcloud_publisher/prefix_override:/usr/lib/python3/dist-packages/colcon_core/task/python/colcon_distutils_commands:/home/yixin/ros2_ws/install/examples_rclpy_pointcloud_publisher/lib/python3.12/site-packages:${PYTHONPATH} /usr/bin/python3 -W ignore:setup.py install is deprecated -W ignore:easy_install command is deprecated setup.py egg_info --egg-base ../../../../../build/examples_rclpy_pointcloud_publisher build --build-base /home/yixin/ros2_ws/build/examples_rclpy_pointcloud_publisher/build install --record /home/yixin/ros2_ws/build/examples_rclpy_pointcloud_publisher/install.log --single-version-externally-managed install_data
[2.977s] running egg_info
[3.030s] writing ../../../../../build/examples_rclpy_pointcloud_publisher/examples_rclpy_pointcloud_publisher.egg-info/PKG-INFO
[3.030s] writing dependency_links to ../../../../../build/examples_rclpy_pointcloud_publisher/examples_rclpy_pointcloud_publisher.egg-info/dependency_links.txt
[3.031s] writing entry points to ../../../../../build/examples_rclpy_pointcloud_publisher/examples_rclpy_pointcloud_publisher.egg-info/entry_points.txt
[3.031s] writing requirements to ../../../../../build/examples_rclpy_pointcloud_publisher/examples_rclpy_pointcloud_publisher.egg-info/requires.txt
[3.031s] writing top-level names to ../../../../../build/examples_rclpy_pointcloud_publisher/examples_rclpy_pointcloud_publisher.egg-info/top_level.txt
[3.105s] reading manifest file '../../../../../build/examples_rclpy_pointcloud_publisher/examples_rclpy_pointcloud_publisher.egg-info/SOURCES.txt'
[3.108s] writing manifest file '../../../../../build/examples_rclpy_pointcloud_publisher/examples_rclpy_pointcloud_publisher.egg-info/SOURCES.txt'
[3.108s] running build
[3.108s] running build_py
[3.109s] running install
[3.125s] running install_lib
[3.163s] running install_data
[3.163s] running install_egg_info
[3.212s] removing '/home/yixin/ros2_ws/install/examples_rclpy_pointcloud_publisher/lib/python3.12/site-packages/examples_rclpy_pointcloud_publisher-0.19.7-py3.12.egg-info' (and everything under it)
[3.213s] Copying ../../../../../build/examples_rclpy_pointcloud_publisher/examples_rclpy_pointcloud_publisher.egg-info to /home/yixin/ros2_ws/install/examples_rclpy_pointcloud_publisher/lib/python3.12/site-packages/examples_rclpy_pointcloud_publisher-0.19.7-py3.12.egg-info
[3.218s] running install_scripts
[3.469s] Installing pointcloud_publisher script to /home/yixin/ros2_ws/install/examples_rclpy_pointcloud_publisher/lib/examples_rclpy_pointcloud_publisher
[3.470s] writing list of installed files to '/home/yixin/ros2_ws/build/examples_rclpy_pointcloud_publisher/install.log'
[3.692s] Invoked command in '/home/yixin/ros2_ws/src/examples/rclpy/topics/pointcloud_publisher' returned '0': DEBUGINFOD_URLS=https://debuginfod.ubuntu.com PYTHONPATH=/home/yixin/ros2_ws/build/examples_rclpy_pointcloud_publisher/prefix_override:/usr/lib/python3/dist-packages/colcon_core/task/python/colcon_distutils_commands:/home/yixin/ros2_ws/install/examples_rclpy_pointcloud_publisher/lib/python3.12/site-packages:${PYTHONPATH} /usr/bin/python3 -W ignore:setup.py install is deprecated -W ignore:easy_install command is deprecated setup.py egg_info --egg-base ../../../../../build/examples_rclpy_pointcloud_publisher build --build-base /home/yixin/ros2_ws/build/examples_rclpy_pointcloud_publisher/build install --record /home/yixin/ros2_ws/build/examples_rclpy_pointcloud_publisher/install.log --single-version-externally-managed install_data
