[0.127s] Invoking command in '/home/yixin/ros2_ws/build/cpp_parameters': CMAKE_PREFIX_PATH=${CMAKE_PREFIX_PATH}:/opt/ros/jazzy DEBUGINFOD_URLS=https://debuginfod.ubuntu.com /usr/bin/cmake --build /home/yixin/ros2_ws/build/cpp_parameters -- -j8 -l8
[0.501s] [100%] Built target minimal_param_node
[0.636s] Invoked command in '/home/yixin/ros2_ws/build/cpp_parameters' returned '0': CMAKE_PREFIX_PATH=${CMAKE_PREFIX_PATH}:/opt/ros/jazzy DEBUGINFOD_URLS=https://debuginfod.ubuntu.com /usr/bin/cmake --build /home/yixin/ros2_ws/build/cpp_parameters -- -j8 -l8
[0.637s] Invoking command in '/home/yixin/ros2_ws/build/cpp_parameters': CMAKE_PREFIX_PATH=${CMAKE_PREFIX_PATH}:/opt/ros/jazzy DEBUGINFOD_URLS=https://debuginfod.ubuntu.com /usr/bin/cmake --install /home/yixin/ros2_ws/build/cpp_parameters
[0.693s] -- Install configuration: ""
[0.697s] -- Up-to-date: /home/yixin/ros2_ws/install/cpp_parameters/lib/cpp_parameters/minimal_param_node
[0.697s] -- Up-to-date: /home/yixin/ros2_ws/install/cpp_parameters/share/cpp_parameters/launch
[0.697s] -- Up-to-date: /home/yixin/ros2_ws/install/cpp_parameters/share/cpp_parameters/launch/cpp_parameters_launch.py
[0.697s] -- Up-to-date: /home/yixin/ros2_ws/install/cpp_parameters/share/ament_index/resource_index/package_run_dependencies/cpp_parameters
[0.698s] -- Up-to-date: /home/yixin/ros2_ws/install/cpp_parameters/share/ament_index/resource_index/parent_prefix_path/cpp_parameters
[0.698s] -- Up-to-date: /home/yixin/ros2_ws/install/cpp_parameters/share/cpp_parameters/environment/ament_prefix_path.sh
[0.698s] -- Up-to-date: /home/yixin/ros2_ws/install/cpp_parameters/share/cpp_parameters/environment/ament_prefix_path.dsv
[0.698s] -- Up-to-date: /home/yixin/ros2_ws/install/cpp_parameters/share/cpp_parameters/environment/path.sh
[0.699s] -- Up-to-date: /home/yixin/ros2_ws/install/cpp_parameters/share/cpp_parameters/environment/path.dsv
[0.704s] -- Up-to-date: /home/yixin/ros2_ws/install/cpp_parameters/share/cpp_parameters/local_setup.bash
[0.704s] -- Up-to-date: /home/yixin/ros2_ws/install/cpp_parameters/share/cpp_parameters/local_setup.sh
[0.705s] -- Up-to-date: /home/yixin/ros2_ws/install/cpp_parameters/share/cpp_parameters/local_setup.zsh
[0.705s] -- Up-to-date: /home/yixin/ros2_ws/install/cpp_parameters/share/cpp_parameters/local_setup.dsv
[0.705s] -- Installing: /home/yixin/ros2_ws/install/cpp_parameters/share/cpp_parameters/package.dsv
[0.705s] -- Up-to-date: /home/yixin/ros2_ws/install/cpp_parameters/share/ament_index/resource_index/packages/cpp_parameters
[0.718s] -- Up-to-date: /home/yixin/ros2_ws/install/cpp_parameters/share/cpp_parameters/cmake/cpp_parametersConfig.cmake
[0.719s] -- Up-to-date: /home/yixin/ros2_ws/install/cpp_parameters/share/cpp_parameters/cmake/cpp_parametersConfig-version.cmake
[0.719s] -- Up-to-date: /home/yixin/ros2_ws/install/cpp_parameters/share/cpp_parameters/package.xml
[0.741s] Invoked command in '/home/yixin/ros2_ws/build/cpp_parameters' returned '0': CMAKE_PREFIX_PATH=${CMAKE_PREFIX_PATH}:/opt/ros/jazzy DEBUGINFOD_URLS=https://debuginfod.ubuntu.com /usr/bin/cmake --install /home/yixin/ros2_ws/build/cpp_parameters
