[5.935s] Invoking command in '/home/yixin/ros2_ws/src/examples/rclpy/guard_conditions': DEBUGINFOD_URLS=https://debuginfod.ubuntu.com PYTHONPATH=/home/yixin/ros2_ws/build/examples_rclpy_guard_conditions/prefix_override:/usr/lib/python3/dist-packages/colcon_core/task/python/colcon_distutils_commands:/home/yixin/ros2_ws/install/examples_rclpy_guard_conditions/lib/python3.12/site-packages:${PYTHONPATH} /usr/bin/python3 -W ignore:setup.py install is deprecated -W ignore:easy_install command is deprecated setup.py egg_info --egg-base ../../../../build/examples_rclpy_guard_conditions build --build-base /home/yixin/ros2_ws/build/examples_rclpy_guard_conditions/build install --record /home/yixin/ros2_ws/build/examples_rclpy_guard_conditions/install.log --single-version-externally-managed install_data
[6.407s] running egg_info
[6.455s] writing ../../../../build/examples_rclpy_guard_conditions/examples_rclpy_guard_conditions.egg-info/PKG-INFO
[6.455s] writing dependency_links to ../../../../build/examples_rclpy_guard_conditions/examples_rclpy_guard_conditions.egg-info/dependency_links.txt
[6.455s] writing entry points to ../../../../build/examples_rclpy_guard_conditions/examples_rclpy_guard_conditions.egg-info/entry_points.txt
[6.455s] writing requirements to ../../../../build/examples_rclpy_guard_conditions/examples_rclpy_guard_conditions.egg-info/requires.txt
[6.455s] writing top-level names to ../../../../build/examples_rclpy_guard_conditions/examples_rclpy_guard_conditions.egg-info/top_level.txt
[6.554s] reading manifest file '../../../../build/examples_rclpy_guard_conditions/examples_rclpy_guard_conditions.egg-info/SOURCES.txt'
[6.556s] writing manifest file '../../../../build/examples_rclpy_guard_conditions/examples_rclpy_guard_conditions.egg-info/SOURCES.txt'
[6.557s] running build
[6.557s] running build_py
[6.557s] running install
[6.570s] running install_lib
[6.604s] running install_data
[6.605s] running install_egg_info
[6.652s] removing '/home/yixin/ros2_ws/install/examples_rclpy_guard_conditions/lib/python3.12/site-packages/examples_rclpy_guard_conditions-0.19.7-py3.12.egg-info' (and everything under it)
[6.653s] Copying ../../../../build/examples_rclpy_guard_conditions/examples_rclpy_guard_conditions.egg-info to /home/yixin/ros2_ws/install/examples_rclpy_guard_conditions/lib/python3.12/site-packages/examples_rclpy_guard_conditions-0.19.7-py3.12.egg-info
[6.654s] running install_scripts
[6.999s] Installing trigger_guard_condition script to /home/yixin/ros2_ws/install/examples_rclpy_guard_conditions/lib/examples_rclpy_guard_conditions
[7.000s] writing list of installed files to '/home/yixin/ros2_ws/build/examples_rclpy_guard_conditions/install.log'
[7.134s] Invoked command in '/home/yixin/ros2_ws/src/examples/rclpy/guard_conditions' returned '0': DEBUGINFOD_URLS=https://debuginfod.ubuntu.com PYTHONPATH=/home/yixin/ros2_ws/build/examples_rclpy_guard_conditions/prefix_override:/usr/lib/python3/dist-packages/colcon_core/task/python/colcon_distutils_commands:/home/yixin/ros2_ws/install/examples_rclpy_guard_conditions/lib/python3.12/site-packages:${PYTHONPATH} /usr/bin/python3 -W ignore:setup.py install is deprecated -W ignore:easy_install command is deprecated setup.py egg_info --egg-base ../../../../build/examples_rclpy_guard_conditions build --build-base /home/yixin/ros2_ws/build/examples_rclpy_guard_conditions/build install --record /home/yixin/ros2_ws/build/examples_rclpy_guard_conditions/install.log --single-version-externally-managed install_data
