[6.865s] Invoking command in '/home/yixin/ros2_ws/src/examples/rclpy/services/minimal_client': DEBUGINFOD_URLS=https://debuginfod.ubuntu.com PYTHONPATH=/home/yixin/ros2_ws/build/examples_rclpy_minimal_client/prefix_override:/usr/lib/python3/dist-packages/colcon_core/task/python/colcon_distutils_commands:/home/yixin/ros2_ws/install/examples_rclpy_minimal_client/lib/python3.12/site-packages:${PYTHONPATH} /usr/bin/python3 -W ignore:setup.py install is deprecated -W ignore:easy_install command is deprecated setup.py egg_info --egg-base ../../../../../build/examples_rclpy_minimal_client build --build-base /home/yixin/ros2_ws/build/examples_rclpy_minimal_client/build install --record /home/yixin/ros2_ws/build/examples_rclpy_minimal_client/install.log --single-version-externally-managed install_data
[7.368s] running egg_info
[7.406s] writing ../../../../../build/examples_rclpy_minimal_client/examples_rclpy_minimal_client.egg-info/PKG-INFO
[7.406s] writing dependency_links to ../../../../../build/examples_rclpy_minimal_client/examples_rclpy_minimal_client.egg-info/dependency_links.txt
[7.406s] writing entry points to ../../../../../build/examples_rclpy_minimal_client/examples_rclpy_minimal_client.egg-info/entry_points.txt
[7.406s] writing requirements to ../../../../../build/examples_rclpy_minimal_client/examples_rclpy_minimal_client.egg-info/requires.txt
[7.406s] writing top-level names to ../../../../../build/examples_rclpy_minimal_client/examples_rclpy_minimal_client.egg-info/top_level.txt
[7.468s] reading manifest file '../../../../../build/examples_rclpy_minimal_client/examples_rclpy_minimal_client.egg-info/SOURCES.txt'
[7.475s] writing manifest file '../../../../../build/examples_rclpy_minimal_client/examples_rclpy_minimal_client.egg-info/SOURCES.txt'
[7.476s] running build
[7.476s] running build_py
[7.476s] running install
[7.484s] running install_lib
[7.518s] running install_data
[7.519s] running install_egg_info
[7.557s] removing '/home/yixin/ros2_ws/install/examples_rclpy_minimal_client/lib/python3.12/site-packages/examples_rclpy_minimal_client-0.19.7-py3.12.egg-info' (and everything under it)
[7.558s] Copying ../../../../../build/examples_rclpy_minimal_client/examples_rclpy_minimal_client.egg-info to /home/yixin/ros2_ws/install/examples_rclpy_minimal_client/lib/python3.12/site-packages/examples_rclpy_minimal_client-0.19.7-py3.12.egg-info
[7.560s] running install_scripts
[7.872s] Installing client script to /home/yixin/ros2_ws/install/examples_rclpy_minimal_client/lib/examples_rclpy_minimal_client
[7.873s] Installing client_async script to /home/yixin/ros2_ws/install/examples_rclpy_minimal_client/lib/examples_rclpy_minimal_client
[7.873s] Installing client_async_callback script to /home/yixin/ros2_ws/install/examples_rclpy_minimal_client/lib/examples_rclpy_minimal_client
[7.874s] Installing client_async_member_function script to /home/yixin/ros2_ws/install/examples_rclpy_minimal_client/lib/examples_rclpy_minimal_client
[7.875s] writing list of installed files to '/home/yixin/ros2_ws/build/examples_rclpy_minimal_client/install.log'
[8.351s] Invoked command in '/home/yixin/ros2_ws/src/examples/rclpy/services/minimal_client' returned '0': DEBUGINFOD_URLS=https://debuginfod.ubuntu.com PYTHONPATH=/home/yixin/ros2_ws/build/examples_rclpy_minimal_client/prefix_override:/usr/lib/python3/dist-packages/colcon_core/task/python/colcon_distutils_commands:/home/yixin/ros2_ws/install/examples_rclpy_minimal_client/lib/python3.12/site-packages:${PYTHONPATH} /usr/bin/python3 -W ignore:setup.py install is deprecated -W ignore:easy_install command is deprecated setup.py egg_info --egg-base ../../../../../build/examples_rclpy_minimal_client build --build-base /home/yixin/ros2_ws/build/examples_rclpy_minimal_client/build install --record /home/yixin/ros2_ws/build/examples_rclpy_minimal_client/install.log --single-version-externally-managed install_data
