[0.083s] Invoking command in '/home/yixin/ros2_ws/build/examples_rclcpp_minimal_service': CMAKE_PREFIX_PATH=${CMAKE_PREFIX_PATH}:/opt/ros/jazzy DEBUGINFOD_URLS=https://debuginfod.ubuntu.com /usr/bin/cmake /home/yixin/ros2_ws/src/examples/rclcpp/services/minimal_service -DCMAKE_INSTALL_PREFIX=/home/yixin/ros2_ws/install/examples_rclcpp_minimal_service
[2.740s] -- Found ament_cmake: 2.5.5 (/opt/ros/jazzy/share/ament_cmake/cmake)
[2.740s] -- Override CMake install command with custom implementation using symlinks instead of copying resources
[2.740s] -- Found example_interfaces: 0.12.0 (/opt/ros/jazzy/share/example_interfaces/cmake)
[2.741s] -- Found rosidl_generator_c: 4.6.7 (/opt/ros/jazzy/share/rosidl_generator_c/cmake)
[2.744s] -- Found rosidl_generator_cpp: 4.6.7 (/opt/ros/jazzy/share/rosidl_generator_cpp/cmake)
[2.744s] -- Using all available rosidl_typesupport_c: rosidl_typesupport_fastrtps_c;rosidl_typesupport_introspection_c
[2.744s] -- Using all available rosidl_typesupport_cpp: rosidl_typesupport_fastrtps_cpp;rosidl_typesupport_introspection_cpp
[2.744s] -- Found rclcpp: 28.1.16 (/opt/ros/jazzy/share/rclcpp/cmake)
[2.745s] -- Found rmw_implementation_cmake: 7.3.3 (/opt/ros/jazzy/share/rmw_implementation_cmake/cmake)
[2.745s] -- Found rmw_fastrtps_cpp: 8.4.3 (/opt/ros/jazzy/share/rmw_fastrtps_cpp/cmake)
[2.745s] -- Using RMW implementation 'rmw_fastrtps_cpp' as default
[2.745s] -- Found ament_lint_auto: 0.17.4 (/opt/ros/jazzy/share/ament_lint_auto/cmake)
[2.745s] -- Added test 'copyright' to check source files copyright and LICENSE
[2.746s] -- Added test 'cppcheck' to perform static code analysis on C / C++ code
[2.746s] -- Configured cppcheck include dirs: 
[2.746s] -- Configured cppcheck exclude dirs and/or files: 
[2.746s] -- Added test 'cpplint' to check C / C++ code against the Google style
[2.746s] -- Configured cpplint exclude dirs and/or files: 
[2.747s] -- Added test 'lint_cmake' to check CMake code style
[2.748s] -- Added test 'uncrustify' to check C / C++ code style
[2.748s] -- Configured uncrustify additional arguments: 
[2.749s] -- Added test 'xmllint' to check XML markup files
[2.749s] -- Configuring done (2.6s)
[2.766s] -- Generating done (0.0s)
[2.789s] -- Build files have been written to: /home/yixin/ros2_ws/build/examples_rclcpp_minimal_service
[2.852s] Invoked command in '/home/yixin/ros2_ws/build/examples_rclcpp_minimal_service' returned '0': CMAKE_PREFIX_PATH=${CMAKE_PREFIX_PATH}:/opt/ros/jazzy DEBUGINFOD_URLS=https://debuginfod.ubuntu.com /usr/bin/cmake /home/yixin/ros2_ws/src/examples/rclcpp/services/minimal_service -DCMAKE_INSTALL_PREFIX=/home/yixin/ros2_ws/install/examples_rclcpp_minimal_service
[2.853s] Invoking command in '/home/yixin/ros2_ws/build/examples_rclcpp_minimal_service': CMAKE_PREFIX_PATH=${CMAKE_PREFIX_PATH}:/opt/ros/jazzy DEBUGINFOD_URLS=https://debuginfod.ubuntu.com /usr/bin/cmake --build /home/yixin/ros2_ws/build/examples_rclcpp_minimal_service -- -j8 -l8
[3.187s] [100%] Built target service_main
[3.344s] Invoked command in '/home/yixin/ros2_ws/build/examples_rclcpp_minimal_service' returned '0': CMAKE_PREFIX_PATH=${CMAKE_PREFIX_PATH}:/opt/ros/jazzy DEBUGINFOD_URLS=https://debuginfod.ubuntu.com /usr/bin/cmake --build /home/yixin/ros2_ws/build/examples_rclcpp_minimal_service -- -j8 -l8
[3.348s] Invoking command in '/home/yixin/ros2_ws/build/examples_rclcpp_minimal_service': CMAKE_PREFIX_PATH=${CMAKE_PREFIX_PATH}:/opt/ros/jazzy DEBUGINFOD_URLS=https://debuginfod.ubuntu.com /usr/bin/cmake --install /home/yixin/ros2_ws/build/examples_rclcpp_minimal_service
[3.447s] -- Install configuration: "Debug"
[3.447s] -- Execute custom install script
[3.447s] -- Up-to-date symlink: /home/yixin/ros2_ws/install/examples_rclcpp_minimal_service/lib/examples_rclcpp_minimal_service/service_main
[3.447s] -- Up-to-date symlink: /home/yixin/ros2_ws/install/examples_rclcpp_minimal_service/share/ament_index/resource_index/package_run_dependencies/examples_rclcpp_minimal_service
[3.448s] -- Up-to-date symlink: /home/yixin/ros2_ws/install/examples_rclcpp_minimal_service/share/ament_index/resource_index/parent_prefix_path/examples_rclcpp_minimal_service
[3.448s] -- Up-to-date symlink: /home/yixin/ros2_ws/install/examples_rclcpp_minimal_service/share/examples_rclcpp_minimal_service/environment/ament_prefix_path.sh
[3.448s] -- Up-to-date symlink: /home/yixin/ros2_ws/install/examples_rclcpp_minimal_service/share/examples_rclcpp_minimal_service/environment/ament_prefix_path.dsv
[3.448s] -- Up-to-date symlink: /home/yixin/ros2_ws/install/examples_rclcpp_minimal_service/share/examples_rclcpp_minimal_service/environment/path.sh
[3.449s] -- Up-to-date symlink: /home/yixin/ros2_ws/install/examples_rclcpp_minimal_service/share/examples_rclcpp_minimal_service/environment/path.dsv
[3.449s] -- Up-to-date symlink: /home/yixin/ros2_ws/install/examples_rclcpp_minimal_service/share/examples_rclcpp_minimal_service/local_setup.bash
[3.449s] -- Up-to-date symlink: /home/yixin/ros2_ws/install/examples_rclcpp_minimal_service/share/examples_rclcpp_minimal_service/local_setup.sh
[3.449s] -- Up-to-date symlink: /home/yixin/ros2_ws/install/examples_rclcpp_minimal_service/share/examples_rclcpp_minimal_service/local_setup.zsh
[3.449s] -- Up-to-date symlink: /home/yixin/ros2_ws/install/examples_rclcpp_minimal_service/share/examples_rclcpp_minimal_service/local_setup.dsv
[3.450s] -- Symlinking: /home/yixin/ros2_ws/install/examples_rclcpp_minimal_service/share/examples_rclcpp_minimal_service/package.dsv
[3.450s] -- Up-to-date symlink: /home/yixin/ros2_ws/install/examples_rclcpp_minimal_service/share/ament_index/resource_index/packages/examples_rclcpp_minimal_service
[3.450s] -- Up-to-date symlink: /home/yixin/ros2_ws/install/examples_rclcpp_minimal_service/share/examples_rclcpp_minimal_service/cmake/examples_rclcpp_minimal_serviceConfig.cmake
[3.450s] -- Up-to-date symlink: /home/yixin/ros2_ws/install/examples_rclcpp_minimal_service/share/examples_rclcpp_minimal_service/cmake/examples_rclcpp_minimal_serviceConfig-version.cmake
[3.451s] -- Up-to-date symlink: /home/yixin/ros2_ws/install/examples_rclcpp_minimal_service/share/examples_rclcpp_minimal_service/package.xml
[3.484s] Invoked command in '/home/yixin/ros2_ws/build/examples_rclcpp_minimal_service' returned '0': CMAKE_PREFIX_PATH=${CMAKE_PREFIX_PATH}:/opt/ros/jazzy DEBUGINFOD_URLS=https://debuginfod.ubuntu.com /usr/bin/cmake --install /home/yixin/ros2_ws/build/examples_rclcpp_minimal_service
