[5.261s] Invoking command in '/home/yixin/ros2_ws/src/examples/rclpy/services/minimal_client': DEBUGINFOD_URLS=https://debuginfod.ubuntu.com PYTHONPATH=/home/yixin/ros2_ws/build/examples_rclpy_minimal_client/prefix_override:/usr/lib/python3/dist-packages/colcon_core/task/python/colcon_distutils_commands:/home/yixin/ros2_ws/install/examples_rclpy_minimal_client/lib/python3.12/site-packages:${PYTHONPATH} /usr/bin/python3 -W ignore:setup.py install is deprecated -W ignore:easy_install command is deprecated setup.py egg_info --egg-base ../../../../../build/examples_rclpy_minimal_client build --build-base /home/yixin/ros2_ws/build/examples_rclpy_minimal_client/build install --record /home/yixin/ros2_ws/build/examples_rclpy_minimal_client/install.log --single-version-externally-managed install_data
[5.975s] running egg_info
[6.020s] writing ../../../../../build/examples_rclpy_minimal_client/examples_rclpy_minimal_client.egg-info/PKG-INFO
[6.020s] writing dependency_links to ../../../../../build/examples_rclpy_minimal_client/examples_rclpy_minimal_client.egg-info/dependency_links.txt
[6.021s] writing entry points to ../../../../../build/examples_rclpy_minimal_client/examples_rclpy_minimal_client.egg-info/entry_points.txt
[6.023s] writing requirements to ../../../../../build/examples_rclpy_minimal_client/examples_rclpy_minimal_client.egg-info/requires.txt
[6.025s] writing top-level names to ../../../../../build/examples_rclpy_minimal_client/examples_rclpy_minimal_client.egg-info/top_level.txt
[6.097s] reading manifest file '../../../../../build/examples_rclpy_minimal_client/examples_rclpy_minimal_client.egg-info/SOURCES.txt'
[6.100s] writing manifest file '../../../../../build/examples_rclpy_minimal_client/examples_rclpy_minimal_client.egg-info/SOURCES.txt'
[6.100s] running build
[6.100s] running build_py
[6.101s] running install
[6.123s] running install_lib
[6.165s] running install_data
[6.166s] running install_egg_info
[6.213s] removing '/home/yixin/ros2_ws/install/examples_rclpy_minimal_client/lib/python3.12/site-packages/examples_rclpy_minimal_client-0.19.7-py3.12.egg-info' (and everything under it)
[6.216s] Copying ../../../../../build/examples_rclpy_minimal_client/examples_rclpy_minimal_client.egg-info to /home/yixin/ros2_ws/install/examples_rclpy_minimal_client/lib/python3.12/site-packages/examples_rclpy_minimal_client-0.19.7-py3.12.egg-info
[6.220s] running install_scripts
[6.468s] Installing client script to /home/yixin/ros2_ws/install/examples_rclpy_minimal_client/lib/examples_rclpy_minimal_client
[6.468s] Installing client_async script to /home/yixin/ros2_ws/install/examples_rclpy_minimal_client/lib/examples_rclpy_minimal_client
[6.469s] Installing client_async_callback script to /home/yixin/ros2_ws/install/examples_rclpy_minimal_client/lib/examples_rclpy_minimal_client
[6.472s] Installing client_async_member_function script to /home/yixin/ros2_ws/install/examples_rclpy_minimal_client/lib/examples_rclpy_minimal_client
[6.472s] writing list of installed files to '/home/yixin/ros2_ws/build/examples_rclpy_minimal_client/install.log'
[7.012s] Invoked command in '/home/yixin/ros2_ws/src/examples/rclpy/services/minimal_client' returned '0': DEBUGINFOD_URLS=https://debuginfod.ubuntu.com PYTHONPATH=/home/yixin/ros2_ws/build/examples_rclpy_minimal_client/prefix_override:/usr/lib/python3/dist-packages/colcon_core/task/python/colcon_distutils_commands:/home/yixin/ros2_ws/install/examples_rclpy_minimal_client/lib/python3.12/site-packages:${PYTHONPATH} /usr/bin/python3 -W ignore:setup.py install is deprecated -W ignore:easy_install command is deprecated setup.py egg_info --egg-base ../../../../../build/examples_rclpy_minimal_client build --build-base /home/yixin/ros2_ws/build/examples_rclpy_minimal_client/build install --record /home/yixin/ros2_ws/build/examples_rclpy_minimal_client/install.log --single-version-externally-managed install_data
