[0.175s] Invoking command in '/home/yixin/ros2_ws/build/examples_rclcpp_minimal_timer': CMAKE_PREFIX_PATH=${CMAKE_PREFIX_PATH}:/home/yixin/ros2_ws/install/py_srvcli:/home/yixin/ros2_ws/install/py_pubsub:/home/yixin/ros2_ws/install/python_parameters:/home/yixin/ros2_ws/install/my_python_package:/home/yixin/ros2_ws/install/launch_testing_examples:/home/yixin/ros2_ws/install/examples_rclpy_pointcloud_publisher:/home/yixin/ros2_ws/install/examples_rclpy_minimal_subscriber:/home/yixin/ros2_ws/install/examples_rclpy_minimal_service:/home/yixin/ros2_ws/install/examples_rclpy_minimal_publisher:/home/yixin/ros2_ws/install/examples_rclpy_minimal_client:/home/yixin/ros2_ws/install/examples_rclpy_minimal_action_server:/home/yixin/ros2_ws/install/examples_rclpy_minimal_action_client:/home/yixin/ros2_ws/install/examples_rclpy_guard_conditions:/home/yixin/ros2_ws/install/examples_rclpy_executors:/opt/ros/jazzy DEBUGINFOD_URLS=https://debuginfod.ubuntu.com /usr/bin/cmake --build /home/yixin/ros2_ws/build/examples_rclcpp_minimal_timer -- -j8 -l8
[0.632s] [ 50%] Built target timer_lambda
[0.668s] [100%] Built target timer_member_function
[0.952s] Invoked command in '/home/yixin/ros2_ws/build/examples_rclcpp_minimal_timer' returned '0': CMAKE_PREFIX_PATH=${CMAKE_PREFIX_PATH}:/home/yixin/ros2_ws/install/py_srvcli:/home/yixin/ros2_ws/install/py_pubsub:/home/yixin/ros2_ws/install/python_parameters:/home/yixin/ros2_ws/install/my_python_package:/home/yixin/ros2_ws/install/launch_testing_examples:/home/yixin/ros2_ws/install/examples_rclpy_pointcloud_publisher:/home/yixin/ros2_ws/install/examples_rclpy_minimal_subscriber:/home/yixin/ros2_ws/install/examples_rclpy_minimal_service:/home/yixin/ros2_ws/install/examples_rclpy_minimal_publisher:/home/yixin/ros2_ws/install/examples_rclpy_minimal_client:/home/yixin/ros2_ws/install/examples_rclpy_minimal_action_server:/home/yixin/ros2_ws/install/examples_rclpy_minimal_action_client:/home/yixin/ros2_ws/install/examples_rclpy_guard_conditions:/home/yixin/ros2_ws/install/examples_rclpy_executors:/opt/ros/jazzy DEBUGINFOD_URLS=https://debuginfod.ubuntu.com /usr/bin/cmake --build /home/yixin/ros2_ws/build/examples_rclcpp_minimal_timer -- -j8 -l8
[0.954s] Invoking command in '/home/yixin/ros2_ws/build/examples_rclcpp_minimal_timer': CMAKE_PREFIX_PATH=${CMAKE_PREFIX_PATH}:/home/yixin/ros2_ws/install/py_srvcli:/home/yixin/ros2_ws/install/py_pubsub:/home/yixin/ros2_ws/install/python_parameters:/home/yixin/ros2_ws/install/my_python_package:/home/yixin/ros2_ws/install/launch_testing_examples:/home/yixin/ros2_ws/install/examples_rclpy_pointcloud_publisher:/home/yixin/ros2_ws/install/examples_rclpy_minimal_subscriber:/home/yixin/ros2_ws/install/examples_rclpy_minimal_service:/home/yixin/ros2_ws/install/examples_rclpy_minimal_publisher:/home/yixin/ros2_ws/install/examples_rclpy_minimal_client:/home/yixin/ros2_ws/install/examples_rclpy_minimal_action_server:/home/yixin/ros2_ws/install/examples_rclpy_minimal_action_client:/home/yixin/ros2_ws/install/examples_rclpy_guard_conditions:/home/yixin/ros2_ws/install/examples_rclpy_executors:/opt/ros/jazzy DEBUGINFOD_URLS=https://debuginfod.ubuntu.com /usr/bin/cmake --install /home/yixin/ros2_ws/build/examples_rclcpp_minimal_timer
[1.015s] -- Install configuration: "Debug"
[1.021s] -- Execute custom install script
[1.022s] -- Up-to-date symlink: /home/yixin/ros2_ws/install/examples_rclcpp_minimal_timer/lib/examples_rclcpp_minimal_timer/timer_lambda
[1.022s] -- Up-to-date symlink: /home/yixin/ros2_ws/install/examples_rclcpp_minimal_timer/lib/examples_rclcpp_minimal_timer/timer_member_function
[1.022s] -- Up-to-date symlink: /home/yixin/ros2_ws/install/examples_rclcpp_minimal_timer/share/ament_index/resource_index/package_run_dependencies/examples_rclcpp_minimal_timer
[1.030s] -- Up-to-date symlink: /home/yixin/ros2_ws/install/examples_rclcpp_minimal_timer/share/ament_index/resource_index/parent_prefix_path/examples_rclcpp_minimal_timer
[1.031s] -- Up-to-date symlink: /home/yixin/ros2_ws/install/examples_rclcpp_minimal_timer/share/examples_rclcpp_minimal_timer/environment/ament_prefix_path.sh
[1.031s] -- Up-to-date symlink: /home/yixin/ros2_ws/install/examples_rclcpp_minimal_timer/share/examples_rclcpp_minimal_timer/environment/ament_prefix_path.dsv
[1.032s] -- Up-to-date symlink: /home/yixin/ros2_ws/install/examples_rclcpp_minimal_timer/share/examples_rclcpp_minimal_timer/environment/path.sh
[1.032s] -- Up-to-date symlink: /home/yixin/ros2_ws/install/examples_rclcpp_minimal_timer/share/examples_rclcpp_minimal_timer/environment/path.dsv
[1.032s] -- Up-to-date symlink: /home/yixin/ros2_ws/install/examples_rclcpp_minimal_timer/share/examples_rclcpp_minimal_timer/local_setup.bash
[1.032s] -- Up-to-date symlink: /home/yixin/ros2_ws/install/examples_rclcpp_minimal_timer/share/examples_rclcpp_minimal_timer/local_setup.sh
[1.035s] -- Up-to-date symlink: /home/yixin/ros2_ws/install/examples_rclcpp_minimal_timer/share/examples_rclcpp_minimal_timer/local_setup.zsh
[1.035s] -- Up-to-date symlink: /home/yixin/ros2_ws/install/examples_rclcpp_minimal_timer/share/examples_rclcpp_minimal_timer/local_setup.dsv
[1.038s] -- Symlinking: /home/yixin/ros2_ws/install/examples_rclcpp_minimal_timer/share/examples_rclcpp_minimal_timer/package.dsv
[1.072s] -- Up-to-date symlink: /home/yixin/ros2_ws/install/examples_rclcpp_minimal_timer/share/ament_index/resource_index/packages/examples_rclcpp_minimal_timer
[1.072s] -- Up-to-date symlink: /home/yixin/ros2_ws/install/examples_rclcpp_minimal_timer/share/examples_rclcpp_minimal_timer/cmake/examples_rclcpp_minimal_timerConfig.cmake
[1.072s] -- Up-to-date symlink: /home/yixin/ros2_ws/install/examples_rclcpp_minimal_timer/share/examples_rclcpp_minimal_timer/cmake/examples_rclcpp_minimal_timerConfig-version.cmake
[1.073s] -- Up-to-date symlink: /home/yixin/ros2_ws/install/examples_rclcpp_minimal_timer/share/examples_rclcpp_minimal_timer/package.xml
[2.059s] Invoked command in '/home/yixin/ros2_ws/build/examples_rclcpp_minimal_timer' returned '0': CMAKE_PREFIX_PATH=${CMAKE_PREFIX_PATH}:/home/yixin/ros2_ws/install/py_srvcli:/home/yixin/ros2_ws/install/py_pubsub:/home/yixin/ros2_ws/install/python_parameters:/home/yixin/ros2_ws/install/my_python_package:/home/yixin/ros2_ws/install/launch_testing_examples:/home/yixin/ros2_ws/install/examples_rclpy_pointcloud_publisher:/home/yixin/ros2_ws/install/examples_rclpy_minimal_subscriber:/home/yixin/ros2_ws/install/examples_rclpy_minimal_service:/home/yixin/ros2_ws/install/examples_rclpy_minimal_publisher:/home/yixin/ros2_ws/install/examples_rclpy_minimal_client:/home/yixin/ros2_ws/install/examples_rclpy_minimal_action_server:/home/yixin/ros2_ws/install/examples_rclpy_minimal_action_client:/home/yixin/ros2_ws/install/examples_rclpy_guard_conditions:/home/yixin/ros2_ws/install/examples_rclpy_executors:/opt/ros/jazzy DEBUGINFOD_URLS=https://debuginfod.ubuntu.com /usr/bin/cmake --install /home/yixin/ros2_ws/build/examples_rclcpp_minimal_timer
