[0.036s] Invoking command in '/home/yixin/ros2_ws/src/build/composition_cpp': CMAKE_PREFIX_PATH=${CMAKE_PREFIX_PATH}:/home/yixin/ros2_ws/install/py_srvcli:/home/yixin/ros2_ws/install/py_pubsub:/home/yixin/ros2_ws/install/python_parameters:/home/yixin/ros2_ws/install/my_python_package:/home/yixin/ros2_ws/install/launch_testing_examples:/home/yixin/ros2_ws/install/examples_rclpy_pointcloud_publisher:/home/yixin/ros2_ws/install/examples_rclpy_minimal_subscriber:/home/yixin/ros2_ws/install/examples_rclpy_minimal_service:/home/yixin/ros2_ws/install/examples_rclpy_minimal_publisher:/home/yixin/ros2_ws/install/examples_rclpy_minimal_client:/home/yixin/ros2_ws/install/examples_rclpy_minimal_action_server:/home/yixin/ros2_ws/install/examples_rclpy_minimal_action_client:/home/yixin/ros2_ws/install/examples_rclpy_guard_conditions:/home/yixin/ros2_ws/install/examples_rclpy_executors:/opt/ros/jazzy DEBUGINFOD_URLS=https://debuginfod.ubuntu.com /usr/bin/cmake /home/yixin/ros2_ws/src/composition_cpp -DCMAKE_INSTALL_PREFIX=/home/yixin/ros2_ws/src/install/composition_cpp
[0.231s] -- The C compiler identification is GNU 13.3.0
[0.426s] -- The CXX compiler identification is GNU 13.3.0
[0.493s] -- Detecting C compiler ABI info
[0.854s] -- Detecting C compiler ABI info - done
[0.889s] -- Check for working C compiler: /usr/bin/cc - skipped
[0.890s] -- Detecting C compile features
[0.891s] -- Detecting C compile features - done
[0.922s] -- Detecting CXX compiler ABI info
[1.279s] -- Detecting CXX compiler ABI info - done
[1.307s] -- Check for working CXX compiler: /usr/bin/c++ - skipped
[1.308s] -- Detecting CXX compile features
[1.309s] -- Detecting CXX compile features - done
[1.338s] -- Found ament_cmake: 2.5.5 (/opt/ros/jazzy/share/ament_cmake/cmake)
[1.975s] -- Found Python3: /usr/bin/python3 (found version "3.12.3") found components: Interpreter 
[2.554s] -- Found rclcpp: 28.1.16 (/opt/ros/jazzy/share/rclcpp/cmake)
[2.831s] -- Found rosidl_generator_c: 4.6.7 (/opt/ros/jazzy/share/rosidl_generator_c/cmake)
[2.924s] -- Found rosidl_generator_cpp: 4.6.7 (/opt/ros/jazzy/share/rosidl_generator_cpp/cmake)
[3.027s] -- Using all available rosidl_typesupport_c: rosidl_typesupport_fastrtps_c;rosidl_typesupport_introspection_c
[3.136s] -- Using all available rosidl_typesupport_cpp: rosidl_typesupport_fastrtps_cpp;rosidl_typesupport_introspection_cpp
[3.558s] -- Found rmw_implementation_cmake: 7.3.3 (/opt/ros/jazzy/share/rmw_implementation_cmake/cmake)
[3.586s] -- Found rmw_fastrtps_cpp: 8.4.3 (/opt/ros/jazzy/share/rmw_fastrtps_cpp/cmake)
[3.983s] -- Found OpenSSL: /usr/lib/x86_64-linux-gnu/libcrypto.so (found version "3.0.13")  
[4.064s] -- Found FastRTPS: /opt/ros/jazzy/include (Required is at least version "2.13") 
[4.152s] -- Using RMW implementation 'rmw_fastrtps_cpp' as default
[4.515s] -- Found rclcpp_components: 28.1.16 (/opt/ros/jazzy/share/rclcpp_components/cmake)
[4.701s] -- Found std_msgs: 5.3.6 (/opt/ros/jazzy/share/std_msgs/cmake)
[4.779s] -- Found ament_lint_auto: 0.17.4 (/opt/ros/jazzy/share/ament_lint_auto/cmake)
[5.234s] -- Added test 'cppcheck' to perform static code analysis on C / C++ code
[5.235s] -- Configured cppcheck include dirs: 
[5.235s] -- Configured cppcheck exclude dirs and/or files: 
[5.243s] -- Added test 'lint_cmake' to check CMake code style
[5.248s] -- Added test 'uncrustify' to check C / C++ code style
[5.249s] -- Configured uncrustify additional arguments: 
[5.253s] -- Added test 'xmllint' to check XML markup files
[5.264s] -- Configuring done (5.2s)
[5.302s] -- Generating done (0.0s)
[5.314s] -- Build files have been written to: /home/yixin/ros2_ws/src/build/composition_cpp
[5.347s] Invoked command in '/home/yixin/ros2_ws/src/build/composition_cpp' returned '0': CMAKE_PREFIX_PATH=${CMAKE_PREFIX_PATH}:/home/yixin/ros2_ws/install/py_srvcli:/home/yixin/ros2_ws/install/py_pubsub:/home/yixin/ros2_ws/install/python_parameters:/home/yixin/ros2_ws/install/my_python_package:/home/yixin/ros2_ws/install/launch_testing_examples:/home/yixin/ros2_ws/install/examples_rclpy_pointcloud_publisher:/home/yixin/ros2_ws/install/examples_rclpy_minimal_subscriber:/home/yixin/ros2_ws/install/examples_rclpy_minimal_service:/home/yixin/ros2_ws/install/examples_rclpy_minimal_publisher:/home/yixin/ros2_ws/install/examples_rclpy_minimal_client:/home/yixin/ros2_ws/install/examples_rclpy_minimal_action_server:/home/yixin/ros2_ws/install/examples_rclpy_minimal_action_client:/home/yixin/ros2_ws/install/examples_rclpy_guard_conditions:/home/yixin/ros2_ws/install/examples_rclpy_executors:/opt/ros/jazzy DEBUGINFOD_URLS=https://debuginfod.ubuntu.com /usr/bin/cmake /home/yixin/ros2_ws/src/composition_cpp -DCMAKE_INSTALL_PREFIX=/home/yixin/ros2_ws/src/install/composition_cpp
[5.348s] Invoking command in '/home/yixin/ros2_ws/src/build/composition_cpp': CMAKE_PREFIX_PATH=${CMAKE_PREFIX_PATH}:/home/yixin/ros2_ws/install/py_srvcli:/home/yixin/ros2_ws/install/py_pubsub:/home/yixin/ros2_ws/install/python_parameters:/home/yixin/ros2_ws/install/my_python_package:/home/yixin/ros2_ws/install/launch_testing_examples:/home/yixin/ros2_ws/install/examples_rclpy_pointcloud_publisher:/home/yixin/ros2_ws/install/examples_rclpy_minimal_subscriber:/home/yixin/ros2_ws/install/examples_rclpy_minimal_service:/home/yixin/ros2_ws/install/examples_rclpy_minimal_publisher:/home/yixin/ros2_ws/install/examples_rclpy_minimal_client:/home/yixin/ros2_ws/install/examples_rclpy_minimal_action_server:/home/yixin/ros2_ws/install/examples_rclpy_minimal_action_client:/home/yixin/ros2_ws/install/examples_rclpy_guard_conditions:/home/yixin/ros2_ws/install/examples_rclpy_executors:/opt/ros/jazzy DEBUGINFOD_URLS=https://debuginfod.ubuntu.com /usr/bin/cmake --build /home/yixin/ros2_ws/src/build/composition_cpp -- -j8 -l8
[5.540s] [ 50%] [32mBuilding CXX object CMakeFiles/talker_component.dir/src/talker_component.cpp.o[0m
[12.406s] [100%] [32m[1mLinking CXX shared library libtalker_component.so[0m
[12.640s] [100%] Built target talker_component
[12.657s] Invoked command in '/home/yixin/ros2_ws/src/build/composition_cpp' returned '0': CMAKE_PREFIX_PATH=${CMAKE_PREFIX_PATH}:/home/yixin/ros2_ws/install/py_srvcli:/home/yixin/ros2_ws/install/py_pubsub:/home/yixin/ros2_ws/install/python_parameters:/home/yixin/ros2_ws/install/my_python_package:/home/yixin/ros2_ws/install/launch_testing_examples:/home/yixin/ros2_ws/install/examples_rclpy_pointcloud_publisher:/home/yixin/ros2_ws/install/examples_rclpy_minimal_subscriber:/home/yixin/ros2_ws/install/examples_rclpy_minimal_service:/home/yixin/ros2_ws/install/examples_rclpy_minimal_publisher:/home/yixin/ros2_ws/install/examples_rclpy_minimal_client:/home/yixin/ros2_ws/install/examples_rclpy_minimal_action_server:/home/yixin/ros2_ws/install/examples_rclpy_minimal_action_client:/home/yixin/ros2_ws/install/examples_rclpy_guard_conditions:/home/yixin/ros2_ws/install/examples_rclpy_executors:/opt/ros/jazzy DEBUGINFOD_URLS=https://debuginfod.ubuntu.com /usr/bin/cmake --build /home/yixin/ros2_ws/src/build/composition_cpp -- -j8 -l8
[12.670s] Invoking command in '/home/yixin/ros2_ws/src/build/composition_cpp': CMAKE_PREFIX_PATH=${CMAKE_PREFIX_PATH}:/home/yixin/ros2_ws/install/py_srvcli:/home/yixin/ros2_ws/install/py_pubsub:/home/yixin/ros2_ws/install/python_parameters:/home/yixin/ros2_ws/install/my_python_package:/home/yixin/ros2_ws/install/launch_testing_examples:/home/yixin/ros2_ws/install/examples_rclpy_pointcloud_publisher:/home/yixin/ros2_ws/install/examples_rclpy_minimal_subscriber:/home/yixin/ros2_ws/install/examples_rclpy_minimal_service:/home/yixin/ros2_ws/install/examples_rclpy_minimal_publisher:/home/yixin/ros2_ws/install/examples_rclpy_minimal_client:/home/yixin/ros2_ws/install/examples_rclpy_minimal_action_server:/home/yixin/ros2_ws/install/examples_rclpy_minimal_action_client:/home/yixin/ros2_ws/install/examples_rclpy_guard_conditions:/home/yixin/ros2_ws/install/examples_rclpy_executors:/opt/ros/jazzy DEBUGINFOD_URLS=https://debuginfod.ubuntu.com /usr/bin/cmake --install /home/yixin/ros2_ws/src/build/composition_cpp
[12.684s] -- Install configuration: ""
[12.684s] -- Installing: /home/yixin/ros2_ws/src/install/composition_cpp/lib/libtalker_component.so
[12.685s] -- Set non-toolchain portion of runtime path of "/home/yixin/ros2_ws/src/install/composition_cpp/lib/libtalker_component.so" to ""
[12.686s] -- Installing: /home/yixin/ros2_ws/src/install/composition_cpp/share/ament_index/resource_index/package_run_dependencies/composition_cpp
[12.686s] -- Installing: /home/yixin/ros2_ws/src/install/composition_cpp/share/ament_index/resource_index/parent_prefix_path/composition_cpp
[12.686s] -- Installing: /home/yixin/ros2_ws/src/install/composition_cpp/share/composition_cpp/environment/ament_prefix_path.sh
[12.686s] -- Installing: /home/yixin/ros2_ws/src/install/composition_cpp/share/composition_cpp/environment/ament_prefix_path.dsv
[12.687s] -- Installing: /home/yixin/ros2_ws/src/install/composition_cpp/share/composition_cpp/environment/path.sh
[12.687s] -- Installing: /home/yixin/ros2_ws/src/install/composition_cpp/share/composition_cpp/environment/path.dsv
[12.687s] -- Installing: /home/yixin/ros2_ws/src/install/composition_cpp/share/composition_cpp/local_setup.bash
[12.687s] -- Installing: /home/yixin/ros2_ws/src/install/composition_cpp/share/composition_cpp/local_setup.sh
[12.688s] -- Installing: /home/yixin/ros2_ws/src/install/composition_cpp/share/composition_cpp/local_setup.zsh
[12.688s] -- Installing: /home/yixin/ros2_ws/src/install/composition_cpp/share/composition_cpp/local_setup.dsv
[12.688s] -- Installing: /home/yixin/ros2_ws/src/install/composition_cpp/share/composition_cpp/package.dsv
[12.688s] -- Installing: /home/yixin/ros2_ws/src/install/composition_cpp/share/ament_index/resource_index/packages/composition_cpp
[12.689s] -- Installing: /home/yixin/ros2_ws/src/install/composition_cpp/share/ament_index/resource_index/rclcpp_components/composition_cpp
[12.690s] -- Installing: /home/yixin/ros2_ws/src/install/composition_cpp/share/composition_cpp/cmake/composition_cppConfig.cmake
[12.690s] -- Installing: /home/yixin/ros2_ws/src/install/composition_cpp/share/composition_cpp/cmake/composition_cppConfig-version.cmake
[12.690s] -- Installing: /home/yixin/ros2_ws/src/install/composition_cpp/share/composition_cpp/package.xml
[12.693s] Invoked command in '/home/yixin/ros2_ws/src/build/composition_cpp' returned '0': CMAKE_PREFIX_PATH=${CMAKE_PREFIX_PATH}:/home/yixin/ros2_ws/install/py_srvcli:/home/yixin/ros2_ws/install/py_pubsub:/home/yixin/ros2_ws/install/python_parameters:/home/yixin/ros2_ws/install/my_python_package:/home/yixin/ros2_ws/install/launch_testing_examples:/home/yixin/ros2_ws/install/examples_rclpy_pointcloud_publisher:/home/yixin/ros2_ws/install/examples_rclpy_minimal_subscriber:/home/yixin/ros2_ws/install/examples_rclpy_minimal_service:/home/yixin/ros2_ws/install/examples_rclpy_minimal_publisher:/home/yixin/ros2_ws/install/examples_rclpy_minimal_client:/home/yixin/ros2_ws/install/examples_rclpy_minimal_action_server:/home/yixin/ros2_ws/install/examples_rclpy_minimal_action_client:/home/yixin/ros2_ws/install/examples_rclpy_guard_conditions:/home/yixin/ros2_ws/install/examples_rclpy_executors:/opt/ros/jazzy DEBUGINFOD_URLS=https://debuginfod.ubuntu.com /usr/bin/cmake --install /home/yixin/ros2_ws/src/build/composition_cpp
