[0.039s] Invoking command in '/home/yixin/ros2_ws/build/vincent_driver': CMAKE_PREFIX_PATH=${CMAKE_PREFIX_PATH}:/home/yixin/ros2_ws/install/py_srvcli:/home/yixin/ros2_ws/install/py_pubsub:/home/yixin/ros2_ws/install/python_parameters:/home/yixin/ros2_ws/install/my_python_package:/home/yixin/ros2_ws/install/launch_testing_examples:/home/yixin/ros2_ws/install/examples_rclpy_pointcloud_publisher:/home/yixin/ros2_ws/install/examples_rclpy_minimal_subscriber:/home/yixin/ros2_ws/install/examples_rclpy_minimal_service:/home/yixin/ros2_ws/install/examples_rclpy_minimal_publisher:/home/yixin/ros2_ws/install/examples_rclpy_minimal_client:/home/yixin/ros2_ws/install/examples_rclpy_minimal_action_server:/home/yixin/ros2_ws/install/examples_rclpy_minimal_action_client:/home/yixin/ros2_ws/install/examples_rclpy_guard_conditions:/home/yixin/ros2_ws/install/examples_rclpy_executors:/opt/ros/jazzy DEBUGINFOD_URLS=https://debuginfod.ubuntu.com /usr/bin/cmake /home/yixin/ros2_ws/src/vincent_driver -DCMAKE_INSTALL_PREFIX=/home/yixin/ros2_ws/install/vincent_driver
[0.230s] -- The C compiler identification is GNU 13.3.0
[0.404s] -- The CXX compiler identification is GNU 13.3.0
[0.460s] -- Detecting C compiler ABI info
[0.748s] -- Detecting C compiler ABI info - done
[0.776s] -- Check for working C compiler: /usr/bin/cc - skipped
[0.777s] -- Detecting C compile features
[0.778s] -- Detecting C compile features - done
[0.808s] -- Detecting CXX compiler ABI info
[1.140s] -- Detecting CXX compiler ABI info - done
[1.169s] -- Check for working CXX compiler: /usr/bin/c++ - skipped
[1.170s] -- Detecting CXX compile features
[1.171s] -- Detecting CXX compile features - done
[1.196s] -- Found ament_cmake: 2.5.5 (/opt/ros/jazzy/share/ament_cmake/cmake)
[1.830s] -- Found Python3: /usr/bin/python3 (found version "3.12.3") found components: Interpreter 
[2.447s] -- Found rclcpp: 28.1.16 (/opt/ros/jazzy/share/rclcpp/cmake)
[2.725s] -- Found rosidl_generator_c: 4.6.7 (/opt/ros/jazzy/share/rosidl_generator_c/cmake)
[2.816s] -- Found rosidl_generator_cpp: 4.6.7 (/opt/ros/jazzy/share/rosidl_generator_cpp/cmake)
[2.924s] -- Using all available rosidl_typesupport_c: rosidl_typesupport_fastrtps_c;rosidl_typesupport_introspection_c
[3.034s] -- Using all available rosidl_typesupport_cpp: rosidl_typesupport_fastrtps_cpp;rosidl_typesupport_introspection_cpp
[3.437s] -- Found rmw_implementation_cmake: 7.3.3 (/opt/ros/jazzy/share/rmw_implementation_cmake/cmake)
[3.465s] -- Found rmw_fastrtps_cpp: 8.4.3 (/opt/ros/jazzy/share/rmw_fastrtps_cpp/cmake)
[3.839s] -- Found OpenSSL: /usr/lib/x86_64-linux-gnu/libcrypto.so (found version "3.0.13")  
[3.909s] -- Found FastRTPS: /opt/ros/jazzy/include (Required is at least version "2.13") 
[3.991s] -- Using RMW implementation 'rmw_fastrtps_cpp' as default
[4.341s] -- Found rclcpp_components: 28.1.16 (/opt/ros/jazzy/share/rclcpp_components/cmake)
[4.520s] -- Found std_msgs: 5.3.6 (/opt/ros/jazzy/share/std_msgs/cmake)
[4.592s] -- Found ament_lint_auto: 0.17.4 (/opt/ros/jazzy/share/ament_lint_auto/cmake)
[5.044s] -- Added test 'cppcheck' to perform static code analysis on C / C++ code
[5.044s] -- Configured cppcheck include dirs: 
[5.044s] -- Configured cppcheck exclude dirs and/or files: 
[5.049s] -- Added test 'lint_cmake' to check CMake code style
[5.055s] -- Added test 'uncrustify' to check C / C++ code style
[5.056s] -- Configured uncrustify additional arguments: 
[5.060s] -- Added test 'xmllint' to check XML markup files
[5.069s] -- Configuring done (5.0s)
[5.102s] -- Generating done (0.0s)
[5.113s] -- Build files have been written to: /home/yixin/ros2_ws/build/vincent_driver
[5.141s] Invoked command in '/home/yixin/ros2_ws/build/vincent_driver' returned '0': CMAKE_PREFIX_PATH=${CMAKE_PREFIX_PATH}:/home/yixin/ros2_ws/install/py_srvcli:/home/yixin/ros2_ws/install/py_pubsub:/home/yixin/ros2_ws/install/python_parameters:/home/yixin/ros2_ws/install/my_python_package:/home/yixin/ros2_ws/install/launch_testing_examples:/home/yixin/ros2_ws/install/examples_rclpy_pointcloud_publisher:/home/yixin/ros2_ws/install/examples_rclpy_minimal_subscriber:/home/yixin/ros2_ws/install/examples_rclpy_minimal_service:/home/yixin/ros2_ws/install/examples_rclpy_minimal_publisher:/home/yixin/ros2_ws/install/examples_rclpy_minimal_client:/home/yixin/ros2_ws/install/examples_rclpy_minimal_action_server:/home/yixin/ros2_ws/install/examples_rclpy_minimal_action_client:/home/yixin/ros2_ws/install/examples_rclpy_guard_conditions:/home/yixin/ros2_ws/install/examples_rclpy_executors:/opt/ros/jazzy DEBUGINFOD_URLS=https://debuginfod.ubuntu.com /usr/bin/cmake /home/yixin/ros2_ws/src/vincent_driver -DCMAKE_INSTALL_PREFIX=/home/yixin/ros2_ws/install/vincent_driver
[5.145s] Invoking command in '/home/yixin/ros2_ws/build/vincent_driver': CMAKE_PREFIX_PATH=${CMAKE_PREFIX_PATH}:/home/yixin/ros2_ws/install/py_srvcli:/home/yixin/ros2_ws/install/py_pubsub:/home/yixin/ros2_ws/install/python_parameters:/home/yixin/ros2_ws/install/my_python_package:/home/yixin/ros2_ws/install/launch_testing_examples:/home/yixin/ros2_ws/install/examples_rclpy_pointcloud_publisher:/home/yixin/ros2_ws/install/examples_rclpy_minimal_subscriber:/home/yixin/ros2_ws/install/examples_rclpy_minimal_service:/home/yixin/ros2_ws/install/examples_rclpy_minimal_publisher:/home/yixin/ros2_ws/install/examples_rclpy_minimal_client:/home/yixin/ros2_ws/install/examples_rclpy_minimal_action_server:/home/yixin/ros2_ws/install/examples_rclpy_minimal_action_client:/home/yixin/ros2_ws/install/examples_rclpy_guard_conditions:/home/yixin/ros2_ws/install/examples_rclpy_executors:/opt/ros/jazzy DEBUGINFOD_URLS=https://debuginfod.ubuntu.com /usr/bin/cmake --build /home/yixin/ros2_ws/build/vincent_driver -- -j8 -l8
[5.328s] [ 50%] [32mBuilding CXX object CMakeFiles/vincent_driver_component.dir/src/vincent_driver.cpp.o[0m
[10.289s] [100%] [32m[1mLinking CXX shared library libvincent_driver_component.so[0m
[10.445s] [100%] Built target vincent_driver_component
[10.464s] Invoked command in '/home/yixin/ros2_ws/build/vincent_driver' returned '0': CMAKE_PREFIX_PATH=${CMAKE_PREFIX_PATH}:/home/yixin/ros2_ws/install/py_srvcli:/home/yixin/ros2_ws/install/py_pubsub:/home/yixin/ros2_ws/install/python_parameters:/home/yixin/ros2_ws/install/my_python_package:/home/yixin/ros2_ws/install/launch_testing_examples:/home/yixin/ros2_ws/install/examples_rclpy_pointcloud_publisher:/home/yixin/ros2_ws/install/examples_rclpy_minimal_subscriber:/home/yixin/ros2_ws/install/examples_rclpy_minimal_service:/home/yixin/ros2_ws/install/examples_rclpy_minimal_publisher:/home/yixin/ros2_ws/install/examples_rclpy_minimal_client:/home/yixin/ros2_ws/install/examples_rclpy_minimal_action_server:/home/yixin/ros2_ws/install/examples_rclpy_minimal_action_client:/home/yixin/ros2_ws/install/examples_rclpy_guard_conditions:/home/yixin/ros2_ws/install/examples_rclpy_executors:/opt/ros/jazzy DEBUGINFOD_URLS=https://debuginfod.ubuntu.com /usr/bin/cmake --build /home/yixin/ros2_ws/build/vincent_driver -- -j8 -l8
[10.479s] Invoking command in '/home/yixin/ros2_ws/build/vincent_driver': CMAKE_PREFIX_PATH=${CMAKE_PREFIX_PATH}:/home/yixin/ros2_ws/install/py_srvcli:/home/yixin/ros2_ws/install/py_pubsub:/home/yixin/ros2_ws/install/python_parameters:/home/yixin/ros2_ws/install/my_python_package:/home/yixin/ros2_ws/install/launch_testing_examples:/home/yixin/ros2_ws/install/examples_rclpy_pointcloud_publisher:/home/yixin/ros2_ws/install/examples_rclpy_minimal_subscriber:/home/yixin/ros2_ws/install/examples_rclpy_minimal_service:/home/yixin/ros2_ws/install/examples_rclpy_minimal_publisher:/home/yixin/ros2_ws/install/examples_rclpy_minimal_client:/home/yixin/ros2_ws/install/examples_rclpy_minimal_action_server:/home/yixin/ros2_ws/install/examples_rclpy_minimal_action_client:/home/yixin/ros2_ws/install/examples_rclpy_guard_conditions:/home/yixin/ros2_ws/install/examples_rclpy_executors:/opt/ros/jazzy DEBUGINFOD_URLS=https://debuginfod.ubuntu.com /usr/bin/cmake --install /home/yixin/ros2_ws/build/vincent_driver
[10.490s] -- Install configuration: ""
[10.490s] -- Installing: /home/yixin/ros2_ws/install/vincent_driver/lib/libvincent_driver_component.so
[10.491s] -- Set non-toolchain portion of runtime path of "/home/yixin/ros2_ws/install/vincent_driver/lib/libvincent_driver_component.so" to ""
[10.491s] -- Installing: /home/yixin/ros2_ws/install/vincent_driver/share/ament_index/resource_index/package_run_dependencies/vincent_driver
[10.491s] -- Installing: /home/yixin/ros2_ws/install/vincent_driver/share/ament_index/resource_index/parent_prefix_path/vincent_driver
[10.491s] -- Installing: /home/yixin/ros2_ws/install/vincent_driver/share/vincent_driver/environment/ament_prefix_path.sh
[10.491s] -- Installing: /home/yixin/ros2_ws/install/vincent_driver/share/vincent_driver/environment/ament_prefix_path.dsv
[10.492s] -- Installing: /home/yixin/ros2_ws/install/vincent_driver/share/vincent_driver/environment/path.sh
[10.492s] -- Installing: /home/yixin/ros2_ws/install/vincent_driver/share/vincent_driver/environment/path.dsv
[10.492s] -- Installing: /home/yixin/ros2_ws/install/vincent_driver/share/vincent_driver/local_setup.bash
[10.492s] -- Installing: /home/yixin/ros2_ws/install/vincent_driver/share/vincent_driver/local_setup.sh
[10.493s] -- Installing: /home/yixin/ros2_ws/install/vincent_driver/share/vincent_driver/local_setup.zsh
[10.493s] -- Installing: /home/yixin/ros2_ws/install/vincent_driver/share/vincent_driver/local_setup.dsv
[10.493s] -- Installing: /home/yixin/ros2_ws/install/vincent_driver/share/vincent_driver/package.dsv
[10.493s] -- Installing: /home/yixin/ros2_ws/install/vincent_driver/share/ament_index/resource_index/packages/vincent_driver
[10.493s] -- Installing: /home/yixin/ros2_ws/install/vincent_driver/share/ament_index/resource_index/rclcpp_components/vincent_driver
[10.494s] -- Installing: /home/yixin/ros2_ws/install/vincent_driver/share/vincent_driver/cmake/vincent_driverConfig.cmake
[10.494s] -- Installing: /home/yixin/ros2_ws/install/vincent_driver/share/vincent_driver/cmake/vincent_driverConfig-version.cmake
[10.494s] -- Installing: /home/yixin/ros2_ws/install/vincent_driver/share/vincent_driver/package.xml
[10.497s] Invoked command in '/home/yixin/ros2_ws/build/vincent_driver' returned '0': CMAKE_PREFIX_PATH=${CMAKE_PREFIX_PATH}:/home/yixin/ros2_ws/install/py_srvcli:/home/yixin/ros2_ws/install/py_pubsub:/home/yixin/ros2_ws/install/python_parameters:/home/yixin/ros2_ws/install/my_python_package:/home/yixin/ros2_ws/install/launch_testing_examples:/home/yixin/ros2_ws/install/examples_rclpy_pointcloud_publisher:/home/yixin/ros2_ws/install/examples_rclpy_minimal_subscriber:/home/yixin/ros2_ws/install/examples_rclpy_minimal_service:/home/yixin/ros2_ws/install/examples_rclpy_minimal_publisher:/home/yixin/ros2_ws/install/examples_rclpy_minimal_client:/home/yixin/ros2_ws/install/examples_rclpy_minimal_action_server:/home/yixin/ros2_ws/install/examples_rclpy_minimal_action_client:/home/yixin/ros2_ws/install/examples_rclpy_guard_conditions:/home/yixin/ros2_ws/install/examples_rclpy_executors:/opt/ros/jazzy DEBUGINFOD_URLS=https://debuginfod.ubuntu.com /usr/bin/cmake --install /home/yixin/ros2_ws/build/vincent_driver
