[1.501s] Invoking command in '/home/yixin/ros2_ws/build/examples_rclpy_minimal_action_server': DEBUGINFOD_URLS=https://debuginfod.ubuntu.com PYTHONPATH=/home/yixin/ros2_ws/build/examples_rclpy_minimal_action_server/prefix_override:/usr/lib/python3/dist-packages/colcon_core/task/python/colcon_distutils_commands:/home/yixin/ros2_ws/install/examples_rclpy_minimal_action_server/lib/python3.12/site-packages:${PYTHONPATH} /usr/bin/python3 -W ignore:setup.py install is deprecated -W ignore:easy_install command is deprecated setup.py develop --editable --build-directory /home/yixin/ros2_ws/build/examples_rclpy_minimal_action_server/build --no-deps symlink_data
[2.068s] running develop
[2.383s] running egg_info
[2.383s] creating examples_rclpy_minimal_action_server.egg-info
[2.411s] writing examples_rclpy_minimal_action_server.egg-info/PKG-INFO
[2.412s] writing dependency_links to examples_rclpy_minimal_action_server.egg-info/dependency_links.txt
[2.413s] writing entry points to examples_rclpy_minimal_action_server.egg-info/entry_points.txt
[2.413s] writing requirements to examples_rclpy_minimal_action_server.egg-info/requires.txt
[2.414s] writing top-level names to examples_rclpy_minimal_action_server.egg-info/top_level.txt
[2.415s] writing manifest file 'examples_rclpy_minimal_action_server.egg-info/SOURCES.txt'
[2.484s] reading manifest file 'examples_rclpy_minimal_action_server.egg-info/SOURCES.txt'
[2.484s] writing manifest file 'examples_rclpy_minimal_action_server.egg-info/SOURCES.txt'
[2.518s] running build_ext
[2.518s] Creating /home/yixin/ros2_ws/install/examples_rclpy_minimal_action_server/lib/python3.12/site-packages/examples-rclpy-minimal-action-server.egg-link (link to .)
[2.520s] Installing server script to /home/yixin/ros2_ws/install/examples_rclpy_minimal_action_server/lib/examples_rclpy_minimal_action_server
[2.520s] Installing server_defer script to /home/yixin/ros2_ws/install/examples_rclpy_minimal_action_server/lib/examples_rclpy_minimal_action_server
[2.520s] Installing server_not_composable script to /home/yixin/ros2_ws/install/examples_rclpy_minimal_action_server/lib/examples_rclpy_minimal_action_server
[2.520s] Installing server_queue_goals script to /home/yixin/ros2_ws/install/examples_rclpy_minimal_action_server/lib/examples_rclpy_minimal_action_server
[2.521s] Installing server_single_goal script to /home/yixin/ros2_ws/install/examples_rclpy_minimal_action_server/lib/examples_rclpy_minimal_action_server
[2.521s] 
[2.521s] Installed /home/yixin/ros2_ws/build/examples_rclpy_minimal_action_server
[2.521s] running symlink_data
[2.521s] creating /home/yixin/ros2_ws/install/examples_rclpy_minimal_action_server/share/ament_index
[2.522s] creating /home/yixin/ros2_ws/install/examples_rclpy_minimal_action_server/share/ament_index/resource_index
[2.522s] creating /home/yixin/ros2_ws/install/examples_rclpy_minimal_action_server/share/ament_index/resource_index/packages
[2.522s] symbolically linking /home/yixin/ros2_ws/build/examples_rclpy_minimal_action_server/resource/examples_rclpy_minimal_action_server -> /home/yixin/ros2_ws/install/examples_rclpy_minimal_action_server/share/ament_index/resource_index/packages
[2.522s] symbolically linking /home/yixin/ros2_ws/build/examples_rclpy_minimal_action_server/package.xml -> /home/yixin/ros2_ws/install/examples_rclpy_minimal_action_server/share/examples_rclpy_minimal_action_server
[2.677s] Invoked command in '/home/yixin/ros2_ws/build/examples_rclpy_minimal_action_server' returned '0': DEBUGINFOD_URLS=https://debuginfod.ubuntu.com PYTHONPATH=/home/yixin/ros2_ws/build/examples_rclpy_minimal_action_server/prefix_override:/usr/lib/python3/dist-packages/colcon_core/task/python/colcon_distutils_commands:/home/yixin/ros2_ws/install/examples_rclpy_minimal_action_server/lib/python3.12/site-packages:${PYTHONPATH} /usr/bin/python3 -W ignore:setup.py install is deprecated -W ignore:easy_install command is deprecated setup.py develop --editable --build-directory /home/yixin/ros2_ws/build/examples_rclpy_minimal_action_server/build --no-deps symlink_data
