-- Found ament_cmake: 2.5.5 (/opt/ros/jazzy/share/ament_cmake/cmake)
-- Override CMake install command with custom implementation using symlinks instead of copying resources
-- Found example_interfaces: 0.12.0 (/opt/ros/jazzy/share/example_interfaces/cmake)
-- Found rosidl_generator_c: 4.6.7 (/opt/ros/jazzy/share/rosidl_generator_c/cmake)
-- Found rosidl_generator_cpp: 4.6.7 (/opt/ros/jazzy/share/rosidl_generator_cpp/cmake)
-- Using all available rosidl_typesupport_c: rosidl_typesupport_fastrtps_c;rosidl_typesupport_introspection_c
-- Using all available rosidl_typesupport_cpp: rosidl_typesupport_fastrtps_cpp;rosidl_typesupport_introspection_cpp
-- Found rclcpp: 28.1.16 (/opt/ros/jazzy/share/rclcpp/cmake)
-- Found rmw_implementation_cmake: 7.3.3 (/opt/ros/jazzy/share/rmw_implementation_cmake/cmake)
-- Found rmw_fastrtps_cpp: 8.4.3 (/opt/ros/jazzy/share/rmw_fastrtps_cpp/cmake)
-- Using RMW implementation 'rmw_fastrtps_cpp' as default
-- Found rclcpp_components: 28.1.16 (/opt/ros/jazzy/share/rclcpp_components/cmake)
-- Found std_msgs: 5.3.6 (/opt/ros/jazzy/share/std_msgs/cmake)
-- Found ament_lint_auto: 0.17.4 (/opt/ros/jazzy/share/ament_lint_auto/cmake)
-- Added test 'copyright' to check source files copyright and LICENSE
-- Added test 'cppcheck' to perform static code analysis on C / C++ code
-- Configured cppcheck include dirs: /home/yixin/ros2_ws/src/examples/rclcpp/wait_set/include
-- Configured cppcheck exclude dirs and/or files: 
-- Added test 'cpplint' to check C / C++ code against the Google style
-- Configured cpplint exclude dirs and/or files: 
-- Added test 'lint_cmake' to check CMake code style
-- Added test 'uncrustify' to check C / C++ code style
-- Configured uncrustify additional arguments: 
-- Added test 'xmllint' to check XML markup files
-- Configuring done (2.2s)
-- Generating done (0.2s)
-- Build files have been written to: /home/yixin/ros2_ws/build/examples_rclcpp_wait_set
[  4%] [32mBuilding CXX object CMakeFiles/talker.dir/src/talker.cpp.o[0m
[  8%] [32m[1mLinking CXX shared library libtalker.so[0m
[  8%] Built target talker
[ 12%] [32mBuilding CXX object CMakeFiles/wait_set_topics_and_timer.dir/src/wait_set_topics_and_timer.cpp.o[0m
[ 16%] [32m[1mLinking CXX executable wait_set_topics_and_timer[0m
[ 16%] Built target wait_set_topics_and_timer
[ 20%] [32mBuilding CXX object CMakeFiles/wait_set_random_order.dir/src/wait_set_random_order.cpp.o[0m
[ 25%] [32mBuilding CXX object CMakeFiles/executor_random_order.dir/src/executor_random_order.cpp.o[0m
[ 29%] [32mBuilding CXX object CMakeFiles/thread_safe_wait_set.dir/src/thread_safe_wait_set.cpp.o[0m
[ 33%] [32m[1mLinking CXX executable wait_set_random_order[0m
[ 37%] [32mBuilding CXX object CMakeFiles/static_wait_set.dir/src/static_wait_set.cpp.o[0m
[ 37%] Built target wait_set_random_order
[ 41%] [32mBuilding CXX object CMakeFiles/wait_set_listener.dir/rclcpp_components/node_main_wait_set_listener.cpp.o[0m
[ 45%] [32mBuilding CXX object CMakeFiles/wait_set.dir/src/wait_set.cpp.o[0m
[ 50%] [32m[1mLinking CXX executable wait_set_listener[0m
[ 50%] Built target wait_set_listener
[ 54%] [32m[1mLinking CXX executable executor_random_order[0m
[ 54%] Built target executor_random_order
[ 58%] [32m[1mLinking CXX executable static_wait_set[0m
[ 62%] [32m[1mLinking CXX executable thread_safe_wait_set[0m
[ 62%] Built target static_wait_set
[ 62%] Built target thread_safe_wait_set
[ 66%] [32m[1mLinking CXX executable wait_set[0m
[ 66%] Built target wait_set
[ 70%] [32mBuilding CXX object CMakeFiles/wait_set_topics_with_different_rates.dir/src/wait_set_topics_with_different_rates.cpp.o[0m
[ 75%] [32m[1mLinking CXX executable wait_set_topics_with_different_rates[0m
[ 75%] Built target wait_set_topics_with_different_rates
[ 83%] [32mBuilding CXX object CMakeFiles/wait_set_talker.dir/rclcpp_components/node_main_wait_set_talker.cpp.o[0m
[ 83%] [32mBuilding CXX object CMakeFiles/listener.dir/src/listener.cpp.o[0m
[ 87%] [32m[1mLinking CXX executable wait_set_talker[0m
[ 87%] Built target wait_set_talker
[ 91%] [32m[1mLinking CXX shared library liblistener.so[0m
[ 91%] Built target listener
[ 95%] [32mBuilding CXX object CMakeFiles/wait_set_composed.dir/src/wait_set_composed.cpp.o[0m
[100%] [32m[1mLinking CXX executable wait_set_composed[0m
[100%] Built target wait_set_composed
-- Install configuration: "Debug"
-- Execute custom install script
-- Up-to-date symlink: /home/yixin/ros2_ws/install/examples_rclcpp_wait_set/lib/examples_rclcpp_wait_set/wait_set_talker
-- Up-to-date symlink: /home/yixin/ros2_ws/install/examples_rclcpp_wait_set/lib/examples_rclcpp_wait_set/wait_set_listener
-- Up-to-date symlink: /home/yixin/ros2_ws/install/examples_rclcpp_wait_set/lib/libtalker.so
-- Up-to-date symlink: /home/yixin/ros2_ws/install/examples_rclcpp_wait_set/lib/liblistener.so
-- Up-to-date symlink: /home/yixin/ros2_ws/install/examples_rclcpp_wait_set/lib/examples_rclcpp_wait_set/wait_set
-- Up-to-date symlink: /home/yixin/ros2_ws/install/examples_rclcpp_wait_set/lib/examples_rclcpp_wait_set/static_wait_set
-- Up-to-date symlink: /home/yixin/ros2_ws/install/examples_rclcpp_wait_set/lib/examples_rclcpp_wait_set/thread_safe_wait_set
-- Up-to-date symlink: /home/yixin/ros2_ws/install/examples_rclcpp_wait_set/lib/examples_rclcpp_wait_set/wait_set_topics_and_timer
-- Up-to-date symlink: /home/yixin/ros2_ws/install/examples_rclcpp_wait_set/lib/examples_rclcpp_wait_set/wait_set_random_order
-- Up-to-date symlink: /home/yixin/ros2_ws/install/examples_rclcpp_wait_set/lib/examples_rclcpp_wait_set/executor_random_order
-- Up-to-date symlink: /home/yixin/ros2_ws/install/examples_rclcpp_wait_set/lib/examples_rclcpp_wait_set/wait_set_topics_with_different_rates
-- Up-to-date symlink: /home/yixin/ros2_ws/install/examples_rclcpp_wait_set/lib/examples_rclcpp_wait_set/wait_set_composed
-- Up-to-date symlink: /home/yixin/ros2_ws/install/examples_rclcpp_wait_set/share/ament_index/resource_index/package_run_dependencies/examples_rclcpp_wait_set
-- Up-to-date symlink: /home/yixin/ros2_ws/install/examples_rclcpp_wait_set/share/ament_index/resource_index/parent_prefix_path/examples_rclcpp_wait_set
-- Up-to-date symlink: /home/yixin/ros2_ws/install/examples_rclcpp_wait_set/share/examples_rclcpp_wait_set/environment/ament_prefix_path.sh
-- Up-to-date symlink: /home/yixin/ros2_ws/install/examples_rclcpp_wait_set/share/examples_rclcpp_wait_set/environment/ament_prefix_path.dsv
-- Up-to-date symlink: /home/yixin/ros2_ws/install/examples_rclcpp_wait_set/share/examples_rclcpp_wait_set/environment/path.sh
-- Up-to-date symlink: /home/yixin/ros2_ws/install/examples_rclcpp_wait_set/share/examples_rclcpp_wait_set/environment/path.dsv
-- Up-to-date symlink: /home/yixin/ros2_ws/install/examples_rclcpp_wait_set/share/examples_rclcpp_wait_set/local_setup.bash
-- Up-to-date symlink: /home/yixin/ros2_ws/install/examples_rclcpp_wait_set/share/examples_rclcpp_wait_set/local_setup.sh
-- Up-to-date symlink: /home/yixin/ros2_ws/install/examples_rclcpp_wait_set/share/examples_rclcpp_wait_set/local_setup.zsh
-- Up-to-date symlink: /home/yixin/ros2_ws/install/examples_rclcpp_wait_set/share/examples_rclcpp_wait_set/local_setup.dsv
-- Symlinking: /home/yixin/ros2_ws/install/examples_rclcpp_wait_set/share/examples_rclcpp_wait_set/package.dsv
-- Up-to-date symlink: /home/yixin/ros2_ws/install/examples_rclcpp_wait_set/share/ament_index/resource_index/packages/examples_rclcpp_wait_set
-- Up-to-date symlink: /home/yixin/ros2_ws/install/examples_rclcpp_wait_set/share/ament_index/resource_index/rclcpp_components/examples_rclcpp_wait_set
-- Up-to-date symlink: /home/yixin/ros2_ws/install/examples_rclcpp_wait_set/share/examples_rclcpp_wait_set/cmake/examples_rclcpp_wait_setConfig.cmake
-- Up-to-date symlink: /home/yixin/ros2_ws/install/examples_rclcpp_wait_set/share/examples_rclcpp_wait_set/cmake/examples_rclcpp_wait_setConfig-version.cmake
-- Up-to-date symlink: /home/yixin/ros2_ws/install/examples_rclcpp_wait_set/share/examples_rclcpp_wait_set/package.xml
