[3.134s] Invoking command in '/home/yixin/ros2_ws/build/examples_rclpy_executors': DEBUGINFOD_URLS=https://debuginfod.ubuntu.com PYTHONPATH=/home/yixin/ros2_ws/build/examples_rclpy_executors/prefix_override:/usr/lib/python3/dist-packages/colcon_core/task/python/colcon_distutils_commands:/home/yixin/ros2_ws/install/examples_rclpy_executors/lib/python3.12/site-packages:${PYTHONPATH} /usr/bin/python3 -W ignore:setup.py install is deprecated -W ignore:easy_install command is deprecated setup.py develop --uninstall --editable --build-directory /home/yixin/ros2_ws/build/examples_rclpy_executors/build
[5.270s] running develop
[5.271s] Removing /home/yixin/ros2_ws/install/examples_rclpy_executors/lib/python3.12/site-packages/examples-rclpy-executors.egg-link (link to .)
[5.280s] Invoked command in '/home/yixin/ros2_ws/build/examples_rclpy_executors' returned '0': DEBUGINFOD_URLS=https://debuginfod.ubuntu.com PYTHONPATH=/home/yixin/ros2_ws/build/examples_rclpy_executors/prefix_override:/usr/lib/python3/dist-packages/colcon_core/task/python/colcon_distutils_commands:/home/yixin/ros2_ws/install/examples_rclpy_executors/lib/python3.12/site-packages:${PYTHONPATH} /usr/bin/python3 -W ignore:setup.py install is deprecated -W ignore:easy_install command is deprecated setup.py develop --uninstall --editable --build-directory /home/yixin/ros2_ws/build/examples_rclpy_executors/build
[5.281s] Invoking command in '/home/yixin/ros2_ws/src/examples/rclpy/executors': DEBUGINFOD_URLS=https://debuginfod.ubuntu.com PYTHONPATH=/home/yixin/ros2_ws/build/examples_rclpy_executors/prefix_override:/usr/lib/python3/dist-packages/colcon_core/task/python/colcon_distutils_commands:/home/yixin/ros2_ws/install/examples_rclpy_executors/lib/python3.12/site-packages:${PYTHONPATH} /usr/bin/python3 -W ignore:setup.py install is deprecated -W ignore:easy_install command is deprecated setup.py egg_info --egg-base ../../../../build/examples_rclpy_executors build --build-base /home/yixin/ros2_ws/build/examples_rclpy_executors/build install --record /home/yixin/ros2_ws/build/examples_rclpy_executors/install.log --single-version-externally-managed install_data --force
[6.211s] running egg_info
[6.211s] writing ../../../../build/examples_rclpy_executors/examples_rclpy_executors.egg-info/PKG-INFO
[6.211s] writing dependency_links to ../../../../build/examples_rclpy_executors/examples_rclpy_executors.egg-info/dependency_links.txt
[6.211s] writing entry points to ../../../../build/examples_rclpy_executors/examples_rclpy_executors.egg-info/entry_points.txt
[6.211s] writing requirements to ../../../../build/examples_rclpy_executors/examples_rclpy_executors.egg-info/requires.txt
[6.211s] writing top-level names to ../../../../build/examples_rclpy_executors/examples_rclpy_executors.egg-info/top_level.txt
[6.211s] reading manifest file '../../../../build/examples_rclpy_executors/examples_rclpy_executors.egg-info/SOURCES.txt'
[6.211s] writing manifest file '../../../../build/examples_rclpy_executors/examples_rclpy_executors.egg-info/SOURCES.txt'
[6.211s] running build
[6.212s] running build_py
[6.212s] creating /home/yixin/ros2_ws/build/examples_rclpy_executors/build
[6.212s] creating /home/yixin/ros2_ws/build/examples_rclpy_executors/build/lib
[6.212s] creating /home/yixin/ros2_ws/build/examples_rclpy_executors/build/lib/examples_rclpy_executors
[6.212s] copying examples_rclpy_executors/custom_callback_group.py -> /home/yixin/ros2_ws/build/examples_rclpy_executors/build/lib/examples_rclpy_executors
[6.212s] copying examples_rclpy_executors/callback_group.py -> /home/yixin/ros2_ws/build/examples_rclpy_executors/build/lib/examples_rclpy_executors
[6.212s] copying examples_rclpy_executors/custom_executor.py -> /home/yixin/ros2_ws/build/examples_rclpy_executors/build/lib/examples_rclpy_executors
[6.212s] copying examples_rclpy_executors/__init__.py -> /home/yixin/ros2_ws/build/examples_rclpy_executors/build/lib/examples_rclpy_executors
[6.212s] copying examples_rclpy_executors/listener.py -> /home/yixin/ros2_ws/build/examples_rclpy_executors/build/lib/examples_rclpy_executors
[6.212s] copying examples_rclpy_executors/talker.py -> /home/yixin/ros2_ws/build/examples_rclpy_executors/build/lib/examples_rclpy_executors
[6.212s] copying examples_rclpy_executors/composed.py -> /home/yixin/ros2_ws/build/examples_rclpy_executors/build/lib/examples_rclpy_executors
[6.212s] running install
[6.212s] running install_lib
[6.212s] creating /home/yixin/ros2_ws/install/examples_rclpy_executors/lib/python3.12/site-packages/examples_rclpy_executors
[6.213s] copying /home/yixin/ros2_ws/build/examples_rclpy_executors/build/lib/examples_rclpy_executors/custom_callback_group.py -> /home/yixin/ros2_ws/install/examples_rclpy_executors/lib/python3.12/site-packages/examples_rclpy_executors
[6.213s] copying /home/yixin/ros2_ws/build/examples_rclpy_executors/build/lib/examples_rclpy_executors/callback_group.py -> /home/yixin/ros2_ws/install/examples_rclpy_executors/lib/python3.12/site-packages/examples_rclpy_executors
[6.213s] copying /home/yixin/ros2_ws/build/examples_rclpy_executors/build/lib/examples_rclpy_executors/custom_executor.py -> /home/yixin/ros2_ws/install/examples_rclpy_executors/lib/python3.12/site-packages/examples_rclpy_executors
[6.213s] copying /home/yixin/ros2_ws/build/examples_rclpy_executors/build/lib/examples_rclpy_executors/__init__.py -> /home/yixin/ros2_ws/install/examples_rclpy_executors/lib/python3.12/site-packages/examples_rclpy_executors
[6.213s] copying /home/yixin/ros2_ws/build/examples_rclpy_executors/build/lib/examples_rclpy_executors/listener.py -> /home/yixin/ros2_ws/install/examples_rclpy_executors/lib/python3.12/site-packages/examples_rclpy_executors
[6.213s] copying /home/yixin/ros2_ws/build/examples_rclpy_executors/build/lib/examples_rclpy_executors/talker.py -> /home/yixin/ros2_ws/install/examples_rclpy_executors/lib/python3.12/site-packages/examples_rclpy_executors
[6.213s] copying /home/yixin/ros2_ws/build/examples_rclpy_executors/build/lib/examples_rclpy_executors/composed.py -> /home/yixin/ros2_ws/install/examples_rclpy_executors/lib/python3.12/site-packages/examples_rclpy_executors
[6.213s] byte-compiling /home/yixin/ros2_ws/install/examples_rclpy_executors/lib/python3.12/site-packages/examples_rclpy_executors/custom_callback_group.py to custom_callback_group.cpython-312.pyc
[6.213s] byte-compiling /home/yixin/ros2_ws/install/examples_rclpy_executors/lib/python3.12/site-packages/examples_rclpy_executors/callback_group.py to callback_group.cpython-312.pyc
[6.213s] byte-compiling /home/yixin/ros2_ws/install/examples_rclpy_executors/lib/python3.12/site-packages/examples_rclpy_executors/custom_executor.py to custom_executor.cpython-312.pyc
[6.213s] byte-compiling /home/yixin/ros2_ws/install/examples_rclpy_executors/lib/python3.12/site-packages/examples_rclpy_executors/__init__.py to __init__.cpython-312.pyc
[6.213s] byte-compiling /home/yixin/ros2_ws/install/examples_rclpy_executors/lib/python3.12/site-packages/examples_rclpy_executors/listener.py to listener.cpython-312.pyc
[6.213s] byte-compiling /home/yixin/ros2_ws/install/examples_rclpy_executors/lib/python3.12/site-packages/examples_rclpy_executors/talker.py to talker.cpython-312.pyc
[6.213s] byte-compiling /home/yixin/ros2_ws/install/examples_rclpy_executors/lib/python3.12/site-packages/examples_rclpy_executors/composed.py to composed.cpython-312.pyc
[6.214s] running install_data
[6.214s] copying resource/examples_rclpy_executors -> /home/yixin/ros2_ws/install/examples_rclpy_executors/share/ament_index/resource_index/packages
[6.214s] copying package.xml -> /home/yixin/ros2_ws/install/examples_rclpy_executors/share/examples_rclpy_executors
[6.214s] running install_egg_info
[6.214s] Copying ../../../../build/examples_rclpy_executors/examples_rclpy_executors.egg-info to /home/yixin/ros2_ws/install/examples_rclpy_executors/lib/python3.12/site-packages/examples_rclpy_executors-0.19.7-py3.12.egg-info
[6.214s] running install_scripts
[6.214s] Installing callback_group script to /home/yixin/ros2_ws/install/examples_rclpy_executors/lib/examples_rclpy_executors
[6.214s] Installing composed script to /home/yixin/ros2_ws/install/examples_rclpy_executors/lib/examples_rclpy_executors
[6.214s] Installing custom_callback_group script to /home/yixin/ros2_ws/install/examples_rclpy_executors/lib/examples_rclpy_executors
[6.214s] Installing custom_executor script to /home/yixin/ros2_ws/install/examples_rclpy_executors/lib/examples_rclpy_executors
[6.214s] Installing listener script to /home/yixin/ros2_ws/install/examples_rclpy_executors/lib/examples_rclpy_executors
[6.214s] Installing talker script to /home/yixin/ros2_ws/install/examples_rclpy_executors/lib/examples_rclpy_executors
[6.214s] writing list of installed files to '/home/yixin/ros2_ws/build/examples_rclpy_executors/install.log'
[6.243s] Invoked command in '/home/yixin/ros2_ws/src/examples/rclpy/executors' returned '0': DEBUGINFOD_URLS=https://debuginfod.ubuntu.com PYTHONPATH=/home/yixin/ros2_ws/build/examples_rclpy_executors/prefix_override:/usr/lib/python3/dist-packages/colcon_core/task/python/colcon_distutils_commands:/home/yixin/ros2_ws/install/examples_rclpy_executors/lib/python3.12/site-packages:${PYTHONPATH} /usr/bin/python3 -W ignore:setup.py install is deprecated -W ignore:easy_install command is deprecated setup.py egg_info --egg-base ../../../../build/examples_rclpy_executors build --build-base /home/yixin/ros2_ws/build/examples_rclpy_executors/build install --record /home/yixin/ros2_ws/build/examples_rclpy_executors/install.log --single-version-externally-managed install_data --force
