[6.436s] Invoking command in '/home/yixin/ros2_ws/src/examples/rclpy/guard_conditions': DEBUGINFOD_URLS=https://debuginfod.ubuntu.com PYTHONPATH=/home/yixin/ros2_ws/build/examples_rclpy_guard_conditions/prefix_override:/usr/lib/python3/dist-packages/colcon_core/task/python/colcon_distutils_commands:/home/yixin/ros2_ws/install/examples_rclpy_guard_conditions/lib/python3.12/site-packages:${PYTHONPATH} /usr/bin/python3 -W ignore:setup.py install is deprecated -W ignore:easy_install command is deprecated setup.py egg_info --egg-base ../../../../build/examples_rclpy_guard_conditions build --build-base /home/yixin/ros2_ws/build/examples_rclpy_guard_conditions/build install --record /home/yixin/ros2_ws/build/examples_rclpy_guard_conditions/install.log --single-version-externally-managed install_data
[7.226s] running egg_info
[7.289s] writing ../../../../build/examples_rclpy_guard_conditions/examples_rclpy_guard_conditions.egg-info/PKG-INFO
[7.290s] writing dependency_links to ../../../../build/examples_rclpy_guard_conditions/examples_rclpy_guard_conditions.egg-info/dependency_links.txt
[7.292s] writing entry points to ../../../../build/examples_rclpy_guard_conditions/examples_rclpy_guard_conditions.egg-info/entry_points.txt
[7.292s] writing requirements to ../../../../build/examples_rclpy_guard_conditions/examples_rclpy_guard_conditions.egg-info/requires.txt
[7.295s] writing top-level names to ../../../../build/examples_rclpy_guard_conditions/examples_rclpy_guard_conditions.egg-info/top_level.txt
[7.370s] reading manifest file '../../../../build/examples_rclpy_guard_conditions/examples_rclpy_guard_conditions.egg-info/SOURCES.txt'
[7.371s] writing manifest file '../../../../build/examples_rclpy_guard_conditions/examples_rclpy_guard_conditions.egg-info/SOURCES.txt'
[7.372s] running build
[7.372s] running build_py
[7.374s] running install
[7.383s] running install_lib
[7.441s] running install_data
[7.444s] running install_egg_info
[7.497s] removing '/home/yixin/ros2_ws/install/examples_rclpy_guard_conditions/lib/python3.12/site-packages/examples_rclpy_guard_conditions-0.19.7-py3.12.egg-info' (and everything under it)
[7.503s] Copying ../../../../build/examples_rclpy_guard_conditions/examples_rclpy_guard_conditions.egg-info to /home/yixin/ros2_ws/install/examples_rclpy_guard_conditions/lib/python3.12/site-packages/examples_rclpy_guard_conditions-0.19.7-py3.12.egg-info
[7.503s] running install_scripts
[7.841s] Installing trigger_guard_condition script to /home/yixin/ros2_ws/install/examples_rclpy_guard_conditions/lib/examples_rclpy_guard_conditions
[7.842s] writing list of installed files to '/home/yixin/ros2_ws/build/examples_rclpy_guard_conditions/install.log'
[7.961s] Invoked command in '/home/yixin/ros2_ws/src/examples/rclpy/guard_conditions' returned '0': DEBUGINFOD_URLS=https://debuginfod.ubuntu.com PYTHONPATH=/home/yixin/ros2_ws/build/examples_rclpy_guard_conditions/prefix_override:/usr/lib/python3/dist-packages/colcon_core/task/python/colcon_distutils_commands:/home/yixin/ros2_ws/install/examples_rclpy_guard_conditions/lib/python3.12/site-packages:${PYTHONPATH} /usr/bin/python3 -W ignore:setup.py install is deprecated -W ignore:easy_install command is deprecated setup.py egg_info --egg-base ../../../../build/examples_rclpy_guard_conditions build --build-base /home/yixin/ros2_ws/build/examples_rclpy_guard_conditions/build install --record /home/yixin/ros2_ws/build/examples_rclpy_guard_conditions/install.log --single-version-externally-managed install_data
