[6.706s] Invoking command in '/home/yixin/ros2_ws/src/examples/rclpy/executors': DEBUGINFOD_URLS=https://debuginfod.ubuntu.com PYTHONPATH=/home/yixin/ros2_ws/build/examples_rclpy_executors/prefix_override:/usr/lib/python3/dist-packages/colcon_core/task/python/colcon_distutils_commands:/home/yixin/ros2_ws/install/examples_rclpy_executors/lib/python3.12/site-packages:${PYTHONPATH} /usr/bin/python3 -W ignore:setup.py install is deprecated -W ignore:easy_install command is deprecated setup.py egg_info --egg-base ../../../../build/examples_rclpy_executors build --build-base /home/yixin/ros2_ws/build/examples_rclpy_executors/build install --record /home/yixin/ros2_ws/build/examples_rclpy_executors/install.log --single-version-externally-managed install_data
[7.609s] running egg_info
[7.644s] writing ../../../../build/examples_rclpy_executors/examples_rclpy_executors.egg-info/PKG-INFO
[7.645s] writing dependency_links to ../../../../build/examples_rclpy_executors/examples_rclpy_executors.egg-info/dependency_links.txt
[7.647s] writing entry points to ../../../../build/examples_rclpy_executors/examples_rclpy_executors.egg-info/entry_points.txt
[7.648s] writing requirements to ../../../../build/examples_rclpy_executors/examples_rclpy_executors.egg-info/requires.txt
[7.649s] writing top-level names to ../../../../build/examples_rclpy_executors/examples_rclpy_executors.egg-info/top_level.txt
[7.721s] reading manifest file '../../../../build/examples_rclpy_executors/examples_rclpy_executors.egg-info/SOURCES.txt'
[7.723s] writing manifest file '../../../../build/examples_rclpy_executors/examples_rclpy_executors.egg-info/SOURCES.txt'
[7.724s] running build
[7.724s] running build_py
[7.726s] running install
[7.735s] running install_lib
[7.813s] running install_data
[7.813s] running install_egg_info
[7.852s] removing '/home/yixin/ros2_ws/install/examples_rclpy_executors/lib/python3.12/site-packages/examples_rclpy_executors-0.19.7-py3.12.egg-info' (and everything under it)
[7.854s] Copying ../../../../build/examples_rclpy_executors/examples_rclpy_executors.egg-info to /home/yixin/ros2_ws/install/examples_rclpy_executors/lib/python3.12/site-packages/examples_rclpy_executors-0.19.7-py3.12.egg-info
[7.860s] running install_scripts
[8.207s] Installing callback_group script to /home/yixin/ros2_ws/install/examples_rclpy_executors/lib/examples_rclpy_executors
[8.207s] Installing composed script to /home/yixin/ros2_ws/install/examples_rclpy_executors/lib/examples_rclpy_executors
[8.208s] Installing custom_callback_group script to /home/yixin/ros2_ws/install/examples_rclpy_executors/lib/examples_rclpy_executors
[8.208s] Installing custom_executor script to /home/yixin/ros2_ws/install/examples_rclpy_executors/lib/examples_rclpy_executors
[8.208s] Installing listener script to /home/yixin/ros2_ws/install/examples_rclpy_executors/lib/examples_rclpy_executors
[8.209s] Installing talker script to /home/yixin/ros2_ws/install/examples_rclpy_executors/lib/examples_rclpy_executors
[8.210s] writing list of installed files to '/home/yixin/ros2_ws/build/examples_rclpy_executors/install.log'
[8.495s] Invoked command in '/home/yixin/ros2_ws/src/examples/rclpy/executors' returned '0': DEBUGINFOD_URLS=https://debuginfod.ubuntu.com PYTHONPATH=/home/yixin/ros2_ws/build/examples_rclpy_executors/prefix_override:/usr/lib/python3/dist-packages/colcon_core/task/python/colcon_distutils_commands:/home/yixin/ros2_ws/install/examples_rclpy_executors/lib/python3.12/site-packages:${PYTHONPATH} /usr/bin/python3 -W ignore:setup.py install is deprecated -W ignore:easy_install command is deprecated setup.py egg_info --egg-base ../../../../build/examples_rclpy_executors build --build-base /home/yixin/ros2_ws/build/examples_rclpy_executors/build install --record /home/yixin/ros2_ws/build/examples_rclpy_executors/install.log --single-version-externally-managed install_data
