-- Found ament_cmake: 2.5.5 (/opt/ros/jazzy/share/ament_cmake/cmake)
-- Found ament_cmake_ros: 0.12.0 (/opt/ros/jazzy/share/ament_cmake_ros/cmake)
-- Found polygon_base: 0.0.0 (/home/yixin/ros2_ws/install/polygon_base/share/polygon_base/cmake)
-- Found pluginlib: 5.4.4 (/opt/ros/jazzy/share/pluginlib/cmake)
-- Found TinyXML2 via Config file: /usr/lib/x86_64-linux-gnu/cmake/tinyxml2
-- Found ament_lint_auto: 0.17.4 (/opt/ros/jazzy/share/ament_lint_auto/cmake)
-- Added test 'cppcheck' to perform static code analysis on C / C++ code
-- Configured cppcheck include dirs: $<BUILD_INTERFACE:/home/yixin/ros2_ws/src/polygon_plugins/include>
-- Configured cppcheck exclude dirs and/or files: 
-- Added test 'lint_cmake' to check CMake code style
-- Added test 'uncrustify' to check C / C++ code style
-- Configured uncrustify additional arguments: 
-- Added test 'xmllint' to check XML markup files
-- Configuring done (0.4s)
-- Generating done (0.0s)
-- Build files have been written to: /home/yixin/ros2_ws/build/polygon_plugins
[ 50%] [32mBuilding CXX object CMakeFiles/polygon_plugins.dir/src/polygon_plugins.cpp.o[0m
[100%] [32m[1mLinking CXX shared library libpolygon_plugins.so[0m
[100%] Built target polygon_plugins
-- Install configuration: ""
-- Installing: /home/yixin/ros2_ws/install/polygon_plugins/share/polygon_plugins/plugins.xml
-- Up-to-date: /home/yixin/ros2_ws/install/polygon_plugins/include/polygon_plugins
-- Up-to-date: /home/yixin/ros2_ws/install/polygon_plugins/include/polygon_plugins/polygon_plugins
-- Up-to-date: /home/yixin/ros2_ws/install/polygon_plugins/include/polygon_plugins/polygon_plugins/polygon_plugins.hpp
-- Up-to-date: /home/yixin/ros2_ws/install/polygon_plugins/include/polygon_plugins/polygon_plugins/visibility_control.h
-- Installing: /home/yixin/ros2_ws/install/polygon_plugins/lib/libpolygon_plugins.so
-- Set non-toolchain portion of runtime path of "/home/yixin/ros2_ws/install/polygon_plugins/lib/libpolygon_plugins.so" to ""
-- Up-to-date: /home/yixin/ros2_ws/install/polygon_plugins/share/polygon_plugins/environment/library_path.sh
-- Up-to-date: /home/yixin/ros2_ws/install/polygon_plugins/share/polygon_plugins/environment/library_path.dsv
-- Up-to-date: /home/yixin/ros2_ws/install/polygon_plugins/share/ament_index/resource_index/package_run_dependencies/polygon_plugins
-- Installing: /home/yixin/ros2_ws/install/polygon_plugins/share/ament_index/resource_index/parent_prefix_path/polygon_plugins
-- Up-to-date: /home/yixin/ros2_ws/install/polygon_plugins/share/polygon_plugins/environment/ament_prefix_path.sh
-- Up-to-date: /home/yixin/ros2_ws/install/polygon_plugins/share/polygon_plugins/environment/ament_prefix_path.dsv
-- Up-to-date: /home/yixin/ros2_ws/install/polygon_plugins/share/polygon_plugins/environment/path.sh
-- Up-to-date: /home/yixin/ros2_ws/install/polygon_plugins/share/polygon_plugins/environment/path.dsv
-- Up-to-date: /home/yixin/ros2_ws/install/polygon_plugins/share/polygon_plugins/local_setup.bash
-- Up-to-date: /home/yixin/ros2_ws/install/polygon_plugins/share/polygon_plugins/local_setup.sh
-- Up-to-date: /home/yixin/ros2_ws/install/polygon_plugins/share/polygon_plugins/local_setup.zsh
-- Up-to-date: /home/yixin/ros2_ws/install/polygon_plugins/share/polygon_plugins/local_setup.dsv
-- Up-to-date: /home/yixin/ros2_ws/install/polygon_plugins/share/polygon_plugins/package.dsv
-- Up-to-date: /home/yixin/ros2_ws/install/polygon_plugins/share/ament_index/resource_index/packages/polygon_plugins
-- Up-to-date: /home/yixin/ros2_ws/install/polygon_plugins/share/ament_index/resource_index/polygon_base__pluginlib__plugin/polygon_plugins
-- Up-to-date: /home/yixin/ros2_ws/install/polygon_plugins/share/polygon_plugins/cmake/export_polygon_pluginsExport.cmake
-- Up-to-date: /home/yixin/ros2_ws/install/polygon_plugins/share/polygon_plugins/cmake/export_polygon_pluginsExport-noconfig.cmake
-- Up-to-date: /home/yixin/ros2_ws/install/polygon_plugins/share/polygon_plugins/cmake/ament_cmake_export_include_directories-extras.cmake
-- Up-to-date: /home/yixin/ros2_ws/install/polygon_plugins/share/polygon_plugins/cmake/ament_cmake_export_libraries-extras.cmake
-- Up-to-date: /home/yixin/ros2_ws/install/polygon_plugins/share/polygon_plugins/cmake/ament_cmake_export_targets-extras.cmake
-- Up-to-date: /home/yixin/ros2_ws/install/polygon_plugins/share/polygon_plugins/cmake/polygon_pluginsConfig.cmake
-- Up-to-date: /home/yixin/ros2_ws/install/polygon_plugins/share/polygon_plugins/cmake/polygon_pluginsConfig-version.cmake
-- Up-to-date: /home/yixin/ros2_ws/install/polygon_plugins/share/polygon_plugins/package.xml
