[0.015s] Invoking command in '/home/yixin/ros2_ws/build/polygon_plugins': CMAKE_PREFIX_PATH=/home/yixin/ros2_ws/install/polygon_base:/home/yixin/ros2_ws/install/polygon_plugins:/home/yixin/ros2_ws/install/more_interfaces:/home/yixin/ros2_ws/install/cpp_parameters:/home/yixin/ros2_ws/install/tutorial_interfaces:/home/yixin/ros2_ws/install/turtlesim:/home/yixin/ros2_ws/install/my_package:/home/yixin/ros2_ws/install/examples_rclcpp_wait_set:/home/yixin/ros2_ws/install/examples_rclcpp_multithreaded_executor:/home/yixin/ros2_ws/install/examples_rclcpp_minimal_timer:/home/yixin/ros2_ws/install/examples_rclcpp_minimal_subscriber:/home/yixin/ros2_ws/install/examples_rclcpp_minimal_service:/home/yixin/ros2_ws/install/examples_rclcpp_minimal_publisher:/home/yixin/ros2_ws/install/examples_rclcpp_minimal_composition:/home/yixin/ros2_ws/install/examples_rclcpp_minimal_client:/home/yixin/ros2_ws/install/examples_rclcpp_minimal_action_server:/home/yixin/ros2_ws/install/examples_rclcpp_minimal_action_client:/home/yixin/ros2_ws/install/examples_rclcpp_cbg_executor:/home/yixin/ros2_ws/install/examples_rclcpp_async_client:/home/yixin/ros2_ws/install/cpp_srvcli:/home/yixin/ros2_ws/install/cpp_pubsub:/opt/ros/jazzy/opt/sdformat_vendor:/opt/ros/jazzy/opt/gz_math_vendor:/opt/ros/jazzy/opt/gz_utils_vendor:/opt/ros/jazzy/opt/gz_tools_vendor:/opt/ros/jazzy/opt/gz_cmake_vendor:/home/yixin/ros2_ws/install/python_parameters:/home/yixin/ros2_ws/install/py_srvcli:/home/yixin/ros2_ws/install/py_pubsub:/home/yixin/ros2_ws/install/my_python_package:/home/yixin/ros2_ws/install/launch_testing_examples:/home/yixin/ros2_ws/install/examples_rclpy_pointcloud_publisher:/home/yixin/ros2_ws/install/examples_rclpy_minimal_subscriber:/home/yixin/ros2_ws/install/examples_rclpy_minimal_service:/home/yixin/ros2_ws/install/examples_rclpy_minimal_publisher:/home/yixin/ros2_ws/install/examples_rclpy_minimal_client:/home/yixin/ros2_ws/install/examples_rclpy_minimal_action_server:/home/yixin/ros2_ws/install/examples_rclpy_minimal_action_client:/home/yixin/ros2_ws/install/examples_rclpy_guard_conditions:/home/yixin/ros2_ws/install/examples_rclpy_executors:/opt/ros/jazzy DEBUGINFOD_URLS=https://debuginfod.ubuntu.com /usr/bin/cmake --build /home/yixin/ros2_ws/build/polygon_plugins -- -j8 -l8
[0.059s] -- Found ament_cmake: 2.5.5 (/opt/ros/jazzy/share/ament_cmake/cmake)
[0.340s] -- Found ament_cmake_ros: 0.12.0 (/opt/ros/jazzy/share/ament_cmake_ros/cmake)
[0.344s] -- Found polygon_base: 0.0.0 (/home/yixin/ros2_ws/install/polygon_base/share/polygon_base/cmake)
[0.345s] -- Found pluginlib: 5.4.4 (/opt/ros/jazzy/share/pluginlib/cmake)
[0.367s] -- Found TinyXML2 via Config file: /usr/lib/x86_64-linux-gnu/cmake/tinyxml2
[0.369s] -- Found ament_lint_auto: 0.17.4 (/opt/ros/jazzy/share/ament_lint_auto/cmake)
[0.485s] -- Added test 'cppcheck' to perform static code analysis on C / C++ code
[0.485s] -- Configured cppcheck include dirs: $<BUILD_INTERFACE:/home/yixin/ros2_ws/src/polygon_plugins/include>
[0.485s] -- Configured cppcheck exclude dirs and/or files: 
[0.486s] -- Added test 'lint_cmake' to check CMake code style
[0.487s] -- Added test 'uncrustify' to check C / C++ code style
[0.487s] -- Configured uncrustify additional arguments: 
[0.487s] -- Added test 'xmllint' to check XML markup files
[0.490s] -- Configuring done (0.4s)
[0.496s] -- Generating done (0.0s)
[0.500s] -- Build files have been written to: /home/yixin/ros2_ws/build/polygon_plugins
[0.557s] [ 50%] [32mBuilding CXX object CMakeFiles/polygon_plugins.dir/src/polygon_plugins.cpp.o[0m
[1.252s] [100%] [32m[1mLinking CXX shared library libpolygon_plugins.so[0m
[1.392s] [100%] Built target polygon_plugins
[1.409s] Invoked command in '/home/yixin/ros2_ws/build/polygon_plugins' returned '0': CMAKE_PREFIX_PATH=/home/yixin/ros2_ws/install/polygon_base:/home/yixin/ros2_ws/install/polygon_plugins:/home/yixin/ros2_ws/install/more_interfaces:/home/yixin/ros2_ws/install/cpp_parameters:/home/yixin/ros2_ws/install/tutorial_interfaces:/home/yixin/ros2_ws/install/turtlesim:/home/yixin/ros2_ws/install/my_package:/home/yixin/ros2_ws/install/examples_rclcpp_wait_set:/home/yixin/ros2_ws/install/examples_rclcpp_multithreaded_executor:/home/yixin/ros2_ws/install/examples_rclcpp_minimal_timer:/home/yixin/ros2_ws/install/examples_rclcpp_minimal_subscriber:/home/yixin/ros2_ws/install/examples_rclcpp_minimal_service:/home/yixin/ros2_ws/install/examples_rclcpp_minimal_publisher:/home/yixin/ros2_ws/install/examples_rclcpp_minimal_composition:/home/yixin/ros2_ws/install/examples_rclcpp_minimal_client:/home/yixin/ros2_ws/install/examples_rclcpp_minimal_action_server:/home/yixin/ros2_ws/install/examples_rclcpp_minimal_action_client:/home/yixin/ros2_ws/install/examples_rclcpp_cbg_executor:/home/yixin/ros2_ws/install/examples_rclcpp_async_client:/home/yixin/ros2_ws/install/cpp_srvcli:/home/yixin/ros2_ws/install/cpp_pubsub:/opt/ros/jazzy/opt/sdformat_vendor:/opt/ros/jazzy/opt/gz_math_vendor:/opt/ros/jazzy/opt/gz_utils_vendor:/opt/ros/jazzy/opt/gz_tools_vendor:/opt/ros/jazzy/opt/gz_cmake_vendor:/home/yixin/ros2_ws/install/python_parameters:/home/yixin/ros2_ws/install/py_srvcli:/home/yixin/ros2_ws/install/py_pubsub:/home/yixin/ros2_ws/install/my_python_package:/home/yixin/ros2_ws/install/launch_testing_examples:/home/yixin/ros2_ws/install/examples_rclpy_pointcloud_publisher:/home/yixin/ros2_ws/install/examples_rclpy_minimal_subscriber:/home/yixin/ros2_ws/install/examples_rclpy_minimal_service:/home/yixin/ros2_ws/install/examples_rclpy_minimal_publisher:/home/yixin/ros2_ws/install/examples_rclpy_minimal_client:/home/yixin/ros2_ws/install/examples_rclpy_minimal_action_server:/home/yixin/ros2_ws/install/examples_rclpy_minimal_action_client:/home/yixin/ros2_ws/install/examples_rclpy_guard_conditions:/home/yixin/ros2_ws/install/examples_rclpy_executors:/opt/ros/jazzy DEBUGINFOD_URLS=https://debuginfod.ubuntu.com /usr/bin/cmake --build /home/yixin/ros2_ws/build/polygon_plugins -- -j8 -l8
[1.410s] Invoking command in '/home/yixin/ros2_ws/build/polygon_plugins': CMAKE_PREFIX_PATH=/home/yixin/ros2_ws/install/polygon_base:/home/yixin/ros2_ws/install/polygon_plugins:/home/yixin/ros2_ws/install/more_interfaces:/home/yixin/ros2_ws/install/cpp_parameters:/home/yixin/ros2_ws/install/tutorial_interfaces:/home/yixin/ros2_ws/install/turtlesim:/home/yixin/ros2_ws/install/my_package:/home/yixin/ros2_ws/install/examples_rclcpp_wait_set:/home/yixin/ros2_ws/install/examples_rclcpp_multithreaded_executor:/home/yixin/ros2_ws/install/examples_rclcpp_minimal_timer:/home/yixin/ros2_ws/install/examples_rclcpp_minimal_subscriber:/home/yixin/ros2_ws/install/examples_rclcpp_minimal_service:/home/yixin/ros2_ws/install/examples_rclcpp_minimal_publisher:/home/yixin/ros2_ws/install/examples_rclcpp_minimal_composition:/home/yixin/ros2_ws/install/examples_rclcpp_minimal_client:/home/yixin/ros2_ws/install/examples_rclcpp_minimal_action_server:/home/yixin/ros2_ws/install/examples_rclcpp_minimal_action_client:/home/yixin/ros2_ws/install/examples_rclcpp_cbg_executor:/home/yixin/ros2_ws/install/examples_rclcpp_async_client:/home/yixin/ros2_ws/install/cpp_srvcli:/home/yixin/ros2_ws/install/cpp_pubsub:/opt/ros/jazzy/opt/sdformat_vendor:/opt/ros/jazzy/opt/gz_math_vendor:/opt/ros/jazzy/opt/gz_utils_vendor:/opt/ros/jazzy/opt/gz_tools_vendor:/opt/ros/jazzy/opt/gz_cmake_vendor:/home/yixin/ros2_ws/install/python_parameters:/home/yixin/ros2_ws/install/py_srvcli:/home/yixin/ros2_ws/install/py_pubsub:/home/yixin/ros2_ws/install/my_python_package:/home/yixin/ros2_ws/install/launch_testing_examples:/home/yixin/ros2_ws/install/examples_rclpy_pointcloud_publisher:/home/yixin/ros2_ws/install/examples_rclpy_minimal_subscriber:/home/yixin/ros2_ws/install/examples_rclpy_minimal_service:/home/yixin/ros2_ws/install/examples_rclpy_minimal_publisher:/home/yixin/ros2_ws/install/examples_rclpy_minimal_client:/home/yixin/ros2_ws/install/examples_rclpy_minimal_action_server:/home/yixin/ros2_ws/install/examples_rclpy_minimal_action_client:/home/yixin/ros2_ws/install/examples_rclpy_guard_conditions:/home/yixin/ros2_ws/install/examples_rclpy_executors:/opt/ros/jazzy DEBUGINFOD_URLS=https://debuginfod.ubuntu.com /usr/bin/cmake --install /home/yixin/ros2_ws/build/polygon_plugins
[1.422s] -- Install configuration: ""
[1.422s] -- Installing: /home/yixin/ros2_ws/install/polygon_plugins/share/polygon_plugins/plugins.xml
[1.422s] -- Up-to-date: /home/yixin/ros2_ws/install/polygon_plugins/include/polygon_plugins
[1.422s] -- Up-to-date: /home/yixin/ros2_ws/install/polygon_plugins/include/polygon_plugins/polygon_plugins
[1.422s] -- Up-to-date: /home/yixin/ros2_ws/install/polygon_plugins/include/polygon_plugins/polygon_plugins/polygon_plugins.hpp
[1.422s] -- Up-to-date: /home/yixin/ros2_ws/install/polygon_plugins/include/polygon_plugins/polygon_plugins/visibility_control.h
[1.422s] -- Installing: /home/yixin/ros2_ws/install/polygon_plugins/lib/libpolygon_plugins.so
[1.423s] -- Set non-toolchain portion of runtime path of "/home/yixin/ros2_ws/install/polygon_plugins/lib/libpolygon_plugins.so" to ""
[1.423s] -- Up-to-date: /home/yixin/ros2_ws/install/polygon_plugins/share/polygon_plugins/environment/library_path.sh
[1.423s] -- Up-to-date: /home/yixin/ros2_ws/install/polygon_plugins/share/polygon_plugins/environment/library_path.dsv
[1.423s] -- Up-to-date: /home/yixin/ros2_ws/install/polygon_plugins/share/ament_index/resource_index/package_run_dependencies/polygon_plugins
[1.423s] -- Installing: /home/yixin/ros2_ws/install/polygon_plugins/share/ament_index/resource_index/parent_prefix_path/polygon_plugins
[1.424s] -- Up-to-date: /home/yixin/ros2_ws/install/polygon_plugins/share/polygon_plugins/environment/ament_prefix_path.sh
[1.424s] -- Up-to-date: /home/yixin/ros2_ws/install/polygon_plugins/share/polygon_plugins/environment/ament_prefix_path.dsv
[1.424s] -- Up-to-date: /home/yixin/ros2_ws/install/polygon_plugins/share/polygon_plugins/environment/path.sh
[1.424s] -- Up-to-date: /home/yixin/ros2_ws/install/polygon_plugins/share/polygon_plugins/environment/path.dsv
[1.424s] -- Up-to-date: /home/yixin/ros2_ws/install/polygon_plugins/share/polygon_plugins/local_setup.bash
[1.424s] -- Up-to-date: /home/yixin/ros2_ws/install/polygon_plugins/share/polygon_plugins/local_setup.sh
[1.424s] -- Up-to-date: /home/yixin/ros2_ws/install/polygon_plugins/share/polygon_plugins/local_setup.zsh
[1.424s] -- Up-to-date: /home/yixin/ros2_ws/install/polygon_plugins/share/polygon_plugins/local_setup.dsv
[1.424s] -- Up-to-date: /home/yixin/ros2_ws/install/polygon_plugins/share/polygon_plugins/package.dsv
[1.424s] -- Up-to-date: /home/yixin/ros2_ws/install/polygon_plugins/share/ament_index/resource_index/packages/polygon_plugins
[1.424s] -- Up-to-date: /home/yixin/ros2_ws/install/polygon_plugins/share/ament_index/resource_index/polygon_base__pluginlib__plugin/polygon_plugins
[1.425s] -- Up-to-date: /home/yixin/ros2_ws/install/polygon_plugins/share/polygon_plugins/cmake/export_polygon_pluginsExport.cmake
[1.425s] -- Up-to-date: /home/yixin/ros2_ws/install/polygon_plugins/share/polygon_plugins/cmake/export_polygon_pluginsExport-noconfig.cmake
[1.425s] -- Up-to-date: /home/yixin/ros2_ws/install/polygon_plugins/share/polygon_plugins/cmake/ament_cmake_export_include_directories-extras.cmake
[1.425s] -- Up-to-date: /home/yixin/ros2_ws/install/polygon_plugins/share/polygon_plugins/cmake/ament_cmake_export_libraries-extras.cmake
[1.425s] -- Up-to-date: /home/yixin/ros2_ws/install/polygon_plugins/share/polygon_plugins/cmake/ament_cmake_export_targets-extras.cmake
[1.425s] -- Up-to-date: /home/yixin/ros2_ws/install/polygon_plugins/share/polygon_plugins/cmake/polygon_pluginsConfig.cmake
[1.425s] -- Up-to-date: /home/yixin/ros2_ws/install/polygon_plugins/share/polygon_plugins/cmake/polygon_pluginsConfig-version.cmake
[1.425s] -- Up-to-date: /home/yixin/ros2_ws/install/polygon_plugins/share/polygon_plugins/package.xml
[1.428s] Invoked command in '/home/yixin/ros2_ws/build/polygon_plugins' returned '0': CMAKE_PREFIX_PATH=/home/yixin/ros2_ws/install/polygon_base:/home/yixin/ros2_ws/install/polygon_plugins:/home/yixin/ros2_ws/install/more_interfaces:/home/yixin/ros2_ws/install/cpp_parameters:/home/yixin/ros2_ws/install/tutorial_interfaces:/home/yixin/ros2_ws/install/turtlesim:/home/yixin/ros2_ws/install/my_package:/home/yixin/ros2_ws/install/examples_rclcpp_wait_set:/home/yixin/ros2_ws/install/examples_rclcpp_multithreaded_executor:/home/yixin/ros2_ws/install/examples_rclcpp_minimal_timer:/home/yixin/ros2_ws/install/examples_rclcpp_minimal_subscriber:/home/yixin/ros2_ws/install/examples_rclcpp_minimal_service:/home/yixin/ros2_ws/install/examples_rclcpp_minimal_publisher:/home/yixin/ros2_ws/install/examples_rclcpp_minimal_composition:/home/yixin/ros2_ws/install/examples_rclcpp_minimal_client:/home/yixin/ros2_ws/install/examples_rclcpp_minimal_action_server:/home/yixin/ros2_ws/install/examples_rclcpp_minimal_action_client:/home/yixin/ros2_ws/install/examples_rclcpp_cbg_executor:/home/yixin/ros2_ws/install/examples_rclcpp_async_client:/home/yixin/ros2_ws/install/cpp_srvcli:/home/yixin/ros2_ws/install/cpp_pubsub:/opt/ros/jazzy/opt/sdformat_vendor:/opt/ros/jazzy/opt/gz_math_vendor:/opt/ros/jazzy/opt/gz_utils_vendor:/opt/ros/jazzy/opt/gz_tools_vendor:/opt/ros/jazzy/opt/gz_cmake_vendor:/home/yixin/ros2_ws/install/python_parameters:/home/yixin/ros2_ws/install/py_srvcli:/home/yixin/ros2_ws/install/py_pubsub:/home/yixin/ros2_ws/install/my_python_package:/home/yixin/ros2_ws/install/launch_testing_examples:/home/yixin/ros2_ws/install/examples_rclpy_pointcloud_publisher:/home/yixin/ros2_ws/install/examples_rclpy_minimal_subscriber:/home/yixin/ros2_ws/install/examples_rclpy_minimal_service:/home/yixin/ros2_ws/install/examples_rclpy_minimal_publisher:/home/yixin/ros2_ws/install/examples_rclpy_minimal_client:/home/yixin/ros2_ws/install/examples_rclpy_minimal_action_server:/home/yixin/ros2_ws/install/examples_rclpy_minimal_action_client:/home/yixin/ros2_ws/install/examples_rclpy_guard_conditions:/home/yixin/ros2_ws/install/examples_rclpy_executors:/opt/ros/jazzy DEBUGINFOD_URLS=https://debuginfod.ubuntu.com /usr/bin/cmake --install /home/yixin/ros2_ws/build/polygon_plugins
