[2.496s] Invoking command in '/home/yixin/ros2_ws/src/py_srvcli': DEBUGINFOD_URLS=https://debuginfod.ubuntu.com PYTHONPATH=/home/yixin/ros2_ws/build/py_srvcli/prefix_override:/usr/lib/python3/dist-packages/colcon_core/task/python/colcon_distutils_commands:/home/yixin/ros2_ws/install/py_srvcli/lib/python3.12/site-packages:${PYTHONPATH} /usr/bin/python3 -W ignore:setup.py install is deprecated -W ignore:easy_install command is deprecated setup.py egg_info --egg-base ../../build/py_srvcli build --build-base /home/yixin/ros2_ws/build/py_srvcli/build install --record /home/yixin/ros2_ws/build/py_srvcli/install.log --single-version-externally-managed install_data
[3.324s] running egg_info
[3.386s] writing ../../build/py_srvcli/py_srvcli.egg-info/PKG-INFO
[3.386s] writing dependency_links to ../../build/py_srvcli/py_srvcli.egg-info/dependency_links.txt
[3.386s] writing entry points to ../../build/py_srvcli/py_srvcli.egg-info/entry_points.txt
[3.387s] writing requirements to ../../build/py_srvcli/py_srvcli.egg-info/requires.txt
[3.387s] writing top-level names to ../../build/py_srvcli/py_srvcli.egg-info/top_level.txt
[3.506s] reading manifest file '../../build/py_srvcli/py_srvcli.egg-info/SOURCES.txt'
[3.507s] adding license file 'LICENSE'
[3.508s] writing manifest file '../../build/py_srvcli/py_srvcli.egg-info/SOURCES.txt'
[3.509s] running build
[3.509s] running build_py
[3.509s] copying py_srvcli/service_member_function.py -> /home/yixin/ros2_ws/build/py_srvcli/build/lib/py_srvcli
[3.510s] running install
[3.534s] running install_lib
[3.590s] copying /home/yixin/ros2_ws/build/py_srvcli/build/lib/py_srvcli/service_member_function.py -> /home/yixin/ros2_ws/install/py_srvcli/lib/python3.12/site-packages/py_srvcli
[3.591s] byte-compiling /home/yixin/ros2_ws/install/py_srvcli/lib/python3.12/site-packages/py_srvcli/service_member_function.py to service_member_function.cpython-312.pyc
[3.593s] running install_data
[3.593s] running install_egg_info
[3.657s] removing '/home/yixin/ros2_ws/install/py_srvcli/lib/python3.12/site-packages/py_srvcli-0.0.0-py3.12.egg-info' (and everything under it)
[3.658s] Copying ../../build/py_srvcli/py_srvcli.egg-info to /home/yixin/ros2_ws/install/py_srvcli/lib/python3.12/site-packages/py_srvcli-0.0.0-py3.12.egg-info
[3.660s] running install_scripts
[4.070s] Installing client script to /home/yixin/ros2_ws/install/py_srvcli/lib/py_srvcli
[4.070s] Installing service script to /home/yixin/ros2_ws/install/py_srvcli/lib/py_srvcli
[4.071s] writing list of installed files to '/home/yixin/ros2_ws/build/py_srvcli/install.log'
[4.157s] Invoked command in '/home/yixin/ros2_ws/src/py_srvcli' returned '0': DEBUGINFOD_URLS=https://debuginfod.ubuntu.com PYTHONPATH=/home/yixin/ros2_ws/build/py_srvcli/prefix_override:/usr/lib/python3/dist-packages/colcon_core/task/python/colcon_distutils_commands:/home/yixin/ros2_ws/install/py_srvcli/lib/python3.12/site-packages:${PYTHONPATH} /usr/bin/python3 -W ignore:setup.py install is deprecated -W ignore:easy_install command is deprecated setup.py egg_info --egg-base ../../build/py_srvcli build --build-base /home/yixin/ros2_ws/build/py_srvcli/build install --record /home/yixin/ros2_ws/build/py_srvcli/install.log --single-version-externally-managed install_data
