[2.361s] Invoking command in '/home/yixin/ros2_ws/src/py_pubsub': DEBUGINFOD_URLS=https://debuginfod.ubuntu.com PYTHONPATH=/home/yixin/ros2_ws/build/py_pubsub/prefix_override:/usr/lib/python3/dist-packages/colcon_core/task/python/colcon_distutils_commands:/home/yixin/ros2_ws/install/py_pubsub/lib/python3.12/site-packages:${PYTHONPATH} /usr/bin/python3 -W ignore:setup.py install is deprecated -W ignore:easy_install command is deprecated setup.py egg_info --egg-base ../../build/py_pubsub build --build-base /home/yixin/ros2_ws/build/py_pubsub/build install --record /home/yixin/ros2_ws/build/py_pubsub/install.log --single-version-externally-managed install_data
[3.118s] running egg_info
[3.119s] creating ../../build/py_pubsub/py_pubsub.egg-info
[3.178s] writing ../../build/py_pubsub/py_pubsub.egg-info/PKG-INFO
[3.178s] writing dependency_links to ../../build/py_pubsub/py_pubsub.egg-info/dependency_links.txt
[3.179s] writing entry points to ../../build/py_pubsub/py_pubsub.egg-info/entry_points.txt
[3.179s] writing requirements to ../../build/py_pubsub/py_pubsub.egg-info/requires.txt
[3.179s] writing top-level names to ../../build/py_pubsub/py_pubsub.egg-info/top_level.txt
[3.179s] writing manifest file '../../build/py_pubsub/py_pubsub.egg-info/SOURCES.txt'
[3.295s] reading manifest file '../../build/py_pubsub/py_pubsub.egg-info/SOURCES.txt'
[3.296s] adding license file 'LICENSE'
[3.297s] writing manifest file '../../build/py_pubsub/py_pubsub.egg-info/SOURCES.txt'
[3.297s] running build
[3.298s] running build_py
[3.298s] creating /home/yixin/ros2_ws/build/py_pubsub/build
[3.298s] creating /home/yixin/ros2_ws/build/py_pubsub/build/lib
[3.298s] creating /home/yixin/ros2_ws/build/py_pubsub/build/lib/py_pubsub
[3.299s] copying py_pubsub/publisher_member_function.py -> /home/yixin/ros2_ws/build/py_pubsub/build/lib/py_pubsub
[3.299s] copying py_pubsub/__init__.py -> /home/yixin/ros2_ws/build/py_pubsub/build/lib/py_pubsub
[3.299s] copying py_pubsub/subscriber_member_function.py -> /home/yixin/ros2_ws/build/py_pubsub/build/lib/py_pubsub
[3.300s] running install
[3.317s] running install_lib
[3.378s] creating /home/yixin/ros2_ws/install/py_pubsub/lib/python3.12/site-packages/py_pubsub
[3.379s] copying /home/yixin/ros2_ws/build/py_pubsub/build/lib/py_pubsub/publisher_member_function.py -> /home/yixin/ros2_ws/install/py_pubsub/lib/python3.12/site-packages/py_pubsub
[3.379s] copying /home/yixin/ros2_ws/build/py_pubsub/build/lib/py_pubsub/__init__.py -> /home/yixin/ros2_ws/install/py_pubsub/lib/python3.12/site-packages/py_pubsub
[3.379s] copying /home/yixin/ros2_ws/build/py_pubsub/build/lib/py_pubsub/subscriber_member_function.py -> /home/yixin/ros2_ws/install/py_pubsub/lib/python3.12/site-packages/py_pubsub
[3.380s] byte-compiling /home/yixin/ros2_ws/install/py_pubsub/lib/python3.12/site-packages/py_pubsub/publisher_member_function.py to publisher_member_function.cpython-312.pyc
[3.382s] byte-compiling /home/yixin/ros2_ws/install/py_pubsub/lib/python3.12/site-packages/py_pubsub/__init__.py to __init__.cpython-312.pyc
[3.382s] byte-compiling /home/yixin/ros2_ws/install/py_pubsub/lib/python3.12/site-packages/py_pubsub/subscriber_member_function.py to subscriber_member_function.cpython-312.pyc
[3.383s] running install_data
[3.384s] creating /home/yixin/ros2_ws/install/py_pubsub/share/ament_index
[3.384s] creating /home/yixin/ros2_ws/install/py_pubsub/share/ament_index/resource_index
[3.384s] creating /home/yixin/ros2_ws/install/py_pubsub/share/ament_index/resource_index/packages
[3.384s] copying resource/py_pubsub -> /home/yixin/ros2_ws/install/py_pubsub/share/ament_index/resource_index/packages
[3.385s] copying package.xml -> /home/yixin/ros2_ws/install/py_pubsub/share/py_pubsub
[3.385s] running install_egg_info
[3.450s] Copying ../../build/py_pubsub/py_pubsub.egg-info to /home/yixin/ros2_ws/install/py_pubsub/lib/python3.12/site-packages/py_pubsub-0.0.0-py3.12.egg-info
[3.452s] running install_scripts
[3.851s] Installing listener script to /home/yixin/ros2_ws/install/py_pubsub/lib/py_pubsub
[3.851s] Installing talker script to /home/yixin/ros2_ws/install/py_pubsub/lib/py_pubsub
[3.852s] writing list of installed files to '/home/yixin/ros2_ws/build/py_pubsub/install.log'
[3.938s] Invoked command in '/home/yixin/ros2_ws/src/py_pubsub' returned '0': DEBUGINFOD_URLS=https://debuginfod.ubuntu.com PYTHONPATH=/home/yixin/ros2_ws/build/py_pubsub/prefix_override:/usr/lib/python3/dist-packages/colcon_core/task/python/colcon_distutils_commands:/home/yixin/ros2_ws/install/py_pubsub/lib/python3.12/site-packages:${PYTHONPATH} /usr/bin/python3 -W ignore:setup.py install is deprecated -W ignore:easy_install command is deprecated setup.py egg_info --egg-base ../../build/py_pubsub build --build-base /home/yixin/ros2_ws/build/py_pubsub/build install --record /home/yixin/ros2_ws/build/py_pubsub/install.log --single-version-externally-managed install_data
