[4.560s] Invoking command in '/home/yixin/ros2_ws/src/examples/rclpy/services/minimal_client': DEBUGINFOD_URLS=https://debuginfod.ubuntu.com PYTHONPATH=/home/yixin/ros2_ws/build/examples_rclpy_minimal_client/prefix_override:/usr/lib/python3/dist-packages/colcon_core/task/python/colcon_distutils_commands:/home/yixin/ros2_ws/install/examples_rclpy_minimal_client/lib/python3.12/site-packages:${PYTHONPATH} /usr/bin/python3 -W ignore:setup.py install is deprecated -W ignore:easy_install command is deprecated setup.py egg_info --egg-base ../../../../../build/examples_rclpy_minimal_client build --build-base /home/yixin/ros2_ws/build/examples_rclpy_minimal_client/build install --record /home/yixin/ros2_ws/build/examples_rclpy_minimal_client/install.log --single-version-externally-managed install_data
[5.068s] running egg_info
[5.095s] writing ../../../../../build/examples_rclpy_minimal_client/examples_rclpy_minimal_client.egg-info/PKG-INFO
[5.095s] writing dependency_links to ../../../../../build/examples_rclpy_minimal_client/examples_rclpy_minimal_client.egg-info/dependency_links.txt
[5.095s] writing entry points to ../../../../../build/examples_rclpy_minimal_client/examples_rclpy_minimal_client.egg-info/entry_points.txt
[5.096s] writing requirements to ../../../../../build/examples_rclpy_minimal_client/examples_rclpy_minimal_client.egg-info/requires.txt
[5.097s] writing top-level names to ../../../../../build/examples_rclpy_minimal_client/examples_rclpy_minimal_client.egg-info/top_level.txt
[5.156s] reading manifest file '../../../../../build/examples_rclpy_minimal_client/examples_rclpy_minimal_client.egg-info/SOURCES.txt'
[5.159s] writing manifest file '../../../../../build/examples_rclpy_minimal_client/examples_rclpy_minimal_client.egg-info/SOURCES.txt'
[5.159s] running build
[5.160s] running build_py
[5.165s] running install
[5.175s] running install_lib
[5.212s] running install_data
[5.212s] running install_egg_info
[5.242s] removing '/home/yixin/ros2_ws/install/examples_rclpy_minimal_client/lib/python3.12/site-packages/examples_rclpy_minimal_client-0.19.7-py3.12.egg-info' (and everything under it)
[5.246s] Copying ../../../../../build/examples_rclpy_minimal_client/examples_rclpy_minimal_client.egg-info to /home/yixin/ros2_ws/install/examples_rclpy_minimal_client/lib/python3.12/site-packages/examples_rclpy_minimal_client-0.19.7-py3.12.egg-info
[5.248s] running install_scripts
[5.465s] Installing client script to /home/yixin/ros2_ws/install/examples_rclpy_minimal_client/lib/examples_rclpy_minimal_client
[5.466s] Installing client_async script to /home/yixin/ros2_ws/install/examples_rclpy_minimal_client/lib/examples_rclpy_minimal_client
[5.466s] Installing client_async_callback script to /home/yixin/ros2_ws/install/examples_rclpy_minimal_client/lib/examples_rclpy_minimal_client
[5.467s] Installing client_async_member_function script to /home/yixin/ros2_ws/install/examples_rclpy_minimal_client/lib/examples_rclpy_minimal_client
[5.467s] writing list of installed files to '/home/yixin/ros2_ws/build/examples_rclpy_minimal_client/install.log'
[5.682s] Invoked command in '/home/yixin/ros2_ws/src/examples/rclpy/services/minimal_client' returned '0': DEBUGINFOD_URLS=https://debuginfod.ubuntu.com PYTHONPATH=/home/yixin/ros2_ws/build/examples_rclpy_minimal_client/prefix_override:/usr/lib/python3/dist-packages/colcon_core/task/python/colcon_distutils_commands:/home/yixin/ros2_ws/install/examples_rclpy_minimal_client/lib/python3.12/site-packages:${PYTHONPATH} /usr/bin/python3 -W ignore:setup.py install is deprecated -W ignore:easy_install command is deprecated setup.py egg_info --egg-base ../../../../../build/examples_rclpy_minimal_client build --build-base /home/yixin/ros2_ws/build/examples_rclpy_minimal_client/build install --record /home/yixin/ros2_ws/build/examples_rclpy_minimal_client/install.log --single-version-externally-managed install_data
