[0.065s] Invoking command in '/home/yixin/ros2_ws/build/examples_rclcpp_minimal_action_server': CMAKE_PREFIX_PATH=${CMAKE_PREFIX_PATH}:/opt/ros/jazzy DEBUGINFOD_URLS=https://debuginfod.ubuntu.com /usr/bin/cmake /home/yixin/ros2_ws/src/examples/rclcpp/actions/minimal_action_server -DAMENT_CMAKE_SYMLINK_INSTALL=1 -DCMAKE_INSTALL_PREFIX=/home/yixin/ros2_ws/install/examples_rclcpp_minimal_action_server
[0.288s] -- The C compiler identification is GNU 13.3.0
[0.522s] -- The CXX compiler identification is GNU 13.3.0
[0.586s] -- Detecting C compiler ABI info
[0.941s] -- Detecting C compiler ABI info - done
[0.982s] -- Check for working C compiler: /usr/bin/cc - skipped
[0.983s] -- Detecting C compile features
[0.987s] -- Detecting C compile features - done
[1.024s] -- Detecting CXX compiler ABI info
[1.414s] -- Detecting CXX compiler ABI info - done
[1.451s] -- Check for working CXX compiler: /usr/bin/c++ - skipped
[1.452s] -- Detecting CXX compile features
[1.453s] -- Detecting CXX compile features - done
[1.466s] -- Found ament_cmake: 2.5.5 (/opt/ros/jazzy/share/ament_cmake/cmake)
[2.023s] -- Found Python3: /usr/bin/python3 (found version "3.12.3") found components: Interpreter 
[2.323s] -- Override CMake install command with custom implementation using symlinks instead of copying resources
[2.454s] -- Found example_interfaces: 0.12.0 (/opt/ros/jazzy/share/example_interfaces/cmake)
[2.627s] -- Found rosidl_generator_c: 4.6.7 (/opt/ros/jazzy/share/rosidl_generator_c/cmake)
[2.688s] -- Found rosidl_generator_cpp: 4.6.7 (/opt/ros/jazzy/share/rosidl_generator_cpp/cmake)
[2.760s] -- Using all available rosidl_typesupport_c: rosidl_typesupport_fastrtps_c;rosidl_typesupport_introspection_c
[2.842s] -- Using all available rosidl_typesupport_cpp: rosidl_typesupport_fastrtps_cpp;rosidl_typesupport_introspection_cpp
[3.223s] -- Found rclcpp: 28.1.16 (/opt/ros/jazzy/share/rclcpp/cmake)
[3.430s] -- Found rmw_implementation_cmake: 7.3.3 (/opt/ros/jazzy/share/rmw_implementation_cmake/cmake)
[3.442s] -- Found rmw_fastrtps_cpp: 8.4.3 (/opt/ros/jazzy/share/rmw_fastrtps_cpp/cmake)
[3.773s] -- Found OpenSSL: /usr/lib/x86_64-linux-gnu/libcrypto.so (found version "3.0.13")  
[3.854s] -- Found FastRTPS: /opt/ros/jazzy/include (Required is at least version "2.13") 
[3.946s] -- Using RMW implementation 'rmw_fastrtps_cpp' as default
[4.271s] -- Found rclcpp_action: 28.1.16 (/opt/ros/jazzy/share/rclcpp_action/cmake)
[4.369s] -- Found ament_lint_auto: 0.17.4 (/opt/ros/jazzy/share/ament_lint_auto/cmake)
[4.828s] -- Added test 'copyright' to check source files copyright and LICENSE
[4.831s] -- Added test 'cppcheck' to perform static code analysis on C / C++ code
[4.831s] -- Configured cppcheck include dirs: 
[4.831s] -- Configured cppcheck exclude dirs and/or files: 
[4.837s] -- Added test 'cpplint' to check C / C++ code against the Google style
[4.837s] -- Configured cpplint exclude dirs and/or files: 
[4.838s] -- Added test 'lint_cmake' to check CMake code style
[4.842s] -- Added test 'uncrustify' to check C / C++ code style
[4.842s] -- Configured uncrustify additional arguments: 
[4.847s] -- Added test 'xmllint' to check XML markup files
[4.849s] -- Configuring done (4.8s)
[4.932s] -- Generating done (0.0s)
[4.949s] -- Build files have been written to: /home/yixin/ros2_ws/build/examples_rclcpp_minimal_action_server
[4.996s] Invoked command in '/home/yixin/ros2_ws/build/examples_rclcpp_minimal_action_server' returned '0': CMAKE_PREFIX_PATH=${CMAKE_PREFIX_PATH}:/opt/ros/jazzy DEBUGINFOD_URLS=https://debuginfod.ubuntu.com /usr/bin/cmake /home/yixin/ros2_ws/src/examples/rclcpp/actions/minimal_action_server -DAMENT_CMAKE_SYMLINK_INSTALL=1 -DCMAKE_INSTALL_PREFIX=/home/yixin/ros2_ws/install/examples_rclcpp_minimal_action_server
[4.997s] Invoking command in '/home/yixin/ros2_ws/build/examples_rclcpp_minimal_action_server': CMAKE_PREFIX_PATH=${CMAKE_PREFIX_PATH}:/opt/ros/jazzy DEBUGINFOD_URLS=https://debuginfod.ubuntu.com /usr/bin/cmake --build /home/yixin/ros2_ws/build/examples_rclcpp_minimal_action_server -- -j8 -l8
[5.364s] [ 25%] [32mBuilding CXX object CMakeFiles/action_server_not_composable.dir/not_composable.cpp.o[0m
[5.411s] [ 50%] [32mBuilding CXX object CMakeFiles/action_server_member_functions.dir/member_functions.cpp.o[0m
[29.445s] [ 75%] [32m[1mLinking CXX executable action_server_member_functions[0m
[30.358s] [100%] [32m[1mLinking CXX executable action_server_not_composable[0m
[30.689s] [100%] Built target action_server_member_functions
[31.585s] [100%] Built target action_server_not_composable
[31.657s] Invoked command in '/home/yixin/ros2_ws/build/examples_rclcpp_minimal_action_server' returned '0': CMAKE_PREFIX_PATH=${CMAKE_PREFIX_PATH}:/opt/ros/jazzy DEBUGINFOD_URLS=https://debuginfod.ubuntu.com /usr/bin/cmake --build /home/yixin/ros2_ws/build/examples_rclcpp_minimal_action_server -- -j8 -l8
[31.658s] Invoking command in '/home/yixin/ros2_ws/build/examples_rclcpp_minimal_action_server': CMAKE_PREFIX_PATH=${CMAKE_PREFIX_PATH}:/opt/ros/jazzy DEBUGINFOD_URLS=https://debuginfod.ubuntu.com /usr/bin/cmake --install /home/yixin/ros2_ws/build/examples_rclcpp_minimal_action_server
[34.077s] -- Install configuration: ""
[34.077s] -- Execute custom install script
[34.077s] -- Symlinking: /home/yixin/ros2_ws/install/examples_rclcpp_minimal_action_server/lib/examples_rclcpp_minimal_action_server/action_server_not_composable
[34.077s] -- Symlinking: /home/yixin/ros2_ws/install/examples_rclcpp_minimal_action_server/lib/examples_rclcpp_minimal_action_server/action_server_member_functions
[34.078s] -- Symlinking: /home/yixin/ros2_ws/install/examples_rclcpp_minimal_action_server/share/ament_index/resource_index/package_run_dependencies/examples_rclcpp_minimal_action_server
[34.078s] -- Symlinking: /home/yixin/ros2_ws/install/examples_rclcpp_minimal_action_server/share/ament_index/resource_index/parent_prefix_path/examples_rclcpp_minimal_action_server
[34.078s] -- Symlinking: /home/yixin/ros2_ws/install/examples_rclcpp_minimal_action_server/share/examples_rclcpp_minimal_action_server/environment/ament_prefix_path.sh
[34.078s] -- Symlinking: /home/yixin/ros2_ws/install/examples_rclcpp_minimal_action_server/share/examples_rclcpp_minimal_action_server/environment/ament_prefix_path.dsv
[34.078s] -- Symlinking: /home/yixin/ros2_ws/install/examples_rclcpp_minimal_action_server/share/examples_rclcpp_minimal_action_server/environment/path.sh
[34.078s] -- Symlinking: /home/yixin/ros2_ws/install/examples_rclcpp_minimal_action_server/share/examples_rclcpp_minimal_action_server/environment/path.dsv
[34.078s] -- Symlinking: /home/yixin/ros2_ws/install/examples_rclcpp_minimal_action_server/share/examples_rclcpp_minimal_action_server/local_setup.bash
[34.078s] -- Symlinking: /home/yixin/ros2_ws/install/examples_rclcpp_minimal_action_server/share/examples_rclcpp_minimal_action_server/local_setup.sh
[34.078s] -- Symlinking: /home/yixin/ros2_ws/install/examples_rclcpp_minimal_action_server/share/examples_rclcpp_minimal_action_server/local_setup.zsh
[34.078s] -- Symlinking: /home/yixin/ros2_ws/install/examples_rclcpp_minimal_action_server/share/examples_rclcpp_minimal_action_server/local_setup.dsv
[34.078s] -- Symlinking: /home/yixin/ros2_ws/install/examples_rclcpp_minimal_action_server/share/examples_rclcpp_minimal_action_server/package.dsv
[34.079s] -- Symlinking: /home/yixin/ros2_ws/install/examples_rclcpp_minimal_action_server/share/ament_index/resource_index/packages/examples_rclcpp_minimal_action_server
[34.079s] -- Symlinking: /home/yixin/ros2_ws/install/examples_rclcpp_minimal_action_server/share/examples_rclcpp_minimal_action_server/cmake/examples_rclcpp_minimal_action_serverConfig.cmake
[34.079s] -- Symlinking: /home/yixin/ros2_ws/install/examples_rclcpp_minimal_action_server/share/examples_rclcpp_minimal_action_server/cmake/examples_rclcpp_minimal_action_serverConfig-version.cmake
[34.079s] -- Symlinking: /home/yixin/ros2_ws/install/examples_rclcpp_minimal_action_server/share/examples_rclcpp_minimal_action_server/package.xml
[34.094s] Invoked command in '/home/yixin/ros2_ws/build/examples_rclcpp_minimal_action_server' returned '0': CMAKE_PREFIX_PATH=${CMAKE_PREFIX_PATH}:/opt/ros/jazzy DEBUGINFOD_URLS=https://debuginfod.ubuntu.com /usr/bin/cmake --install /home/yixin/ros2_ws/build/examples_rclcpp_minimal_action_server
