[1.797s] Invoking command in '/home/yixin/ros2_ws/build/examples_rclpy_minimal_service': DEBUGINFOD_URLS=https://debuginfod.ubuntu.com PYTHONPATH=/home/yixin/ros2_ws/build/examples_rclpy_minimal_service/prefix_override:/usr/lib/python3/dist-packages/colcon_core/task/python/colcon_distutils_commands:/home/yixin/ros2_ws/install/examples_rclpy_minimal_service/lib/python3.12/site-packages:${PYTHONPATH} /usr/bin/python3 -W ignore:setup.py install is deprecated -W ignore:easy_install command is deprecated setup.py develop --editable --build-directory /home/yixin/ros2_ws/build/examples_rclpy_minimal_service/build --no-deps symlink_data
[2.342s] running develop
[2.639s] running egg_info
[2.639s] creating examples_rclpy_minimal_service.egg-info
[2.666s] writing examples_rclpy_minimal_service.egg-info/PKG-INFO
[2.667s] writing dependency_links to examples_rclpy_minimal_service.egg-info/dependency_links.txt
[2.668s] writing entry points to examples_rclpy_minimal_service.egg-info/entry_points.txt
[2.669s] writing requirements to examples_rclpy_minimal_service.egg-info/requires.txt
[2.670s] writing top-level names to examples_rclpy_minimal_service.egg-info/top_level.txt
[2.672s] writing manifest file 'examples_rclpy_minimal_service.egg-info/SOURCES.txt'
[2.748s] reading manifest file 'examples_rclpy_minimal_service.egg-info/SOURCES.txt'
[2.751s] writing manifest file 'examples_rclpy_minimal_service.egg-info/SOURCES.txt'
[2.787s] running build_ext
[2.789s] Creating /home/yixin/ros2_ws/install/examples_rclpy_minimal_service/lib/python3.12/site-packages/examples-rclpy-minimal-service.egg-link (link to .)
[2.789s] Installing service script to /home/yixin/ros2_ws/install/examples_rclpy_minimal_service/lib/examples_rclpy_minimal_service
[2.790s] Installing service_member_function script to /home/yixin/ros2_ws/install/examples_rclpy_minimal_service/lib/examples_rclpy_minimal_service
[2.792s] 
[2.793s] Installed /home/yixin/ros2_ws/build/examples_rclpy_minimal_service
[2.793s] running symlink_data
[2.794s] creating /home/yixin/ros2_ws/install/examples_rclpy_minimal_service/share/ament_index
[2.794s] creating /home/yixin/ros2_ws/install/examples_rclpy_minimal_service/share/ament_index/resource_index
[2.795s] creating /home/yixin/ros2_ws/install/examples_rclpy_minimal_service/share/ament_index/resource_index/packages
[2.796s] symbolically linking /home/yixin/ros2_ws/build/examples_rclpy_minimal_service/resource/examples_rclpy_minimal_service -> /home/yixin/ros2_ws/install/examples_rclpy_minimal_service/share/ament_index/resource_index/packages
[2.797s] symbolically linking /home/yixin/ros2_ws/build/examples_rclpy_minimal_service/package.xml -> /home/yixin/ros2_ws/install/examples_rclpy_minimal_service/share/examples_rclpy_minimal_service
[2.949s] Invoked command in '/home/yixin/ros2_ws/build/examples_rclpy_minimal_service' returned '0': DEBUGINFOD_URLS=https://debuginfod.ubuntu.com PYTHONPATH=/home/yixin/ros2_ws/build/examples_rclpy_minimal_service/prefix_override:/usr/lib/python3/dist-packages/colcon_core/task/python/colcon_distutils_commands:/home/yixin/ros2_ws/install/examples_rclpy_minimal_service/lib/python3.12/site-packages:${PYTHONPATH} /usr/bin/python3 -W ignore:setup.py install is deprecated -W ignore:easy_install command is deprecated setup.py develop --editable --build-directory /home/yixin/ros2_ws/build/examples_rclpy_minimal_service/build --no-deps symlink_data
