[ 25%] [32mBuilding CXX object CMakeFiles/action_server.dir/src/fibonacci_action_server.cpp.o[0m
[ 75%] Built target fibonacci_action_server
[100%] [32m[1mLinking CXX shared library libaction_server.so[0m
[100%] Built target action_server
-- Install configuration: ""
-- Installing: /home/yixin/ros2_ws/install/custom_action_cpp/lib/custom_action_cpp/fibonacci_action_server
-- Set non-toolchain portion of runtime path of "/home/yixin/ros2_ws/install/custom_action_cpp/lib/custom_action_cpp/fibonacci_action_server" to ""
-- Installing: /home/yixin/ros2_ws/install/custom_action_cpp/lib/libaction_server.so
-- Set non-toolchain portion of runtime path of "/home/yixin/ros2_ws/install/custom_action_cpp/lib/libaction_server.so" to ""
-- Installing: /home/yixin/ros2_ws/install/custom_action_cpp/share/ament_index/resource_index/package_run_dependencies/custom_action_cpp
-- Installing: /home/yixin/ros2_ws/install/custom_action_cpp/share/ament_index/resource_index/parent_prefix_path/custom_action_cpp
-- Installing: /home/yixin/ros2_ws/install/custom_action_cpp/share/custom_action_cpp/environment/ament_prefix_path.sh
-- Installing: /home/yixin/ros2_ws/install/custom_action_cpp/share/custom_action_cpp/environment/ament_prefix_path.dsv
-- Installing: /home/yixin/ros2_ws/install/custom_action_cpp/share/custom_action_cpp/environment/path.sh
-- Installing: /home/yixin/ros2_ws/install/custom_action_cpp/share/custom_action_cpp/environment/path.dsv
-- Installing: /home/yixin/ros2_ws/install/custom_action_cpp/share/custom_action_cpp/local_setup.bash
-- Installing: /home/yixin/ros2_ws/install/custom_action_cpp/share/custom_action_cpp/local_setup.sh
-- Installing: /home/yixin/ros2_ws/install/custom_action_cpp/share/custom_action_cpp/local_setup.zsh
-- Installing: /home/yixin/ros2_ws/install/custom_action_cpp/share/custom_action_cpp/local_setup.dsv
-- Installing: /home/yixin/ros2_ws/install/custom_action_cpp/share/custom_action_cpp/package.dsv
-- Installing: /home/yixin/ros2_ws/install/custom_action_cpp/share/ament_index/resource_index/packages/custom_action_cpp
-- Installing: /home/yixin/ros2_ws/install/custom_action_cpp/share/ament_index/resource_index/rclcpp_components/custom_action_cpp
-- Installing: /home/yixin/ros2_ws/install/custom_action_cpp/share/custom_action_cpp/cmake/custom_action_cppConfig.cmake
-- Installing: /home/yixin/ros2_ws/install/custom_action_cpp/share/custom_action_cpp/cmake/custom_action_cppConfig-version.cmake
-- Installing: /home/yixin/ros2_ws/install/custom_action_cpp/share/custom_action_cpp/package.xml
