[2.491s] Invoking command in '/home/yixin/ros2_ws/src/py_pubsub': DEBUGINFOD_URLS=https://debuginfod.ubuntu.com PYTHONPATH=/home/yixin/ros2_ws/build/py_pubsub/prefix_override:/usr/lib/python3/dist-packages/colcon_core/task/python/colcon_distutils_commands:/home/yixin/ros2_ws/install/py_pubsub/lib/python3.12/site-packages:${PYTHONPATH} /usr/bin/python3 -W ignore:setup.py install is deprecated -W ignore:easy_install command is deprecated setup.py egg_info --egg-base ../../build/py_pubsub build --build-base /home/yixin/ros2_ws/build/py_pubsub/build install --record /home/yixin/ros2_ws/build/py_pubsub/install.log --single-version-externally-managed install_data
[3.283s] running egg_info
[3.340s] writing ../../build/py_pubsub/py_pubsub.egg-info/PKG-INFO
[3.340s] writing dependency_links to ../../build/py_pubsub/py_pubsub.egg-info/dependency_links.txt
[3.341s] writing entry points to ../../build/py_pubsub/py_pubsub.egg-info/entry_points.txt
[3.341s] writing requirements to ../../build/py_pubsub/py_pubsub.egg-info/requires.txt
[3.341s] writing top-level names to ../../build/py_pubsub/py_pubsub.egg-info/top_level.txt
[3.457s] reading manifest file '../../build/py_pubsub/py_pubsub.egg-info/SOURCES.txt'
[3.458s] adding license file 'LICENSE'
[3.459s] writing manifest file '../../build/py_pubsub/py_pubsub.egg-info/SOURCES.txt'
[3.460s] running build
[3.460s] running build_py
[3.460s] copying py_pubsub/publisher_member_function.py -> /home/yixin/ros2_ws/build/py_pubsub/build/lib/py_pubsub
[3.461s] copying py_pubsub/subscriber_member_function.py -> /home/yixin/ros2_ws/build/py_pubsub/build/lib/py_pubsub
[3.462s] running install
[3.479s] running install_lib
[3.540s] copying /home/yixin/ros2_ws/build/py_pubsub/build/lib/py_pubsub/publisher_member_function.py -> /home/yixin/ros2_ws/install/py_pubsub/lib/python3.12/site-packages/py_pubsub
[3.541s] copying /home/yixin/ros2_ws/build/py_pubsub/build/lib/py_pubsub/subscriber_member_function.py -> /home/yixin/ros2_ws/install/py_pubsub/lib/python3.12/site-packages/py_pubsub
[3.543s] byte-compiling /home/yixin/ros2_ws/install/py_pubsub/lib/python3.12/site-packages/py_pubsub/publisher_member_function.py to publisher_member_function.cpython-312.pyc
[3.545s] byte-compiling /home/yixin/ros2_ws/install/py_pubsub/lib/python3.12/site-packages/py_pubsub/subscriber_member_function.py to subscriber_member_function.cpython-312.pyc
[3.546s] running install_data
[3.546s] copying package.xml -> /home/yixin/ros2_ws/install/py_pubsub/share/py_pubsub
[3.547s] running install_egg_info
[3.606s] removing '/home/yixin/ros2_ws/install/py_pubsub/lib/python3.12/site-packages/py_pubsub-0.0.0-py3.12.egg-info' (and everything under it)
[3.607s] Copying ../../build/py_pubsub/py_pubsub.egg-info to /home/yixin/ros2_ws/install/py_pubsub/lib/python3.12/site-packages/py_pubsub-0.0.0-py3.12.egg-info
[3.610s] running install_scripts
[4.014s] Installing listener script to /home/yixin/ros2_ws/install/py_pubsub/lib/py_pubsub
[4.014s] Installing talker script to /home/yixin/ros2_ws/install/py_pubsub/lib/py_pubsub
[4.015s] writing list of installed files to '/home/yixin/ros2_ws/build/py_pubsub/install.log'
[4.101s] Invoked command in '/home/yixin/ros2_ws/src/py_pubsub' returned '0': DEBUGINFOD_URLS=https://debuginfod.ubuntu.com PYTHONPATH=/home/yixin/ros2_ws/build/py_pubsub/prefix_override:/usr/lib/python3/dist-packages/colcon_core/task/python/colcon_distutils_commands:/home/yixin/ros2_ws/install/py_pubsub/lib/python3.12/site-packages:${PYTHONPATH} /usr/bin/python3 -W ignore:setup.py install is deprecated -W ignore:easy_install command is deprecated setup.py egg_info --egg-base ../../build/py_pubsub build --build-base /home/yixin/ros2_ws/build/py_pubsub/build install --record /home/yixin/ros2_ws/build/py_pubsub/install.log --single-version-externally-managed install_data
