[2.594s] Invoking command in '/home/yixin/ros2_ws/src/python_parameters': DEBUGINFOD_URLS=https://debuginfod.ubuntu.com PYTHONPATH=/home/yixin/ros2_ws/build/python_parameters/prefix_override:/usr/lib/python3/dist-packages/colcon_core/task/python/colcon_distutils_commands:/home/yixin/ros2_ws/install/python_parameters/lib/python3.12/site-packages:${PYTHONPATH} /usr/bin/python3 -W ignore:setup.py install is deprecated -W ignore:easy_install command is deprecated setup.py egg_info --egg-base ../../build/python_parameters build --build-base /home/yixin/ros2_ws/build/python_parameters/build install --record /home/yixin/ros2_ws/build/python_parameters/install.log --single-version-externally-managed install_data
[3.432s] running egg_info
[3.492s] writing ../../build/python_parameters/python_parameters.egg-info/PKG-INFO
[3.492s] writing dependency_links to ../../build/python_parameters/python_parameters.egg-info/dependency_links.txt
[3.492s] writing entry points to ../../build/python_parameters/python_parameters.egg-info/entry_points.txt
[3.493s] writing requirements to ../../build/python_parameters/python_parameters.egg-info/requires.txt
[3.493s] writing top-level names to ../../build/python_parameters/python_parameters.egg-info/top_level.txt
[3.615s] reading manifest file '../../build/python_parameters/python_parameters.egg-info/SOURCES.txt'
[3.615s] adding license file 'LICENSE'
[3.617s] writing manifest file '../../build/python_parameters/python_parameters.egg-info/SOURCES.txt'
[3.617s] running build
[3.617s] running build_py
[3.618s] running install
[3.641s] running install_lib
[3.701s] running install_data
[3.701s] creating /home/yixin/ros2_ws/install/python_parameters/share/python_parameters/launch
[3.702s] copying launch/python_parameters_launch.py -> /home/yixin/ros2_ws/install/python_parameters/share/python_parameters/launch
[3.702s] running install_egg_info
[3.765s] removing '/home/yixin/ros2_ws/install/python_parameters/lib/python3.12/site-packages/python_parameters-0.0.0-py3.12.egg-info' (and everything under it)
[3.766s] Copying ../../build/python_parameters/python_parameters.egg-info to /home/yixin/ros2_ws/install/python_parameters/lib/python3.12/site-packages/python_parameters-0.0.0-py3.12.egg-info
[3.769s] running install_scripts
[4.186s] Installing minimal_param_node script to /home/yixin/ros2_ws/install/python_parameters/lib/python_parameters
[4.186s] writing list of installed files to '/home/yixin/ros2_ws/build/python_parameters/install.log'
[4.275s] Invoked command in '/home/yixin/ros2_ws/src/python_parameters' returned '0': DEBUGINFOD_URLS=https://debuginfod.ubuntu.com PYTHONPATH=/home/yixin/ros2_ws/build/python_parameters/prefix_override:/usr/lib/python3/dist-packages/colcon_core/task/python/colcon_distutils_commands:/home/yixin/ros2_ws/install/python_parameters/lib/python3.12/site-packages:${PYTHONPATH} /usr/bin/python3 -W ignore:setup.py install is deprecated -W ignore:easy_install command is deprecated setup.py egg_info --egg-base ../../build/python_parameters build --build-base /home/yixin/ros2_ws/build/python_parameters/build install --record /home/yixin/ros2_ws/build/python_parameters/install.log --single-version-externally-managed install_data
