[2.240s] Invoking command in '/home/yixin/ros2_ws/build/examples_rclpy_guard_conditions': DEBUGINFOD_URLS=https://debuginfod.ubuntu.com PYTHONPATH=/home/yixin/ros2_ws/build/examples_rclpy_guard_conditions/prefix_override:/usr/lib/python3/dist-packages/colcon_core/task/python/colcon_distutils_commands:/home/yixin/ros2_ws/install/examples_rclpy_guard_conditions/lib/python3.12/site-packages:${PYTHONPATH} /usr/bin/python3 -W ignore:setup.py install is deprecated -W ignore:easy_install command is deprecated setup.py develop --editable --build-directory /home/yixin/ros2_ws/build/examples_rclpy_guard_conditions/build --no-deps symlink_data
[5.361s] running develop
[5.361s] running egg_info
[5.361s] creating examples_rclpy_guard_conditions.egg-info
[5.361s] writing examples_rclpy_guard_conditions.egg-info/PKG-INFO
[5.361s] writing dependency_links to examples_rclpy_guard_conditions.egg-info/dependency_links.txt
[5.361s] writing entry points to examples_rclpy_guard_conditions.egg-info/entry_points.txt
[5.361s] writing requirements to examples_rclpy_guard_conditions.egg-info/requires.txt
[5.361s] writing top-level names to examples_rclpy_guard_conditions.egg-info/top_level.txt
[5.361s] writing manifest file 'examples_rclpy_guard_conditions.egg-info/SOURCES.txt'
[5.361s] reading manifest file 'examples_rclpy_guard_conditions.egg-info/SOURCES.txt'
[5.361s] writing manifest file 'examples_rclpy_guard_conditions.egg-info/SOURCES.txt'
[5.362s] running build_ext
[5.362s] Creating /home/yixin/ros2_ws/install/examples_rclpy_guard_conditions/lib/python3.12/site-packages/examples-rclpy-guard-conditions.egg-link (link to .)
[5.362s] Installing trigger_guard_condition script to /home/yixin/ros2_ws/install/examples_rclpy_guard_conditions/lib/examples_rclpy_guard_conditions
[5.362s] 
[5.362s] Installed /home/yixin/ros2_ws/build/examples_rclpy_guard_conditions
[5.362s] running symlink_data
[5.362s] creating /home/yixin/ros2_ws/install/examples_rclpy_guard_conditions/share/ament_index
[5.362s] creating /home/yixin/ros2_ws/install/examples_rclpy_guard_conditions/share/ament_index/resource_index
[5.362s] creating /home/yixin/ros2_ws/install/examples_rclpy_guard_conditions/share/ament_index/resource_index/packages
[5.362s] symbolically linking /home/yixin/ros2_ws/build/examples_rclpy_guard_conditions/resource/examples_rclpy_guard_conditions -> /home/yixin/ros2_ws/install/examples_rclpy_guard_conditions/share/ament_index/resource_index/packages
[5.362s] symbolically linking /home/yixin/ros2_ws/build/examples_rclpy_guard_conditions/package.xml -> /home/yixin/ros2_ws/install/examples_rclpy_guard_conditions/share/examples_rclpy_guard_conditions
[5.375s] Invoked command in '/home/yixin/ros2_ws/build/examples_rclpy_guard_conditions' returned '0': DEBUGINFOD_URLS=https://debuginfod.ubuntu.com PYTHONPATH=/home/yixin/ros2_ws/build/examples_rclpy_guard_conditions/prefix_override:/usr/lib/python3/dist-packages/colcon_core/task/python/colcon_distutils_commands:/home/yixin/ros2_ws/install/examples_rclpy_guard_conditions/lib/python3.12/site-packages:${PYTHONPATH} /usr/bin/python3 -W ignore:setup.py install is deprecated -W ignore:easy_install command is deprecated setup.py develop --editable --build-directory /home/yixin/ros2_ws/build/examples_rclpy_guard_conditions/build --no-deps symlink_data
