[0.041s] Invoking command in '/home/yixin/ros2_ws/build/more_interfaces': CMAKE_PREFIX_PATH=${CMAKE_PREFIX_PATH}:/home/yixin/ros2_ws/install/py_srvcli:/home/yixin/ros2_ws/install/py_pubsub:/home/yixin/ros2_ws/install/my_python_package:/home/yixin/ros2_ws/install/launch_testing_examples:/home/yixin/ros2_ws/install/examples_rclpy_pointcloud_publisher:/home/yixin/ros2_ws/install/examples_rclpy_minimal_subscriber:/home/yixin/ros2_ws/install/examples_rclpy_minimal_service:/home/yixin/ros2_ws/install/examples_rclpy_minimal_publisher:/home/yixin/ros2_ws/install/examples_rclpy_minimal_client:/home/yixin/ros2_ws/install/examples_rclpy_minimal_action_server:/home/yixin/ros2_ws/install/examples_rclpy_minimal_action_client:/home/yixin/ros2_ws/install/examples_rclpy_guard_conditions:/home/yixin/ros2_ws/install/examples_rclpy_executors:/opt/ros/jazzy DEBUGINFOD_URLS=https://debuginfod.ubuntu.com /usr/bin/cmake --build /home/yixin/ros2_ws/build/more_interfaces -- -j8 -l8
[0.137s] -- Found ament_cmake: 2.5.5 (/opt/ros/jazzy/share/ament_cmake/cmake)
[0.227s] -- Found Python3: /usr/bin/python3 (found version "3.12.3") found components: Interpreter 
[0.485s] -- Found rosidl_default_generators: 1.6.0 (/opt/ros/jazzy/share/rosidl_default_generators/cmake)
[0.504s] -- Using all available rosidl_typesupport_c: rosidl_typesupport_fastrtps_c;rosidl_typesupport_introspection_c
[0.624s] -- Using all available rosidl_typesupport_cpp: rosidl_typesupport_fastrtps_cpp;rosidl_typesupport_introspection_cpp
[0.718s] -- Found rosidl_adapter: 4.6.7 (/opt/ros/jazzy/share/rosidl_adapter/cmake)
[0.724s] -- Found rclcpp: 28.1.16 (/opt/ros/jazzy/share/rclcpp/cmake)
[0.930s] -- Found rmw_implementation_cmake: 7.3.3 (/opt/ros/jazzy/share/rmw_implementation_cmake/cmake)
[0.939s] -- Found rmw_fastrtps_cpp: 8.4.3 (/opt/ros/jazzy/share/rmw_fastrtps_cpp/cmake)
[1.145s] -- Using RMW implementation 'rmw_fastrtps_cpp' as default
[2.088s] -- Found ament_cmake_ros: 0.12.0 (/opt/ros/jazzy/share/ament_cmake_ros/cmake)
[2.365s] -- Using all available rosidl_typesupport_c: rosidl_typesupport_fastrtps_c;rosidl_typesupport_introspection_c
[2.724s] -- Using all available rosidl_typesupport_cpp: rosidl_typesupport_fastrtps_cpp;rosidl_typesupport_introspection_cpp
[2.727s] -- Found python_cmake_module: 0.11.1 (/opt/ros/jazzy/share/python_cmake_module/cmake)
[3.564s] -- Found Python3: /usr/bin/python3 (found version "3.12.3") found components: Interpreter Development NumPy Development.Module Development.Embed 
[3.606s] -- Found ament_lint_auto: 0.17.4 (/opt/ros/jazzy/share/ament_lint_auto/cmake)
[3.636s] -- Added test 'cppcheck' to perform static code analysis on C / C++ code
[3.638s] -- Configured cppcheck include dirs: 
[3.639s] -- Configured cppcheck exclude dirs and/or files: 
[3.641s] -- Added test 'lint_cmake' to check CMake code style
[3.646s] -- Added test 'uncrustify' to check C / C++ code style
[3.647s] -- Configured uncrustify additional arguments: 
[3.648s] -- Added test 'xmllint' to check XML markup files
[3.654s] -- Configuring done (3.5s)
[3.779s] -- Generating done (0.1s)
[3.822s] -- Build files have been written to: /home/yixin/ros2_ws/build/more_interfaces
[3.965s] [  2%] Built target more_interfaces__rosidl_generator_type_description
[4.035s] [  2%] Built target ament_cmake_python_copy_more_interfaces
[4.120s] [ 16%] Built target more_interfaces__rosidl_generator_c
[4.133s] [ 19%] Built target more_interfaces__cpp
[4.264s] [ 27%] Built target more_interfaces__rosidl_typesupport_cpp
[4.280s] [ 36%] Built target more_interfaces__rosidl_typesupport_introspection_cpp
[4.285s] [ 44%] Built target more_interfaces__rosidl_typesupport_fastrtps_c
[4.300s] [ 52%] Built target more_interfaces__rosidl_typesupport_introspection_c
[4.310s] [ 61%] Built target more_interfaces__rosidl_typesupport_c
[4.348s] [ 69%] Built target more_interfaces__rosidl_typesupport_fastrtps_cpp
[4.411s] [ 75%] Built target publish_address_book
[4.437s] [ 75%] Built target more_interfaces
[4.517s] [ 77%] Built target more_interfaces__py
[4.614s] [ 83%] Built target more_interfaces__rosidl_generator_py
[4.704s] [ 88%] Built target more_interfaces_s__rosidl_typesupport_introspection_c
[4.713s] [ 94%] Built target more_interfaces_s__rosidl_typesupport_c
[4.720s] [100%] Built target more_interfaces_s__rosidl_typesupport_fastrtps_c
[4.969s] running egg_info
[5.029s] writing more_interfaces.egg-info/PKG-INFO
[5.029s] writing dependency_links to more_interfaces.egg-info/dependency_links.txt
[5.029s] writing top-level names to more_interfaces.egg-info/top_level.txt
[5.211s] reading manifest file 'more_interfaces.egg-info/SOURCES.txt'
[5.212s] writing manifest file 'more_interfaces.egg-info/SOURCES.txt'
[5.301s] [100%] Built target ament_cmake_python_build_more_interfaces_egg
[5.341s] Invoked command in '/home/yixin/ros2_ws/build/more_interfaces' returned '0': CMAKE_PREFIX_PATH=${CMAKE_PREFIX_PATH}:/home/yixin/ros2_ws/install/py_srvcli:/home/yixin/ros2_ws/install/py_pubsub:/home/yixin/ros2_ws/install/my_python_package:/home/yixin/ros2_ws/install/launch_testing_examples:/home/yixin/ros2_ws/install/examples_rclpy_pointcloud_publisher:/home/yixin/ros2_ws/install/examples_rclpy_minimal_subscriber:/home/yixin/ros2_ws/install/examples_rclpy_minimal_service:/home/yixin/ros2_ws/install/examples_rclpy_minimal_publisher:/home/yixin/ros2_ws/install/examples_rclpy_minimal_client:/home/yixin/ros2_ws/install/examples_rclpy_minimal_action_server:/home/yixin/ros2_ws/install/examples_rclpy_minimal_action_client:/home/yixin/ros2_ws/install/examples_rclpy_guard_conditions:/home/yixin/ros2_ws/install/examples_rclpy_executors:/opt/ros/jazzy DEBUGINFOD_URLS=https://debuginfod.ubuntu.com /usr/bin/cmake --build /home/yixin/ros2_ws/build/more_interfaces -- -j8 -l8
[5.377s] Invoking command in '/home/yixin/ros2_ws/build/more_interfaces': CMAKE_PREFIX_PATH=${CMAKE_PREFIX_PATH}:/home/yixin/ros2_ws/install/py_srvcli:/home/yixin/ros2_ws/install/py_pubsub:/home/yixin/ros2_ws/install/my_python_package:/home/yixin/ros2_ws/install/launch_testing_examples:/home/yixin/ros2_ws/install/examples_rclpy_pointcloud_publisher:/home/yixin/ros2_ws/install/examples_rclpy_minimal_subscriber:/home/yixin/ros2_ws/install/examples_rclpy_minimal_service:/home/yixin/ros2_ws/install/examples_rclpy_minimal_publisher:/home/yixin/ros2_ws/install/examples_rclpy_minimal_client:/home/yixin/ros2_ws/install/examples_rclpy_minimal_action_server:/home/yixin/ros2_ws/install/examples_rclpy_minimal_action_client:/home/yixin/ros2_ws/install/examples_rclpy_guard_conditions:/home/yixin/ros2_ws/install/examples_rclpy_executors:/opt/ros/jazzy DEBUGINFOD_URLS=https://debuginfod.ubuntu.com /usr/bin/cmake --install /home/yixin/ros2_ws/build/more_interfaces
[5.404s] -- Install configuration: ""
[5.405s] -- Up-to-date: /home/yixin/ros2_ws/install/more_interfaces/share/ament_index/resource_index/rosidl_interfaces/more_interfaces
[5.405s] -- Up-to-date: /home/yixin/ros2_ws/install/more_interfaces/share/more_interfaces/msg/AddressBook.json
[5.405s] -- Up-to-date: /home/yixin/ros2_ws/install/more_interfaces/include/more_interfaces/more_interfaces
[5.405s] -- Up-to-date: /home/yixin/ros2_ws/install/more_interfaces/include/more_interfaces/more_interfaces/msg
[5.405s] -- Up-to-date: /home/yixin/ros2_ws/install/more_interfaces/include/more_interfaces/more_interfaces/msg/rosidl_generator_c__visibility_control.h
[5.406s] -- Up-to-date: /home/yixin/ros2_ws/install/more_interfaces/include/more_interfaces/more_interfaces/msg/detail
[5.406s] -- Up-to-date: /home/yixin/ros2_ws/install/more_interfaces/include/more_interfaces/more_interfaces/msg/detail/address_book__functions.c
[5.406s] -- Up-to-date: /home/yixin/ros2_ws/install/more_interfaces/include/more_interfaces/more_interfaces/msg/detail/address_book__type_support.h
[5.406s] -- Up-to-date: /home/yixin/ros2_ws/install/more_interfaces/include/more_interfaces/more_interfaces/msg/detail/address_book__description.c
[5.406s] -- Up-to-date: /home/yixin/ros2_ws/install/more_interfaces/include/more_interfaces/more_interfaces/msg/detail/address_book__struct.h
[5.407s] -- Up-to-date: /home/yixin/ros2_ws/install/more_interfaces/include/more_interfaces/more_interfaces/msg/detail/address_book__functions.h
[5.407s] -- Up-to-date: /home/yixin/ros2_ws/install/more_interfaces/include/more_interfaces/more_interfaces/msg/detail/address_book__type_support.c
[5.407s] -- Up-to-date: /home/yixin/ros2_ws/install/more_interfaces/include/more_interfaces/more_interfaces/msg/address_book.h
[5.407s] -- Up-to-date: /home/yixin/ros2_ws/install/more_interfaces/share/more_interfaces/environment/library_path.sh
[5.407s] -- Up-to-date: /home/yixin/ros2_ws/install/more_interfaces/share/more_interfaces/environment/library_path.dsv
[5.408s] -- Up-to-date: /home/yixin/ros2_ws/install/more_interfaces/lib/libmore_interfaces__rosidl_generator_c.so
[5.408s] -- Up-to-date: /home/yixin/ros2_ws/install/more_interfaces/include/more_interfaces/more_interfaces
[5.408s] -- Up-to-date: /home/yixin/ros2_ws/install/more_interfaces/include/more_interfaces/more_interfaces/msg
[5.408s] -- Up-to-date: /home/yixin/ros2_ws/install/more_interfaces/include/more_interfaces/more_interfaces/msg/detail
[5.409s] -- Up-to-date: /home/yixin/ros2_ws/install/more_interfaces/include/more_interfaces/more_interfaces/msg/detail/address_book__rosidl_typesupport_fastrtps_c.h
[5.409s] -- Up-to-date: /home/yixin/ros2_ws/install/more_interfaces/include/more_interfaces/more_interfaces/msg/rosidl_typesupport_fastrtps_c__visibility_control.h
[5.409s] -- Up-to-date: /home/yixin/ros2_ws/install/more_interfaces/lib/libmore_interfaces__rosidl_typesupport_fastrtps_c.so
[5.409s] -- Up-to-date: /home/yixin/ros2_ws/install/more_interfaces/include/more_interfaces/more_interfaces
[5.410s] -- Up-to-date: /home/yixin/ros2_ws/install/more_interfaces/include/more_interfaces/more_interfaces/msg
[5.410s] -- Up-to-date: /home/yixin/ros2_ws/install/more_interfaces/include/more_interfaces/more_interfaces/msg/detail
[5.411s] -- Up-to-date: /home/yixin/ros2_ws/install/more_interfaces/include/more_interfaces/more_interfaces/msg/detail/address_book__rosidl_typesupport_introspection_c.h
[5.411s] -- Up-to-date: /home/yixin/ros2_ws/install/more_interfaces/include/more_interfaces/more_interfaces/msg/detail/address_book__type_support.c
[5.411s] -- Up-to-date: /home/yixin/ros2_ws/install/more_interfaces/include/more_interfaces/more_interfaces/msg/rosidl_typesupport_introspection_c__visibility_control.h
[5.411s] -- Up-to-date: /home/yixin/ros2_ws/install/more_interfaces/lib/libmore_interfaces__rosidl_typesupport_introspection_c.so
[5.412s] -- Up-to-date: /home/yixin/ros2_ws/install/more_interfaces/lib/libmore_interfaces__rosidl_typesupport_c.so
[5.412s] -- Up-to-date: /home/yixin/ros2_ws/install/more_interfaces/include/more_interfaces/more_interfaces
[5.413s] -- Up-to-date: /home/yixin/ros2_ws/install/more_interfaces/include/more_interfaces/more_interfaces/msg
[5.413s] -- Up-to-date: /home/yixin/ros2_ws/install/more_interfaces/include/more_interfaces/more_interfaces/msg/detail
[5.413s] -- Up-to-date: /home/yixin/ros2_ws/install/more_interfaces/include/more_interfaces/more_interfaces/msg/detail/address_book__builder.hpp
[5.413s] -- Up-to-date: /home/yixin/ros2_ws/install/more_interfaces/include/more_interfaces/more_interfaces/msg/detail/address_book__struct.hpp
[5.414s] -- Up-to-date: /home/yixin/ros2_ws/install/more_interfaces/include/more_interfaces/more_interfaces/msg/detail/address_book__type_support.hpp
[5.414s] -- Up-to-date: /home/yixin/ros2_ws/install/more_interfaces/include/more_interfaces/more_interfaces/msg/detail/address_book__traits.hpp
[5.414s] -- Up-to-date: /home/yixin/ros2_ws/install/more_interfaces/include/more_interfaces/more_interfaces/msg/rosidl_generator_cpp__visibility_control.hpp
[5.415s] -- Up-to-date: /home/yixin/ros2_ws/install/more_interfaces/include/more_interfaces/more_interfaces/msg/address_book.hpp
[5.415s] -- Up-to-date: /home/yixin/ros2_ws/install/more_interfaces/include/more_interfaces/more_interfaces
[5.415s] -- Up-to-date: /home/yixin/ros2_ws/install/more_interfaces/include/more_interfaces/more_interfaces/msg
[5.415s] -- Up-to-date: /home/yixin/ros2_ws/install/more_interfaces/include/more_interfaces/more_interfaces/msg/detail
[5.415s] -- Up-to-date: /home/yixin/ros2_ws/install/more_interfaces/include/more_interfaces/more_interfaces/msg/detail/dds_fastrtps
[5.416s] -- Up-to-date: /home/yixin/ros2_ws/install/more_interfaces/include/more_interfaces/more_interfaces/msg/detail/address_book__rosidl_typesupport_fastrtps_cpp.hpp
[5.416s] -- Up-to-date: /home/yixin/ros2_ws/install/more_interfaces/include/more_interfaces/more_interfaces/msg/rosidl_typesupport_fastrtps_cpp__visibility_control.h
[5.416s] -- Up-to-date: /home/yixin/ros2_ws/install/more_interfaces/lib/libmore_interfaces__rosidl_typesupport_fastrtps_cpp.so
[5.416s] -- Up-to-date: /home/yixin/ros2_ws/install/more_interfaces/include/more_interfaces/more_interfaces
[5.417s] -- Up-to-date: /home/yixin/ros2_ws/install/more_interfaces/include/more_interfaces/more_interfaces/msg
[5.417s] -- Up-to-date: /home/yixin/ros2_ws/install/more_interfaces/include/more_interfaces/more_interfaces/msg/detail
[5.417s] -- Up-to-date: /home/yixin/ros2_ws/install/more_interfaces/include/more_interfaces/more_interfaces/msg/detail/address_book__rosidl_typesupport_introspection_cpp.hpp
[5.417s] -- Up-to-date: /home/yixin/ros2_ws/install/more_interfaces/include/more_interfaces/more_interfaces/msg/detail/address_book__type_support.cpp
[5.417s] -- Up-to-date: /home/yixin/ros2_ws/install/more_interfaces/lib/libmore_interfaces__rosidl_typesupport_introspection_cpp.so
[5.418s] -- Up-to-date: /home/yixin/ros2_ws/install/more_interfaces/lib/libmore_interfaces__rosidl_typesupport_cpp.so
[5.418s] -- Up-to-date: /home/yixin/ros2_ws/install/more_interfaces/share/more_interfaces/environment/pythonpath.sh
[5.419s] -- Up-to-date: /home/yixin/ros2_ws/install/more_interfaces/share/more_interfaces/environment/pythonpath.dsv
[5.419s] -- Up-to-date: /home/yixin/ros2_ws/install/more_interfaces/lib/python3.12/site-packages/more_interfaces-0.0.0-py3.12.egg-info
[5.419s] -- Installing: /home/yixin/ros2_ws/install/more_interfaces/lib/python3.12/site-packages/more_interfaces-0.0.0-py3.12.egg-info/top_level.txt
[5.420s] -- Installing: /home/yixin/ros2_ws/install/more_interfaces/lib/python3.12/site-packages/more_interfaces-0.0.0-py3.12.egg-info/dependency_links.txt
[5.420s] -- Installing: /home/yixin/ros2_ws/install/more_interfaces/lib/python3.12/site-packages/more_interfaces-0.0.0-py3.12.egg-info/PKG-INFO
[5.421s] -- Installing: /home/yixin/ros2_ws/install/more_interfaces/lib/python3.12/site-packages/more_interfaces-0.0.0-py3.12.egg-info/SOURCES.txt
[5.421s] -- Up-to-date: /home/yixin/ros2_ws/install/more_interfaces/lib/python3.12/site-packages/more_interfaces
[5.422s] -- Up-to-date: /home/yixin/ros2_ws/install/more_interfaces/lib/python3.12/site-packages/more_interfaces/_more_interfaces_s.ep.rosidl_typesupport_c.c
[5.422s] -- Up-to-date: /home/yixin/ros2_ws/install/more_interfaces/lib/python3.12/site-packages/more_interfaces/more_interfaces_s__rosidl_typesupport_c.so
[5.422s] -- Installing: /home/yixin/ros2_ws/install/more_interfaces/lib/python3.12/site-packages/more_interfaces/__init__.py
[5.422s] -- Up-to-date: /home/yixin/ros2_ws/install/more_interfaces/lib/python3.12/site-packages/more_interfaces/_more_interfaces_s.ep.rosidl_typesupport_introspection_c.c
[5.423s] -- Up-to-date: /home/yixin/ros2_ws/install/more_interfaces/lib/python3.12/site-packages/more_interfaces/_more_interfaces_s.ep.rosidl_typesupport_fastrtps_c.c
[5.423s] -- Up-to-date: /home/yixin/ros2_ws/install/more_interfaces/lib/python3.12/site-packages/more_interfaces/more_interfaces_s__rosidl_typesupport_fastrtps_c.so
[5.423s] -- Up-to-date: /home/yixin/ros2_ws/install/more_interfaces/lib/python3.12/site-packages/more_interfaces/msg
[5.423s] -- Up-to-date: /home/yixin/ros2_ws/install/more_interfaces/lib/python3.12/site-packages/more_interfaces/msg/__init__.py
[5.423s] -- Up-to-date: /home/yixin/ros2_ws/install/more_interfaces/lib/python3.12/site-packages/more_interfaces/msg/_address_book_s.c
[5.423s] -- Up-to-date: /home/yixin/ros2_ws/install/more_interfaces/lib/python3.12/site-packages/more_interfaces/msg/_address_book.py
[5.424s] -- Up-to-date: /home/yixin/ros2_ws/install/more_interfaces/lib/python3.12/site-packages/more_interfaces/more_interfaces_s__rosidl_typesupport_introspection_c.so
[5.543s] Listing '/home/yixin/ros2_ws/install/more_interfaces/lib/python3.12/site-packages/more_interfaces'...
[5.543s] Compiling '/home/yixin/ros2_ws/install/more_interfaces/lib/python3.12/site-packages/more_interfaces/__init__.py'...
[5.543s] Listing '/home/yixin/ros2_ws/install/more_interfaces/lib/python3.12/site-packages/more_interfaces/msg'...
[5.564s] -- Up-to-date: /home/yixin/ros2_ws/install/more_interfaces/lib/python3.12/site-packages/more_interfaces/more_interfaces_s__rosidl_typesupport_fastrtps_c.so
[5.565s] -- Up-to-date: /home/yixin/ros2_ws/install/more_interfaces/lib/python3.12/site-packages/more_interfaces/more_interfaces_s__rosidl_typesupport_introspection_c.so
[5.566s] -- Up-to-date: /home/yixin/ros2_ws/install/more_interfaces/lib/python3.12/site-packages/more_interfaces/more_interfaces_s__rosidl_typesupport_c.so
[5.566s] -- Up-to-date: /home/yixin/ros2_ws/install/more_interfaces/lib/libmore_interfaces__rosidl_generator_py.so
[5.567s] -- Up-to-date: /home/yixin/ros2_ws/install/more_interfaces/share/more_interfaces/msg/AddressBook.idl
[5.567s] -- Up-to-date: /home/yixin/ros2_ws/install/more_interfaces/share/more_interfaces/msg/AddressBook.msg
[5.568s] -- Up-to-date: /home/yixin/ros2_ws/install/more_interfaces/lib/more_interfaces/publish_address_book
[5.568s] -- Up-to-date: /home/yixin/ros2_ws/install/more_interfaces/share/ament_index/resource_index/package_run_dependencies/more_interfaces
[5.569s] -- Up-to-date: /home/yixin/ros2_ws/install/more_interfaces/share/ament_index/resource_index/parent_prefix_path/more_interfaces
[5.569s] -- Up-to-date: /home/yixin/ros2_ws/install/more_interfaces/share/more_interfaces/environment/ament_prefix_path.sh
[5.569s] -- Up-to-date: /home/yixin/ros2_ws/install/more_interfaces/share/more_interfaces/environment/ament_prefix_path.dsv
[5.570s] -- Up-to-date: /home/yixin/ros2_ws/install/more_interfaces/share/more_interfaces/environment/path.sh
[5.570s] -- Up-to-date: /home/yixin/ros2_ws/install/more_interfaces/share/more_interfaces/environment/path.dsv
[5.570s] -- Up-to-date: /home/yixin/ros2_ws/install/more_interfaces/share/more_interfaces/local_setup.bash
[5.570s] -- Up-to-date: /home/yixin/ros2_ws/install/more_interfaces/share/more_interfaces/local_setup.sh
[5.571s] -- Up-to-date: /home/yixin/ros2_ws/install/more_interfaces/share/more_interfaces/local_setup.zsh
[5.571s] -- Up-to-date: /home/yixin/ros2_ws/install/more_interfaces/share/more_interfaces/local_setup.dsv
[5.571s] -- Installing: /home/yixin/ros2_ws/install/more_interfaces/share/more_interfaces/package.dsv
[5.571s] -- Up-to-date: /home/yixin/ros2_ws/install/more_interfaces/share/ament_index/resource_index/packages/more_interfaces
[5.572s] -- Up-to-date: /home/yixin/ros2_ws/install/more_interfaces/share/more_interfaces/cmake/export_more_interfaces__rosidl_generator_cExport.cmake
[5.572s] -- Up-to-date: /home/yixin/ros2_ws/install/more_interfaces/share/more_interfaces/cmake/export_more_interfaces__rosidl_generator_cExport-noconfig.cmake
[5.572s] -- Up-to-date: /home/yixin/ros2_ws/install/more_interfaces/share/more_interfaces/cmake/export_more_interfaces__rosidl_typesupport_fastrtps_cExport.cmake
[5.573s] -- Up-to-date: /home/yixin/ros2_ws/install/more_interfaces/share/more_interfaces/cmake/export_more_interfaces__rosidl_typesupport_fastrtps_cExport-noconfig.cmake
[5.573s] -- Up-to-date: /home/yixin/ros2_ws/install/more_interfaces/share/more_interfaces/cmake/more_interfaces__rosidl_typesupport_introspection_cExport.cmake
[5.573s] -- Up-to-date: /home/yixin/ros2_ws/install/more_interfaces/share/more_interfaces/cmake/more_interfaces__rosidl_typesupport_introspection_cExport-noconfig.cmake
[5.573s] -- Up-to-date: /home/yixin/ros2_ws/install/more_interfaces/share/more_interfaces/cmake/more_interfaces__rosidl_typesupport_cExport.cmake
[5.573s] -- Up-to-date: /home/yixin/ros2_ws/install/more_interfaces/share/more_interfaces/cmake/more_interfaces__rosidl_typesupport_cExport-noconfig.cmake
[5.574s] -- Up-to-date: /home/yixin/ros2_ws/install/more_interfaces/share/more_interfaces/cmake/export_more_interfaces__rosidl_generator_cppExport.cmake
[5.574s] -- Up-to-date: /home/yixin/ros2_ws/install/more_interfaces/share/more_interfaces/cmake/export_more_interfaces__rosidl_typesupport_fastrtps_cppExport.cmake
[5.574s] -- Up-to-date: /home/yixin/ros2_ws/install/more_interfaces/share/more_interfaces/cmake/export_more_interfaces__rosidl_typesupport_fastrtps_cppExport-noconfig.cmake
[5.575s] -- Up-to-date: /home/yixin/ros2_ws/install/more_interfaces/share/more_interfaces/cmake/more_interfaces__rosidl_typesupport_introspection_cppExport.cmake
[5.575s] -- Up-to-date: /home/yixin/ros2_ws/install/more_interfaces/share/more_interfaces/cmake/more_interfaces__rosidl_typesupport_introspection_cppExport-noconfig.cmake
[5.575s] -- Up-to-date: /home/yixin/ros2_ws/install/more_interfaces/share/more_interfaces/cmake/more_interfaces__rosidl_typesupport_cppExport.cmake
[5.576s] -- Up-to-date: /home/yixin/ros2_ws/install/more_interfaces/share/more_interfaces/cmake/more_interfaces__rosidl_typesupport_cppExport-noconfig.cmake
[5.576s] -- Up-to-date: /home/yixin/ros2_ws/install/more_interfaces/share/more_interfaces/cmake/export_more_interfaces__rosidl_generator_pyExport.cmake
[5.576s] -- Up-to-date: /home/yixin/ros2_ws/install/more_interfaces/share/more_interfaces/cmake/export_more_interfaces__rosidl_generator_pyExport-noconfig.cmake
[5.577s] -- Up-to-date: /home/yixin/ros2_ws/install/more_interfaces/share/more_interfaces/cmake/rosidl_cmake-extras.cmake
[5.577s] -- Up-to-date: /home/yixin/ros2_ws/install/more_interfaces/share/more_interfaces/cmake/ament_cmake_export_include_directories-extras.cmake
[5.577s] -- Up-to-date: /home/yixin/ros2_ws/install/more_interfaces/share/more_interfaces/cmake/ament_cmake_export_libraries-extras.cmake
[5.578s] -- Up-to-date: /home/yixin/ros2_ws/install/more_interfaces/share/more_interfaces/cmake/ament_cmake_export_targets-extras.cmake
[5.578s] -- Up-to-date: /home/yixin/ros2_ws/install/more_interfaces/share/more_interfaces/cmake/rosidl_cmake_export_typesupport_targets-extras.cmake
[5.578s] -- Up-to-date: /home/yixin/ros2_ws/install/more_interfaces/share/more_interfaces/cmake/ament_cmake_export_dependencies-extras.cmake
[5.579s] -- Up-to-date: /home/yixin/ros2_ws/install/more_interfaces/share/more_interfaces/cmake/rosidl_cmake_export_typesupport_libraries-extras.cmake
[5.579s] -- Up-to-date: /home/yixin/ros2_ws/install/more_interfaces/share/more_interfaces/cmake/more_interfacesConfig.cmake
[5.579s] -- Up-to-date: /home/yixin/ros2_ws/install/more_interfaces/share/more_interfaces/cmake/more_interfacesConfig-version.cmake
[5.579s] -- Installing: /home/yixin/ros2_ws/install/more_interfaces/share/more_interfaces/package.xml
[5.586s] Invoked command in '/home/yixin/ros2_ws/build/more_interfaces' returned '0': CMAKE_PREFIX_PATH=${CMAKE_PREFIX_PATH}:/home/yixin/ros2_ws/install/py_srvcli:/home/yixin/ros2_ws/install/py_pubsub:/home/yixin/ros2_ws/install/my_python_package:/home/yixin/ros2_ws/install/launch_testing_examples:/home/yixin/ros2_ws/install/examples_rclpy_pointcloud_publisher:/home/yixin/ros2_ws/install/examples_rclpy_minimal_subscriber:/home/yixin/ros2_ws/install/examples_rclpy_minimal_service:/home/yixin/ros2_ws/install/examples_rclpy_minimal_publisher:/home/yixin/ros2_ws/install/examples_rclpy_minimal_client:/home/yixin/ros2_ws/install/examples_rclpy_minimal_action_server:/home/yixin/ros2_ws/install/examples_rclpy_minimal_action_client:/home/yixin/ros2_ws/install/examples_rclpy_guard_conditions:/home/yixin/ros2_ws/install/examples_rclpy_executors:/opt/ros/jazzy DEBUGINFOD_URLS=https://debuginfod.ubuntu.com /usr/bin/cmake --install /home/yixin/ros2_ws/build/more_interfaces
