[1.972s] Invoking command in '/home/yixin/ros2_ws/build/examples_rclpy_minimal_service': DEBUGINFOD_URLS=https://debuginfod.ubuntu.com PYTHONPATH=/home/yixin/ros2_ws/build/examples_rclpy_minimal_service/prefix_override:/usr/lib/python3/dist-packages/colcon_core/task/python/colcon_distutils_commands:/home/yixin/ros2_ws/install/examples_rclpy_minimal_service/lib/python3.12/site-packages:${PYTHONPATH} /usr/bin/python3 -W ignore:setup.py install is deprecated -W ignore:easy_install command is deprecated setup.py develop --uninstall --editable --build-directory /home/yixin/ros2_ws/build/examples_rclpy_minimal_service/build
[2.529s] running develop
[2.895s] Removing /home/yixin/ros2_ws/install/examples_rclpy_minimal_service/lib/python3.12/site-packages/examples-rclpy-minimal-service.egg-link (link to .)
[3.039s] Invoked command in '/home/yixin/ros2_ws/build/examples_rclpy_minimal_service' returned '0': DEBUGINFOD_URLS=https://debuginfod.ubuntu.com PYTHONPATH=/home/yixin/ros2_ws/build/examples_rclpy_minimal_service/prefix_override:/usr/lib/python3/dist-packages/colcon_core/task/python/colcon_distutils_commands:/home/yixin/ros2_ws/install/examples_rclpy_minimal_service/lib/python3.12/site-packages:${PYTHONPATH} /usr/bin/python3 -W ignore:setup.py install is deprecated -W ignore:easy_install command is deprecated setup.py develop --uninstall --editable --build-directory /home/yixin/ros2_ws/build/examples_rclpy_minimal_service/build
[3.040s] Invoking command in '/home/yixin/ros2_ws/src/examples/rclpy/services/minimal_service': DEBUGINFOD_URLS=https://debuginfod.ubuntu.com PYTHONPATH=/home/yixin/ros2_ws/build/examples_rclpy_minimal_service/prefix_override:/usr/lib/python3/dist-packages/colcon_core/task/python/colcon_distutils_commands:/home/yixin/ros2_ws/install/examples_rclpy_minimal_service/lib/python3.12/site-packages:${PYTHONPATH} /usr/bin/python3 -W ignore:setup.py install is deprecated -W ignore:easy_install command is deprecated setup.py egg_info --egg-base ../../../../../build/examples_rclpy_minimal_service build --build-base /home/yixin/ros2_ws/build/examples_rclpy_minimal_service/build install --record /home/yixin/ros2_ws/build/examples_rclpy_minimal_service/install.log --single-version-externally-managed install_data --force
[3.535s] running egg_info
[3.564s] writing ../../../../../build/examples_rclpy_minimal_service/examples_rclpy_minimal_service.egg-info/PKG-INFO
[3.565s] writing dependency_links to ../../../../../build/examples_rclpy_minimal_service/examples_rclpy_minimal_service.egg-info/dependency_links.txt
[3.566s] writing entry points to ../../../../../build/examples_rclpy_minimal_service/examples_rclpy_minimal_service.egg-info/entry_points.txt
[3.568s] writing requirements to ../../../../../build/examples_rclpy_minimal_service/examples_rclpy_minimal_service.egg-info/requires.txt
[3.569s] writing top-level names to ../../../../../build/examples_rclpy_minimal_service/examples_rclpy_minimal_service.egg-info/top_level.txt
[3.635s] reading manifest file '../../../../../build/examples_rclpy_minimal_service/examples_rclpy_minimal_service.egg-info/SOURCES.txt'
[3.635s] writing manifest file '../../../../../build/examples_rclpy_minimal_service/examples_rclpy_minimal_service.egg-info/SOURCES.txt'
[3.635s] running build
[3.635s] running build_py
[3.636s] creating /home/yixin/ros2_ws/build/examples_rclpy_minimal_service/build
[3.637s] creating /home/yixin/ros2_ws/build/examples_rclpy_minimal_service/build/lib
[3.637s] creating /home/yixin/ros2_ws/build/examples_rclpy_minimal_service/build/lib/examples_rclpy_minimal_service
[3.637s] copying examples_rclpy_minimal_service/__init__.py -> /home/yixin/ros2_ws/build/examples_rclpy_minimal_service/build/lib/examples_rclpy_minimal_service
[3.638s] copying examples_rclpy_minimal_service/service_member_function.py -> /home/yixin/ros2_ws/build/examples_rclpy_minimal_service/build/lib/examples_rclpy_minimal_service
[3.640s] copying examples_rclpy_minimal_service/service.py -> /home/yixin/ros2_ws/build/examples_rclpy_minimal_service/build/lib/examples_rclpy_minimal_service
[3.642s] running install
[3.654s] running install_lib
[3.682s] creating /home/yixin/ros2_ws/install/examples_rclpy_minimal_service/lib/python3.12/site-packages/examples_rclpy_minimal_service
[3.683s] copying /home/yixin/ros2_ws/build/examples_rclpy_minimal_service/build/lib/examples_rclpy_minimal_service/__init__.py -> /home/yixin/ros2_ws/install/examples_rclpy_minimal_service/lib/python3.12/site-packages/examples_rclpy_minimal_service
[3.684s] copying /home/yixin/ros2_ws/build/examples_rclpy_minimal_service/build/lib/examples_rclpy_minimal_service/service_member_function.py -> /home/yixin/ros2_ws/install/examples_rclpy_minimal_service/lib/python3.12/site-packages/examples_rclpy_minimal_service
[3.685s] copying /home/yixin/ros2_ws/build/examples_rclpy_minimal_service/build/lib/examples_rclpy_minimal_service/service.py -> /home/yixin/ros2_ws/install/examples_rclpy_minimal_service/lib/python3.12/site-packages/examples_rclpy_minimal_service
[3.687s] byte-compiling /home/yixin/ros2_ws/install/examples_rclpy_minimal_service/lib/python3.12/site-packages/examples_rclpy_minimal_service/__init__.py to __init__.cpython-312.pyc
[3.687s] byte-compiling /home/yixin/ros2_ws/install/examples_rclpy_minimal_service/lib/python3.12/site-packages/examples_rclpy_minimal_service/service_member_function.py to service_member_function.cpython-312.pyc
[3.689s] byte-compiling /home/yixin/ros2_ws/install/examples_rclpy_minimal_service/lib/python3.12/site-packages/examples_rclpy_minimal_service/service.py to service.cpython-312.pyc
[3.691s] running install_data
[3.691s] copying resource/examples_rclpy_minimal_service -> /home/yixin/ros2_ws/install/examples_rclpy_minimal_service/share/ament_index/resource_index/packages
[3.692s] copying package.xml -> /home/yixin/ros2_ws/install/examples_rclpy_minimal_service/share/examples_rclpy_minimal_service
[3.692s] running install_egg_info
[3.728s] Copying ../../../../../build/examples_rclpy_minimal_service/examples_rclpy_minimal_service.egg-info to /home/yixin/ros2_ws/install/examples_rclpy_minimal_service/lib/python3.12/site-packages/examples_rclpy_minimal_service-0.19.7-py3.12.egg-info
[3.728s] running install_scripts
[3.945s] Installing service script to /home/yixin/ros2_ws/install/examples_rclpy_minimal_service/lib/examples_rclpy_minimal_service
[3.946s] Installing service_member_function script to /home/yixin/ros2_ws/install/examples_rclpy_minimal_service/lib/examples_rclpy_minimal_service
[3.946s] writing list of installed files to '/home/yixin/ros2_ws/build/examples_rclpy_minimal_service/install.log'
[4.060s] Invoked command in '/home/yixin/ros2_ws/src/examples/rclpy/services/minimal_service' returned '0': DEBUGINFOD_URLS=https://debuginfod.ubuntu.com PYTHONPATH=/home/yixin/ros2_ws/build/examples_rclpy_minimal_service/prefix_override:/usr/lib/python3/dist-packages/colcon_core/task/python/colcon_distutils_commands:/home/yixin/ros2_ws/install/examples_rclpy_minimal_service/lib/python3.12/site-packages:${PYTHONPATH} /usr/bin/python3 -W ignore:setup.py install is deprecated -W ignore:easy_install command is deprecated setup.py egg_info --egg-base ../../../../../build/examples_rclpy_minimal_service build --build-base /home/yixin/ros2_ws/build/examples_rclpy_minimal_service/build install --record /home/yixin/ros2_ws/build/examples_rclpy_minimal_service/install.log --single-version-externally-managed install_data --force
