[0.014s] Invoking command in '/home/yixin/ros2_ws/build/examples_rclcpp_wait_set': CMAKE_PREFIX_PATH=${CMAKE_PREFIX_PATH}:/opt/ros/jazzy DEBUGINFOD_URLS=https://debuginfod.ubuntu.com /usr/bin/cmake /home/yixin/ros2_ws/src/examples/rclcpp/wait_set -DAMENT_CMAKE_SYMLINK_INSTALL=1 -DCMAKE_INSTALL_PREFIX=/home/yixin/ros2_ws/install/examples_rclcpp_wait_set
[0.598s] -- The C compiler identification is GNU 13.3.0
[0.598s] -- The CXX compiler identification is GNU 13.3.0
[0.600s] -- Detecting C compiler ABI info
[0.738s] -- Detecting C compiler ABI info - done
[0.753s] -- Check for working C compiler: /usr/bin/cc - skipped
[0.755s] -- Detecting C compile features
[0.755s] -- Detecting C compile features - done
[0.787s] -- Detecting CXX compiler ABI info
[1.105s] -- Detecting CXX compiler ABI info - done
[1.129s] -- Check for working CXX compiler: /usr/bin/c++ - skipped
[1.130s] -- Detecting CXX compile features
[1.132s] -- Detecting CXX compile features - done
[1.137s] -- Found ament_cmake: 2.5.5 (/opt/ros/jazzy/share/ament_cmake/cmake)
[1.566s] -- Found Python3: /usr/bin/python3 (found version "3.12.3") found components: Interpreter 
[1.756s] -- Override CMake install command with custom implementation using symlinks instead of copying resources
[1.865s] -- Found example_interfaces: 0.12.0 (/opt/ros/jazzy/share/example_interfaces/cmake)
[1.974s] -- Found rosidl_generator_c: 4.6.7 (/opt/ros/jazzy/share/rosidl_generator_c/cmake)
[2.002s] -- Found rosidl_generator_cpp: 4.6.7 (/opt/ros/jazzy/share/rosidl_generator_cpp/cmake)
[2.034s] -- Using all available rosidl_typesupport_c: rosidl_typesupport_fastrtps_c;rosidl_typesupport_introspection_c
[2.073s] -- Using all available rosidl_typesupport_cpp: rosidl_typesupport_fastrtps_cpp;rosidl_typesupport_introspection_cpp
[2.415s] -- Found rclcpp: 28.1.16 (/opt/ros/jazzy/share/rclcpp/cmake)
[2.497s] -- Found rmw_implementation_cmake: 7.3.3 (/opt/ros/jazzy/share/rmw_implementation_cmake/cmake)
[2.503s] -- Found rmw_fastrtps_cpp: 8.4.3 (/opt/ros/jazzy/share/rmw_fastrtps_cpp/cmake)
[2.752s] -- Found OpenSSL: /usr/lib/x86_64-linux-gnu/libcrypto.so (found version "3.0.13")  
[2.796s] -- Found FastRTPS: /opt/ros/jazzy/include (Required is at least version "2.13") 
[2.854s] -- Using RMW implementation 'rmw_fastrtps_cpp' as default
[3.004s] -- Found rclcpp_components: 28.1.16 (/opt/ros/jazzy/share/rclcpp_components/cmake)
[3.077s] -- Found std_msgs: 5.3.6 (/opt/ros/jazzy/share/std_msgs/cmake)
[3.125s] -- Found ament_lint_auto: 0.17.4 (/opt/ros/jazzy/share/ament_lint_auto/cmake)
[3.575s] -- Added test 'copyright' to check source files copyright and LICENSE
[3.582s] -- Added test 'cppcheck' to perform static code analysis on C / C++ code
[3.583s] -- Configured cppcheck include dirs: /home/yixin/ros2_ws/src/examples/rclcpp/wait_set/include
[3.583s] -- Configured cppcheck exclude dirs and/or files: 
[3.589s] -- Added test 'cpplint' to check C / C++ code against the Google style
[3.589s] -- Configured cpplint exclude dirs and/or files: 
[3.594s] -- Added test 'lint_cmake' to check CMake code style
[3.601s] -- Added test 'uncrustify' to check C / C++ code style
[3.601s] -- Configured uncrustify additional arguments: 
[3.601s] -- Added test 'xmllint' to check XML markup files
[3.611s] -- Configuring done (3.6s)
[3.784s] -- Generating done (0.1s)
[3.840s] -- Build files have been written to: /home/yixin/ros2_ws/build/examples_rclcpp_wait_set
[3.919s] Invoked command in '/home/yixin/ros2_ws/build/examples_rclcpp_wait_set' returned '0': CMAKE_PREFIX_PATH=${CMAKE_PREFIX_PATH}:/opt/ros/jazzy DEBUGINFOD_URLS=https://debuginfod.ubuntu.com /usr/bin/cmake /home/yixin/ros2_ws/src/examples/rclcpp/wait_set -DAMENT_CMAKE_SYMLINK_INSTALL=1 -DCMAKE_INSTALL_PREFIX=/home/yixin/ros2_ws/install/examples_rclcpp_wait_set
[3.923s] Invoking command in '/home/yixin/ros2_ws/build/examples_rclcpp_wait_set': CMAKE_PREFIX_PATH=${CMAKE_PREFIX_PATH}:/opt/ros/jazzy DEBUGINFOD_URLS=https://debuginfod.ubuntu.com /usr/bin/cmake --build /home/yixin/ros2_ws/build/examples_rclcpp_wait_set -- -j8 -l8
[5.731s] [  4%] [32mBuilding CXX object CMakeFiles/talker.dir/src/talker.cpp.o[0m
[13.507s] [  8%] [32m[1mLinking CXX shared library libtalker.so[0m
[14.025s] [  8%] Built target talker
[14.066s] [ 12%] [32mBuilding CXX object CMakeFiles/wait_set_topics_and_timer.dir/src/wait_set_topics_and_timer.cpp.o[0m
[24.861s] [ 16%] [32m[1mLinking CXX executable wait_set_topics_and_timer[0m
[25.341s] [ 16%] Built target wait_set_topics_and_timer
[25.369s] [ 20%] [32mBuilding CXX object CMakeFiles/wait_set_random_order.dir/src/wait_set_random_order.cpp.o[0m
[31.400s] [ 29%] [32mBuilding CXX object CMakeFiles/thread_safe_wait_set.dir/src/thread_safe_wait_set.cpp.o[0m
[31.400s] [ 29%] [32mBuilding CXX object CMakeFiles/executor_random_order.dir/src/executor_random_order.cpp.o[0m
[32.467s] [ 33%] [32mBuilding CXX object CMakeFiles/static_wait_set.dir/src/static_wait_set.cpp.o[0m
[32.473s] [ 37%] [32mBuilding CXX object CMakeFiles/wait_set.dir/src/wait_set.cpp.o[0m
[32.513s] [ 41%] [32mBuilding CXX object CMakeFiles/wait_set_listener.dir/rclcpp_components/node_main_wait_set_listener.cpp.o[0m
[32.519s] [ 45%] [32mBuilding CXX object CMakeFiles/listener.dir/src/listener.cpp.o[0m
[33.600s] [ 50%] [32mBuilding CXX object CMakeFiles/wait_set_talker.dir/rclcpp_components/node_main_wait_set_talker.cpp.o[0m
[42.417s] [ 54%] [32m[1mLinking CXX executable wait_set_random_order[0m
[44.320s] [ 54%] Built target wait_set_random_order
[44.374s] [ 58%] [32m[1mLinking CXX executable wait_set_listener[0m
[44.857s] [ 58%] Built target wait_set_listener
[46.099s] [ 62%] [32m[1mLinking CXX executable wait_set_talker[0m
[46.713s] [ 62%] Built target wait_set_talker
[56.194s] [ 66%] [32m[1mLinking CXX executable executor_random_order[0m
[57.137s] [ 70%] [32m[1mLinking CXX executable static_wait_set[0m
[57.153s] [ 70%] Built target executor_random_order
[57.873s] [ 70%] Built target static_wait_set
[57.977s] [ 75%] [32m[1mLinking CXX executable thread_safe_wait_set[0m
[58.373s] [ 79%] [32m[1mLinking CXX executable wait_set[0m
[58.765s] [ 79%] Built target thread_safe_wait_set
[59.133s] [ 79%] Built target wait_set
[59.689s] [ 83%] [32m[1mLinking CXX shared library liblistener.so[0m
[60.168s] [ 83%] Built target listener
[60.196s] [ 87%] [32mBuilding CXX object CMakeFiles/wait_set_topics_with_different_rates.dir/src/wait_set_topics_with_different_rates.cpp.o[0m
[69.173s] [ 91%] [32m[1mLinking CXX executable wait_set_topics_with_different_rates[0m
[69.638s] [ 91%] Built target wait_set_topics_with_different_rates
[69.666s] [ 95%] [32mBuilding CXX object CMakeFiles/wait_set_composed.dir/src/wait_set_composed.cpp.o[0m
[72.745s] [100%] [32m[1mLinking CXX executable wait_set_composed[0m
[73.047s] [100%] Built target wait_set_composed
[73.062s] Invoked command in '/home/yixin/ros2_ws/build/examples_rclcpp_wait_set' returned '0': CMAKE_PREFIX_PATH=${CMAKE_PREFIX_PATH}:/opt/ros/jazzy DEBUGINFOD_URLS=https://debuginfod.ubuntu.com /usr/bin/cmake --build /home/yixin/ros2_ws/build/examples_rclcpp_wait_set -- -j8 -l8
[73.063s] Invoking command in '/home/yixin/ros2_ws/build/examples_rclcpp_wait_set': CMAKE_PREFIX_PATH=${CMAKE_PREFIX_PATH}:/opt/ros/jazzy DEBUGINFOD_URLS=https://debuginfod.ubuntu.com /usr/bin/cmake --install /home/yixin/ros2_ws/build/examples_rclcpp_wait_set
[73.072s] -- Install configuration: ""
[73.072s] -- Execute custom install script
[73.072s] -- Symlinking: /home/yixin/ros2_ws/install/examples_rclcpp_wait_set/lib/examples_rclcpp_wait_set/wait_set_talker
[73.084s] -- Symlinking: /home/yixin/ros2_ws/install/examples_rclcpp_wait_set/lib/examples_rclcpp_wait_set/wait_set_listener
[73.095s] -- Symlinking: /home/yixin/ros2_ws/install/examples_rclcpp_wait_set/lib/libtalker.so
[73.106s] -- Symlinking: /home/yixin/ros2_ws/install/examples_rclcpp_wait_set/lib/liblistener.so
[73.117s] -- Symlinking: /home/yixin/ros2_ws/install/examples_rclcpp_wait_set/lib/examples_rclcpp_wait_set/wait_set
[73.127s] -- Symlinking: /home/yixin/ros2_ws/install/examples_rclcpp_wait_set/lib/examples_rclcpp_wait_set/static_wait_set
[73.139s] -- Symlinking: /home/yixin/ros2_ws/install/examples_rclcpp_wait_set/lib/examples_rclcpp_wait_set/thread_safe_wait_set
[73.150s] -- Symlinking: /home/yixin/ros2_ws/install/examples_rclcpp_wait_set/lib/examples_rclcpp_wait_set/wait_set_topics_and_timer
[73.160s] -- Symlinking: /home/yixin/ros2_ws/install/examples_rclcpp_wait_set/lib/examples_rclcpp_wait_set/wait_set_random_order
[73.172s] -- Symlinking: /home/yixin/ros2_ws/install/examples_rclcpp_wait_set/lib/examples_rclcpp_wait_set/executor_random_order
[73.182s] -- Symlinking: /home/yixin/ros2_ws/install/examples_rclcpp_wait_set/lib/examples_rclcpp_wait_set/wait_set_topics_with_different_rates
[73.193s] -- Symlinking: /home/yixin/ros2_ws/install/examples_rclcpp_wait_set/lib/examples_rclcpp_wait_set/wait_set_composed
[73.205s] -- Symlinking: /home/yixin/ros2_ws/install/examples_rclcpp_wait_set/share/ament_index/resource_index/package_run_dependencies/examples_rclcpp_wait_set
[73.216s] -- Symlinking: /home/yixin/ros2_ws/install/examples_rclcpp_wait_set/share/ament_index/resource_index/parent_prefix_path/examples_rclcpp_wait_set
[73.227s] -- Symlinking: /home/yixin/ros2_ws/install/examples_rclcpp_wait_set/share/examples_rclcpp_wait_set/environment/ament_prefix_path.sh
[73.238s] -- Symlinking: /home/yixin/ros2_ws/install/examples_rclcpp_wait_set/share/examples_rclcpp_wait_set/environment/ament_prefix_path.dsv
[73.249s] -- Symlinking: /home/yixin/ros2_ws/install/examples_rclcpp_wait_set/share/examples_rclcpp_wait_set/environment/path.sh
[73.260s] -- Symlinking: /home/yixin/ros2_ws/install/examples_rclcpp_wait_set/share/examples_rclcpp_wait_set/environment/path.dsv
[73.270s] -- Symlinking: /home/yixin/ros2_ws/install/examples_rclcpp_wait_set/share/examples_rclcpp_wait_set/local_setup.bash
[73.282s] -- Symlinking: /home/yixin/ros2_ws/install/examples_rclcpp_wait_set/share/examples_rclcpp_wait_set/local_setup.sh
[73.293s] -- Symlinking: /home/yixin/ros2_ws/install/examples_rclcpp_wait_set/share/examples_rclcpp_wait_set/local_setup.zsh
[73.305s] -- Symlinking: /home/yixin/ros2_ws/install/examples_rclcpp_wait_set/share/examples_rclcpp_wait_set/local_setup.dsv
[73.316s] -- Symlinking: /home/yixin/ros2_ws/install/examples_rclcpp_wait_set/share/examples_rclcpp_wait_set/package.dsv
[73.327s] -- Symlinking: /home/yixin/ros2_ws/install/examples_rclcpp_wait_set/share/ament_index/resource_index/packages/examples_rclcpp_wait_set
[73.338s] -- Symlinking: /home/yixin/ros2_ws/install/examples_rclcpp_wait_set/share/ament_index/resource_index/rclcpp_components/examples_rclcpp_wait_set
[73.349s] -- Symlinking: /home/yixin/ros2_ws/install/examples_rclcpp_wait_set/share/examples_rclcpp_wait_set/cmake/examples_rclcpp_wait_setConfig.cmake
[73.360s] -- Symlinking: /home/yixin/ros2_ws/install/examples_rclcpp_wait_set/share/examples_rclcpp_wait_set/cmake/examples_rclcpp_wait_setConfig-version.cmake
[73.371s] -- Symlinking: /home/yixin/ros2_ws/install/examples_rclcpp_wait_set/share/examples_rclcpp_wait_set/package.xml
[73.385s] Invoked command in '/home/yixin/ros2_ws/build/examples_rclcpp_wait_set' returned '0': CMAKE_PREFIX_PATH=${CMAKE_PREFIX_PATH}:/opt/ros/jazzy DEBUGINFOD_URLS=https://debuginfod.ubuntu.com /usr/bin/cmake --install /home/yixin/ros2_ws/build/examples_rclcpp_wait_set
