[0.241s] Invoking command in '/home/yixin/ros2_ws/build/polygon_base': CMAKE_PREFIX_PATH=${CMAKE_PREFIX_PATH}:/home/yixin/ros2_ws/install/py_srvcli:/home/yixin/ros2_ws/install/py_pubsub:/home/yixin/ros2_ws/install/python_parameters:/home/yixin/ros2_ws/install/my_python_package:/home/yixin/ros2_ws/install/launch_testing_examples:/home/yixin/ros2_ws/install/examples_rclpy_pointcloud_publisher:/home/yixin/ros2_ws/install/examples_rclpy_minimal_subscriber:/home/yixin/ros2_ws/install/examples_rclpy_minimal_service:/home/yixin/ros2_ws/install/examples_rclpy_minimal_publisher:/home/yixin/ros2_ws/install/examples_rclpy_minimal_client:/home/yixin/ros2_ws/install/examples_rclpy_minimal_action_server:/home/yixin/ros2_ws/install/examples_rclpy_minimal_action_client:/home/yixin/ros2_ws/install/examples_rclpy_guard_conditions:/home/yixin/ros2_ws/install/examples_rclpy_executors:/opt/ros/jazzy DEBUGINFOD_URLS=https://debuginfod.ubuntu.com /usr/bin/cmake --build /home/yixin/ros2_ws/build/polygon_base -- -j8 -l8
[0.538s] [100%] Built target area_node
[0.629s] Invoked command in '/home/yixin/ros2_ws/build/polygon_base' returned '0': CMAKE_PREFIX_PATH=${CMAKE_PREFIX_PATH}:/home/yixin/ros2_ws/install/py_srvcli:/home/yixin/ros2_ws/install/py_pubsub:/home/yixin/ros2_ws/install/python_parameters:/home/yixin/ros2_ws/install/my_python_package:/home/yixin/ros2_ws/install/launch_testing_examples:/home/yixin/ros2_ws/install/examples_rclpy_pointcloud_publisher:/home/yixin/ros2_ws/install/examples_rclpy_minimal_subscriber:/home/yixin/ros2_ws/install/examples_rclpy_minimal_service:/home/yixin/ros2_ws/install/examples_rclpy_minimal_publisher:/home/yixin/ros2_ws/install/examples_rclpy_minimal_client:/home/yixin/ros2_ws/install/examples_rclpy_minimal_action_server:/home/yixin/ros2_ws/install/examples_rclpy_minimal_action_client:/home/yixin/ros2_ws/install/examples_rclpy_guard_conditions:/home/yixin/ros2_ws/install/examples_rclpy_executors:/opt/ros/jazzy DEBUGINFOD_URLS=https://debuginfod.ubuntu.com /usr/bin/cmake --build /home/yixin/ros2_ws/build/polygon_base -- -j8 -l8
[0.735s] Invoking command in '/home/yixin/ros2_ws/build/polygon_base': CMAKE_PREFIX_PATH=${CMAKE_PREFIX_PATH}:/home/yixin/ros2_ws/install/py_srvcli:/home/yixin/ros2_ws/install/py_pubsub:/home/yixin/ros2_ws/install/python_parameters:/home/yixin/ros2_ws/install/my_python_package:/home/yixin/ros2_ws/install/launch_testing_examples:/home/yixin/ros2_ws/install/examples_rclpy_pointcloud_publisher:/home/yixin/ros2_ws/install/examples_rclpy_minimal_subscriber:/home/yixin/ros2_ws/install/examples_rclpy_minimal_service:/home/yixin/ros2_ws/install/examples_rclpy_minimal_publisher:/home/yixin/ros2_ws/install/examples_rclpy_minimal_client:/home/yixin/ros2_ws/install/examples_rclpy_minimal_action_server:/home/yixin/ros2_ws/install/examples_rclpy_minimal_action_client:/home/yixin/ros2_ws/install/examples_rclpy_guard_conditions:/home/yixin/ros2_ws/install/examples_rclpy_executors:/opt/ros/jazzy DEBUGINFOD_URLS=https://debuginfod.ubuntu.com /usr/bin/cmake --install /home/yixin/ros2_ws/build/polygon_base
[0.803s] -- Install configuration: ""
[0.811s] -- Up-to-date: /home/yixin/ros2_ws/install/polygon_base/include/polygon_base
[0.811s] -- Up-to-date: /home/yixin/ros2_ws/install/polygon_base/include/polygon_base/polygon_base
[0.811s] -- Up-to-date: /home/yixin/ros2_ws/install/polygon_base/include/polygon_base/polygon_base/regular_polygon.hpp
[0.811s] -- Up-to-date: /home/yixin/ros2_ws/install/polygon_base/share/polygon_base/cmake/export_polygon_base.cmake
[0.822s] -- Up-to-date: /home/yixin/ros2_ws/install/polygon_base/lib/polygon_base/area_node
[0.823s] -- Up-to-date: /home/yixin/ros2_ws/install/polygon_base/share/ament_index/resource_index/package_run_dependencies/polygon_base
[0.823s] -- Up-to-date: /home/yixin/ros2_ws/install/polygon_base/share/ament_index/resource_index/parent_prefix_path/polygon_base
[0.823s] -- Up-to-date: /home/yixin/ros2_ws/install/polygon_base/share/polygon_base/environment/ament_prefix_path.sh
[0.824s] -- Up-to-date: /home/yixin/ros2_ws/install/polygon_base/share/polygon_base/environment/ament_prefix_path.dsv
[0.824s] -- Up-to-date: /home/yixin/ros2_ws/install/polygon_base/share/polygon_base/environment/path.sh
[0.824s] -- Up-to-date: /home/yixin/ros2_ws/install/polygon_base/share/polygon_base/environment/path.dsv
[0.825s] -- Up-to-date: /home/yixin/ros2_ws/install/polygon_base/share/polygon_base/local_setup.bash
[0.825s] -- Up-to-date: /home/yixin/ros2_ws/install/polygon_base/share/polygon_base/local_setup.sh
[0.825s] -- Up-to-date: /home/yixin/ros2_ws/install/polygon_base/share/polygon_base/local_setup.zsh
[0.834s] -- Up-to-date: /home/yixin/ros2_ws/install/polygon_base/share/polygon_base/local_setup.dsv
[0.834s] -- Installing: /home/yixin/ros2_ws/install/polygon_base/share/polygon_base/package.dsv
[0.838s] -- Up-to-date: /home/yixin/ros2_ws/install/polygon_base/share/ament_index/resource_index/packages/polygon_base
[0.838s] -- Up-to-date: /home/yixin/ros2_ws/install/polygon_base/share/polygon_base/cmake/export_polygon_baseExport.cmake
[0.839s] -- Up-to-date: /home/yixin/ros2_ws/install/polygon_base/share/polygon_base/cmake/ament_cmake_export_include_directories-extras.cmake
[0.839s] -- Up-to-date: /home/yixin/ros2_ws/install/polygon_base/share/polygon_base/cmake/ament_cmake_export_targets-extras.cmake
[0.839s] -- Up-to-date: /home/yixin/ros2_ws/install/polygon_base/share/polygon_base/cmake/polygon_baseConfig.cmake
[0.839s] -- Up-to-date: /home/yixin/ros2_ws/install/polygon_base/share/polygon_base/cmake/polygon_baseConfig-version.cmake
[0.860s] -- Up-to-date: /home/yixin/ros2_ws/install/polygon_base/share/polygon_base/package.xml
[0.862s] Invoked command in '/home/yixin/ros2_ws/build/polygon_base' returned '0': CMAKE_PREFIX_PATH=${CMAKE_PREFIX_PATH}:/home/yixin/ros2_ws/install/py_srvcli:/home/yixin/ros2_ws/install/py_pubsub:/home/yixin/ros2_ws/install/python_parameters:/home/yixin/ros2_ws/install/my_python_package:/home/yixin/ros2_ws/install/launch_testing_examples:/home/yixin/ros2_ws/install/examples_rclpy_pointcloud_publisher:/home/yixin/ros2_ws/install/examples_rclpy_minimal_subscriber:/home/yixin/ros2_ws/install/examples_rclpy_minimal_service:/home/yixin/ros2_ws/install/examples_rclpy_minimal_publisher:/home/yixin/ros2_ws/install/examples_rclpy_minimal_client:/home/yixin/ros2_ws/install/examples_rclpy_minimal_action_server:/home/yixin/ros2_ws/install/examples_rclpy_minimal_action_client:/home/yixin/ros2_ws/install/examples_rclpy_guard_conditions:/home/yixin/ros2_ws/install/examples_rclpy_executors:/opt/ros/jazzy DEBUGINFOD_URLS=https://debuginfod.ubuntu.com /usr/bin/cmake --install /home/yixin/ros2_ws/build/polygon_base
